2022-04-25 22:20:41.192 INFO  [acme.Launcher@main] Starting Launcher using Java 1.8.0_281 on LAPTOP-UT7A19NU with PID 12132 (C:\Users\victo\OneDrive\Escritorio\UNI\DP2\workspace\Workspace-22.0\Frameworks\Acme-Framework-22.3\target\classes started by victo in C:\Users\victo\OneDrive\Escritorio\UNI\DP2\workspace\Workspace-22.0\Projects\G1-E2.01) 
2022-04-25 22:20:41.194 DEBUG [acme.Launcher@main] Running with Spring Boot v2.4.2, Spring v5.3.3 
2022-04-25 22:20:41.195 INFO  [acme.Launcher@main] The following profiles are active: development,default 
2022-04-25 22:20:45.076 DEBUG [org.apache.jasper.servlet.JasperInitializer@main] Initializing Jasper for context [application] 
2022-04-25 22:20:52.305 DEBUG [org.apache.jasper.servlet.JspServlet@main] Scratch dir for the JSP engine is: [C:\Users\victo\AppData\Local\Temp\tomcat.8080.3944217144448374033\work\Tomcat\localhost\g1-e2.01-22.1] 
2022-04-25 22:20:52.306 DEBUG [org.apache.jasper.servlet.JspServlet@main] IMPORTANT: Do not modify the generated servlets 
2022-04-25 22:20:52.325 INFO  [acme.Launcher@main] Started Launcher in 12.139 seconds (JVM running for 13.329) 
2022-04-25 22:20:52.333 DEBUG [acme.Launcher@main] Found classpath entry '/C:/Users/victo/OneDrive/Escritorio/UNI/DP2/workspace/Workspace-22.0/Projects/G1-E2.01/target/classes/' 
2022-04-25 22:20:52.333 DEBUG [acme.Launcher@main] Found classpath entry '/C:/Users/victo/OneDrive/Escritorio/UNI/DP2/workspace/Workspace-22.0/Projects/G1-E2.01/target/test-classes/' 
2022-04-25 22:20:52.333 DEBUG [acme.Launcher@main] Found classpath entry '/C:/Users/victo/.m2/repository/org/springframework/boot/spring-boot-starter-tomcat/2.4.2/spring-boot-starter-tomcat-2.4.2.jar' 
2022-04-25 22:20:52.334 DEBUG [acme.Launcher@main] Found classpath entry '/C:/Users/victo/.m2/repository/jakarta/annotation/jakarta.annotation-api/1.3.5/jakarta.annotation-api-1.3.5.jar' 
2022-04-25 22:20:52.334 DEBUG [acme.Launcher@main] Found classpath entry '/C:/Users/victo/.m2/repository/org/apache/tomcat/embed/tomcat-embed-core/9.0.41/tomcat-embed-core-9.0.41.jar' 
2022-04-25 22:20:52.334 DEBUG [acme.Launcher@main] Found classpath entry '/C:/Users/victo/.m2/repository/org/glassfish/jakarta.el/3.0.3/jakarta.el-3.0.3.jar' 
2022-04-25 22:20:52.334 DEBUG [acme.Launcher@main] Found classpath entry '/C:/Users/victo/.m2/repository/org/apache/tomcat/embed/tomcat-embed-websocket/9.0.41/tomcat-embed-websocket-9.0.41.jar' 
2022-04-25 22:20:52.335 DEBUG [acme.Launcher@main] Found classpath entry '/C:/Users/victo/.m2/repository/org/apache/tomcat/embed/tomcat-embed-jasper/9.0.41/tomcat-embed-jasper-9.0.41.jar' 
2022-04-25 22:20:52.335 DEBUG [acme.Launcher@main] Found classpath entry '/C:/Users/victo/.m2/repository/org/apache/tomcat/embed/tomcat-embed-el/9.0.41/tomcat-embed-el-9.0.41.jar' 
2022-04-25 22:20:52.335 DEBUG [acme.Launcher@main] Found classpath entry '/C:/Users/victo/.m2/repository/org/eclipse/jdt/ecj/3.18.0/ecj-3.18.0.jar' 
2022-04-25 22:20:52.335 DEBUG [acme.Launcher@main] Found classpath entry '/C:/Users/victo/.m2/repository/javax/servlet/jstl/1.2/jstl-1.2.jar' 
2022-04-25 22:20:52.336 DEBUG [acme.Launcher@main] Found classpath entry '/C:/Users/victo/.m2/repository/org/springframework/boot/spring-boot-starter-test/2.4.2/spring-boot-starter-test-2.4.2.jar' 
2022-04-25 22:20:52.336 DEBUG [acme.Launcher@main] Found classpath entry '/C:/Users/victo/.m2/repository/org/springframework/boot/spring-boot-starter/2.4.2/spring-boot-starter-2.4.2.jar' 
2022-04-25 22:20:52.336 DEBUG [acme.Launcher@main] Found classpath entry '/C:/Users/victo/.m2/repository/org/springframework/boot/spring-boot/2.4.2/spring-boot-2.4.2.jar' 
2022-04-25 22:20:52.341 DEBUG [acme.Launcher@main] Found classpath entry '/C:/Users/victo/.m2/repository/org/springframework/boot/spring-boot-autoconfigure/2.4.2/spring-boot-autoconfigure-2.4.2.jar' 
2022-04-25 22:20:52.351 DEBUG [acme.Launcher@main] Found classpath entry '/C:/Users/victo/.m2/repository/org/springframework/boot/spring-boot-starter-logging/2.4.2/spring-boot-starter-logging-2.4.2.jar' 
2022-04-25 22:20:52.351 DEBUG [acme.Launcher@main] Found classpath entry '/C:/Users/victo/.m2/repository/ch/qos/logback/logback-classic/1.2.3/logback-classic-1.2.3.jar' 
2022-04-25 22:20:52.352 DEBUG [acme.Launcher@main] Found classpath entry '/C:/Users/victo/.m2/repository/ch/qos/logback/logback-core/1.2.3/logback-core-1.2.3.jar' 
2022-04-25 22:20:52.352 DEBUG [acme.Launcher@main] Found classpath entry '/C:/Users/victo/.m2/repository/org/apache/logging/log4j/log4j-to-slf4j/2.13.3/log4j-to-slf4j-2.13.3.jar' 
2022-04-25 22:20:52.352 DEBUG [acme.Launcher@main] Found classpath entry '/C:/Users/victo/.m2/repository/org/apache/logging/log4j/log4j-api/2.13.3/log4j-api-2.13.3.jar' 
2022-04-25 22:20:52.352 DEBUG [acme.Launcher@main] Found classpath entry '/C:/Users/victo/.m2/repository/org/slf4j/jul-to-slf4j/1.7.30/jul-to-slf4j-1.7.30.jar' 
2022-04-25 22:20:52.352 DEBUG [acme.Launcher@main] Found classpath entry '/C:/Users/victo/.m2/repository/org/yaml/snakeyaml/1.27/snakeyaml-1.27.jar' 
2022-04-25 22:20:52.353 DEBUG [acme.Launcher@main] Found classpath entry '/C:/Users/victo/.m2/repository/org/springframework/boot/spring-boot-test/2.4.2/spring-boot-test-2.4.2.jar' 
2022-04-25 22:20:52.353 DEBUG [acme.Launcher@main] Found classpath entry '/C:/Users/victo/.m2/repository/org/springframework/boot/spring-boot-test-autoconfigure/2.4.2/spring-boot-test-autoconfigure-2.4.2.jar' 
2022-04-25 22:20:52.354 DEBUG [acme.Launcher@main] Found classpath entry '/C:/Users/victo/.m2/repository/com/jayway/jsonpath/json-path/2.4.0/json-path-2.4.0.jar' 
2022-04-25 22:20:52.354 DEBUG [acme.Launcher@main] Found classpath entry '/C:/Users/victo/.m2/repository/net/minidev/json-smart/2.3/json-smart-2.3.jar' 
2022-04-25 22:20:52.354 DEBUG [acme.Launcher@main] Found classpath entry '/C:/Users/victo/.m2/repository/net/minidev/accessors-smart/1.2/accessors-smart-1.2.jar' 
2022-04-25 22:20:52.354 DEBUG [acme.Launcher@main] Found classpath entry '/C:/Users/victo/.m2/repository/org/ow2/asm/asm/5.0.4/asm-5.0.4.jar' 
2022-04-25 22:20:52.354 DEBUG [acme.Launcher@main] Found classpath entry '/C:/Users/victo/.m2/repository/jakarta/xml/bind/jakarta.xml.bind-api/2.3.3/jakarta.xml.bind-api-2.3.3.jar' 
2022-04-25 22:20:52.354 DEBUG [acme.Launcher@main] Found classpath entry '/C:/Users/victo/.m2/repository/jakarta/activation/jakarta.activation-api/1.2.2/jakarta.activation-api-1.2.2.jar' 
2022-04-25 22:20:52.355 DEBUG [acme.Launcher@main] Found classpath entry '/C:/Users/victo/.m2/repository/org/assertj/assertj-core/3.18.1/assertj-core-3.18.1.jar' 
2022-04-25 22:20:52.355 DEBUG [acme.Launcher@main] Found classpath entry '/C:/Users/victo/.m2/repository/org/hamcrest/hamcrest/2.2/hamcrest-2.2.jar' 
2022-04-25 22:20:52.355 DEBUG [acme.Launcher@main] Found classpath entry '/C:/Users/victo/.m2/repository/org/junit/jupiter/junit-jupiter/5.7.0/junit-jupiter-5.7.0.jar' 
2022-04-25 22:20:52.355 DEBUG [acme.Launcher@main] Found classpath entry '/C:/Users/victo/.m2/repository/org/mockito/mockito-core/3.6.28/mockito-core-3.6.28.jar' 
2022-04-25 22:20:52.355 DEBUG [acme.Launcher@main] Found classpath entry '/C:/Users/victo/.m2/repository/net/bytebuddy/byte-buddy-agent/1.10.19/byte-buddy-agent-1.10.19.jar' 
2022-04-25 22:20:52.356 DEBUG [acme.Launcher@main] Found classpath entry '/C:/Users/victo/.m2/repository/org/objenesis/objenesis/3.1/objenesis-3.1.jar' 
2022-04-25 22:20:52.356 DEBUG [acme.Launcher@main] Found classpath entry '/C:/Users/victo/.m2/repository/org/mockito/mockito-junit-jupiter/3.6.28/mockito-junit-jupiter-3.6.28.jar' 
2022-04-25 22:20:52.356 DEBUG [acme.Launcher@main] Found classpath entry '/C:/Users/victo/.m2/repository/org/skyscreamer/jsonassert/1.5.0/jsonassert-1.5.0.jar' 
2022-04-25 22:20:52.356 DEBUG [acme.Launcher@main] Found classpath entry '/C:/Users/victo/.m2/repository/com/vaadin/external/google/android-json/0.0.20131108.vaadin1/android-json-0.0.20131108.vaadin1.jar' 
2022-04-25 22:20:52.356 DEBUG [acme.Launcher@main] Found classpath entry '/C:/Users/victo/.m2/repository/org/springframework/spring-core/5.3.3/spring-core-5.3.3.jar' 
2022-04-25 22:20:52.356 DEBUG [acme.Launcher@main] Found classpath entry '/C:/Users/victo/.m2/repository/org/springframework/spring-jcl/5.3.3/spring-jcl-5.3.3.jar' 
2022-04-25 22:20:52.357 DEBUG [acme.Launcher@main] Found classpath entry '/C:/Users/victo/.m2/repository/org/springframework/spring-test/5.3.3/spring-test-5.3.3.jar' 
2022-04-25 22:20:52.357 DEBUG [acme.Launcher@main] Found classpath entry '/C:/Users/victo/.m2/repository/org/xmlunit/xmlunit-core/2.7.0/xmlunit-core-2.7.0.jar' 
2022-04-25 22:20:52.357 DEBUG [acme.Launcher@main] Found classpath entry '/C:/Users/victo/.m2/repository/org/springframework/boot/spring-boot-starter-security/2.4.2/spring-boot-starter-security-2.4.2.jar' 
2022-04-25 22:20:52.357 DEBUG [acme.Launcher@main] Found classpath entry '/C:/Users/victo/.m2/repository/org/springframework/spring-aop/5.3.3/spring-aop-5.3.3.jar' 
2022-04-25 22:20:52.357 DEBUG [acme.Launcher@main] Found classpath entry '/C:/Users/victo/.m2/repository/org/springframework/security/spring-security-web/5.4.2/spring-security-web-5.4.2.jar' 
2022-04-25 22:20:52.357 DEBUG [acme.Launcher@main] Found classpath entry '/C:/Users/victo/.m2/repository/org/springframework/security/spring-security-core/5.4.2/spring-security-core-5.4.2.jar' 
2022-04-25 22:20:52.357 DEBUG [acme.Launcher@main] Found classpath entry '/C:/Users/victo/.m2/repository/org/springframework/spring-beans/5.3.3/spring-beans-5.3.3.jar' 
2022-04-25 22:20:52.357 DEBUG [acme.Launcher@main] Found classpath entry '/C:/Users/victo/.m2/repository/org/springframework/spring-context/5.3.3/spring-context-5.3.3.jar' 
2022-04-25 22:20:52.357 DEBUG [acme.Launcher@main] Found classpath entry '/C:/Users/victo/.m2/repository/org/springframework/spring-expression/5.3.3/spring-expression-5.3.3.jar' 
2022-04-25 22:20:52.358 DEBUG [acme.Launcher@main] Found classpath entry '/C:/Users/victo/.m2/repository/org/springframework/spring-web/5.3.3/spring-web-5.3.3.jar' 
2022-04-25 22:20:52.358 DEBUG [acme.Launcher@main] Found classpath entry '/C:/Users/victo/.m2/repository/org/springframework/security/spring-security-config/5.4.2/spring-security-config-5.4.2.jar' 
2022-04-25 22:20:52.358 DEBUG [acme.Launcher@main] Found classpath entry '/C:/Users/victo/.m2/repository/org/springframework/security/spring-security-taglibs/5.4.2/spring-security-taglibs-5.4.2.jar' 
2022-04-25 22:20:52.358 DEBUG [acme.Launcher@main] Found classpath entry '/C:/Users/victo/.m2/repository/org/springframework/security/spring-security-acl/5.4.2/spring-security-acl-5.4.2.jar' 
2022-04-25 22:20:52.358 DEBUG [acme.Launcher@main] Found classpath entry '/C:/Users/victo/.m2/repository/org/springframework/spring-jdbc/5.3.3/spring-jdbc-5.3.3.jar' 
2022-04-25 22:20:52.358 DEBUG [acme.Launcher@main] Found classpath entry '/C:/Users/victo/.m2/repository/org/springframework/spring-tx/5.3.3/spring-tx-5.3.3.jar' 
2022-04-25 22:20:52.358 DEBUG [acme.Launcher@main] Found classpath entry '/C:/Users/victo/.m2/repository/org/springframework/boot/spring-boot-starter-web/2.4.2/spring-boot-starter-web-2.4.2.jar' 
2022-04-25 22:20:52.358 DEBUG [acme.Launcher@main] Found classpath entry '/C:/Users/victo/.m2/repository/org/springframework/boot/spring-boot-starter-json/2.4.2/spring-boot-starter-json-2.4.2.jar' 
2022-04-25 22:20:52.359 DEBUG [acme.Launcher@main] Found classpath entry '/C:/Users/victo/.m2/repository/com/fasterxml/jackson/core/jackson-databind/2.11.4/jackson-databind-2.11.4.jar' 
2022-04-25 22:20:52.360 DEBUG [acme.Launcher@main] Found classpath entry '/C:/Users/victo/.m2/repository/com/fasterxml/jackson/core/jackson-annotations/2.11.4/jackson-annotations-2.11.4.jar' 
2022-04-25 22:20:52.360 DEBUG [acme.Launcher@main] Found classpath entry '/C:/Users/victo/.m2/repository/com/fasterxml/jackson/core/jackson-core/2.11.4/jackson-core-2.11.4.jar' 
2022-04-25 22:20:52.360 DEBUG [acme.Launcher@main] Found classpath entry '/C:/Users/victo/.m2/repository/com/fasterxml/jackson/datatype/jackson-datatype-jdk8/2.11.4/jackson-datatype-jdk8-2.11.4.jar' 
2022-04-25 22:20:52.360 DEBUG [acme.Launcher@main] Found classpath entry '/C:/Users/victo/.m2/repository/com/fasterxml/jackson/datatype/jackson-datatype-jsr310/2.11.4/jackson-datatype-jsr310-2.11.4.jar' 
2022-04-25 22:20:52.360 DEBUG [acme.Launcher@main] Found classpath entry '/C:/Users/victo/.m2/repository/com/fasterxml/jackson/module/jackson-module-parameter-names/2.11.4/jackson-module-parameter-names-2.11.4.jar' 
2022-04-25 22:20:52.361 DEBUG [acme.Launcher@main] Found classpath entry '/C:/Users/victo/.m2/repository/org/springframework/spring-webmvc/5.3.3/spring-webmvc-5.3.3.jar' 
2022-04-25 22:20:52.361 DEBUG [acme.Launcher@main] Found classpath entry '/C:/Users/victo/.m2/repository/org/apache/tiles/tiles-jsp/3.0.8/tiles-jsp-3.0.8.jar' 
2022-04-25 22:20:52.361 DEBUG [acme.Launcher@main] Found classpath entry '/C:/Users/victo/.m2/repository/org/apache/tiles/tiles-servlet/3.0.8/tiles-servlet-3.0.8.jar' 
2022-04-25 22:20:52.361 DEBUG [acme.Launcher@main] Found classpath entry '/C:/Users/victo/.m2/repository/org/apache/tiles/tiles-core/3.0.8/tiles-core-3.0.8.jar' 
2022-04-25 22:20:52.361 DEBUG [acme.Launcher@main] Found classpath entry '/C:/Users/victo/.m2/repository/commons-digester/commons-digester/2.0/commons-digester-2.0.jar' 
2022-04-25 22:20:52.361 DEBUG [acme.Launcher@main] Found classpath entry '/C:/Users/victo/.m2/repository/org/slf4j/jcl-over-slf4j/1.7.30/jcl-over-slf4j-1.7.30.jar' 
2022-04-25 22:20:52.361 DEBUG [acme.Launcher@main] Found classpath entry '/C:/Users/victo/.m2/repository/org/apache/tiles/tiles-request-servlet/1.0.7/tiles-request-servlet-1.0.7.jar' 
2022-04-25 22:20:52.361 DEBUG [acme.Launcher@main] Found classpath entry '/C:/Users/victo/.m2/repository/org/apache/tiles/tiles-template/3.0.8/tiles-template-3.0.8.jar' 
2022-04-25 22:20:52.361 DEBUG [acme.Launcher@main] Found classpath entry '/C:/Users/victo/.m2/repository/org/apache/tiles/tiles-api/3.0.8/tiles-api-3.0.8.jar' 
2022-04-25 22:20:52.361 DEBUG [acme.Launcher@main] Found classpath entry '/C:/Users/victo/.m2/repository/org/apache/tiles/tiles-autotag-core-runtime/1.2/tiles-autotag-core-runtime-1.2.jar' 
2022-04-25 22:20:52.361 DEBUG [acme.Launcher@main] Found classpath entry '/C:/Users/victo/.m2/repository/org/slf4j/slf4j-api/1.7.30/slf4j-api-1.7.30.jar' 
2022-04-25 22:20:52.361 DEBUG [acme.Launcher@main] Found classpath entry '/C:/Users/victo/.m2/repository/org/apache/tiles/tiles-request-jsp/1.0.7/tiles-request-jsp-1.0.7.jar' 
2022-04-25 22:20:52.361 DEBUG [acme.Launcher@main] Found classpath entry '/C:/Users/victo/.m2/repository/org/apache/tiles/tiles-request-api/1.0.7/tiles-request-api-1.0.7.jar' 
2022-04-25 22:20:52.362 DEBUG [acme.Launcher@main] Found classpath entry '/C:/Users/victo/.m2/repository/org/springframework/boot/spring-boot-starter-data-jpa/2.4.2/spring-boot-starter-data-jpa-2.4.2.jar' 
2022-04-25 22:20:52.362 DEBUG [acme.Launcher@main] Found classpath entry '/C:/Users/victo/.m2/repository/org/springframework/boot/spring-boot-starter-aop/2.4.2/spring-boot-starter-aop-2.4.2.jar' 
2022-04-25 22:20:52.362 DEBUG [acme.Launcher@main] Found classpath entry '/C:/Users/victo/.m2/repository/org/aspectj/aspectjweaver/1.9.6/aspectjweaver-1.9.6.jar' 
2022-04-25 22:20:52.362 DEBUG [acme.Launcher@main] Found classpath entry '/C:/Users/victo/.m2/repository/org/springframework/boot/spring-boot-starter-jdbc/2.4.2/spring-boot-starter-jdbc-2.4.2.jar' 
2022-04-25 22:20:52.362 DEBUG [acme.Launcher@main] Found classpath entry '/C:/Users/victo/.m2/repository/jakarta/transaction/jakarta.transaction-api/1.3.3/jakarta.transaction-api-1.3.3.jar' 
2022-04-25 22:20:52.362 DEBUG [acme.Launcher@main] Found classpath entry '/C:/Users/victo/.m2/repository/jakarta/persistence/jakarta.persistence-api/2.2.3/jakarta.persistence-api-2.2.3.jar' 
2022-04-25 22:20:52.363 DEBUG [acme.Launcher@main] Found classpath entry '/C:/Users/victo/.m2/repository/org/hibernate/hibernate-core/5.4.27.Final/hibernate-core-5.4.27.Final.jar' 
2022-04-25 22:20:52.364 DEBUG [acme.Launcher@main] Found classpath entry '/C:/Users/victo/.m2/repository/org/jboss/logging/jboss-logging/3.4.1.Final/jboss-logging-3.4.1.Final.jar' 
2022-04-25 22:20:52.364 DEBUG [acme.Launcher@main] Found classpath entry '/C:/Users/victo/.m2/repository/org/javassist/javassist/3.27.0-GA/javassist-3.27.0-GA.jar' 
2022-04-25 22:20:52.364 DEBUG [acme.Launcher@main] Found classpath entry '/C:/Users/victo/.m2/repository/antlr/antlr/2.7.7/antlr-2.7.7.jar' 
2022-04-25 22:20:52.364 DEBUG [acme.Launcher@main] Found classpath entry '/C:/Users/victo/.m2/repository/org/jboss/jandex/2.1.3.Final/jandex-2.1.3.Final.jar' 
2022-04-25 22:20:52.364 DEBUG [acme.Launcher@main] Found classpath entry '/C:/Users/victo/.m2/repository/com/fasterxml/classmate/1.5.1/classmate-1.5.1.jar' 
2022-04-25 22:20:52.365 DEBUG [acme.Launcher@main] Found classpath entry '/C:/Users/victo/.m2/repository/org/dom4j/dom4j/2.1.3/dom4j-2.1.3.jar' 
2022-04-25 22:20:52.365 DEBUG [acme.Launcher@main] Found classpath entry '/C:/Users/victo/.m2/repository/org/hibernate/common/hibernate-commons-annotations/5.1.2.Final/hibernate-commons-annotations-5.1.2.Final.jar' 
2022-04-25 22:20:52.365 DEBUG [acme.Launcher@main] Found classpath entry '/C:/Users/victo/.m2/repository/org/glassfish/jaxb/jaxb-runtime/2.3.3/jaxb-runtime-2.3.3.jar' 
2022-04-25 22:20:52.365 DEBUG [acme.Launcher@main] Found classpath entry '/C:/Users/victo/.m2/repository/org/glassfish/jaxb/txw2/2.3.3/txw2-2.3.3.jar' 
2022-04-25 22:20:52.365 DEBUG [acme.Launcher@main] Found classpath entry '/C:/Users/victo/.m2/repository/com/sun/istack/istack-commons-runtime/3.0.11/istack-commons-runtime-3.0.11.jar' 
2022-04-25 22:20:52.365 DEBUG [acme.Launcher@main] Found classpath entry '/C:/Users/victo/.m2/repository/com/sun/activation/jakarta.activation/1.2.2/jakarta.activation-1.2.2.jar' 
2022-04-25 22:20:52.365 DEBUG [acme.Launcher@main] Found classpath entry '/C:/Users/victo/.m2/repository/org/springframework/data/spring-data-jpa/2.4.3/spring-data-jpa-2.4.3.jar' 
2022-04-25 22:20:52.365 DEBUG [acme.Launcher@main] Found classpath entry '/C:/Users/victo/.m2/repository/org/springframework/data/spring-data-commons/2.4.3/spring-data-commons-2.4.3.jar' 
2022-04-25 22:20:52.365 DEBUG [acme.Launcher@main] Found classpath entry '/C:/Users/victo/.m2/repository/org/springframework/spring-orm/5.3.3/spring-orm-5.3.3.jar' 
2022-04-25 22:20:52.365 DEBUG [acme.Launcher@main] Found classpath entry '/C:/Users/victo/.m2/repository/org/springframework/spring-aspects/5.3.3/spring-aspects-5.3.3.jar' 
2022-04-25 22:20:52.365 DEBUG [acme.Launcher@main] Found classpath entry '/C:/Users/victo/.m2/repository/org/springframework/boot/spring-boot-starter-validation/2.4.2/spring-boot-starter-validation-2.4.2.jar' 
2022-04-25 22:20:52.366 DEBUG [acme.Launcher@main] Found classpath entry '/C:/Users/victo/.m2/repository/org/hibernate/validator/hibernate-validator/6.1.7.Final/hibernate-validator-6.1.7.Final.jar' 
2022-04-25 22:20:52.366 DEBUG [acme.Launcher@main] Found classpath entry '/C:/Users/victo/.m2/repository/jakarta/validation/jakarta.validation-api/2.0.2/jakarta.validation-api-2.0.2.jar' 
2022-04-25 22:20:52.366 DEBUG [acme.Launcher@main] Found classpath entry '/C:/Users/victo/.m2/repository/mysql/mysql-connector-java/8.0.22/mysql-connector-java-8.0.22.jar' 
2022-04-25 22:20:52.366 DEBUG [acme.Launcher@main] Found classpath entry '/C:/Users/victo/.m2/repository/com/zaxxer/HikariCP/3.4.5/HikariCP-3.4.5.jar' 
2022-04-25 22:20:52.366 DEBUG [acme.Launcher@main] Found classpath entry '/C:/Users/victo/.m2/repository/org/junit/jupiter/junit-jupiter-engine/5.7.0/junit-jupiter-engine-5.7.0.jar' 
2022-04-25 22:20:52.366 DEBUG [acme.Launcher@main] Found classpath entry '/C:/Users/victo/.m2/repository/org/apiguardian/apiguardian-api/1.1.0/apiguardian-api-1.1.0.jar' 
2022-04-25 22:20:52.366 DEBUG [acme.Launcher@main] Found classpath entry '/C:/Users/victo/.m2/repository/org/junit/platform/junit-platform-engine/1.7.0/junit-platform-engine-1.7.0.jar' 
2022-04-25 22:20:52.367 DEBUG [acme.Launcher@main] Found classpath entry '/C:/Users/victo/.m2/repository/org/junit/jupiter/junit-jupiter-api/5.7.0/junit-jupiter-api-5.7.0.jar' 
2022-04-25 22:20:52.367 DEBUG [acme.Launcher@main] Found classpath entry '/C:/Users/victo/.m2/repository/org/opentest4j/opentest4j/1.2.0/opentest4j-1.2.0.jar' 
2022-04-25 22:20:52.367 DEBUG [acme.Launcher@main] Found classpath entry '/C:/Users/victo/.m2/repository/org/junit/platform/junit-platform-commons/1.7.0/junit-platform-commons-1.7.0.jar' 
2022-04-25 22:20:52.367 DEBUG [acme.Launcher@main] Found classpath entry '/C:/Users/victo/.m2/repository/org/junit/jupiter/junit-jupiter-params/5.7.0/junit-jupiter-params-5.7.0.jar' 
2022-04-25 22:20:52.367 DEBUG [acme.Launcher@main] Found classpath entry '/C:/Users/victo/.m2/repository/org/junit/platform/junit-platform-launcher/1.7.0/junit-platform-launcher-1.7.0.jar' 
2022-04-25 22:20:52.367 DEBUG [acme.Launcher@main] Found classpath entry '/C:/Users/victo/.m2/repository/org/seleniumhq/selenium/selenium-java/3.141.59/selenium-java-3.141.59.jar' 
2022-04-25 22:20:52.367 DEBUG [acme.Launcher@main] Found classpath entry '/C:/Users/victo/.m2/repository/org/seleniumhq/selenium/selenium-api/3.141.59/selenium-api-3.141.59.jar' 
2022-04-25 22:20:52.368 DEBUG [acme.Launcher@main] Found classpath entry '/C:/Users/victo/.m2/repository/org/seleniumhq/selenium/selenium-chrome-driver/3.141.59/selenium-chrome-driver-3.141.59.jar' 
2022-04-25 22:20:52.368 DEBUG [acme.Launcher@main] Found classpath entry '/C:/Users/victo/.m2/repository/org/seleniumhq/selenium/selenium-edge-driver/3.141.59/selenium-edge-driver-3.141.59.jar' 
2022-04-25 22:20:52.368 DEBUG [acme.Launcher@main] Found classpath entry '/C:/Users/victo/.m2/repository/org/seleniumhq/selenium/selenium-firefox-driver/3.141.59/selenium-firefox-driver-3.141.59.jar' 
2022-04-25 22:20:52.368 DEBUG [acme.Launcher@main] Found classpath entry '/C:/Users/victo/.m2/repository/org/seleniumhq/selenium/selenium-ie-driver/3.141.59/selenium-ie-driver-3.141.59.jar' 
2022-04-25 22:20:52.368 DEBUG [acme.Launcher@main] Found classpath entry '/C:/Users/victo/.m2/repository/org/seleniumhq/selenium/selenium-opera-driver/3.141.59/selenium-opera-driver-3.141.59.jar' 
2022-04-25 22:20:52.368 DEBUG [acme.Launcher@main] Found classpath entry '/C:/Users/victo/.m2/repository/org/seleniumhq/selenium/selenium-remote-driver/3.141.59/selenium-remote-driver-3.141.59.jar' 
2022-04-25 22:20:52.368 DEBUG [acme.Launcher@main] Found classpath entry '/C:/Users/victo/.m2/repository/org/seleniumhq/selenium/selenium-safari-driver/3.141.59/selenium-safari-driver-3.141.59.jar' 
2022-04-25 22:20:52.368 DEBUG [acme.Launcher@main] Found classpath entry '/C:/Users/victo/.m2/repository/org/seleniumhq/selenium/selenium-support/3.141.59/selenium-support-3.141.59.jar' 
2022-04-25 22:20:52.369 DEBUG [acme.Launcher@main] Found classpath entry '/C:/Users/victo/.m2/repository/net/bytebuddy/byte-buddy/1.10.19/byte-buddy-1.10.19.jar' 
2022-04-25 22:20:52.369 DEBUG [acme.Launcher@main] Found classpath entry '/C:/Users/victo/.m2/repository/org/apache/commons/commons-exec/1.3/commons-exec-1.3.jar' 
2022-04-25 22:20:52.369 DEBUG [acme.Launcher@main] Found classpath entry '/C:/Users/victo/.m2/repository/com/google/guava/guava/25.0-jre/guava-25.0-jre.jar' 
2022-04-25 22:20:52.369 DEBUG [acme.Launcher@main] Found classpath entry '/C:/Users/victo/.m2/repository/com/google/code/findbugs/jsr305/1.3.9/jsr305-1.3.9.jar' 
2022-04-25 22:20:52.369 DEBUG [acme.Launcher@main] Found classpath entry '/C:/Users/victo/.m2/repository/org/checkerframework/checker-compat-qual/2.0.0/checker-compat-qual-2.0.0.jar' 
2022-04-25 22:20:52.369 DEBUG [acme.Launcher@main] Found classpath entry '/C:/Users/victo/.m2/repository/com/google/errorprone/error_prone_annotations/2.1.3/error_prone_annotations-2.1.3.jar' 
2022-04-25 22:20:52.369 DEBUG [acme.Launcher@main] Found classpath entry '/C:/Users/victo/.m2/repository/com/google/j2objc/j2objc-annotations/1.1/j2objc-annotations-1.1.jar' 
2022-04-25 22:20:52.369 DEBUG [acme.Launcher@main] Found classpath entry '/C:/Users/victo/.m2/repository/org/codehaus/mojo/animal-sniffer-annotations/1.14/animal-sniffer-annotations-1.14.jar' 
2022-04-25 22:20:52.369 DEBUG [acme.Launcher@main] Found classpath entry '/C:/Users/victo/.m2/repository/com/squareup/okhttp3/okhttp/3.14.9/okhttp-3.14.9.jar' 
2022-04-25 22:20:52.369 DEBUG [acme.Launcher@main] Found classpath entry '/C:/Users/victo/.m2/repository/com/squareup/okio/okio/1.14.0/okio-1.14.0.jar' 
2022-04-25 22:20:52.370 DEBUG [acme.Launcher@main] Found classpath entry '/C:/Users/victo/.m2/repository/org/apache/commons/commons-lang3/3.11/commons-lang3-3.11.jar' 
2022-04-25 22:20:52.370 DEBUG [acme.Launcher@main] Found classpath entry '/C:/Users/victo/.m2/repository/org/apache/commons/commons-text/1.8/commons-text-1.8.jar' 
2022-04-25 22:20:52.370 DEBUG [acme.Launcher@main] Found classpath entry '/C:/Users/victo/.m2/repository/commons-io/commons-io/2.6/commons-io-2.6.jar' 
2022-04-25 22:20:52.371 DEBUG [acme.Launcher@main] Found classpath entry '/C:/Users/victo/.m2/repository/commons-cli/commons-cli/1.4/commons-cli-1.4.jar' 
2022-04-25 22:20:52.371 DEBUG [acme.Launcher@main] Found classpath entry '/C:/Users/victo/.m2/repository/org/projectlombok/lombok/1.18.16/lombok-1.18.16.jar' 
2022-04-25 22:20:52.371 DEBUG [acme.Launcher@main] Found classpath entry '/C:/Users/victo/.m2/repository/com/opencsv/opencsv/5.4/opencsv-5.4.jar' 
2022-04-25 22:20:52.371 DEBUG [acme.Launcher@main] Found classpath entry '/C:/Users/victo/.m2/repository/commons-beanutils/commons-beanutils/1.9.4/commons-beanutils-1.9.4.jar' 
2022-04-25 22:20:52.371 DEBUG [acme.Launcher@main] Found classpath entry '/C:/Users/victo/.m2/repository/commons-logging/commons-logging/1.2/commons-logging-1.2.jar' 
2022-04-25 22:20:52.371 DEBUG [acme.Launcher@main] Found classpath entry '/C:/Users/victo/.m2/repository/commons-collections/commons-collections/3.2.2/commons-collections-3.2.2.jar' 
2022-04-25 22:20:52.372 DEBUG [acme.Launcher@main] Found classpath entry '/C:/Users/victo/.m2/repository/org/apache/commons/commons-collections4/4.4/commons-collections4-4.4.jar' 
2022-04-25 22:20:52.372 DEBUG [acme.Launcher@main] Found classpath entry '/C:/Users/victo/OneDrive/Escritorio/UNI/DP2/workspace/Workspace-22.0/Frameworks/Acme-Framework-22.3/target/classes/' 
2022-04-25 22:20:52.372 DEBUG [acme.Launcher@main] Found classpath entry '/C:/Users/victo/OneDrive/Escritorio/UNI/DP2/workspace/Workspace-22.0/Frameworks/Acme-Framework-22.3/target/test-classes/' 
2022-04-25 22:20:52.372 DEBUG [acme.Launcher@main] Found classpath entry '/C:/Users/victo/OneDrive/Escritorio/UNI/DP2/workspace/Workspace-22.0/Tools/IDEs/eclipse-jee-2021-12-R/configuration/org.eclipse.osgi/418/0/.cp/lib/javaagent-shaded.jar' 
2022-04-25 22:20:52.504 DEBUG [acme.Launcher@main] Found entity class 'acme.entities.Announcement 
2022-04-25 22:20:52.504 DEBUG [acme.Launcher@main] Found entity class 'acme.entities.Chirp 
2022-04-25 22:20:52.504 DEBUG [acme.Launcher@main] Found entity class 'acme.entities.Item 
2022-04-25 22:20:52.504 DEBUG [acme.Launcher@main] Found entity class 'acme.entities.Patronage 
2022-04-25 22:20:52.505 DEBUG [acme.Launcher@main] Found entity class 'acme.entities.PatronageReport 
2022-04-25 22:20:52.505 DEBUG [acme.Launcher@main] Found entity class 'acme.entities.Quantity 
2022-04-25 22:20:52.505 DEBUG [acme.Launcher@main] Found entity class 'acme.entities.ToolKit 
2022-04-25 22:20:52.505 DEBUG [acme.Launcher@main] Found entity class 'acme.roles.Consumer 
2022-04-25 22:20:52.505 DEBUG [acme.Launcher@main] Found entity class 'acme.roles.Inventor 
2022-04-25 22:20:52.505 DEBUG [acme.Launcher@main] Found entity class 'acme.roles.Patron 
2022-04-25 22:20:52.505 DEBUG [acme.Launcher@main] Found entity class 'acme.roles.Provider 
2022-04-25 22:20:52.505 DEBUG [acme.Launcher@main] Found entity class 'acme.system.configuration.SystemConfiguration 
2022-04-25 22:20:52.505 DEBUG [acme.Launcher@main] Found entity class 'acme.framework.entities.UserAccount 
2022-04-25 22:20:52.505 DEBUG [acme.Launcher@main] Found entity class 'acme.framework.roles.Administrator 
2022-04-25 22:20:52.505 DEBUG [acme.Launcher@main] Found entity class 'acme.framework.roles.Anonymous 
2022-04-25 22:20:52.505 DEBUG [acme.Launcher@main] Found entity class 'acme.framework.roles.Any 
2022-04-25 22:20:52.506 DEBUG [acme.Launcher@main] Found entity class 'acme.framework.roles.Authenticated 
2022-04-25 22:20:52.510 INFO  [acme.Launcher@main] Running application (Standalone) 
2022-04-25 22:20:58.135 DEBUG [acme.framework.controllers.AbstractController@http-nio-8080-exec-5] DISPATCHING GET /g1-e2.01-22.1/any/item/show 
2022-04-25 22:20:58.135 DEBUG [acme.framework.controllers.AbstractController@http-nio-8080-exec-5] Command: show 
2022-04-25 22:20:58.135 DEBUG [acme.framework.controllers.AbstractController@http-nio-8080-exec-5] Model:   {id=22} 
2022-04-25 22:20:58.135 DEBUG [acme.framework.controllers.AbstractController@http-nio-8080-exec-5] Locale:  en 
2022-04-25 22:20:58.226 DEBUG [org.hibernate.SQL@http-nio-8080-exec-5] select useraccoun0_.id as id1_0_, useraccoun0_.version as version2_0_, useraccoun0_.enabled as enabled1_17_, useraccoun0_.identity as identity2_17_, useraccoun0_.password as password3_17_, useraccoun0_.username as username4_17_ from user_account useraccoun0_ where useraccoun0_.username=? 
2022-04-25 22:20:58.290 TRACE [org.hibernate.type.descriptor.sql.BasicBinder@http-nio-8080-exec-5] binding parameter [1] as [VARCHAR] - [anonymous] 
2022-04-25 22:20:58.358 DEBUG [org.hibernate.SQL@http-nio-8080-exec-5] select roles0_.user_account_id as user_acc1_18_0_, roles0_.id as id1_18_0_, roles0_.id as id1_0_1_, roles0_.version as version2_0_1_, roles0_.user_account_id as user_acc1_18_1_, roles0_.company as company1_7_1_, roles0_.sector as sector2_7_1_, roles0_.company as company1_8_1_, roles0_.info as info2_8_1_, roles0_.statement as statemen3_8_1_, roles0_.company as company1_10_1_, roles0_.info as info2_10_1_, roles0_.statement as statemen3_10_1_, roles0_.company as company1_13_1_, roles0_.sector as sector2_13_1_, roles0_.clazz_ as clazz_1_ from ( select id, version, user_account_id, company, sector, null as info, null as statement, 9 as clazz_ from consumer union all select id, version, user_account_id, company, null as sector, info, statement, 10 as clazz_ from inventor union all select id, version, user_account_id, company, null as sector, info, statement, 11 as clazz_ from patron union all select id, version, user_account_id, company, sector, null as info, null as statement, 12 as clazz_ from provider union all select id, version, user_account_id, null as company, null as sector, null as info, null as statement, 15 as clazz_ from administrator union all select id, version, user_account_id, null as company, null as sector, null as info, null as statement, 16 as clazz_ from anonymous union all select id, version, user_account_id, null as company, null as sector, null as info, null as statement, 17 as clazz_ from any union all select id, version, user_account_id, null as company, null as sector, null as info, null as statement, 18 as clazz_ from authenticated ) roles0_ where roles0_.user_account_id=? 
2022-04-25 22:20:58.359 TRACE [org.hibernate.type.descriptor.sql.BasicBinder@http-nio-8080-exec-5] binding parameter [1] as [INTEGER] - [1] 
2022-04-25 22:20:58.421 DEBUG [org.hibernate.SQL@http-nio-8080-exec-5] select item0_.id as id1_0_, item0_.version as version2_0_, item0_.code as code1_9_, item0_.description as descript2_9_, item0_.inventor_id as invento10_9_, item0_.name as name3_9_, item0_.optional_link as optional4_9_, item0_.published as publishe5_9_, item0_.retail_price_amount as retail_p6_9_, item0_.retail_price_currency as retail_p7_9_, item0_.technology as technolo8_9_, item0_.type as type9_9_ from item item0_ where item0_.published=1 
2022-04-25 22:20:58.424 DEBUG [org.hibernate.SQL@http-nio-8080-exec-5] select inventor0_.id as id1_0_0_, inventor0_.version as version2_0_0_, inventor0_.user_account_id as user_acc1_18_0_, inventor0_.company as company1_8_0_, inventor0_.info as info2_8_0_, inventor0_.statement as statemen3_8_0_, useraccoun1_.id as id1_0_1_, useraccoun1_.version as version2_0_1_, useraccoun1_.enabled as enabled1_17_1_, useraccoun1_.identity as identity2_17_1_, useraccoun1_.password as password3_17_1_, useraccoun1_.username as username4_17_1_ from inventor inventor0_ inner join user_account useraccoun1_ on inventor0_.user_account_id=useraccoun1_.id where inventor0_.id=? 
2022-04-25 22:20:58.425 TRACE [org.hibernate.type.descriptor.sql.BasicBinder@http-nio-8080-exec-5] binding parameter [1] as [INTEGER] - [18] 
2022-04-25 22:20:58.427 DEBUG [org.hibernate.SQL@http-nio-8080-exec-5] select inventor0_.id as id1_0_0_, inventor0_.version as version2_0_0_, inventor0_.user_account_id as user_acc1_18_0_, inventor0_.company as company1_8_0_, inventor0_.info as info2_8_0_, inventor0_.statement as statemen3_8_0_, useraccoun1_.id as id1_0_1_, useraccoun1_.version as version2_0_1_, useraccoun1_.enabled as enabled1_17_1_, useraccoun1_.identity as identity2_17_1_, useraccoun1_.password as password3_17_1_, useraccoun1_.username as username4_17_1_ from inventor inventor0_ inner join user_account useraccoun1_ on inventor0_.user_account_id=useraccoun1_.id where inventor0_.id=? 
2022-04-25 22:20:58.427 TRACE [org.hibernate.type.descriptor.sql.BasicBinder@http-nio-8080-exec-5] binding parameter [1] as [INTEGER] - [20] 
2022-04-25 22:20:58.435 DEBUG [org.hibernate.SQL@http-nio-8080-exec-5] select item0_.id as id1_0_, item0_.version as version2_0_, item0_.code as code1_9_, item0_.description as descript2_9_, item0_.inventor_id as invento10_9_, item0_.name as name3_9_, item0_.optional_link as optional4_9_, item0_.published as publishe5_9_, item0_.retail_price_amount as retail_p6_9_, item0_.retail_price_currency as retail_p7_9_, item0_.technology as technolo8_9_, item0_.type as type9_9_ from item item0_ where item0_.id=? 
2022-04-25 22:20:58.435 TRACE [org.hibernate.type.descriptor.sql.BasicBinder@http-nio-8080-exec-5] binding parameter [1] as [INTEGER] - [22] 
2022-04-25 22:20:58.442 DEBUG [org.hibernate.SQL@http-nio-8080-exec-5] select item0_.id as id1_0_, item0_.version as version2_0_, item0_.code as code1_9_, item0_.description as descript2_9_, item0_.inventor_id as invento10_9_, item0_.name as name3_9_, item0_.optional_link as optional4_9_, item0_.published as publishe5_9_, item0_.retail_price_amount as retail_p6_9_, item0_.retail_price_currency as retail_p7_9_, item0_.technology as technolo8_9_, item0_.type as type9_9_ from item item0_ where item0_.id=? 
2022-04-25 22:20:58.442 TRACE [org.hibernate.type.descriptor.sql.BasicBinder@http-nio-8080-exec-5] binding parameter [1] as [INTEGER] - [22] 
2022-04-25 22:20:58.478 DEBUG [acme.framework.controllers.AbstractController@http-nio-8080-exec-5] SERVING GET /g1-e2.01-22.1/any/item/show 
2022-04-25 22:20:58.480 DEBUG [acme.framework.controllers.AbstractController@http-nio-8080-exec-5] Result: ModelAndView [view="any/item/form"; model={code=COM-123-A, optionalLink=null, name=Screw, description=A flat head screw, technology=placeholder technology, published=true, id=22, type=COMPONENT, retailPrice=<<EUR 0.20>>, version=0, command=show, principal=acme.framework.entities.Principal@1a5b9cd7}] 
2022-04-25 22:20:58.500 DEBUG [acme.framework.components.tiles.DynamicTilesView@http-nio-8080-exec-5] View name 'any/item/form', model {code=COM-123-A, optionalLink=null, name=Screw, description=A flat head screw, technology=placeholder technology, published=true, id=22, type=COMPONENT, retailPrice=<<EUR 0.20>>, version=0, command=show, principal=acme.framework.entities.Principal@1a5b9cd7, org.springframework.validation.BindingResult.retailPrice=org.springframework.validation.BeanPropertyBindingResult: 0 errors, org.springframework.validation.BindingResult.principal=org.springframework.validation.BeanPropertyBindingResult: 0 errors} 
2022-04-25 22:20:58.523 DEBUG [org.apache.tiles.definition.dao.BaseLocaleUrlDefinitionDAO@http-nio-8080-exec-5] File Resource file:/C:/Users/victo/OneDrive/Escritorio/UNI/DP2/workspace/Workspace-22.0/Projects/G1-E2.01/target/classes/WEB-INF/views/master/tiles_en.xml at file:/C:/Users/victo/OneDrive/Escritorio/UNI/DP2/workspace/Workspace-22.0/Projects/G1-E2.01/target/classes/WEB-INF/views/master/tiles_en.xml not found, continue 
2022-04-25 22:20:58.536 DEBUG [org.apache.jasper.servlet.JspServlet@http-nio-8080-exec-5] JspEngine --> /WEB-INF/views/master/page.jsp 
2022-04-25 22:20:58.536 DEBUG [org.apache.jasper.servlet.JspServlet@http-nio-8080-exec-5] ServletPath: /WEB-INF/views/master/page.jsp 
2022-04-25 22:20:58.537 DEBUG [org.apache.jasper.servlet.JspServlet@http-nio-8080-exec-5] PathInfo: null 
2022-04-25 22:20:58.541 DEBUG [org.apache.jasper.servlet.JspServlet@http-nio-8080-exec-5] RealPath: C:\Users\victo\OneDrive\Escritorio\UNI\DP2\workspace\Workspace-22.0\Projects\G1-E2.01\target\classes\WEB-INF\views\master\page.jsp 
2022-04-25 22:20:58.542 DEBUG [org.apache.jasper.servlet.JspServlet@http-nio-8080-exec-5] RequestURI: /g1-e2.01-22.1/WEB-INF/views/master/page.jsp 
2022-04-25 22:20:58.543 DEBUG [org.apache.jasper.servlet.JspServlet@http-nio-8080-exec-5] QueryString: id=22 
2022-04-25 22:21:08.759 DEBUG [acme.framework.configuration.ExtendedMessageSource@http-nio-8080-exec-5] Loading properties [C:\Users\victo\OneDrive\Escritorio\UNI\DP2\workspace\Workspace-22.0\Projects\G1-E2.01\target\classes\WEB-INF\views\administrator\admin-dashboard\messages-en.i18n] with encoding 'utf-8' 
2022-04-25 22:21:08.763 DEBUG [acme.framework.configuration.ExtendedMessageSource@http-nio-8080-exec-5] Loading properties [C:\Users\victo\OneDrive\Escritorio\UNI\DP2\workspace\Workspace-22.0\Projects\G1-E2.01\target\classes\WEB-INF\views\administrator\user-account\messages-en.i18n] with encoding 'utf-8' 
2022-04-25 22:21:08.765 DEBUG [acme.framework.configuration.ExtendedMessageSource@http-nio-8080-exec-5] Loading properties [C:\Users\victo\OneDrive\Escritorio\UNI\DP2\workspace\Workspace-22.0\Projects\G1-E2.01\target\classes\WEB-INF\views\anonymous\user-account\messages-en.i18n] with encoding 'utf-8' 
2022-04-25 22:21:08.767 DEBUG [acme.framework.configuration.ExtendedMessageSource@http-nio-8080-exec-5] Loading properties [C:\Users\victo\OneDrive\Escritorio\UNI\DP2\workspace\Workspace-22.0\Projects\G1-E2.01\target\classes\WEB-INF\views\any\chirp\messsages-en.i18n] with encoding 'utf-8' 
2022-04-25 22:21:08.769 DEBUG [acme.framework.configuration.ExtendedMessageSource@http-nio-8080-exec-5] Loading properties [C:\Users\victo\OneDrive\Escritorio\UNI\DP2\workspace\Workspace-22.0\Projects\G1-E2.01\target\classes\WEB-INF\views\any\item\messsages-en.i18n] with encoding 'utf-8' 
2022-04-25 22:21:08.770 DEBUG [acme.framework.configuration.ExtendedMessageSource@http-nio-8080-exec-5] Loading properties [C:\Users\victo\OneDrive\Escritorio\UNI\DP2\workspace\Workspace-22.0\Projects\G1-E2.01\target\classes\WEB-INF\views\any\quantity\messages-en.i18n] with encoding 'utf-8' 
2022-04-25 22:21:08.771 DEBUG [acme.framework.configuration.ExtendedMessageSource@http-nio-8080-exec-5] Loading properties [C:\Users\victo\OneDrive\Escritorio\UNI\DP2\workspace\Workspace-22.0\Projects\G1-E2.01\target\classes\WEB-INF\views\any\tool-kit\messages-en.i18n] with encoding 'utf-8' 
2022-04-25 22:21:08.773 DEBUG [acme.framework.configuration.ExtendedMessageSource@http-nio-8080-exec-5] Loading properties [C:\Users\victo\OneDrive\Escritorio\UNI\DP2\workspace\Workspace-22.0\Projects\G1-E2.01\target\classes\WEB-INF\views\any\tool-kit-filter\messages-en.i18n] with encoding 'utf-8' 
2022-04-25 22:21:08.774 DEBUG [acme.framework.configuration.ExtendedMessageSource@http-nio-8080-exec-5] Loading properties [C:\Users\victo\OneDrive\Escritorio\UNI\DP2\workspace\Workspace-22.0\Projects\G1-E2.01\target\classes\WEB-INF\views\any\user-account\messages-en.i18n] with encoding 'utf-8' 
2022-04-25 22:21:08.775 DEBUG [acme.framework.configuration.ExtendedMessageSource@http-nio-8080-exec-5] Loading properties [C:\Users\victo\OneDrive\Escritorio\UNI\DP2\workspace\Workspace-22.0\Projects\G1-E2.01\target\classes\WEB-INF\views\authenticated\announcement\messages-en.i18n] with encoding 'utf-8' 
2022-04-25 22:21:08.777 DEBUG [acme.framework.configuration.ExtendedMessageSource@http-nio-8080-exec-5] Loading properties [C:\Users\victo\OneDrive\Escritorio\UNI\DP2\workspace\Workspace-22.0\Projects\G1-E2.01\target\classes\WEB-INF\views\authenticated\consumer\messsages-en.i18n] with encoding 'utf-8' 
2022-04-25 22:21:08.779 DEBUG [acme.framework.configuration.ExtendedMessageSource@http-nio-8080-exec-5] Loading properties [C:\Users\victo\OneDrive\Escritorio\UNI\DP2\workspace\Workspace-22.0\Projects\G1-E2.01\target\classes\WEB-INF\views\authenticated\money-exchange\messages-en.i18n] with encoding 'utf-8' 
2022-04-25 22:21:08.780 DEBUG [acme.framework.configuration.ExtendedMessageSource@http-nio-8080-exec-5] Loading properties [C:\Users\victo\OneDrive\Escritorio\UNI\DP2\workspace\Workspace-22.0\Projects\G1-E2.01\target\classes\WEB-INF\views\authenticated\provider\messsages-en.i18n] with encoding 'utf-8' 
2022-04-25 22:21:08.781 DEBUG [acme.framework.configuration.ExtendedMessageSource@http-nio-8080-exec-5] Loading properties [C:\Users\victo\OneDrive\Escritorio\UNI\DP2\workspace\Workspace-22.0\Projects\G1-E2.01\target\classes\WEB-INF\views\authenticated\system-configuration\messages-en.i18n] with encoding 'utf-8' 
2022-04-25 22:21:08.783 DEBUG [acme.framework.configuration.ExtendedMessageSource@http-nio-8080-exec-5] Loading properties [C:\Users\victo\OneDrive\Escritorio\UNI\DP2\workspace\Workspace-22.0\Projects\G1-E2.01\target\classes\WEB-INF\views\authenticated\user-account\messages-en.i18n] with encoding 'utf-8' 
2022-04-25 22:21:08.784 DEBUG [acme.framework.configuration.ExtendedMessageSource@http-nio-8080-exec-5] Loading properties [C:\Users\victo\OneDrive\Escritorio\UNI\DP2\workspace\Workspace-22.0\Projects\G1-E2.01\target\classes\WEB-INF\views\fragments\banner-en.i18n] with encoding 'utf-8' 
2022-04-25 22:21:08.785 DEBUG [acme.framework.configuration.ExtendedMessageSource@http-nio-8080-exec-5] Loading properties [C:\Users\victo\OneDrive\Escritorio\UNI\DP2\workspace\Workspace-22.0\Projects\G1-E2.01\target\classes\WEB-INF\views\fragments\company-en.i18n] with encoding 'utf-8' 
2022-04-25 22:21:08.786 DEBUG [acme.framework.configuration.ExtendedMessageSource@http-nio-8080-exec-5] Loading properties [C:\Users\victo\OneDrive\Escritorio\UNI\DP2\workspace\Workspace-22.0\Projects\G1-E2.01\target\classes\WEB-INF\views\fragments\footer-en.i18n] with encoding 'utf-8' 
2022-04-25 22:21:08.787 DEBUG [acme.framework.configuration.ExtendedMessageSource@http-nio-8080-exec-5] Loading properties [C:\Users\victo\OneDrive\Escritorio\UNI\DP2\workspace\Workspace-22.0\Projects\G1-E2.01\target\classes\WEB-INF\views\fragments\license-en.i18n] with encoding 'utf-8' 
2022-04-25 22:21:08.790 DEBUG [acme.framework.configuration.ExtendedMessageSource@http-nio-8080-exec-5] Loading properties [C:\Users\victo\OneDrive\Escritorio\UNI\DP2\workspace\Workspace-22.0\Projects\G1-E2.01\target\classes\WEB-INF\views\fragments\menu-en.i18n] with encoding 'utf-8' 
2022-04-25 22:21:08.792 DEBUG [acme.framework.configuration.ExtendedMessageSource@http-nio-8080-exec-5] Loading properties [C:\Users\victo\OneDrive\Escritorio\UNI\DP2\workspace\Workspace-22.0\Projects\G1-E2.01\target\classes\WEB-INF\views\fragments\messsages-en.i18n] with encoding 'utf-8' 
2022-04-25 22:21:08.795 DEBUG [acme.framework.configuration.ExtendedMessageSource@http-nio-8080-exec-5] Loading properties [C:\Users\victo\OneDrive\Escritorio\UNI\DP2\workspace\Workspace-22.0\Projects\G1-E2.01\target\classes\WEB-INF\views\fragments\title-en.i18n] with encoding 'utf-8' 
2022-04-25 22:21:08.797 DEBUG [acme.framework.configuration.ExtendedMessageSource@http-nio-8080-exec-5] Loading properties [C:\Users\victo\OneDrive\Escritorio\UNI\DP2\workspace\Workspace-22.0\Projects\G1-E2.01\target\classes\WEB-INF\views\fragments\welcome-en.i18n] with encoding 'utf-8' 
2022-04-25 22:21:08.799 DEBUG [acme.framework.configuration.ExtendedMessageSource@http-nio-8080-exec-5] Loading properties [C:\Users\victo\OneDrive\Escritorio\UNI\DP2\workspace\Workspace-22.0\Projects\G1-E2.01\target\classes\WEB-INF\views\inventor\item\messsages-en.i18n] with encoding 'utf-8' 
2022-04-25 22:21:08.801 DEBUG [acme.framework.configuration.ExtendedMessageSource@http-nio-8080-exec-5] Loading properties [C:\Users\victo\OneDrive\Escritorio\UNI\DP2\workspace\Workspace-22.0\Projects\G1-E2.01\target\classes\WEB-INF\views\inventor\patronage\messsages-en.i18n] with encoding 'utf-8' 
2022-04-25 22:21:08.803 DEBUG [acme.framework.configuration.ExtendedMessageSource@http-nio-8080-exec-5] Loading properties [C:\Users\victo\OneDrive\Escritorio\UNI\DP2\workspace\Workspace-22.0\Projects\G1-E2.01\target\classes\WEB-INF\views\inventor\patronage-report\messsages-en.i18n] with encoding 'utf-8' 
2022-04-25 22:21:08.805 DEBUG [acme.framework.configuration.ExtendedMessageSource@http-nio-8080-exec-5] Loading properties [C:\Users\victo\OneDrive\Escritorio\UNI\DP2\workspace\Workspace-22.0\Projects\G1-E2.01\target\classes\WEB-INF\views\inventor\tool-kit\messsages-en.i18n] with encoding 'utf-8' 
2022-04-25 22:21:08.807 DEBUG [acme.framework.configuration.ExtendedMessageSource@http-nio-8080-exec-5] Loading properties [C:\Users\victo\OneDrive\Escritorio\UNI\DP2\workspace\Workspace-22.0\Projects\G1-E2.01\target\classes\WEB-INF\views\master\defaults-en.i18n] with encoding 'utf-8' 
2022-04-25 22:21:08.809 DEBUG [acme.framework.configuration.ExtendedMessageSource@http-nio-8080-exec-5] Loading properties [C:\Users\victo\OneDrive\Escritorio\UNI\DP2\workspace\Workspace-22.0\Projects\G1-E2.01\target\classes\WEB-INF\views\master\master-en.i18n] with encoding 'utf-8' 
2022-04-25 22:21:08.811 DEBUG [acme.framework.configuration.ExtendedMessageSource@http-nio-8080-exec-5] Loading properties [C:\Users\victo\OneDrive\Escritorio\UNI\DP2\workspace\Workspace-22.0\Projects\G1-E2.01\target\classes\WEB-INF\views\master\throwables-en.i18n] with encoding 'utf-8' 
2022-04-25 22:21:08.812 DEBUG [acme.framework.configuration.ExtendedMessageSource@http-nio-8080-exec-5] Loading properties [C:\Users\victo\OneDrive\Escritorio\UNI\DP2\workspace\Workspace-22.0\Projects\G1-E2.01\target\classes\WEB-INF\views\master\validation-en.i18n] with encoding 'utf-8' 
2022-04-25 22:21:08.814 DEBUG [acme.framework.configuration.ExtendedMessageSource@http-nio-8080-exec-5] Loading properties [C:\Users\victo\OneDrive\Escritorio\UNI\DP2\workspace\Workspace-22.0\Projects\G1-E2.01\target\classes\WEB-INF\views\patron\patron-dashboard\messages-en.i18n] with encoding 'utf-8' 
2022-04-25 22:21:08.818 DEBUG [acme.framework.configuration.ExtendedMessageSource@http-nio-8080-exec-5] Loading properties [C:\Users\victo\OneDrive\Escritorio\UNI\DP2\workspace\Workspace-22.0\Projects\G1-E2.01\target\classes\WEB-INF\views\patron\patronage\messsages-en.i18n] with encoding 'utf-8' 
2022-04-25 22:21:08.820 DEBUG [acme.framework.configuration.ExtendedMessageSource@http-nio-8080-exec-5] Loading properties [C:\Users\victo\OneDrive\Escritorio\UNI\DP2\workspace\Workspace-22.0\Projects\G1-E2.01\target\classes\WEB-INF\views\patron\patronage-report\messsages-en.i18n] with encoding 'utf-8' 
2022-04-25 22:21:08.821 DEBUG [acme.framework.configuration.ExtendedMessageSource@http-nio-8080-exec-5] Loading properties [C:\Users\victo\OneDrive\Escritorio\UNI\DP2\workspace\Workspace-22.0\Projects\G1-E2.01\target\classes\WEB-INF\views\userRole\userAccount\messages-en.i18n] with encoding 'utf-8' 
2022-04-25 22:21:09.499 DEBUG [org.apache.jasper.servlet.JspServlet@http-nio-8080-exec-5] JspEngine --> /WEB-INF/views/any/item/form.jsp 
2022-04-25 22:21:09.501 DEBUG [org.apache.jasper.servlet.JspServlet@http-nio-8080-exec-5] ServletPath: /WEB-INF/views/master/page.jsp 
2022-04-25 22:21:09.502 DEBUG [org.apache.jasper.servlet.JspServlet@http-nio-8080-exec-5] PathInfo: null 
2022-04-25 22:21:09.508 DEBUG [org.apache.jasper.servlet.JspServlet@http-nio-8080-exec-5] RealPath: C:\Users\victo\OneDrive\Escritorio\UNI\DP2\workspace\Workspace-22.0\Projects\G1-E2.01\target\classes\WEB-INF\views\any\item\form.jsp 
2022-04-25 22:21:09.510 DEBUG [org.apache.jasper.servlet.JspServlet@http-nio-8080-exec-5] RequestURI: /g1-e2.01-22.1/WEB-INF/views/master/page.jsp 
2022-04-25 22:21:09.512 DEBUG [org.apache.jasper.servlet.JspServlet@http-nio-8080-exec-5] QueryString: id=22 
2022-04-25 22:21:15.150 DEBUG [org.hibernate.SQL@http-nio-8080-exec-5] select useraccoun0_.id as id1_0_, useraccoun0_.version as version2_0_, useraccoun0_.enabled as enabled1_17_, useraccoun0_.identity as identity2_17_, useraccoun0_.password as password3_17_, useraccoun0_.username as username4_17_ from user_account useraccoun0_ where useraccoun0_.username=? 
2022-04-25 22:21:15.151 TRACE [org.hibernate.type.descriptor.sql.BasicBinder@http-nio-8080-exec-5] binding parameter [1] as [VARCHAR] - [anonymous] 
2022-04-25 22:21:15.155 DEBUG [org.hibernate.SQL@http-nio-8080-exec-5] select roles0_.user_account_id as user_acc1_18_0_, roles0_.id as id1_18_0_, roles0_.id as id1_0_1_, roles0_.version as version2_0_1_, roles0_.user_account_id as user_acc1_18_1_, roles0_.company as company1_7_1_, roles0_.sector as sector2_7_1_, roles0_.company as company1_8_1_, roles0_.info as info2_8_1_, roles0_.statement as statemen3_8_1_, roles0_.company as company1_10_1_, roles0_.info as info2_10_1_, roles0_.statement as statemen3_10_1_, roles0_.company as company1_13_1_, roles0_.sector as sector2_13_1_, roles0_.clazz_ as clazz_1_ from ( select id, version, user_account_id, company, sector, null as info, null as statement, 9 as clazz_ from consumer union all select id, version, user_account_id, company, null as sector, info, statement, 10 as clazz_ from inventor union all select id, version, user_account_id, company, null as sector, info, statement, 11 as clazz_ from patron union all select id, version, user_account_id, company, sector, null as info, null as statement, 12 as clazz_ from provider union all select id, version, user_account_id, null as company, null as sector, null as info, null as statement, 15 as clazz_ from administrator union all select id, version, user_account_id, null as company, null as sector, null as info, null as statement, 16 as clazz_ from anonymous union all select id, version, user_account_id, null as company, null as sector, null as info, null as statement, 17 as clazz_ from any union all select id, version, user_account_id, null as company, null as sector, null as info, null as statement, 18 as clazz_ from authenticated ) roles0_ where roles0_.user_account_id=? 
2022-04-25 22:21:15.156 TRACE [org.hibernate.type.descriptor.sql.BasicBinder@http-nio-8080-exec-5] binding parameter [1] as [INTEGER] - [1] 
2022-04-25 22:22:01.655 DEBUG [acme.framework.controllers.AbstractController@http-nio-8080-exec-3] DISPATCHING GET /g1-e2.01-22.1/any/tool-kit/list-filter 
2022-04-25 22:22:01.656 DEBUG [acme.framework.controllers.AbstractController@http-nio-8080-exec-3] Command: list-filter 
2022-04-25 22:22:01.656 DEBUG [acme.framework.controllers.AbstractController@http-nio-8080-exec-3] Model:   {id=22} 
2022-04-25 22:22:01.656 DEBUG [acme.framework.controllers.AbstractController@http-nio-8080-exec-3] Locale:  en 
2022-04-25 22:22:01.660 DEBUG [org.hibernate.SQL@http-nio-8080-exec-3] select useraccoun0_.id as id1_0_, useraccoun0_.version as version2_0_, useraccoun0_.enabled as enabled1_17_, useraccoun0_.identity as identity2_17_, useraccoun0_.password as password3_17_, useraccoun0_.username as username4_17_ from user_account useraccoun0_ where useraccoun0_.username=? 
2022-04-25 22:22:01.662 TRACE [org.hibernate.type.descriptor.sql.BasicBinder@http-nio-8080-exec-3] binding parameter [1] as [VARCHAR] - [anonymous] 
2022-04-25 22:22:01.665 DEBUG [org.hibernate.SQL@http-nio-8080-exec-3] select roles0_.user_account_id as user_acc1_18_0_, roles0_.id as id1_18_0_, roles0_.id as id1_0_1_, roles0_.version as version2_0_1_, roles0_.user_account_id as user_acc1_18_1_, roles0_.company as company1_7_1_, roles0_.sector as sector2_7_1_, roles0_.company as company1_8_1_, roles0_.info as info2_8_1_, roles0_.statement as statemen3_8_1_, roles0_.company as company1_10_1_, roles0_.info as info2_10_1_, roles0_.statement as statemen3_10_1_, roles0_.company as company1_13_1_, roles0_.sector as sector2_13_1_, roles0_.clazz_ as clazz_1_ from ( select id, version, user_account_id, company, sector, null as info, null as statement, 9 as clazz_ from consumer union all select id, version, user_account_id, company, null as sector, info, statement, 10 as clazz_ from inventor union all select id, version, user_account_id, company, null as sector, info, statement, 11 as clazz_ from patron union all select id, version, user_account_id, company, sector, null as info, null as statement, 12 as clazz_ from provider union all select id, version, user_account_id, null as company, null as sector, null as info, null as statement, 15 as clazz_ from administrator union all select id, version, user_account_id, null as company, null as sector, null as info, null as statement, 16 as clazz_ from anonymous union all select id, version, user_account_id, null as company, null as sector, null as info, null as statement, 17 as clazz_ from any union all select id, version, user_account_id, null as company, null as sector, null as info, null as statement, 18 as clazz_ from authenticated ) roles0_ where roles0_.user_account_id=? 
2022-04-25 22:22:01.667 TRACE [org.hibernate.type.descriptor.sql.BasicBinder@http-nio-8080-exec-3] binding parameter [1] as [INTEGER] - [1] 
2022-04-25 22:22:01.696 DEBUG [org.hibernate.SQL@http-nio-8080-exec-3] select toolkit1_.id as id1_0_, toolkit1_.version as version2_0_, toolkit1_.assembly_notes as assembly1_16_, toolkit1_.code as code2_16_, toolkit1_.description as descript3_16_, toolkit1_.inventor_id as inventor7_16_, toolkit1_.optional_link as optional4_16_, toolkit1_.published as publishe5_16_, toolkit1_.title as title6_16_ from quantity quantity0_ inner join tool_kit toolkit1_ on quantity0_.tool_kit_id=toolkit1_.id where toolkit1_.published=1 and quantity0_.item_id=? 
2022-04-25 22:22:01.698 TRACE [org.hibernate.type.descriptor.sql.BasicBinder@http-nio-8080-exec-3] binding parameter [1] as [INTEGER] - [22] 
2022-04-25 22:22:01.701 DEBUG [org.hibernate.SQL@http-nio-8080-exec-3] select inventor0_.id as id1_0_0_, inventor0_.version as version2_0_0_, inventor0_.user_account_id as user_acc1_18_0_, inventor0_.company as company1_8_0_, inventor0_.info as info2_8_0_, inventor0_.statement as statemen3_8_0_, useraccoun1_.id as id1_0_1_, useraccoun1_.version as version2_0_1_, useraccoun1_.enabled as enabled1_17_1_, useraccoun1_.identity as identity2_17_1_, useraccoun1_.password as password3_17_1_, useraccoun1_.username as username4_17_1_ from inventor inventor0_ inner join user_account useraccoun1_ on inventor0_.user_account_id=useraccoun1_.id where inventor0_.id=? 
2022-04-25 22:22:01.702 TRACE [org.hibernate.type.descriptor.sql.BasicBinder@http-nio-8080-exec-3] binding parameter [1] as [INTEGER] - [20] 
2022-04-25 22:22:01.715 DEBUG [org.hibernate.SQL@http-nio-8080-exec-3] select item0_.id as id1_0_, item0_.version as version2_0_, item0_.code as code1_9_, item0_.description as descript2_9_, item0_.inventor_id as invento10_9_, item0_.name as name3_9_, item0_.optional_link as optional4_9_, item0_.published as publishe5_9_, item0_.retail_price_amount as retail_p6_9_, item0_.retail_price_currency as retail_p7_9_, item0_.technology as technolo8_9_, item0_.type as type9_9_ from item item0_ 
2022-04-25 22:22:01.722 DEBUG [org.hibernate.SQL@http-nio-8080-exec-3] select inventor0_.id as id1_0_0_, inventor0_.version as version2_0_0_, inventor0_.user_account_id as user_acc1_18_0_, inventor0_.company as company1_8_0_, inventor0_.info as info2_8_0_, inventor0_.statement as statemen3_8_0_, useraccoun1_.id as id1_0_1_, useraccoun1_.version as version2_0_1_, useraccoun1_.enabled as enabled1_17_1_, useraccoun1_.identity as identity2_17_1_, useraccoun1_.password as password3_17_1_, useraccoun1_.username as username4_17_1_ from inventor inventor0_ inner join user_account useraccoun1_ on inventor0_.user_account_id=useraccoun1_.id where inventor0_.id=? 
2022-04-25 22:22:01.724 TRACE [org.hibernate.type.descriptor.sql.BasicBinder@http-nio-8080-exec-3] binding parameter [1] as [INTEGER] - [19] 
2022-04-25 22:22:01.730 DEBUG [org.hibernate.SQL@http-nio-8080-exec-3] select inventor0_.id as id1_0_0_, inventor0_.version as version2_0_0_, inventor0_.user_account_id as user_acc1_18_0_, inventor0_.company as company1_8_0_, inventor0_.info as info2_8_0_, inventor0_.statement as statemen3_8_0_, useraccoun1_.id as id1_0_1_, useraccoun1_.version as version2_0_1_, useraccoun1_.enabled as enabled1_17_1_, useraccoun1_.identity as identity2_17_1_, useraccoun1_.password as password3_17_1_, useraccoun1_.username as username4_17_1_ from inventor inventor0_ inner join user_account useraccoun1_ on inventor0_.user_account_id=useraccoun1_.id where inventor0_.id=? 
2022-04-25 22:22:01.731 TRACE [org.hibernate.type.descriptor.sql.BasicBinder@http-nio-8080-exec-3] binding parameter [1] as [INTEGER] - [18] 
2022-04-25 22:22:01.738 DEBUG [org.hibernate.SQL@http-nio-8080-exec-3] select inventor0_.id as id1_0_0_, inventor0_.version as version2_0_0_, inventor0_.user_account_id as user_acc1_18_0_, inventor0_.company as company1_8_0_, inventor0_.info as info2_8_0_, inventor0_.statement as statemen3_8_0_, useraccoun1_.id as id1_0_1_, useraccoun1_.version as version2_0_1_, useraccoun1_.enabled as enabled1_17_1_, useraccoun1_.identity as identity2_17_1_, useraccoun1_.password as password3_17_1_, useraccoun1_.username as username4_17_1_ from inventor inventor0_ inner join user_account useraccoun1_ on inventor0_.user_account_id=useraccoun1_.id where inventor0_.id=? 
2022-04-25 22:22:01.739 TRACE [org.hibernate.type.descriptor.sql.BasicBinder@http-nio-8080-exec-3] binding parameter [1] as [INTEGER] - [20] 
2022-04-25 22:22:01.751 DEBUG [org.hibernate.SQL@http-nio-8080-exec-3] select inventor0_.id as id1_0_0_, inventor0_.version as version2_0_0_, inventor0_.user_account_id as user_acc1_18_0_, inventor0_.company as company1_8_0_, inventor0_.info as info2_8_0_, inventor0_.statement as statemen3_8_0_, useraccoun1_.id as id1_0_1_, useraccoun1_.version as version2_0_1_, useraccoun1_.enabled as enabled1_17_1_, useraccoun1_.identity as identity2_17_1_, useraccoun1_.password as password3_17_1_, useraccoun1_.username as username4_17_1_ from inventor inventor0_ inner join user_account useraccoun1_ on inventor0_.user_account_id=useraccoun1_.id where inventor0_.id=? 
2022-04-25 22:22:01.751 TRACE [org.hibernate.type.descriptor.sql.BasicBinder@http-nio-8080-exec-3] binding parameter [1] as [INTEGER] - [17] 
2022-04-25 22:22:01.768 DEBUG [org.hibernate.SQL@http-nio-8080-exec-3] select quantity0_.id as id1_0_, quantity0_.version as version2_0_, quantity0_.amount as amount1_14_, quantity0_.item_id as item_id2_14_, quantity0_.tool_kit_id as tool_kit3_14_ from quantity quantity0_ where quantity0_.tool_kit_id=? 
2022-04-25 22:22:01.769 TRACE [org.hibernate.type.descriptor.sql.BasicBinder@http-nio-8080-exec-3] binding parameter [1] as [INTEGER] - [40] 
2022-04-25 22:22:01.773 DEBUG [org.hibernate.SQL@http-nio-8080-exec-3] select toolkit0_.id as id1_0_0_, toolkit0_.version as version2_0_0_, toolkit0_.assembly_notes as assembly1_16_0_, toolkit0_.code as code2_16_0_, toolkit0_.description as descript3_16_0_, toolkit0_.inventor_id as inventor7_16_0_, toolkit0_.optional_link as optional4_16_0_, toolkit0_.published as publishe5_16_0_, toolkit0_.title as title6_16_0_, inventor1_.id as id1_0_1_, inventor1_.version as version2_0_1_, inventor1_.user_account_id as user_acc1_18_1_, inventor1_.company as company1_8_1_, inventor1_.info as info2_8_1_, inventor1_.statement as statemen3_8_1_, useraccoun2_.id as id1_0_2_, useraccoun2_.version as version2_0_2_, useraccoun2_.enabled as enabled1_17_2_, useraccoun2_.identity as identity2_17_2_, useraccoun2_.password as password3_17_2_, useraccoun2_.username as username4_17_2_ from tool_kit toolkit0_ inner join inventor inventor1_ on toolkit0_.inventor_id=inventor1_.id inner join user_account useraccoun2_ on inventor1_.user_account_id=useraccoun2_.id where toolkit0_.id=? 
2022-04-25 22:22:01.775 TRACE [org.hibernate.type.descriptor.sql.BasicBinder@http-nio-8080-exec-3] binding parameter [1] as [INTEGER] - [40] 
2022-04-25 22:22:01.820 DEBUG [acme.framework.controllers.AbstractController@http-nio-8080-exec-3] SERVING GET /g1-e2.01-22.1/any/tool-kit/list-filter 
2022-04-25 22:22:01.820 DEBUG [acme.framework.controllers.AbstractController@http-nio-8080-exec-3] Result: ModelAndView [view="any/tool-kit/list"; model={toolKitPrice[0]=<<EUR 168.99>>, tools[0]=null, components[0]=null, description[0]=A desktop assembly toolkit, code[0]=TLK-123-A, version[0]=0, title[0]=Desktop, id[0]=40, optionalLink[0]=null, list$size=1, assemblyNotes[0]=assemble the furniture, command=list-filter, principal=acme.framework.entities.Principal@1a8038dd}] 
2022-04-25 22:22:01.822 DEBUG [acme.framework.components.tiles.DynamicTilesView@http-nio-8080-exec-3] View name 'any/tool-kit/list', model {toolKitPrice[0]=<<EUR 168.99>>, tools[0]=null, components[0]=null, description[0]=A desktop assembly toolkit, code[0]=TLK-123-A, version[0]=0, title[0]=Desktop, id[0]=40, optionalLink[0]=null, list$size=1, assemblyNotes[0]=assemble the furniture, command=list-filter, principal=acme.framework.entities.Principal@1a8038dd, org.springframework.validation.BindingResult.toolKitPrice[0]=org.springframework.validation.BeanPropertyBindingResult: 0 errors, org.springframework.validation.BindingResult.principal=org.springframework.validation.BeanPropertyBindingResult: 0 errors} 
2022-04-25 22:22:01.827 DEBUG [org.apache.jasper.servlet.JspServlet@http-nio-8080-exec-3] JspEngine --> /WEB-INF/views/master/page.jsp 
2022-04-25 22:22:01.828 DEBUG [org.apache.jasper.servlet.JspServlet@http-nio-8080-exec-3] ServletPath: /WEB-INF/views/master/page.jsp 
2022-04-25 22:22:01.829 DEBUG [org.apache.jasper.servlet.JspServlet@http-nio-8080-exec-3] PathInfo: null 
2022-04-25 22:22:01.836 DEBUG [org.apache.jasper.servlet.JspServlet@http-nio-8080-exec-3] RealPath: C:\Users\victo\OneDrive\Escritorio\UNI\DP2\workspace\Workspace-22.0\Projects\G1-E2.01\target\classes\WEB-INF\views\master\page.jsp 
2022-04-25 22:22:01.837 DEBUG [org.apache.jasper.servlet.JspServlet@http-nio-8080-exec-3] RequestURI: /g1-e2.01-22.1/WEB-INF/views/master/page.jsp 
2022-04-25 22:22:01.838 DEBUG [org.apache.jasper.servlet.JspServlet@http-nio-8080-exec-3] QueryString: id=22 
2022-04-25 22:22:02.395 DEBUG [org.apache.jasper.servlet.JspServlet@http-nio-8080-exec-3] JspEngine --> /WEB-INF/views/any/tool-kit/list.jsp 
2022-04-25 22:22:02.397 DEBUG [org.apache.jasper.servlet.JspServlet@http-nio-8080-exec-3] ServletPath: /WEB-INF/views/master/page.jsp 
2022-04-25 22:22:02.398 DEBUG [org.apache.jasper.servlet.JspServlet@http-nio-8080-exec-3] PathInfo: null 
2022-04-25 22:22:02.403 DEBUG [org.apache.jasper.servlet.JspServlet@http-nio-8080-exec-3] RealPath: C:\Users\victo\OneDrive\Escritorio\UNI\DP2\workspace\Workspace-22.0\Projects\G1-E2.01\target\classes\WEB-INF\views\any\tool-kit\list.jsp 
2022-04-25 22:22:02.405 DEBUG [org.apache.jasper.servlet.JspServlet@http-nio-8080-exec-3] RequestURI: /g1-e2.01-22.1/WEB-INF/views/master/page.jsp 
2022-04-25 22:22:02.407 DEBUG [org.apache.jasper.servlet.JspServlet@http-nio-8080-exec-3] QueryString: id=22 
2022-04-25 22:22:04.715 DEBUG [org.hibernate.SQL@http-nio-8080-exec-3] select useraccoun0_.id as id1_0_, useraccoun0_.version as version2_0_, useraccoun0_.enabled as enabled1_17_, useraccoun0_.identity as identity2_17_, useraccoun0_.password as password3_17_, useraccoun0_.username as username4_17_ from user_account useraccoun0_ where useraccoun0_.username=? 
2022-04-25 22:22:04.717 TRACE [org.hibernate.type.descriptor.sql.BasicBinder@http-nio-8080-exec-3] binding parameter [1] as [VARCHAR] - [anonymous] 
2022-04-25 22:22:04.722 DEBUG [org.hibernate.SQL@http-nio-8080-exec-3] select roles0_.user_account_id as user_acc1_18_0_, roles0_.id as id1_18_0_, roles0_.id as id1_0_1_, roles0_.version as version2_0_1_, roles0_.user_account_id as user_acc1_18_1_, roles0_.company as company1_7_1_, roles0_.sector as sector2_7_1_, roles0_.company as company1_8_1_, roles0_.info as info2_8_1_, roles0_.statement as statemen3_8_1_, roles0_.company as company1_10_1_, roles0_.info as info2_10_1_, roles0_.statement as statemen3_10_1_, roles0_.company as company1_13_1_, roles0_.sector as sector2_13_1_, roles0_.clazz_ as clazz_1_ from ( select id, version, user_account_id, company, sector, null as info, null as statement, 9 as clazz_ from consumer union all select id, version, user_account_id, company, null as sector, info, statement, 10 as clazz_ from inventor union all select id, version, user_account_id, company, null as sector, info, statement, 11 as clazz_ from patron union all select id, version, user_account_id, company, sector, null as info, null as statement, 12 as clazz_ from provider union all select id, version, user_account_id, null as company, null as sector, null as info, null as statement, 15 as clazz_ from administrator union all select id, version, user_account_id, null as company, null as sector, null as info, null as statement, 16 as clazz_ from anonymous union all select id, version, user_account_id, null as company, null as sector, null as info, null as statement, 17 as clazz_ from any union all select id, version, user_account_id, null as company, null as sector, null as info, null as statement, 18 as clazz_ from authenticated ) roles0_ where roles0_.user_account_id=? 
2022-04-25 22:22:04.724 TRACE [org.hibernate.type.descriptor.sql.BasicBinder@http-nio-8080-exec-3] binding parameter [1] as [INTEGER] - [1] 
