2022-05-23 14:12:53.629 INFO  [acme.Launcher@main] Starting Launcher using Java 1.8.0_281 on LAPTOP-UT7A19NU with PID 16476 (C:\Users\victo\OneDrive\Escritorio\UNI\DP2\workspace\Workspace-22.0\Frameworks\Acme-Framework-22.5.1\target\classes started by victo in C:\Users\victo\OneDrive\Escritorio\UNI\DP2\workspace\Workspace-22.0\Projects\G1-E2.01) 
2022-05-23 14:12:53.631 DEBUG [acme.Launcher@main] Running with Spring Boot v2.4.2, Spring v5.3.3 
2022-05-23 14:12:53.631 INFO  [acme.Launcher@main] The following profiles are active: development,default 
2022-05-23 14:12:56.235 DEBUG [org.apache.jasper.servlet.JasperInitializer@main] Initializing Jasper for context [application] 
2022-05-23 14:13:01.259 DEBUG [org.apache.jasper.servlet.JspServlet@main] Scratch dir for the JSP engine is: [C:\Users\victo\AppData\Local\Temp\tomcat.8080.4566890298340156692\work\Tomcat\localhost\g1-e2.01-22.1] 
2022-05-23 14:13:01.259 DEBUG [org.apache.jasper.servlet.JspServlet@main] IMPORTANT: Do not modify the generated servlets 
2022-05-23 14:13:01.268 INFO  [acme.Launcher@main] Started Launcher in 8.204 seconds (JVM running for 8.87) 
2022-05-23 14:13:01.273 DEBUG [acme.Launcher@main] Found classpath entry '/C:/Users/victo/OneDrive/Escritorio/UNI/DP2/workspace/Workspace-22.0/Projects/G1-E2.01/target/classes/' 
2022-05-23 14:13:01.273 DEBUG [acme.Launcher@main] Found classpath entry '/C:/Users/victo/OneDrive/Escritorio/UNI/DP2/workspace/Workspace-22.0/Projects/G1-E2.01/target/test-classes/' 
2022-05-23 14:13:01.273 DEBUG [acme.Launcher@main] Found classpath entry '/C:/Users/victo/.m2/repository/org/springframework/boot/spring-boot-starter-tomcat/2.4.2/spring-boot-starter-tomcat-2.4.2.jar' 
2022-05-23 14:13:01.273 DEBUG [acme.Launcher@main] Found classpath entry '/C:/Users/victo/.m2/repository/jakarta/annotation/jakarta.annotation-api/1.3.5/jakarta.annotation-api-1.3.5.jar' 
2022-05-23 14:13:01.274 DEBUG [acme.Launcher@main] Found classpath entry '/C:/Users/victo/.m2/repository/org/apache/tomcat/embed/tomcat-embed-core/9.0.41/tomcat-embed-core-9.0.41.jar' 
2022-05-23 14:13:01.274 DEBUG [acme.Launcher@main] Found classpath entry '/C:/Users/victo/.m2/repository/org/glassfish/jakarta.el/3.0.3/jakarta.el-3.0.3.jar' 
2022-05-23 14:13:01.274 DEBUG [acme.Launcher@main] Found classpath entry '/C:/Users/victo/.m2/repository/org/apache/tomcat/embed/tomcat-embed-websocket/9.0.41/tomcat-embed-websocket-9.0.41.jar' 
2022-05-23 14:13:01.274 DEBUG [acme.Launcher@main] Found classpath entry '/C:/Users/victo/.m2/repository/org/apache/tomcat/embed/tomcat-embed-jasper/9.0.41/tomcat-embed-jasper-9.0.41.jar' 
2022-05-23 14:13:01.274 DEBUG [acme.Launcher@main] Found classpath entry '/C:/Users/victo/.m2/repository/org/apache/tomcat/embed/tomcat-embed-el/9.0.41/tomcat-embed-el-9.0.41.jar' 
2022-05-23 14:13:01.274 DEBUG [acme.Launcher@main] Found classpath entry '/C:/Users/victo/.m2/repository/org/eclipse/jdt/ecj/3.18.0/ecj-3.18.0.jar' 
2022-05-23 14:13:01.274 DEBUG [acme.Launcher@main] Found classpath entry '/C:/Users/victo/.m2/repository/javax/servlet/jstl/1.2/jstl-1.2.jar' 
2022-05-23 14:13:01.274 DEBUG [acme.Launcher@main] Found classpath entry '/C:/Users/victo/.m2/repository/org/springframework/boot/spring-boot-starter-test/2.4.2/spring-boot-starter-test-2.4.2.jar' 
2022-05-23 14:13:01.274 DEBUG [acme.Launcher@main] Found classpath entry '/C:/Users/victo/.m2/repository/org/springframework/boot/spring-boot-starter/2.4.2/spring-boot-starter-2.4.2.jar' 
2022-05-23 14:13:01.274 DEBUG [acme.Launcher@main] Found classpath entry '/C:/Users/victo/.m2/repository/org/springframework/boot/spring-boot/2.4.2/spring-boot-2.4.2.jar' 
2022-05-23 14:13:01.275 DEBUG [acme.Launcher@main] Found classpath entry '/C:/Users/victo/.m2/repository/org/springframework/boot/spring-boot-autoconfigure/2.4.2/spring-boot-autoconfigure-2.4.2.jar' 
2022-05-23 14:13:01.275 DEBUG [acme.Launcher@main] Found classpath entry '/C:/Users/victo/.m2/repository/org/springframework/boot/spring-boot-starter-logging/2.4.2/spring-boot-starter-logging-2.4.2.jar' 
2022-05-23 14:13:01.275 DEBUG [acme.Launcher@main] Found classpath entry '/C:/Users/victo/.m2/repository/ch/qos/logback/logback-classic/1.2.3/logback-classic-1.2.3.jar' 
2022-05-23 14:13:01.275 DEBUG [acme.Launcher@main] Found classpath entry '/C:/Users/victo/.m2/repository/ch/qos/logback/logback-core/1.2.3/logback-core-1.2.3.jar' 
2022-05-23 14:13:01.275 DEBUG [acme.Launcher@main] Found classpath entry '/C:/Users/victo/.m2/repository/org/apache/logging/log4j/log4j-to-slf4j/2.13.3/log4j-to-slf4j-2.13.3.jar' 
2022-05-23 14:13:01.275 DEBUG [acme.Launcher@main] Found classpath entry '/C:/Users/victo/.m2/repository/org/apache/logging/log4j/log4j-api/2.13.3/log4j-api-2.13.3.jar' 
2022-05-23 14:13:01.275 DEBUG [acme.Launcher@main] Found classpath entry '/C:/Users/victo/.m2/repository/org/slf4j/jul-to-slf4j/1.7.30/jul-to-slf4j-1.7.30.jar' 
2022-05-23 14:13:01.275 DEBUG [acme.Launcher@main] Found classpath entry '/C:/Users/victo/.m2/repository/org/yaml/snakeyaml/1.27/snakeyaml-1.27.jar' 
2022-05-23 14:13:01.276 DEBUG [acme.Launcher@main] Found classpath entry '/C:/Users/victo/.m2/repository/org/springframework/boot/spring-boot-test/2.4.2/spring-boot-test-2.4.2.jar' 
2022-05-23 14:13:01.276 DEBUG [acme.Launcher@main] Found classpath entry '/C:/Users/victo/.m2/repository/org/springframework/boot/spring-boot-test-autoconfigure/2.4.2/spring-boot-test-autoconfigure-2.4.2.jar' 
2022-05-23 14:13:01.276 DEBUG [acme.Launcher@main] Found classpath entry '/C:/Users/victo/.m2/repository/com/jayway/jsonpath/json-path/2.4.0/json-path-2.4.0.jar' 
2022-05-23 14:13:01.276 DEBUG [acme.Launcher@main] Found classpath entry '/C:/Users/victo/.m2/repository/net/minidev/json-smart/2.3/json-smart-2.3.jar' 
2022-05-23 14:13:01.276 DEBUG [acme.Launcher@main] Found classpath entry '/C:/Users/victo/.m2/repository/net/minidev/accessors-smart/1.2/accessors-smart-1.2.jar' 
2022-05-23 14:13:01.276 DEBUG [acme.Launcher@main] Found classpath entry '/C:/Users/victo/.m2/repository/org/ow2/asm/asm/5.0.4/asm-5.0.4.jar' 
2022-05-23 14:13:01.276 DEBUG [acme.Launcher@main] Found classpath entry '/C:/Users/victo/.m2/repository/jakarta/xml/bind/jakarta.xml.bind-api/2.3.3/jakarta.xml.bind-api-2.3.3.jar' 
2022-05-23 14:13:01.276 DEBUG [acme.Launcher@main] Found classpath entry '/C:/Users/victo/.m2/repository/jakarta/activation/jakarta.activation-api/1.2.2/jakarta.activation-api-1.2.2.jar' 
2022-05-23 14:13:01.276 DEBUG [acme.Launcher@main] Found classpath entry '/C:/Users/victo/.m2/repository/org/assertj/assertj-core/3.18.1/assertj-core-3.18.1.jar' 
2022-05-23 14:13:01.277 DEBUG [acme.Launcher@main] Found classpath entry '/C:/Users/victo/.m2/repository/org/hamcrest/hamcrest/2.2/hamcrest-2.2.jar' 
2022-05-23 14:13:01.277 DEBUG [acme.Launcher@main] Found classpath entry '/C:/Users/victo/.m2/repository/org/junit/jupiter/junit-jupiter/5.7.0/junit-jupiter-5.7.0.jar' 
2022-05-23 14:13:01.277 DEBUG [acme.Launcher@main] Found classpath entry '/C:/Users/victo/.m2/repository/org/mockito/mockito-core/3.6.28/mockito-core-3.6.28.jar' 
2022-05-23 14:13:01.277 DEBUG [acme.Launcher@main] Found classpath entry '/C:/Users/victo/.m2/repository/net/bytebuddy/byte-buddy-agent/1.10.19/byte-buddy-agent-1.10.19.jar' 
2022-05-23 14:13:01.277 DEBUG [acme.Launcher@main] Found classpath entry '/C:/Users/victo/.m2/repository/org/objenesis/objenesis/3.1/objenesis-3.1.jar' 
2022-05-23 14:13:01.277 DEBUG [acme.Launcher@main] Found classpath entry '/C:/Users/victo/.m2/repository/org/mockito/mockito-junit-jupiter/3.6.28/mockito-junit-jupiter-3.6.28.jar' 
2022-05-23 14:13:01.277 DEBUG [acme.Launcher@main] Found classpath entry '/C:/Users/victo/.m2/repository/org/skyscreamer/jsonassert/1.5.0/jsonassert-1.5.0.jar' 
2022-05-23 14:13:01.277 DEBUG [acme.Launcher@main] Found classpath entry '/C:/Users/victo/.m2/repository/com/vaadin/external/google/android-json/0.0.20131108.vaadin1/android-json-0.0.20131108.vaadin1.jar' 
2022-05-23 14:13:01.278 DEBUG [acme.Launcher@main] Found classpath entry '/C:/Users/victo/.m2/repository/org/springframework/spring-core/5.3.3/spring-core-5.3.3.jar' 
2022-05-23 14:13:01.278 DEBUG [acme.Launcher@main] Found classpath entry '/C:/Users/victo/.m2/repository/org/springframework/spring-jcl/5.3.3/spring-jcl-5.3.3.jar' 
2022-05-23 14:13:01.278 DEBUG [acme.Launcher@main] Found classpath entry '/C:/Users/victo/.m2/repository/org/springframework/spring-test/5.3.3/spring-test-5.3.3.jar' 
2022-05-23 14:13:01.278 DEBUG [acme.Launcher@main] Found classpath entry '/C:/Users/victo/.m2/repository/org/xmlunit/xmlunit-core/2.7.0/xmlunit-core-2.7.0.jar' 
2022-05-23 14:13:01.278 DEBUG [acme.Launcher@main] Found classpath entry '/C:/Users/victo/.m2/repository/org/springframework/boot/spring-boot-starter-security/2.4.2/spring-boot-starter-security-2.4.2.jar' 
2022-05-23 14:13:01.278 DEBUG [acme.Launcher@main] Found classpath entry '/C:/Users/victo/.m2/repository/org/springframework/spring-aop/5.3.3/spring-aop-5.3.3.jar' 
2022-05-23 14:13:01.278 DEBUG [acme.Launcher@main] Found classpath entry '/C:/Users/victo/.m2/repository/org/springframework/security/spring-security-web/5.4.2/spring-security-web-5.4.2.jar' 
2022-05-23 14:13:01.278 DEBUG [acme.Launcher@main] Found classpath entry '/C:/Users/victo/.m2/repository/org/springframework/security/spring-security-core/5.4.2/spring-security-core-5.4.2.jar' 
2022-05-23 14:13:01.279 DEBUG [acme.Launcher@main] Found classpath entry '/C:/Users/victo/.m2/repository/org/springframework/spring-beans/5.3.3/spring-beans-5.3.3.jar' 
2022-05-23 14:13:01.279 DEBUG [acme.Launcher@main] Found classpath entry '/C:/Users/victo/.m2/repository/org/springframework/spring-context/5.3.3/spring-context-5.3.3.jar' 
2022-05-23 14:13:01.279 DEBUG [acme.Launcher@main] Found classpath entry '/C:/Users/victo/.m2/repository/org/springframework/spring-expression/5.3.3/spring-expression-5.3.3.jar' 
2022-05-23 14:13:01.279 DEBUG [acme.Launcher@main] Found classpath entry '/C:/Users/victo/.m2/repository/org/springframework/spring-web/5.3.3/spring-web-5.3.3.jar' 
2022-05-23 14:13:01.279 DEBUG [acme.Launcher@main] Found classpath entry '/C:/Users/victo/.m2/repository/org/springframework/security/spring-security-config/5.4.2/spring-security-config-5.4.2.jar' 
2022-05-23 14:13:01.279 DEBUG [acme.Launcher@main] Found classpath entry '/C:/Users/victo/.m2/repository/org/springframework/security/spring-security-taglibs/5.4.2/spring-security-taglibs-5.4.2.jar' 
2022-05-23 14:13:01.279 DEBUG [acme.Launcher@main] Found classpath entry '/C:/Users/victo/.m2/repository/org/springframework/security/spring-security-acl/5.4.2/spring-security-acl-5.4.2.jar' 
2022-05-23 14:13:01.280 DEBUG [acme.Launcher@main] Found classpath entry '/C:/Users/victo/.m2/repository/org/springframework/spring-jdbc/5.3.3/spring-jdbc-5.3.3.jar' 
2022-05-23 14:13:01.280 DEBUG [acme.Launcher@main] Found classpath entry '/C:/Users/victo/.m2/repository/org/springframework/spring-tx/5.3.3/spring-tx-5.3.3.jar' 
2022-05-23 14:13:01.280 DEBUG [acme.Launcher@main] Found classpath entry '/C:/Users/victo/.m2/repository/org/springframework/boot/spring-boot-starter-web/2.4.2/spring-boot-starter-web-2.4.2.jar' 
2022-05-23 14:13:01.280 DEBUG [acme.Launcher@main] Found classpath entry '/C:/Users/victo/.m2/repository/org/springframework/boot/spring-boot-starter-json/2.4.2/spring-boot-starter-json-2.4.2.jar' 
2022-05-23 14:13:01.280 DEBUG [acme.Launcher@main] Found classpath entry '/C:/Users/victo/.m2/repository/com/fasterxml/jackson/core/jackson-databind/2.11.4/jackson-databind-2.11.4.jar' 
2022-05-23 14:13:01.280 DEBUG [acme.Launcher@main] Found classpath entry '/C:/Users/victo/.m2/repository/com/fasterxml/jackson/core/jackson-annotations/2.11.4/jackson-annotations-2.11.4.jar' 
2022-05-23 14:13:01.280 DEBUG [acme.Launcher@main] Found classpath entry '/C:/Users/victo/.m2/repository/com/fasterxml/jackson/core/jackson-core/2.11.4/jackson-core-2.11.4.jar' 
2022-05-23 14:13:01.280 DEBUG [acme.Launcher@main] Found classpath entry '/C:/Users/victo/.m2/repository/com/fasterxml/jackson/datatype/jackson-datatype-jdk8/2.11.4/jackson-datatype-jdk8-2.11.4.jar' 
2022-05-23 14:13:01.281 DEBUG [acme.Launcher@main] Found classpath entry '/C:/Users/victo/.m2/repository/com/fasterxml/jackson/datatype/jackson-datatype-jsr310/2.11.4/jackson-datatype-jsr310-2.11.4.jar' 
2022-05-23 14:13:01.281 DEBUG [acme.Launcher@main] Found classpath entry '/C:/Users/victo/.m2/repository/com/fasterxml/jackson/module/jackson-module-parameter-names/2.11.4/jackson-module-parameter-names-2.11.4.jar' 
2022-05-23 14:13:01.281 DEBUG [acme.Launcher@main] Found classpath entry '/C:/Users/victo/.m2/repository/org/springframework/spring-webmvc/5.3.3/spring-webmvc-5.3.3.jar' 
2022-05-23 14:13:01.281 DEBUG [acme.Launcher@main] Found classpath entry '/C:/Users/victo/.m2/repository/org/apache/tiles/tiles-jsp/3.0.8/tiles-jsp-3.0.8.jar' 
2022-05-23 14:13:01.281 DEBUG [acme.Launcher@main] Found classpath entry '/C:/Users/victo/.m2/repository/org/apache/tiles/tiles-servlet/3.0.8/tiles-servlet-3.0.8.jar' 
2022-05-23 14:13:01.281 DEBUG [acme.Launcher@main] Found classpath entry '/C:/Users/victo/.m2/repository/org/apache/tiles/tiles-core/3.0.8/tiles-core-3.0.8.jar' 
2022-05-23 14:13:01.281 DEBUG [acme.Launcher@main] Found classpath entry '/C:/Users/victo/.m2/repository/commons-digester/commons-digester/2.0/commons-digester-2.0.jar' 
2022-05-23 14:13:01.281 DEBUG [acme.Launcher@main] Found classpath entry '/C:/Users/victo/.m2/repository/org/slf4j/jcl-over-slf4j/1.7.30/jcl-over-slf4j-1.7.30.jar' 
2022-05-23 14:13:01.281 DEBUG [acme.Launcher@main] Found classpath entry '/C:/Users/victo/.m2/repository/org/apache/tiles/tiles-request-servlet/1.0.7/tiles-request-servlet-1.0.7.jar' 
2022-05-23 14:13:01.282 DEBUG [acme.Launcher@main] Found classpath entry '/C:/Users/victo/.m2/repository/org/apache/tiles/tiles-template/3.0.8/tiles-template-3.0.8.jar' 
2022-05-23 14:13:01.282 DEBUG [acme.Launcher@main] Found classpath entry '/C:/Users/victo/.m2/repository/org/apache/tiles/tiles-api/3.0.8/tiles-api-3.0.8.jar' 
2022-05-23 14:13:01.282 DEBUG [acme.Launcher@main] Found classpath entry '/C:/Users/victo/.m2/repository/org/apache/tiles/tiles-autotag-core-runtime/1.2/tiles-autotag-core-runtime-1.2.jar' 
2022-05-23 14:13:01.282 DEBUG [acme.Launcher@main] Found classpath entry '/C:/Users/victo/.m2/repository/org/slf4j/slf4j-api/1.7.30/slf4j-api-1.7.30.jar' 
2022-05-23 14:13:01.282 DEBUG [acme.Launcher@main] Found classpath entry '/C:/Users/victo/.m2/repository/org/apache/tiles/tiles-request-jsp/1.0.7/tiles-request-jsp-1.0.7.jar' 
2022-05-23 14:13:01.282 DEBUG [acme.Launcher@main] Found classpath entry '/C:/Users/victo/.m2/repository/org/apache/tiles/tiles-request-api/1.0.7/tiles-request-api-1.0.7.jar' 
2022-05-23 14:13:01.282 DEBUG [acme.Launcher@main] Found classpath entry '/C:/Users/victo/.m2/repository/org/springframework/boot/spring-boot-starter-data-jpa/2.4.2/spring-boot-starter-data-jpa-2.4.2.jar' 
2022-05-23 14:13:01.282 DEBUG [acme.Launcher@main] Found classpath entry '/C:/Users/victo/.m2/repository/org/springframework/boot/spring-boot-starter-aop/2.4.2/spring-boot-starter-aop-2.4.2.jar' 
2022-05-23 14:13:01.282 DEBUG [acme.Launcher@main] Found classpath entry '/C:/Users/victo/.m2/repository/org/aspectj/aspectjweaver/1.9.6/aspectjweaver-1.9.6.jar' 
2022-05-23 14:13:01.283 DEBUG [acme.Launcher@main] Found classpath entry '/C:/Users/victo/.m2/repository/org/springframework/boot/spring-boot-starter-jdbc/2.4.2/spring-boot-starter-jdbc-2.4.2.jar' 
2022-05-23 14:13:01.283 DEBUG [acme.Launcher@main] Found classpath entry '/C:/Users/victo/.m2/repository/jakarta/transaction/jakarta.transaction-api/1.3.3/jakarta.transaction-api-1.3.3.jar' 
2022-05-23 14:13:01.283 DEBUG [acme.Launcher@main] Found classpath entry '/C:/Users/victo/.m2/repository/jakarta/persistence/jakarta.persistence-api/2.2.3/jakarta.persistence-api-2.2.3.jar' 
2022-05-23 14:13:01.283 DEBUG [acme.Launcher@main] Found classpath entry '/C:/Users/victo/.m2/repository/org/hibernate/hibernate-core/5.4.27.Final/hibernate-core-5.4.27.Final.jar' 
2022-05-23 14:13:01.283 DEBUG [acme.Launcher@main] Found classpath entry '/C:/Users/victo/.m2/repository/org/jboss/logging/jboss-logging/3.4.1.Final/jboss-logging-3.4.1.Final.jar' 
2022-05-23 14:13:01.283 DEBUG [acme.Launcher@main] Found classpath entry '/C:/Users/victo/.m2/repository/org/javassist/javassist/3.27.0-GA/javassist-3.27.0-GA.jar' 
2022-05-23 14:13:01.283 DEBUG [acme.Launcher@main] Found classpath entry '/C:/Users/victo/.m2/repository/antlr/antlr/2.7.7/antlr-2.7.7.jar' 
2022-05-23 14:13:01.283 DEBUG [acme.Launcher@main] Found classpath entry '/C:/Users/victo/.m2/repository/org/jboss/jandex/2.1.3.Final/jandex-2.1.3.Final.jar' 
2022-05-23 14:13:01.284 DEBUG [acme.Launcher@main] Found classpath entry '/C:/Users/victo/.m2/repository/com/fasterxml/classmate/1.5.1/classmate-1.5.1.jar' 
2022-05-23 14:13:01.284 DEBUG [acme.Launcher@main] Found classpath entry '/C:/Users/victo/.m2/repository/org/dom4j/dom4j/2.1.3/dom4j-2.1.3.jar' 
2022-05-23 14:13:01.284 DEBUG [acme.Launcher@main] Found classpath entry '/C:/Users/victo/.m2/repository/org/hibernate/common/hibernate-commons-annotations/5.1.2.Final/hibernate-commons-annotations-5.1.2.Final.jar' 
2022-05-23 14:13:01.284 DEBUG [acme.Launcher@main] Found classpath entry '/C:/Users/victo/.m2/repository/org/glassfish/jaxb/jaxb-runtime/2.3.3/jaxb-runtime-2.3.3.jar' 
2022-05-23 14:13:01.284 DEBUG [acme.Launcher@main] Found classpath entry '/C:/Users/victo/.m2/repository/org/glassfish/jaxb/txw2/2.3.3/txw2-2.3.3.jar' 
2022-05-23 14:13:01.284 DEBUG [acme.Launcher@main] Found classpath entry '/C:/Users/victo/.m2/repository/com/sun/istack/istack-commons-runtime/3.0.11/istack-commons-runtime-3.0.11.jar' 
2022-05-23 14:13:01.284 DEBUG [acme.Launcher@main] Found classpath entry '/C:/Users/victo/.m2/repository/com/sun/activation/jakarta.activation/1.2.2/jakarta.activation-1.2.2.jar' 
2022-05-23 14:13:01.284 DEBUG [acme.Launcher@main] Found classpath entry '/C:/Users/victo/.m2/repository/org/springframework/data/spring-data-jpa/2.4.3/spring-data-jpa-2.4.3.jar' 
2022-05-23 14:13:01.284 DEBUG [acme.Launcher@main] Found classpath entry '/C:/Users/victo/.m2/repository/org/springframework/data/spring-data-commons/2.4.3/spring-data-commons-2.4.3.jar' 
2022-05-23 14:13:01.284 DEBUG [acme.Launcher@main] Found classpath entry '/C:/Users/victo/.m2/repository/org/springframework/spring-orm/5.3.3/spring-orm-5.3.3.jar' 
2022-05-23 14:13:01.285 DEBUG [acme.Launcher@main] Found classpath entry '/C:/Users/victo/.m2/repository/org/springframework/spring-aspects/5.3.3/spring-aspects-5.3.3.jar' 
2022-05-23 14:13:01.285 DEBUG [acme.Launcher@main] Found classpath entry '/C:/Users/victo/.m2/repository/org/springframework/boot/spring-boot-starter-validation/2.4.2/spring-boot-starter-validation-2.4.2.jar' 
2022-05-23 14:13:01.285 DEBUG [acme.Launcher@main] Found classpath entry '/C:/Users/victo/.m2/repository/org/hibernate/validator/hibernate-validator/6.1.7.Final/hibernate-validator-6.1.7.Final.jar' 
2022-05-23 14:13:01.285 DEBUG [acme.Launcher@main] Found classpath entry '/C:/Users/victo/.m2/repository/jakarta/validation/jakarta.validation-api/2.0.2/jakarta.validation-api-2.0.2.jar' 
2022-05-23 14:13:01.285 DEBUG [acme.Launcher@main] Found classpath entry '/C:/Users/victo/.m2/repository/mysql/mysql-connector-java/8.0.22/mysql-connector-java-8.0.22.jar' 
2022-05-23 14:13:01.285 DEBUG [acme.Launcher@main] Found classpath entry '/C:/Users/victo/.m2/repository/com/zaxxer/HikariCP/3.4.5/HikariCP-3.4.5.jar' 
2022-05-23 14:13:01.285 DEBUG [acme.Launcher@main] Found classpath entry '/C:/Users/victo/.m2/repository/org/junit/jupiter/junit-jupiter-engine/5.7.0/junit-jupiter-engine-5.7.0.jar' 
2022-05-23 14:13:01.285 DEBUG [acme.Launcher@main] Found classpath entry '/C:/Users/victo/.m2/repository/org/apiguardian/apiguardian-api/1.1.0/apiguardian-api-1.1.0.jar' 
2022-05-23 14:13:01.285 DEBUG [acme.Launcher@main] Found classpath entry '/C:/Users/victo/.m2/repository/org/junit/platform/junit-platform-engine/1.7.0/junit-platform-engine-1.7.0.jar' 
2022-05-23 14:13:01.286 DEBUG [acme.Launcher@main] Found classpath entry '/C:/Users/victo/.m2/repository/org/junit/jupiter/junit-jupiter-api/5.7.0/junit-jupiter-api-5.7.0.jar' 
2022-05-23 14:13:01.286 DEBUG [acme.Launcher@main] Found classpath entry '/C:/Users/victo/.m2/repository/org/opentest4j/opentest4j/1.2.0/opentest4j-1.2.0.jar' 
2022-05-23 14:13:01.286 DEBUG [acme.Launcher@main] Found classpath entry '/C:/Users/victo/.m2/repository/org/junit/platform/junit-platform-commons/1.7.0/junit-platform-commons-1.7.0.jar' 
2022-05-23 14:13:01.286 DEBUG [acme.Launcher@main] Found classpath entry '/C:/Users/victo/.m2/repository/org/junit/jupiter/junit-jupiter-params/5.7.0/junit-jupiter-params-5.7.0.jar' 
2022-05-23 14:13:01.286 DEBUG [acme.Launcher@main] Found classpath entry '/C:/Users/victo/.m2/repository/org/junit/platform/junit-platform-launcher/1.7.0/junit-platform-launcher-1.7.0.jar' 
2022-05-23 14:13:01.286 DEBUG [acme.Launcher@main] Found classpath entry '/C:/Users/victo/.m2/repository/org/seleniumhq/selenium/selenium-java/3.141.59/selenium-java-3.141.59.jar' 
2022-05-23 14:13:01.286 DEBUG [acme.Launcher@main] Found classpath entry '/C:/Users/victo/.m2/repository/org/seleniumhq/selenium/selenium-api/3.141.59/selenium-api-3.141.59.jar' 
2022-05-23 14:13:01.287 DEBUG [acme.Launcher@main] Found classpath entry '/C:/Users/victo/.m2/repository/org/seleniumhq/selenium/selenium-chrome-driver/3.141.59/selenium-chrome-driver-3.141.59.jar' 
2022-05-23 14:13:01.287 DEBUG [acme.Launcher@main] Found classpath entry '/C:/Users/victo/.m2/repository/org/seleniumhq/selenium/selenium-edge-driver/3.141.59/selenium-edge-driver-3.141.59.jar' 
2022-05-23 14:13:01.287 DEBUG [acme.Launcher@main] Found classpath entry '/C:/Users/victo/.m2/repository/org/seleniumhq/selenium/selenium-firefox-driver/3.141.59/selenium-firefox-driver-3.141.59.jar' 
2022-05-23 14:13:01.288 DEBUG [acme.Launcher@main] Found classpath entry '/C:/Users/victo/.m2/repository/org/seleniumhq/selenium/selenium-ie-driver/3.141.59/selenium-ie-driver-3.141.59.jar' 
2022-05-23 14:13:01.288 DEBUG [acme.Launcher@main] Found classpath entry '/C:/Users/victo/.m2/repository/org/seleniumhq/selenium/selenium-opera-driver/3.141.59/selenium-opera-driver-3.141.59.jar' 
2022-05-23 14:13:01.288 DEBUG [acme.Launcher@main] Found classpath entry '/C:/Users/victo/.m2/repository/org/seleniumhq/selenium/selenium-remote-driver/3.141.59/selenium-remote-driver-3.141.59.jar' 
2022-05-23 14:13:01.288 DEBUG [acme.Launcher@main] Found classpath entry '/C:/Users/victo/.m2/repository/org/seleniumhq/selenium/selenium-safari-driver/3.141.59/selenium-safari-driver-3.141.59.jar' 
2022-05-23 14:13:01.288 DEBUG [acme.Launcher@main] Found classpath entry '/C:/Users/victo/.m2/repository/org/seleniumhq/selenium/selenium-support/3.141.59/selenium-support-3.141.59.jar' 
2022-05-23 14:13:01.288 DEBUG [acme.Launcher@main] Found classpath entry '/C:/Users/victo/.m2/repository/net/bytebuddy/byte-buddy/1.10.19/byte-buddy-1.10.19.jar' 
2022-05-23 14:13:01.288 DEBUG [acme.Launcher@main] Found classpath entry '/C:/Users/victo/.m2/repository/org/apache/commons/commons-exec/1.3/commons-exec-1.3.jar' 
2022-05-23 14:13:01.288 DEBUG [acme.Launcher@main] Found classpath entry '/C:/Users/victo/.m2/repository/com/google/guava/guava/25.0-jre/guava-25.0-jre.jar' 
2022-05-23 14:13:01.288 DEBUG [acme.Launcher@main] Found classpath entry '/C:/Users/victo/.m2/repository/com/google/code/findbugs/jsr305/1.3.9/jsr305-1.3.9.jar' 
2022-05-23 14:13:01.288 DEBUG [acme.Launcher@main] Found classpath entry '/C:/Users/victo/.m2/repository/org/checkerframework/checker-compat-qual/2.0.0/checker-compat-qual-2.0.0.jar' 
2022-05-23 14:13:01.288 DEBUG [acme.Launcher@main] Found classpath entry '/C:/Users/victo/.m2/repository/com/google/errorprone/error_prone_annotations/2.1.3/error_prone_annotations-2.1.3.jar' 
2022-05-23 14:13:01.289 DEBUG [acme.Launcher@main] Found classpath entry '/C:/Users/victo/.m2/repository/com/google/j2objc/j2objc-annotations/1.1/j2objc-annotations-1.1.jar' 
2022-05-23 14:13:01.289 DEBUG [acme.Launcher@main] Found classpath entry '/C:/Users/victo/.m2/repository/org/codehaus/mojo/animal-sniffer-annotations/1.14/animal-sniffer-annotations-1.14.jar' 
2022-05-23 14:13:01.289 DEBUG [acme.Launcher@main] Found classpath entry '/C:/Users/victo/.m2/repository/com/squareup/okhttp3/okhttp/3.14.9/okhttp-3.14.9.jar' 
2022-05-23 14:13:01.289 DEBUG [acme.Launcher@main] Found classpath entry '/C:/Users/victo/.m2/repository/com/squareup/okio/okio/1.14.0/okio-1.14.0.jar' 
2022-05-23 14:13:01.289 DEBUG [acme.Launcher@main] Found classpath entry '/C:/Users/victo/.m2/repository/org/apache/commons/commons-lang3/3.11/commons-lang3-3.11.jar' 
2022-05-23 14:13:01.289 DEBUG [acme.Launcher@main] Found classpath entry '/C:/Users/victo/.m2/repository/org/apache/commons/commons-text/1.8/commons-text-1.8.jar' 
2022-05-23 14:13:01.289 DEBUG [acme.Launcher@main] Found classpath entry '/C:/Users/victo/.m2/repository/commons-io/commons-io/2.6/commons-io-2.6.jar' 
2022-05-23 14:13:01.289 DEBUG [acme.Launcher@main] Found classpath entry '/C:/Users/victo/.m2/repository/commons-cli/commons-cli/1.4/commons-cli-1.4.jar' 
2022-05-23 14:13:01.289 DEBUG [acme.Launcher@main] Found classpath entry '/C:/Users/victo/.m2/repository/org/projectlombok/lombok/1.18.16/lombok-1.18.16.jar' 
2022-05-23 14:13:01.289 DEBUG [acme.Launcher@main] Found classpath entry '/C:/Users/victo/.m2/repository/com/opencsv/opencsv/5.4/opencsv-5.4.jar' 
2022-05-23 14:13:01.289 DEBUG [acme.Launcher@main] Found classpath entry '/C:/Users/victo/.m2/repository/commons-beanutils/commons-beanutils/1.9.4/commons-beanutils-1.9.4.jar' 
2022-05-23 14:13:01.290 DEBUG [acme.Launcher@main] Found classpath entry '/C:/Users/victo/.m2/repository/commons-logging/commons-logging/1.2/commons-logging-1.2.jar' 
2022-05-23 14:13:01.290 DEBUG [acme.Launcher@main] Found classpath entry '/C:/Users/victo/.m2/repository/commons-collections/commons-collections/3.2.2/commons-collections-3.2.2.jar' 
2022-05-23 14:13:01.290 DEBUG [acme.Launcher@main] Found classpath entry '/C:/Users/victo/.m2/repository/org/apache/commons/commons-collections4/4.4/commons-collections4-4.4.jar' 
2022-05-23 14:13:01.290 DEBUG [acme.Launcher@main] Found classpath entry '/C:/Users/victo/OneDrive/Escritorio/UNI/DP2/workspace/Workspace-22.0/Frameworks/Acme-Framework-22.5.1/target/classes/' 
2022-05-23 14:13:01.290 DEBUG [acme.Launcher@main] Found classpath entry '/C:/Users/victo/OneDrive/Escritorio/UNI/DP2/workspace/Workspace-22.0/Frameworks/Acme-Framework-22.5.1/target/test-classes/' 
2022-05-23 14:13:01.290 DEBUG [acme.Launcher@main] Found classpath entry '/C:/Users/victo/OneDrive/Escritorio/UNI/DP2/workspace/Workspace-22.0/Frameworks/SpamDetector/target/classes/' 
2022-05-23 14:13:01.290 DEBUG [acme.Launcher@main] Found classpath entry '/C:/Users/victo/OneDrive/Escritorio/UNI/DP2/workspace/Workspace-22.0/Frameworks/SpamDetector/target/test-classes/' 
2022-05-23 14:13:01.290 DEBUG [acme.Launcher@main] Found classpath entry '/C:/Users/victo/OneDrive/Escritorio/UNI/DP2/workspace/Workspace-22.0/Tools/IDEs/eclipse-jee-2021-12-R/configuration/org.eclipse.osgi/418/0/.cp/lib/javaagent-shaded.jar' 
2022-05-23 14:13:01.479 DEBUG [acme.Launcher@main] Found entity class 'acme.entities.Announcement 
2022-05-23 14:13:01.479 DEBUG [acme.Launcher@main] Found entity class 'acme.entities.Chirp 
2022-05-23 14:13:01.479 DEBUG [acme.Launcher@main] Found entity class 'acme.entities.Item 
2022-05-23 14:13:01.479 DEBUG [acme.Launcher@main] Found entity class 'acme.entities.Patronage 
2022-05-23 14:13:01.480 DEBUG [acme.Launcher@main] Found entity class 'acme.entities.PatronageReport 
2022-05-23 14:13:01.480 DEBUG [acme.Launcher@main] Found entity class 'acme.entities.Quantity 
2022-05-23 14:13:01.480 DEBUG [acme.Launcher@main] Found entity class 'acme.entities.ToolKit 
2022-05-23 14:13:01.480 DEBUG [acme.Launcher@main] Found entity class 'acme.roles.Consumer 
2022-05-23 14:13:01.480 DEBUG [acme.Launcher@main] Found entity class 'acme.roles.Inventor 
2022-05-23 14:13:01.480 DEBUG [acme.Launcher@main] Found entity class 'acme.roles.Patron 
2022-05-23 14:13:01.480 DEBUG [acme.Launcher@main] Found entity class 'acme.roles.Provider 
2022-05-23 14:13:01.480 DEBUG [acme.Launcher@main] Found entity class 'acme.system.configuration.SystemConfiguration 
2022-05-23 14:13:01.480 DEBUG [acme.Launcher@main] Found entity class 'acme.framework.entities.UserAccount 
2022-05-23 14:13:01.480 DEBUG [acme.Launcher@main] Found entity class 'acme.framework.roles.Administrator 
2022-05-23 14:13:01.481 DEBUG [acme.Launcher@main] Found entity class 'acme.framework.roles.Anonymous 
2022-05-23 14:13:01.481 DEBUG [acme.Launcher@main] Found entity class 'acme.framework.roles.Any 
2022-05-23 14:13:01.481 DEBUG [acme.Launcher@main] Found entity class 'acme.framework.roles.Authenticated 
2022-05-23 14:13:01.487 INFO  [acme.Launcher@main] Running application (Standalone) 
2022-05-23 14:13:08.479 DEBUG [acme.framework.components.tiles.DynamicTilesView@http-nio-8080-exec-3] View name 'fragments/welcome', model {} 
2022-05-23 14:13:08.493 DEBUG [org.apache.tiles.definition.dao.BaseLocaleUrlDefinitionDAO@http-nio-8080-exec-3] File Resource file:/C:/Users/victo/OneDrive/Escritorio/UNI/DP2/workspace/Workspace-22.0/Projects/G1-E2.01/target/classes/WEB-INF/views/master/tiles_es.xml at file:/C:/Users/victo/OneDrive/Escritorio/UNI/DP2/workspace/Workspace-22.0/Projects/G1-E2.01/target/classes/WEB-INF/views/master/tiles_es.xml not found, continue 
2022-05-23 14:13:08.500 DEBUG [org.apache.jasper.servlet.JspServlet@http-nio-8080-exec-3] JspEngine --> /WEB-INF/views/master/page.jsp 
2022-05-23 14:13:08.500 DEBUG [org.apache.jasper.servlet.JspServlet@http-nio-8080-exec-3] ServletPath: /WEB-INF/views/master/page.jsp 
2022-05-23 14:13:08.500 DEBUG [org.apache.jasper.servlet.JspServlet@http-nio-8080-exec-3] PathInfo: null 
2022-05-23 14:13:08.501 DEBUG [org.apache.jasper.servlet.JspServlet@http-nio-8080-exec-3] RealPath: C:\Users\victo\OneDrive\Escritorio\UNI\DP2\workspace\Workspace-22.0\Projects\G1-E2.01\target\classes\WEB-INF\views\master\page.jsp 
2022-05-23 14:13:08.502 DEBUG [org.apache.jasper.servlet.JspServlet@http-nio-8080-exec-3] RequestURI: /g1-e2.01-22.1/WEB-INF/views/master/page.jsp 
2022-05-23 14:13:08.502 DEBUG [org.apache.jasper.servlet.JspServlet@http-nio-8080-exec-3] QueryString: null 
2022-05-23 14:13:11.440 DEBUG [acme.framework.configuration.ExtendedMessageSource@http-nio-8080-exec-3] Loading properties [C:\Users\victo\OneDrive\Escritorio\UNI\DP2\workspace\Workspace-22.0\Projects\G1-E2.01\target\classes\WEB-INF\views\administrator\admin-dashboard\messages-en.i18n] with encoding 'utf-8' 
2022-05-23 14:13:11.441 DEBUG [acme.framework.configuration.ExtendedMessageSource@http-nio-8080-exec-3] Loading properties [C:\Users\victo\OneDrive\Escritorio\UNI\DP2\workspace\Workspace-22.0\Projects\G1-E2.01\target\classes\WEB-INF\views\administrator\announcement\messages-en.i18n] with encoding 'utf-8' 
2022-05-23 14:13:11.442 DEBUG [acme.framework.configuration.ExtendedMessageSource@http-nio-8080-exec-3] Loading properties [C:\Users\victo\OneDrive\Escritorio\UNI\DP2\workspace\Workspace-22.0\Projects\G1-E2.01\target\classes\WEB-INF\views\administrator\system-configuration\messages-en.i18n] with encoding 'utf-8' 
2022-05-23 14:13:11.442 DEBUG [acme.framework.configuration.ExtendedMessageSource@http-nio-8080-exec-3] Loading properties [C:\Users\victo\OneDrive\Escritorio\UNI\DP2\workspace\Workspace-22.0\Projects\G1-E2.01\target\classes\WEB-INF\views\administrator\user-account\messages-en.i18n] with encoding 'utf-8' 
2022-05-23 14:13:11.443 DEBUG [acme.framework.configuration.ExtendedMessageSource@http-nio-8080-exec-3] Loading properties [C:\Users\victo\OneDrive\Escritorio\UNI\DP2\workspace\Workspace-22.0\Projects\G1-E2.01\target\classes\WEB-INF\views\anonymous\user-account\messages-en.i18n] with encoding 'utf-8' 
2022-05-23 14:13:11.443 DEBUG [acme.framework.configuration.ExtendedMessageSource@http-nio-8080-exec-3] Loading properties [C:\Users\victo\OneDrive\Escritorio\UNI\DP2\workspace\Workspace-22.0\Projects\G1-E2.01\target\classes\WEB-INF\views\any\chirp\messsages-en.i18n] with encoding 'utf-8' 
2022-05-23 14:13:11.444 DEBUG [acme.framework.configuration.ExtendedMessageSource@http-nio-8080-exec-3] Loading properties [C:\Users\victo\OneDrive\Escritorio\UNI\DP2\workspace\Workspace-22.0\Projects\G1-E2.01\target\classes\WEB-INF\views\any\item\messsages-en.i18n] with encoding 'utf-8' 
2022-05-23 14:13:11.444 DEBUG [acme.framework.configuration.ExtendedMessageSource@http-nio-8080-exec-3] Loading properties [C:\Users\victo\OneDrive\Escritorio\UNI\DP2\workspace\Workspace-22.0\Projects\G1-E2.01\target\classes\WEB-INF\views\any\quantity\messages-en.i18n] with encoding 'utf-8' 
2022-05-23 14:13:11.445 DEBUG [acme.framework.configuration.ExtendedMessageSource@http-nio-8080-exec-3] Loading properties [C:\Users\victo\OneDrive\Escritorio\UNI\DP2\workspace\Workspace-22.0\Projects\G1-E2.01\target\classes\WEB-INF\views\any\tool-kit\messages-en.i18n] with encoding 'utf-8' 
2022-05-23 14:13:11.445 DEBUG [acme.framework.configuration.ExtendedMessageSource@http-nio-8080-exec-3] Loading properties [C:\Users\victo\OneDrive\Escritorio\UNI\DP2\workspace\Workspace-22.0\Projects\G1-E2.01\target\classes\WEB-INF\views\any\user-account\messages-en.i18n] with encoding 'utf-8' 
2022-05-23 14:13:11.446 DEBUG [acme.framework.configuration.ExtendedMessageSource@http-nio-8080-exec-3] Loading properties [C:\Users\victo\OneDrive\Escritorio\UNI\DP2\workspace\Workspace-22.0\Projects\G1-E2.01\target\classes\WEB-INF\views\authenticated\announcement\messages-en.i18n] with encoding 'utf-8' 
2022-05-23 14:13:11.446 DEBUG [acme.framework.configuration.ExtendedMessageSource@http-nio-8080-exec-3] Loading properties [C:\Users\victo\OneDrive\Escritorio\UNI\DP2\workspace\Workspace-22.0\Projects\G1-E2.01\target\classes\WEB-INF\views\authenticated\consumer\messsages-en.i18n] with encoding 'utf-8' 
2022-05-23 14:13:11.447 DEBUG [acme.framework.configuration.ExtendedMessageSource@http-nio-8080-exec-3] Loading properties [C:\Users\victo\OneDrive\Escritorio\UNI\DP2\workspace\Workspace-22.0\Projects\G1-E2.01\target\classes\WEB-INF\views\authenticated\inventor\messsages-en.i18n] with encoding 'utf-8' 
2022-05-23 14:13:11.447 DEBUG [acme.framework.configuration.ExtendedMessageSource@http-nio-8080-exec-3] Loading properties [C:\Users\victo\OneDrive\Escritorio\UNI\DP2\workspace\Workspace-22.0\Projects\G1-E2.01\target\classes\WEB-INF\views\authenticated\money-exchange\messages-en.i18n] with encoding 'utf-8' 
2022-05-23 14:13:11.448 DEBUG [acme.framework.configuration.ExtendedMessageSource@http-nio-8080-exec-3] Loading properties [C:\Users\victo\OneDrive\Escritorio\UNI\DP2\workspace\Workspace-22.0\Projects\G1-E2.01\target\classes\WEB-INF\views\authenticated\patron\messsages-en.i18n] with encoding 'utf-8' 
2022-05-23 14:13:11.449 DEBUG [acme.framework.configuration.ExtendedMessageSource@http-nio-8080-exec-3] Loading properties [C:\Users\victo\OneDrive\Escritorio\UNI\DP2\workspace\Workspace-22.0\Projects\G1-E2.01\target\classes\WEB-INF\views\authenticated\provider\messsages-en.i18n] with encoding 'utf-8' 
2022-05-23 14:13:11.452 DEBUG [acme.framework.configuration.ExtendedMessageSource@http-nio-8080-exec-3] Loading properties [C:\Users\victo\OneDrive\Escritorio\UNI\DP2\workspace\Workspace-22.0\Projects\G1-E2.01\target\classes\WEB-INF\views\authenticated\system-configuration\messages-en.i18n] with encoding 'utf-8' 
2022-05-23 14:13:11.453 DEBUG [acme.framework.configuration.ExtendedMessageSource@http-nio-8080-exec-3] Loading properties [C:\Users\victo\OneDrive\Escritorio\UNI\DP2\workspace\Workspace-22.0\Projects\G1-E2.01\target\classes\WEB-INF\views\authenticated\user-account\messages-en.i18n] with encoding 'utf-8' 
2022-05-23 14:13:11.453 DEBUG [acme.framework.configuration.ExtendedMessageSource@http-nio-8080-exec-3] Loading properties [C:\Users\victo\OneDrive\Escritorio\UNI\DP2\workspace\Workspace-22.0\Projects\G1-E2.01\target\classes\WEB-INF\views\fragments\banner-en.i18n] with encoding 'utf-8' 
2022-05-23 14:13:11.454 DEBUG [acme.framework.configuration.ExtendedMessageSource@http-nio-8080-exec-3] Loading properties [C:\Users\victo\OneDrive\Escritorio\UNI\DP2\workspace\Workspace-22.0\Projects\G1-E2.01\target\classes\WEB-INF\views\fragments\company-en.i18n] with encoding 'utf-8' 
2022-05-23 14:13:11.454 DEBUG [acme.framework.configuration.ExtendedMessageSource@http-nio-8080-exec-3] Loading properties [C:\Users\victo\OneDrive\Escritorio\UNI\DP2\workspace\Workspace-22.0\Projects\G1-E2.01\target\classes\WEB-INF\views\fragments\footer-en.i18n] with encoding 'utf-8' 
2022-05-23 14:13:11.455 DEBUG [acme.framework.configuration.ExtendedMessageSource@http-nio-8080-exec-3] Loading properties [C:\Users\victo\OneDrive\Escritorio\UNI\DP2\workspace\Workspace-22.0\Projects\G1-E2.01\target\classes\WEB-INF\views\fragments\license-en.i18n] with encoding 'utf-8' 
2022-05-23 14:13:11.456 DEBUG [acme.framework.configuration.ExtendedMessageSource@http-nio-8080-exec-3] Loading properties [C:\Users\victo\OneDrive\Escritorio\UNI\DP2\workspace\Workspace-22.0\Projects\G1-E2.01\target\classes\WEB-INF\views\fragments\menu-en.i18n] with encoding 'utf-8' 
2022-05-23 14:13:11.456 DEBUG [acme.framework.configuration.ExtendedMessageSource@http-nio-8080-exec-3] Loading properties [C:\Users\victo\OneDrive\Escritorio\UNI\DP2\workspace\Workspace-22.0\Projects\G1-E2.01\target\classes\WEB-INF\views\fragments\messsages-en.i18n] with encoding 'utf-8' 
2022-05-23 14:13:11.457 DEBUG [acme.framework.configuration.ExtendedMessageSource@http-nio-8080-exec-3] Loading properties [C:\Users\victo\OneDrive\Escritorio\UNI\DP2\workspace\Workspace-22.0\Projects\G1-E2.01\target\classes\WEB-INF\views\fragments\title-en.i18n] with encoding 'utf-8' 
2022-05-23 14:13:11.458 DEBUG [acme.framework.configuration.ExtendedMessageSource@http-nio-8080-exec-3] Loading properties [C:\Users\victo\OneDrive\Escritorio\UNI\DP2\workspace\Workspace-22.0\Projects\G1-E2.01\target\classes\WEB-INF\views\fragments\welcome-en.i18n] with encoding 'utf-8' 
2022-05-23 14:13:11.458 DEBUG [acme.framework.configuration.ExtendedMessageSource@http-nio-8080-exec-3] Loading properties [C:\Users\victo\OneDrive\Escritorio\UNI\DP2\workspace\Workspace-22.0\Projects\G1-E2.01\target\classes\WEB-INF\views\inventor\item\messsages-en.i18n] with encoding 'utf-8' 
2022-05-23 14:13:11.459 DEBUG [acme.framework.configuration.ExtendedMessageSource@http-nio-8080-exec-3] Loading properties [C:\Users\victo\OneDrive\Escritorio\UNI\DP2\workspace\Workspace-22.0\Projects\G1-E2.01\target\classes\WEB-INF\views\inventor\patronage\messsages-en.i18n] with encoding 'utf-8' 
2022-05-23 14:13:11.459 DEBUG [acme.framework.configuration.ExtendedMessageSource@http-nio-8080-exec-3] Loading properties [C:\Users\victo\OneDrive\Escritorio\UNI\DP2\workspace\Workspace-22.0\Projects\G1-E2.01\target\classes\WEB-INF\views\inventor\patronage-report\messsages-en.i18n] with encoding 'utf-8' 
2022-05-23 14:13:11.460 DEBUG [acme.framework.configuration.ExtendedMessageSource@http-nio-8080-exec-3] Loading properties [C:\Users\victo\OneDrive\Escritorio\UNI\DP2\workspace\Workspace-22.0\Projects\G1-E2.01\target\classes\WEB-INF\views\inventor\quantity\messages-en.i18n] with encoding 'utf-8' 
2022-05-23 14:13:11.460 DEBUG [acme.framework.configuration.ExtendedMessageSource@http-nio-8080-exec-3] Loading properties [C:\Users\victo\OneDrive\Escritorio\UNI\DP2\workspace\Workspace-22.0\Projects\G1-E2.01\target\classes\WEB-INF\views\inventor\tool-kit\messsages-en.i18n] with encoding 'utf-8' 
2022-05-23 14:13:11.461 DEBUG [acme.framework.configuration.ExtendedMessageSource@http-nio-8080-exec-3] Loading properties [C:\Users\victo\OneDrive\Escritorio\UNI\DP2\workspace\Workspace-22.0\Projects\G1-E2.01\target\classes\WEB-INF\views\master\defaults-en.i18n] with encoding 'utf-8' 
2022-05-23 14:13:11.462 DEBUG [acme.framework.configuration.ExtendedMessageSource@http-nio-8080-exec-3] Loading properties [C:\Users\victo\OneDrive\Escritorio\UNI\DP2\workspace\Workspace-22.0\Projects\G1-E2.01\target\classes\WEB-INF\views\master\master-en.i18n] with encoding 'utf-8' 
2022-05-23 14:13:11.462 DEBUG [acme.framework.configuration.ExtendedMessageSource@http-nio-8080-exec-3] Loading properties [C:\Users\victo\OneDrive\Escritorio\UNI\DP2\workspace\Workspace-22.0\Projects\G1-E2.01\target\classes\WEB-INF\views\master\throwables-en.i18n] with encoding 'utf-8' 
2022-05-23 14:13:11.463 DEBUG [acme.framework.configuration.ExtendedMessageSource@http-nio-8080-exec-3] Loading properties [C:\Users\victo\OneDrive\Escritorio\UNI\DP2\workspace\Workspace-22.0\Projects\G1-E2.01\target\classes\WEB-INF\views\master\validation-en.i18n] with encoding 'utf-8' 
2022-05-23 14:13:11.464 DEBUG [acme.framework.configuration.ExtendedMessageSource@http-nio-8080-exec-3] Loading properties [C:\Users\victo\OneDrive\Escritorio\UNI\DP2\workspace\Workspace-22.0\Projects\G1-E2.01\target\classes\WEB-INF\views\patron\patron-dashboard\messages-en.i18n] with encoding 'utf-8' 
2022-05-23 14:13:11.465 DEBUG [acme.framework.configuration.ExtendedMessageSource@http-nio-8080-exec-3] Loading properties [C:\Users\victo\OneDrive\Escritorio\UNI\DP2\workspace\Workspace-22.0\Projects\G1-E2.01\target\classes\WEB-INF\views\patron\patronage\messsages-en.i18n] with encoding 'utf-8' 
2022-05-23 14:13:11.465 DEBUG [acme.framework.configuration.ExtendedMessageSource@http-nio-8080-exec-3] Loading properties [C:\Users\victo\OneDrive\Escritorio\UNI\DP2\workspace\Workspace-22.0\Projects\G1-E2.01\target\classes\WEB-INF\views\patron\patronage-report\messsages-en.i18n] with encoding 'utf-8' 
2022-05-23 14:13:11.466 DEBUG [acme.framework.configuration.ExtendedMessageSource@http-nio-8080-exec-3] Loading properties [C:\Users\victo\OneDrive\Escritorio\UNI\DP2\workspace\Workspace-22.0\Projects\G1-E2.01\target\classes\WEB-INF\views\userRole\userAccount\messages-en.i18n] with encoding 'utf-8' 
2022-05-23 14:13:11.479 DEBUG [acme.framework.configuration.ExtendedMessageSource@http-nio-8080-exec-3] Loading properties [C:\Users\victo\OneDrive\Escritorio\UNI\DP2\workspace\Workspace-22.0\Projects\G1-E2.01\target\classes\WEB-INF\views\administrator\admin-dashboard\messages-es.i18n] with encoding 'utf-8' 
2022-05-23 14:13:11.480 DEBUG [acme.framework.configuration.ExtendedMessageSource@http-nio-8080-exec-3] Loading properties [C:\Users\victo\OneDrive\Escritorio\UNI\DP2\workspace\Workspace-22.0\Projects\G1-E2.01\target\classes\WEB-INF\views\administrator\announcement\messages-es.i18n] with encoding 'utf-8' 
2022-05-23 14:13:11.480 DEBUG [acme.framework.configuration.ExtendedMessageSource@http-nio-8080-exec-3] Loading properties [C:\Users\victo\OneDrive\Escritorio\UNI\DP2\workspace\Workspace-22.0\Projects\G1-E2.01\target\classes\WEB-INF\views\administrator\system-configuration\messages-es.i18n] with encoding 'utf-8' 
2022-05-23 14:13:11.481 DEBUG [acme.framework.configuration.ExtendedMessageSource@http-nio-8080-exec-3] Loading properties [C:\Users\victo\OneDrive\Escritorio\UNI\DP2\workspace\Workspace-22.0\Projects\G1-E2.01\target\classes\WEB-INF\views\administrator\user-account\messages-es.i18n] with encoding 'utf-8' 
2022-05-23 14:13:11.482 DEBUG [acme.framework.configuration.ExtendedMessageSource@http-nio-8080-exec-3] Loading properties [C:\Users\victo\OneDrive\Escritorio\UNI\DP2\workspace\Workspace-22.0\Projects\G1-E2.01\target\classes\WEB-INF\views\anonymous\user-account\messages-es.i18n] with encoding 'utf-8' 
2022-05-23 14:13:11.482 DEBUG [acme.framework.configuration.ExtendedMessageSource@http-nio-8080-exec-3] Loading properties [C:\Users\victo\OneDrive\Escritorio\UNI\DP2\workspace\Workspace-22.0\Projects\G1-E2.01\target\classes\WEB-INF\views\any\chirp\messsages-es.i18n] with encoding 'utf-8' 
2022-05-23 14:13:11.483 DEBUG [acme.framework.configuration.ExtendedMessageSource@http-nio-8080-exec-3] Loading properties [C:\Users\victo\OneDrive\Escritorio\UNI\DP2\workspace\Workspace-22.0\Projects\G1-E2.01\target\classes\WEB-INF\views\any\item\messsages-es.i18n] with encoding 'utf-8' 
2022-05-23 14:13:11.483 DEBUG [acme.framework.configuration.ExtendedMessageSource@http-nio-8080-exec-3] Loading properties [C:\Users\victo\OneDrive\Escritorio\UNI\DP2\workspace\Workspace-22.0\Projects\G1-E2.01\target\classes\WEB-INF\views\any\quantity\messages-es.i18n] with encoding 'utf-8' 
2022-05-23 14:13:11.484 DEBUG [acme.framework.configuration.ExtendedMessageSource@http-nio-8080-exec-3] Loading properties [C:\Users\victo\OneDrive\Escritorio\UNI\DP2\workspace\Workspace-22.0\Projects\G1-E2.01\target\classes\WEB-INF\views\any\tool-kit\messages-es.i18n] with encoding 'utf-8' 
2022-05-23 14:13:11.485 DEBUG [acme.framework.configuration.ExtendedMessageSource@http-nio-8080-exec-3] Loading properties [C:\Users\victo\OneDrive\Escritorio\UNI\DP2\workspace\Workspace-22.0\Projects\G1-E2.01\target\classes\WEB-INF\views\any\user-account\messages-es.i18n] with encoding 'utf-8' 
2022-05-23 14:13:11.485 DEBUG [acme.framework.configuration.ExtendedMessageSource@http-nio-8080-exec-3] Loading properties [C:\Users\victo\OneDrive\Escritorio\UNI\DP2\workspace\Workspace-22.0\Projects\G1-E2.01\target\classes\WEB-INF\views\authenticated\announcement\messages-es.i18n] with encoding 'utf-8' 
2022-05-23 14:13:11.486 DEBUG [acme.framework.configuration.ExtendedMessageSource@http-nio-8080-exec-3] Loading properties [C:\Users\victo\OneDrive\Escritorio\UNI\DP2\workspace\Workspace-22.0\Projects\G1-E2.01\target\classes\WEB-INF\views\authenticated\consumer\messsages-es.i18n] with encoding 'utf-8' 
2022-05-23 14:13:11.486 DEBUG [acme.framework.configuration.ExtendedMessageSource@http-nio-8080-exec-3] Loading properties [C:\Users\victo\OneDrive\Escritorio\UNI\DP2\workspace\Workspace-22.0\Projects\G1-E2.01\target\classes\WEB-INF\views\authenticated\inventor\messsages-es.i18n] with encoding 'utf-8' 
2022-05-23 14:13:11.487 DEBUG [acme.framework.configuration.ExtendedMessageSource@http-nio-8080-exec-3] Loading properties [C:\Users\victo\OneDrive\Escritorio\UNI\DP2\workspace\Workspace-22.0\Projects\G1-E2.01\target\classes\WEB-INF\views\authenticated\money-exchange\messages-es.i18n] with encoding 'utf-8' 
2022-05-23 14:13:11.487 DEBUG [acme.framework.configuration.ExtendedMessageSource@http-nio-8080-exec-3] Loading properties [C:\Users\victo\OneDrive\Escritorio\UNI\DP2\workspace\Workspace-22.0\Projects\G1-E2.01\target\classes\WEB-INF\views\authenticated\patron\messsages-es.i18n] with encoding 'utf-8' 
2022-05-23 14:13:11.488 DEBUG [acme.framework.configuration.ExtendedMessageSource@http-nio-8080-exec-3] Loading properties [C:\Users\victo\OneDrive\Escritorio\UNI\DP2\workspace\Workspace-22.0\Projects\G1-E2.01\target\classes\WEB-INF\views\authenticated\provider\messsages-es.i18n] with encoding 'utf-8' 
2022-05-23 14:13:11.488 DEBUG [acme.framework.configuration.ExtendedMessageSource@http-nio-8080-exec-3] Loading properties [C:\Users\victo\OneDrive\Escritorio\UNI\DP2\workspace\Workspace-22.0\Projects\G1-E2.01\target\classes\WEB-INF\views\authenticated\system-configuration\messages-es.i18n] with encoding 'utf-8' 
2022-05-23 14:13:11.489 DEBUG [acme.framework.configuration.ExtendedMessageSource@http-nio-8080-exec-3] Loading properties [C:\Users\victo\OneDrive\Escritorio\UNI\DP2\workspace\Workspace-22.0\Projects\G1-E2.01\target\classes\WEB-INF\views\authenticated\user-account\messages-es.i18n] with encoding 'utf-8' 
2022-05-23 14:13:11.489 DEBUG [acme.framework.configuration.ExtendedMessageSource@http-nio-8080-exec-3] Loading properties [C:\Users\victo\OneDrive\Escritorio\UNI\DP2\workspace\Workspace-22.0\Projects\G1-E2.01\target\classes\WEB-INF\views\fragments\banner-es.i18n] with encoding 'utf-8' 
2022-05-23 14:13:11.490 DEBUG [acme.framework.configuration.ExtendedMessageSource@http-nio-8080-exec-3] Loading properties [C:\Users\victo\OneDrive\Escritorio\UNI\DP2\workspace\Workspace-22.0\Projects\G1-E2.01\target\classes\WEB-INF\views\fragments\company-es.i18n] with encoding 'utf-8' 
2022-05-23 14:13:11.490 DEBUG [acme.framework.configuration.ExtendedMessageSource@http-nio-8080-exec-3] Loading properties [C:\Users\victo\OneDrive\Escritorio\UNI\DP2\workspace\Workspace-22.0\Projects\G1-E2.01\target\classes\WEB-INF\views\fragments\footer-es.i18n] with encoding 'utf-8' 
2022-05-23 14:13:11.490 DEBUG [acme.framework.configuration.ExtendedMessageSource@http-nio-8080-exec-3] Loading properties [C:\Users\victo\OneDrive\Escritorio\UNI\DP2\workspace\Workspace-22.0\Projects\G1-E2.01\target\classes\WEB-INF\views\fragments\license-es.i18n] with encoding 'utf-8' 
2022-05-23 14:13:11.491 DEBUG [acme.framework.configuration.ExtendedMessageSource@http-nio-8080-exec-3] Loading properties [C:\Users\victo\OneDrive\Escritorio\UNI\DP2\workspace\Workspace-22.0\Projects\G1-E2.01\target\classes\WEB-INF\views\fragments\menu-es.i18n] with encoding 'utf-8' 
2022-05-23 14:13:11.492 DEBUG [acme.framework.configuration.ExtendedMessageSource@http-nio-8080-exec-3] Loading properties [C:\Users\victo\OneDrive\Escritorio\UNI\DP2\workspace\Workspace-22.0\Projects\G1-E2.01\target\classes\WEB-INF\views\fragments\messsages-es.i18n] with encoding 'utf-8' 
2022-05-23 14:13:11.492 DEBUG [acme.framework.configuration.ExtendedMessageSource@http-nio-8080-exec-3] Loading properties [C:\Users\victo\OneDrive\Escritorio\UNI\DP2\workspace\Workspace-22.0\Projects\G1-E2.01\target\classes\WEB-INF\views\fragments\title-es.i18n] with encoding 'utf-8' 
2022-05-23 14:13:11.492 DEBUG [acme.framework.configuration.ExtendedMessageSource@http-nio-8080-exec-3] Loading properties [C:\Users\victo\OneDrive\Escritorio\UNI\DP2\workspace\Workspace-22.0\Projects\G1-E2.01\target\classes\WEB-INF\views\fragments\welcome-es.i18n] with encoding 'utf-8' 
2022-05-23 14:13:11.493 DEBUG [acme.framework.configuration.ExtendedMessageSource@http-nio-8080-exec-3] Loading properties [C:\Users\victo\OneDrive\Escritorio\UNI\DP2\workspace\Workspace-22.0\Projects\G1-E2.01\target\classes\WEB-INF\views\inventor\item\messsages-es.i18n] with encoding 'utf-8' 
2022-05-23 14:13:11.493 DEBUG [acme.framework.configuration.ExtendedMessageSource@http-nio-8080-exec-3] Loading properties [C:\Users\victo\OneDrive\Escritorio\UNI\DP2\workspace\Workspace-22.0\Projects\G1-E2.01\target\classes\WEB-INF\views\inventor\patronage\messsages-es.i18n] with encoding 'utf-8' 
2022-05-23 14:13:11.494 DEBUG [acme.framework.configuration.ExtendedMessageSource@http-nio-8080-exec-3] Loading properties [C:\Users\victo\OneDrive\Escritorio\UNI\DP2\workspace\Workspace-22.0\Projects\G1-E2.01\target\classes\WEB-INF\views\inventor\patronage-report\messsages-es.i18n] with encoding 'utf-8' 
2022-05-23 14:13:11.494 DEBUG [acme.framework.configuration.ExtendedMessageSource@http-nio-8080-exec-3] Loading properties [C:\Users\victo\OneDrive\Escritorio\UNI\DP2\workspace\Workspace-22.0\Projects\G1-E2.01\target\classes\WEB-INF\views\inventor\quantity\messages-es.i18n] with encoding 'utf-8' 
2022-05-23 14:13:11.494 DEBUG [acme.framework.configuration.ExtendedMessageSource@http-nio-8080-exec-3] Loading properties [C:\Users\victo\OneDrive\Escritorio\UNI\DP2\workspace\Workspace-22.0\Projects\G1-E2.01\target\classes\WEB-INF\views\inventor\tool-kit\messsages-es.i18n] with encoding 'utf-8' 
2022-05-23 14:13:11.495 DEBUG [acme.framework.configuration.ExtendedMessageSource@http-nio-8080-exec-3] Loading properties [C:\Users\victo\OneDrive\Escritorio\UNI\DP2\workspace\Workspace-22.0\Projects\G1-E2.01\target\classes\WEB-INF\views\master\defaults-es.i18n] with encoding 'utf-8' 
2022-05-23 14:13:11.495 DEBUG [acme.framework.configuration.ExtendedMessageSource@http-nio-8080-exec-3] Loading properties [C:\Users\victo\OneDrive\Escritorio\UNI\DP2\workspace\Workspace-22.0\Projects\G1-E2.01\target\classes\WEB-INF\views\master\master-es.i18n] with encoding 'utf-8' 
2022-05-23 14:13:11.496 DEBUG [acme.framework.configuration.ExtendedMessageSource@http-nio-8080-exec-3] Loading properties [C:\Users\victo\OneDrive\Escritorio\UNI\DP2\workspace\Workspace-22.0\Projects\G1-E2.01\target\classes\WEB-INF\views\master\throwables-es.i18n] with encoding 'utf-8' 
2022-05-23 14:13:11.496 DEBUG [acme.framework.configuration.ExtendedMessageSource@http-nio-8080-exec-3] Loading properties [C:\Users\victo\OneDrive\Escritorio\UNI\DP2\workspace\Workspace-22.0\Projects\G1-E2.01\target\classes\WEB-INF\views\master\validation-es.i18n] with encoding 'utf-8' 
2022-05-23 14:13:11.497 DEBUG [acme.framework.configuration.ExtendedMessageSource@http-nio-8080-exec-3] Loading properties [C:\Users\victo\OneDrive\Escritorio\UNI\DP2\workspace\Workspace-22.0\Projects\G1-E2.01\target\classes\WEB-INF\views\patron\patron-dashboard\messages-es.i18n] with encoding 'utf-8' 
2022-05-23 14:13:11.497 DEBUG [acme.framework.configuration.ExtendedMessageSource@http-nio-8080-exec-3] Loading properties [C:\Users\victo\OneDrive\Escritorio\UNI\DP2\workspace\Workspace-22.0\Projects\G1-E2.01\target\classes\WEB-INF\views\patron\patronage\messsages-es.i18n] with encoding 'utf-8' 
2022-05-23 14:13:11.498 DEBUG [acme.framework.configuration.ExtendedMessageSource@http-nio-8080-exec-3] Loading properties [C:\Users\victo\OneDrive\Escritorio\UNI\DP2\workspace\Workspace-22.0\Projects\G1-E2.01\target\classes\WEB-INF\views\patron\patronage-report\messsages-es.i18n] with encoding 'utf-8' 
2022-05-23 14:13:11.500 DEBUG [acme.framework.configuration.ExtendedMessageSource@http-nio-8080-exec-3] Loading properties [C:\Users\victo\OneDrive\Escritorio\UNI\DP2\workspace\Workspace-22.0\Projects\G1-E2.01\target\classes\WEB-INF\views\userRole\userAccount\messages-es.i18n] with encoding 'utf-8' 
2022-05-23 14:13:11.667 DEBUG [org.apache.jasper.servlet.JspServlet@http-nio-8080-exec-3] JspEngine --> /WEB-INF/views/fragments/welcome.jsp 
2022-05-23 14:13:11.668 DEBUG [org.apache.jasper.servlet.JspServlet@http-nio-8080-exec-3] ServletPath: /WEB-INF/views/master/page.jsp 
2022-05-23 14:13:11.668 DEBUG [org.apache.jasper.servlet.JspServlet@http-nio-8080-exec-3] PathInfo: null 
2022-05-23 14:13:11.669 DEBUG [org.apache.jasper.servlet.JspServlet@http-nio-8080-exec-3] RealPath: C:\Users\victo\OneDrive\Escritorio\UNI\DP2\workspace\Workspace-22.0\Projects\G1-E2.01\target\classes\WEB-INF\views\fragments\welcome.jsp 
2022-05-23 14:13:11.669 DEBUG [org.apache.jasper.servlet.JspServlet@http-nio-8080-exec-3] RequestURI: /g1-e2.01-22.1/WEB-INF/views/master/page.jsp 
2022-05-23 14:13:11.670 DEBUG [org.apache.jasper.servlet.JspServlet@http-nio-8080-exec-3] QueryString: null 
2022-05-23 14:13:11.913 DEBUG [org.hibernate.SQL@http-nio-8080-exec-3] select useraccoun0_.id as id1_0_, useraccoun0_.version as version2_0_, useraccoun0_.enabled as enabled1_17_, useraccoun0_.identity as identity2_17_, useraccoun0_.password as password3_17_, useraccoun0_.username as username4_17_ from user_account useraccoun0_ where useraccoun0_.username=? 
2022-05-23 14:13:11.935 TRACE [org.hibernate.type.descriptor.sql.BasicBinder@http-nio-8080-exec-3] binding parameter [1] as [VARCHAR] - [anonymous] 
2022-05-23 14:13:11.981 DEBUG [org.hibernate.SQL@http-nio-8080-exec-3] select roles0_.user_account_id as user_acc1_18_0_, roles0_.id as id1_18_0_, roles0_.id as id1_0_1_, roles0_.version as version2_0_1_, roles0_.user_account_id as user_acc1_18_1_, roles0_.company as company1_7_1_, roles0_.sector as sector2_7_1_, roles0_.company as company1_8_1_, roles0_.info as info2_8_1_, roles0_.statement as statemen3_8_1_, roles0_.company as company1_10_1_, roles0_.info as info2_10_1_, roles0_.statement as statemen3_10_1_, roles0_.company as company1_13_1_, roles0_.sector as sector2_13_1_, roles0_.clazz_ as clazz_1_ from ( select id, version, user_account_id, company, sector, null as info, null as statement, 9 as clazz_ from consumer union all select id, version, user_account_id, company, null as sector, info, statement, 10 as clazz_ from inventor union all select id, version, user_account_id, company, null as sector, info, statement, 11 as clazz_ from patron union all select id, version, user_account_id, company, sector, null as info, null as statement, 12 as clazz_ from provider union all select id, version, user_account_id, null as company, null as sector, null as info, null as statement, 15 as clazz_ from administrator union all select id, version, user_account_id, null as company, null as sector, null as info, null as statement, 16 as clazz_ from anonymous union all select id, version, user_account_id, null as company, null as sector, null as info, null as statement, 17 as clazz_ from any union all select id, version, user_account_id, null as company, null as sector, null as info, null as statement, 18 as clazz_ from authenticated ) roles0_ where roles0_.user_account_id=? 
2022-05-23 14:13:11.981 TRACE [org.hibernate.type.descriptor.sql.BasicBinder@http-nio-8080-exec-3] binding parameter [1] as [INTEGER] - [1] 
2022-05-23 14:13:13.223 DEBUG [acme.framework.components.tiles.DynamicTilesView@http-nio-8080-exec-6] View name 'master/sign-in', model {username=, password=, remember=false} 
2022-05-23 14:13:13.224 DEBUG [org.apache.jasper.servlet.JspServlet@http-nio-8080-exec-6] JspEngine --> /WEB-INF/views/master/page.jsp 
2022-05-23 14:13:13.224 DEBUG [org.apache.jasper.servlet.JspServlet@http-nio-8080-exec-6] ServletPath: /WEB-INF/views/master/page.jsp 
2022-05-23 14:13:13.224 DEBUG [org.apache.jasper.servlet.JspServlet@http-nio-8080-exec-6] PathInfo: null 
2022-05-23 14:13:13.226 DEBUG [org.apache.jasper.servlet.JspServlet@http-nio-8080-exec-6] RealPath: C:\Users\victo\OneDrive\Escritorio\UNI\DP2\workspace\Workspace-22.0\Projects\G1-E2.01\target\classes\WEB-INF\views\master\page.jsp 
2022-05-23 14:13:13.226 DEBUG [org.apache.jasper.servlet.JspServlet@http-nio-8080-exec-6] RequestURI: /g1-e2.01-22.1/WEB-INF/views/master/page.jsp 
2022-05-23 14:13:13.226 DEBUG [org.apache.jasper.servlet.JspServlet@http-nio-8080-exec-6] QueryString: null 
2022-05-23 14:13:13.349 DEBUG [org.apache.jasper.servlet.JspServlet@http-nio-8080-exec-6] JspEngine --> /WEB-INF/views/master/sign-in.jsp 
2022-05-23 14:13:13.349 DEBUG [org.apache.jasper.servlet.JspServlet@http-nio-8080-exec-6] ServletPath: /WEB-INF/views/master/page.jsp 
2022-05-23 14:13:13.349 DEBUG [org.apache.jasper.servlet.JspServlet@http-nio-8080-exec-6] PathInfo: null 
2022-05-23 14:13:13.350 DEBUG [org.apache.jasper.servlet.JspServlet@http-nio-8080-exec-6] RealPath: C:\Users\victo\OneDrive\Escritorio\UNI\DP2\workspace\Workspace-22.0\Projects\G1-E2.01\target\classes\WEB-INF\views\master\sign-in.jsp 
2022-05-23 14:13:13.352 DEBUG [org.apache.jasper.servlet.JspServlet@http-nio-8080-exec-6] RequestURI: /g1-e2.01-22.1/WEB-INF/views/master/page.jsp 
2022-05-23 14:13:13.352 DEBUG [org.apache.jasper.servlet.JspServlet@http-nio-8080-exec-6] QueryString: null 
2022-05-23 14:13:14.625 DEBUG [org.hibernate.SQL@http-nio-8080-exec-6] select useraccoun0_.id as id1_0_, useraccoun0_.version as version2_0_, useraccoun0_.enabled as enabled1_17_, useraccoun0_.identity as identity2_17_, useraccoun0_.password as password3_17_, useraccoun0_.username as username4_17_ from user_account useraccoun0_ where useraccoun0_.username=? 
2022-05-23 14:13:14.626 TRACE [org.hibernate.type.descriptor.sql.BasicBinder@http-nio-8080-exec-6] binding parameter [1] as [VARCHAR] - [anonymous] 
2022-05-23 14:13:14.628 DEBUG [org.hibernate.SQL@http-nio-8080-exec-6] select roles0_.user_account_id as user_acc1_18_0_, roles0_.id as id1_18_0_, roles0_.id as id1_0_1_, roles0_.version as version2_0_1_, roles0_.user_account_id as user_acc1_18_1_, roles0_.company as company1_7_1_, roles0_.sector as sector2_7_1_, roles0_.company as company1_8_1_, roles0_.info as info2_8_1_, roles0_.statement as statemen3_8_1_, roles0_.company as company1_10_1_, roles0_.info as info2_10_1_, roles0_.statement as statemen3_10_1_, roles0_.company as company1_13_1_, roles0_.sector as sector2_13_1_, roles0_.clazz_ as clazz_1_ from ( select id, version, user_account_id, company, sector, null as info, null as statement, 9 as clazz_ from consumer union all select id, version, user_account_id, company, null as sector, info, statement, 10 as clazz_ from inventor union all select id, version, user_account_id, company, null as sector, info, statement, 11 as clazz_ from patron union all select id, version, user_account_id, company, sector, null as info, null as statement, 12 as clazz_ from provider union all select id, version, user_account_id, null as company, null as sector, null as info, null as statement, 15 as clazz_ from administrator union all select id, version, user_account_id, null as company, null as sector, null as info, null as statement, 16 as clazz_ from anonymous union all select id, version, user_account_id, null as company, null as sector, null as info, null as statement, 17 as clazz_ from any union all select id, version, user_account_id, null as company, null as sector, null as info, null as statement, 18 as clazz_ from authenticated ) roles0_ where roles0_.user_account_id=? 
2022-05-23 14:13:14.628 TRACE [org.hibernate.type.descriptor.sql.BasicBinder@http-nio-8080-exec-6] binding parameter [1] as [INTEGER] - [1] 
2022-05-23 14:13:15.852 DEBUG [org.hibernate.SQL@http-nio-8080-exec-1] select useraccoun0_.id as id1_0_, useraccoun0_.version as version2_0_, useraccoun0_.enabled as enabled1_17_, useraccoun0_.identity as identity2_17_, useraccoun0_.password as password3_17_, useraccoun0_.username as username4_17_ from user_account useraccoun0_ where useraccoun0_.username=? 
2022-05-23 14:13:15.852 TRACE [org.hibernate.type.descriptor.sql.BasicBinder@http-nio-8080-exec-1] binding parameter [1] as [VARCHAR] - [inventor1] 
2022-05-23 14:13:15.854 DEBUG [org.hibernate.SQL@http-nio-8080-exec-1] select roles0_.user_account_id as user_acc1_18_0_, roles0_.id as id1_18_0_, roles0_.id as id1_0_1_, roles0_.version as version2_0_1_, roles0_.user_account_id as user_acc1_18_1_, roles0_.company as company1_7_1_, roles0_.sector as sector2_7_1_, roles0_.company as company1_8_1_, roles0_.info as info2_8_1_, roles0_.statement as statemen3_8_1_, roles0_.company as company1_10_1_, roles0_.info as info2_10_1_, roles0_.statement as statemen3_10_1_, roles0_.company as company1_13_1_, roles0_.sector as sector2_13_1_, roles0_.clazz_ as clazz_1_ from ( select id, version, user_account_id, company, sector, null as info, null as statement, 9 as clazz_ from consumer union all select id, version, user_account_id, company, null as sector, info, statement, 10 as clazz_ from inventor union all select id, version, user_account_id, company, null as sector, info, statement, 11 as clazz_ from patron union all select id, version, user_account_id, company, sector, null as info, null as statement, 12 as clazz_ from provider union all select id, version, user_account_id, null as company, null as sector, null as info, null as statement, 15 as clazz_ from administrator union all select id, version, user_account_id, null as company, null as sector, null as info, null as statement, 16 as clazz_ from anonymous union all select id, version, user_account_id, null as company, null as sector, null as info, null as statement, 17 as clazz_ from any union all select id, version, user_account_id, null as company, null as sector, null as info, null as statement, 18 as clazz_ from authenticated ) roles0_ where roles0_.user_account_id=? 
2022-05-23 14:13:15.854 TRACE [org.hibernate.type.descriptor.sql.BasicBinder@http-nio-8080-exec-1] binding parameter [1] as [INTEGER] - [8] 
2022-05-23 14:13:15.872 DEBUG [acme.framework.components.tiles.DynamicTilesView@http-nio-8080-exec-9] View name 'fragments/welcome', model {} 
2022-05-23 14:13:15.872 DEBUG [org.apache.jasper.servlet.JspServlet@http-nio-8080-exec-9] JspEngine --> /WEB-INF/views/master/page.jsp 
2022-05-23 14:13:15.872 DEBUG [org.apache.jasper.servlet.JspServlet@http-nio-8080-exec-9] ServletPath: /WEB-INF/views/master/page.jsp 
2022-05-23 14:13:15.872 DEBUG [org.apache.jasper.servlet.JspServlet@http-nio-8080-exec-9] PathInfo: null 
2022-05-23 14:13:15.874 DEBUG [org.apache.jasper.servlet.JspServlet@http-nio-8080-exec-9] RealPath: C:\Users\victo\OneDrive\Escritorio\UNI\DP2\workspace\Workspace-22.0\Projects\G1-E2.01\target\classes\WEB-INF\views\master\page.jsp 
2022-05-23 14:13:15.874 DEBUG [org.apache.jasper.servlet.JspServlet@http-nio-8080-exec-9] RequestURI: /g1-e2.01-22.1/WEB-INF/views/master/page.jsp 
2022-05-23 14:13:15.874 DEBUG [org.apache.jasper.servlet.JspServlet@http-nio-8080-exec-9] QueryString: null 
2022-05-23 14:13:15.994 DEBUG [org.apache.jasper.servlet.JspServlet@http-nio-8080-exec-9] JspEngine --> /WEB-INF/views/fragments/welcome.jsp 
2022-05-23 14:13:15.994 DEBUG [org.apache.jasper.servlet.JspServlet@http-nio-8080-exec-9] ServletPath: /WEB-INF/views/master/page.jsp 
2022-05-23 14:13:15.994 DEBUG [org.apache.jasper.servlet.JspServlet@http-nio-8080-exec-9] PathInfo: null 
2022-05-23 14:13:15.995 DEBUG [org.apache.jasper.servlet.JspServlet@http-nio-8080-exec-9] RealPath: C:\Users\victo\OneDrive\Escritorio\UNI\DP2\workspace\Workspace-22.0\Projects\G1-E2.01\target\classes\WEB-INF\views\fragments\welcome.jsp 
2022-05-23 14:13:15.995 DEBUG [org.apache.jasper.servlet.JspServlet@http-nio-8080-exec-9] RequestURI: /g1-e2.01-22.1/WEB-INF/views/master/page.jsp 
2022-05-23 14:13:15.995 DEBUG [org.apache.jasper.servlet.JspServlet@http-nio-8080-exec-9] QueryString: null 
2022-05-23 14:13:20.322 DEBUG [acme.framework.controllers.AbstractController@http-nio-8080-exec-6] DISPATCHING GET /g1-e2.01-22.1/inventor/tool-kit/list 
2022-05-23 14:13:20.322 DEBUG [acme.framework.controllers.AbstractController@http-nio-8080-exec-6] Command: list 
2022-05-23 14:13:20.322 DEBUG [acme.framework.controllers.AbstractController@http-nio-8080-exec-6] Model:   {} 
2022-05-23 14:13:20.322 DEBUG [acme.framework.controllers.AbstractController@http-nio-8080-exec-6] Locale:  es 
2022-05-23 14:13:20.335 DEBUG [org.hibernate.SQL@http-nio-8080-exec-6] select toolkit0_.id as id1_0_, toolkit0_.version as version2_0_, toolkit0_.assembly_notes as assembly1_16_, toolkit0_.code as code2_16_, toolkit0_.description as descript3_16_, toolkit0_.inventor_id as inventor7_16_, toolkit0_.optional_link as optional4_16_, toolkit0_.published as publishe5_16_, toolkit0_.title as title6_16_ from tool_kit toolkit0_ where toolkit0_.inventor_id=? 
2022-05-23 14:13:20.336 TRACE [org.hibernate.type.descriptor.sql.BasicBinder@http-nio-8080-exec-6] binding parameter [1] as [INTEGER] - [15] 
2022-05-23 14:13:20.337 DEBUG [org.hibernate.SQL@http-nio-8080-exec-6] select inventor0_.id as id1_0_0_, inventor0_.version as version2_0_0_, inventor0_.user_account_id as user_acc1_18_0_, inventor0_.company as company1_8_0_, inventor0_.info as info2_8_0_, inventor0_.statement as statemen3_8_0_, useraccoun1_.id as id1_0_1_, useraccoun1_.version as version2_0_1_, useraccoun1_.enabled as enabled1_17_1_, useraccoun1_.identity as identity2_17_1_, useraccoun1_.password as password3_17_1_, useraccoun1_.username as username4_17_1_ from inventor inventor0_ inner join user_account useraccoun1_ on inventor0_.user_account_id=useraccoun1_.id where inventor0_.id=? 
2022-05-23 14:13:20.337 TRACE [org.hibernate.type.descriptor.sql.BasicBinder@http-nio-8080-exec-6] binding parameter [1] as [INTEGER] - [15] 
2022-05-23 14:13:20.369 DEBUG [acme.framework.controllers.AbstractController@http-nio-8080-exec-6] SERVING GET /g1-e2.01-22.1/inventor/tool-kit/list 
2022-05-23 14:13:20.369 DEBUG [acme.framework.controllers.AbstractController@http-nio-8080-exec-6] Result: ModelAndView [view="inventor/tool-kit/list"; model={description[0]=sasdasdasd, code[0]=TLK-456-F, version[0]=0, title[0]=adsasdads, id[0]=21, optionalLink[0]=, list$size=1, assemblyNotes[0]=asdasdasdasd, command=list, principal=acme.framework.entities.Principal@4f235d6}] 
2022-05-23 14:13:20.372 DEBUG [acme.framework.components.tiles.DynamicTilesView@http-nio-8080-exec-6] View name 'inventor/tool-kit/list', model {description[0]=sasdasdasd, code[0]=TLK-456-F, version[0]=0, title[0]=adsasdads, id[0]=21, optionalLink[0]=, list$size=1, assemblyNotes[0]=asdasdasdasd, command=list, principal=acme.framework.entities.Principal@4f235d6, org.springframework.validation.BindingResult.principal=org.springframework.validation.BeanPropertyBindingResult: 0 errors} 
2022-05-23 14:13:20.373 DEBUG [org.apache.jasper.servlet.JspServlet@http-nio-8080-exec-6] JspEngine --> /WEB-INF/views/master/page.jsp 
2022-05-23 14:13:20.373 DEBUG [org.apache.jasper.servlet.JspServlet@http-nio-8080-exec-6] ServletPath: /WEB-INF/views/master/page.jsp 
2022-05-23 14:13:20.373 DEBUG [org.apache.jasper.servlet.JspServlet@http-nio-8080-exec-6] PathInfo: null 
2022-05-23 14:13:20.374 DEBUG [org.apache.jasper.servlet.JspServlet@http-nio-8080-exec-6] RealPath: C:\Users\victo\OneDrive\Escritorio\UNI\DP2\workspace\Workspace-22.0\Projects\G1-E2.01\target\classes\WEB-INF\views\master\page.jsp 
2022-05-23 14:13:20.374 DEBUG [org.apache.jasper.servlet.JspServlet@http-nio-8080-exec-6] RequestURI: /g1-e2.01-22.1/WEB-INF/views/master/page.jsp 
2022-05-23 14:13:20.374 DEBUG [org.apache.jasper.servlet.JspServlet@http-nio-8080-exec-6] QueryString: null 
2022-05-23 14:13:20.500 DEBUG [org.apache.jasper.servlet.JspServlet@http-nio-8080-exec-6] JspEngine --> /WEB-INF/views/inventor/tool-kit/list.jsp 
2022-05-23 14:13:20.500 DEBUG [org.apache.jasper.servlet.JspServlet@http-nio-8080-exec-6] ServletPath: /WEB-INF/views/master/page.jsp 
2022-05-23 14:13:20.500 DEBUG [org.apache.jasper.servlet.JspServlet@http-nio-8080-exec-6] PathInfo: null 
2022-05-23 14:13:20.501 DEBUG [org.apache.jasper.servlet.JspServlet@http-nio-8080-exec-6] RealPath: C:\Users\victo\OneDrive\Escritorio\UNI\DP2\workspace\Workspace-22.0\Projects\G1-E2.01\target\classes\WEB-INF\views\inventor\tool-kit\list.jsp 
2022-05-23 14:13:20.501 DEBUG [org.apache.jasper.servlet.JspServlet@http-nio-8080-exec-6] RequestURI: /g1-e2.01-22.1/WEB-INF/views/master/page.jsp 
2022-05-23 14:13:20.501 DEBUG [org.apache.jasper.servlet.JspServlet@http-nio-8080-exec-6] QueryString: null 
2022-05-23 14:13:22.119 DEBUG [acme.framework.controllers.AbstractController@http-nio-8080-exec-9] DISPATCHING GET /g1-e2.01-22.1/inventor/tool-kit/show 
2022-05-23 14:13:22.120 DEBUG [acme.framework.controllers.AbstractController@http-nio-8080-exec-9] Command: show 
2022-05-23 14:13:22.120 DEBUG [acme.framework.controllers.AbstractController@http-nio-8080-exec-9] Model:   {id=21} 
2022-05-23 14:13:22.120 DEBUG [acme.framework.controllers.AbstractController@http-nio-8080-exec-9] Locale:  es 
2022-05-23 14:13:22.126 DEBUG [org.hibernate.SQL@http-nio-8080-exec-9] select toolkit0_.id as id1_0_, toolkit0_.version as version2_0_, toolkit0_.assembly_notes as assembly1_16_, toolkit0_.code as code2_16_, toolkit0_.description as descript3_16_, toolkit0_.inventor_id as inventor7_16_, toolkit0_.optional_link as optional4_16_, toolkit0_.published as publishe5_16_, toolkit0_.title as title6_16_ from tool_kit toolkit0_ where toolkit0_.id=? 
2022-05-23 14:13:22.127 TRACE [org.hibernate.type.descriptor.sql.BasicBinder@http-nio-8080-exec-9] binding parameter [1] as [INTEGER] - [21] 
2022-05-23 14:13:22.127 DEBUG [org.hibernate.SQL@http-nio-8080-exec-9] select inventor0_.id as id1_0_0_, inventor0_.version as version2_0_0_, inventor0_.user_account_id as user_acc1_18_0_, inventor0_.company as company1_8_0_, inventor0_.info as info2_8_0_, inventor0_.statement as statemen3_8_0_, useraccoun1_.id as id1_0_1_, useraccoun1_.version as version2_0_1_, useraccoun1_.enabled as enabled1_17_1_, useraccoun1_.identity as identity2_17_1_, useraccoun1_.password as password3_17_1_, useraccoun1_.username as username4_17_1_ from inventor inventor0_ inner join user_account useraccoun1_ on inventor0_.user_account_id=useraccoun1_.id where inventor0_.id=? 
2022-05-23 14:13:22.127 TRACE [org.hibernate.type.descriptor.sql.BasicBinder@http-nio-8080-exec-9] binding parameter [1] as [INTEGER] - [15] 
2022-05-23 14:13:22.137 DEBUG [org.hibernate.SQL@http-nio-8080-exec-9] select toolkit0_.id as id1_0_, toolkit0_.version as version2_0_, toolkit0_.assembly_notes as assembly1_16_, toolkit0_.code as code2_16_, toolkit0_.description as descript3_16_, toolkit0_.inventor_id as inventor7_16_, toolkit0_.optional_link as optional4_16_, toolkit0_.published as publishe5_16_, toolkit0_.title as title6_16_ from tool_kit toolkit0_ where toolkit0_.id=? 
2022-05-23 14:13:22.138 TRACE [org.hibernate.type.descriptor.sql.BasicBinder@http-nio-8080-exec-9] binding parameter [1] as [INTEGER] - [21] 
2022-05-23 14:13:22.140 DEBUG [acme.framework.controllers.AbstractController@http-nio-8080-exec-9] SERVING GET /g1-e2.01-22.1/inventor/tool-kit/show 
2022-05-23 14:13:22.140 DEBUG [acme.framework.controllers.AbstractController@http-nio-8080-exec-9] Result: ModelAndView [view="inventor/tool-kit/form"; model={assemblyNotes=asdasdasdasd, code=TLK-456-F, optionalLink=, description=sasdasdasd, id=21, title=adsasdads, version=0, command=show, principal=acme.framework.entities.Principal@4f235d6}] 
2022-05-23 14:13:22.140 DEBUG [acme.framework.components.tiles.DynamicTilesView@http-nio-8080-exec-9] View name 'inventor/tool-kit/form', model {assemblyNotes=asdasdasdasd, code=TLK-456-F, optionalLink=, description=sasdasdasd, id=21, title=adsasdads, version=0, command=show, principal=acme.framework.entities.Principal@4f235d6, org.springframework.validation.BindingResult.principal=org.springframework.validation.BeanPropertyBindingResult: 0 errors} 
2022-05-23 14:13:22.141 DEBUG [org.apache.jasper.servlet.JspServlet@http-nio-8080-exec-9] JspEngine --> /WEB-INF/views/master/page.jsp 
2022-05-23 14:13:22.141 DEBUG [org.apache.jasper.servlet.JspServlet@http-nio-8080-exec-9] ServletPath: /WEB-INF/views/master/page.jsp 
2022-05-23 14:13:22.141 DEBUG [org.apache.jasper.servlet.JspServlet@http-nio-8080-exec-9] PathInfo: null 
2022-05-23 14:13:22.142 DEBUG [org.apache.jasper.servlet.JspServlet@http-nio-8080-exec-9] RealPath: C:\Users\victo\OneDrive\Escritorio\UNI\DP2\workspace\Workspace-22.0\Projects\G1-E2.01\target\classes\WEB-INF\views\master\page.jsp 
2022-05-23 14:13:22.143 DEBUG [org.apache.jasper.servlet.JspServlet@http-nio-8080-exec-9] RequestURI: /g1-e2.01-22.1/WEB-INF/views/master/page.jsp 
2022-05-23 14:13:22.143 DEBUG [org.apache.jasper.servlet.JspServlet@http-nio-8080-exec-9] QueryString: id=21 
2022-05-23 14:13:22.262 DEBUG [org.apache.jasper.servlet.JspServlet@http-nio-8080-exec-9] JspEngine --> /WEB-INF/views/inventor/tool-kit/form.jsp 
2022-05-23 14:13:22.262 DEBUG [org.apache.jasper.servlet.JspServlet@http-nio-8080-exec-9] ServletPath: /WEB-INF/views/master/page.jsp 
2022-05-23 14:13:22.262 DEBUG [org.apache.jasper.servlet.JspServlet@http-nio-8080-exec-9] PathInfo: null 
2022-05-23 14:13:22.263 DEBUG [org.apache.jasper.servlet.JspServlet@http-nio-8080-exec-9] RealPath: C:\Users\victo\OneDrive\Escritorio\UNI\DP2\workspace\Workspace-22.0\Projects\G1-E2.01\target\classes\WEB-INF\views\inventor\tool-kit\form.jsp 
2022-05-23 14:13:22.263 DEBUG [org.apache.jasper.servlet.JspServlet@http-nio-8080-exec-9] RequestURI: /g1-e2.01-22.1/WEB-INF/views/master/page.jsp 
2022-05-23 14:13:22.263 DEBUG [org.apache.jasper.servlet.JspServlet@http-nio-8080-exec-9] QueryString: id=21 
2022-05-23 14:13:25.052 DEBUG [acme.framework.controllers.AbstractController@http-nio-8080-exec-5] DISPATCHING GET /g1-e2.01-22.1/inventor/quantity/list 
2022-05-23 14:13:25.052 DEBUG [acme.framework.controllers.AbstractController@http-nio-8080-exec-5] Command: list 
2022-05-23 14:13:25.053 DEBUG [acme.framework.controllers.AbstractController@http-nio-8080-exec-5] Model:   {toolKitId=21} 
2022-05-23 14:13:25.053 DEBUG [acme.framework.controllers.AbstractController@http-nio-8080-exec-5] Locale:  es 
2022-05-23 14:13:25.057 DEBUG [org.hibernate.SQL@http-nio-8080-exec-5] select toolkit0_.id as id1_0_, toolkit0_.version as version2_0_, toolkit0_.assembly_notes as assembly1_16_, toolkit0_.code as code2_16_, toolkit0_.description as descript3_16_, toolkit0_.inventor_id as inventor7_16_, toolkit0_.optional_link as optional4_16_, toolkit0_.published as publishe5_16_, toolkit0_.title as title6_16_ from tool_kit toolkit0_ where toolkit0_.id=? 
2022-05-23 14:13:25.057 TRACE [org.hibernate.type.descriptor.sql.BasicBinder@http-nio-8080-exec-5] binding parameter [1] as [INTEGER] - [21] 
2022-05-23 14:13:25.059 DEBUG [org.hibernate.SQL@http-nio-8080-exec-5] select inventor0_.id as id1_0_0_, inventor0_.version as version2_0_0_, inventor0_.user_account_id as user_acc1_18_0_, inventor0_.company as company1_8_0_, inventor0_.info as info2_8_0_, inventor0_.statement as statemen3_8_0_, useraccoun1_.id as id1_0_1_, useraccoun1_.version as version2_0_1_, useraccoun1_.enabled as enabled1_17_1_, useraccoun1_.identity as identity2_17_1_, useraccoun1_.password as password3_17_1_, useraccoun1_.username as username4_17_1_ from inventor inventor0_ inner join user_account useraccoun1_ on inventor0_.user_account_id=useraccoun1_.id where inventor0_.id=? 
2022-05-23 14:13:25.059 TRACE [org.hibernate.type.descriptor.sql.BasicBinder@http-nio-8080-exec-5] binding parameter [1] as [INTEGER] - [15] 
2022-05-23 14:13:25.066 DEBUG [org.hibernate.SQL@http-nio-8080-exec-5] select quantity0_.id as id1_0_, quantity0_.version as version2_0_, quantity0_.amount as amount1_14_, quantity0_.item_id as item_id2_14_, quantity0_.tool_kit_id as tool_kit3_14_ from quantity quantity0_ cross join tool_kit toolkit1_ where quantity0_.tool_kit_id=toolkit1_.id and quantity0_.tool_kit_id=? and toolkit1_.published=1 
2022-05-23 14:13:25.066 TRACE [org.hibernate.type.descriptor.sql.BasicBinder@http-nio-8080-exec-5] binding parameter [1] as [INTEGER] - [21] 
2022-05-23 14:13:25.069 DEBUG [acme.framework.controllers.AbstractController@http-nio-8080-exec-5] SERVING GET /g1-e2.01-22.1/inventor/quantity/list 
2022-05-23 14:13:25.069 DEBUG [acme.framework.controllers.AbstractController@http-nio-8080-exec-5] Result: ModelAndView [view="inventor/quantity/list"; model={list$size=0, command=list, principal=acme.framework.entities.Principal@4f235d6}] 
2022-05-23 14:13:25.069 DEBUG [acme.framework.components.tiles.DynamicTilesView@http-nio-8080-exec-5] View name 'inventor/quantity/list', model {list$size=0, command=list, principal=acme.framework.entities.Principal@4f235d6, org.springframework.validation.BindingResult.principal=org.springframework.validation.BeanPropertyBindingResult: 0 errors} 
2022-05-23 14:13:25.070 DEBUG [org.apache.jasper.servlet.JspServlet@http-nio-8080-exec-5] JspEngine --> /WEB-INF/views/master/page.jsp 
2022-05-23 14:13:25.070 DEBUG [org.apache.jasper.servlet.JspServlet@http-nio-8080-exec-5] ServletPath: /WEB-INF/views/master/page.jsp 
2022-05-23 14:13:25.070 DEBUG [org.apache.jasper.servlet.JspServlet@http-nio-8080-exec-5] PathInfo: null 
2022-05-23 14:13:25.071 DEBUG [org.apache.jasper.servlet.JspServlet@http-nio-8080-exec-5] RealPath: C:\Users\victo\OneDrive\Escritorio\UNI\DP2\workspace\Workspace-22.0\Projects\G1-E2.01\target\classes\WEB-INF\views\master\page.jsp 
2022-05-23 14:13:25.071 DEBUG [org.apache.jasper.servlet.JspServlet@http-nio-8080-exec-5] RequestURI: /g1-e2.01-22.1/WEB-INF/views/master/page.jsp 
2022-05-23 14:13:25.071 DEBUG [org.apache.jasper.servlet.JspServlet@http-nio-8080-exec-5] QueryString: toolKitId=21 
2022-05-23 14:13:25.193 DEBUG [org.apache.jasper.servlet.JspServlet@http-nio-8080-exec-5] JspEngine --> /WEB-INF/views/inventor/quantity/list.jsp 
2022-05-23 14:13:25.194 DEBUG [org.apache.jasper.servlet.JspServlet@http-nio-8080-exec-5] ServletPath: /WEB-INF/views/master/page.jsp 
2022-05-23 14:13:25.194 DEBUG [org.apache.jasper.servlet.JspServlet@http-nio-8080-exec-5] PathInfo: null 
2022-05-23 14:13:25.195 DEBUG [org.apache.jasper.servlet.JspServlet@http-nio-8080-exec-5] RealPath: C:\Users\victo\OneDrive\Escritorio\UNI\DP2\workspace\Workspace-22.0\Projects\G1-E2.01\target\classes\WEB-INF\views\inventor\quantity\list.jsp 
2022-05-23 14:13:25.195 DEBUG [org.apache.jasper.servlet.JspServlet@http-nio-8080-exec-5] RequestURI: /g1-e2.01-22.1/WEB-INF/views/master/page.jsp 
2022-05-23 14:13:25.195 DEBUG [org.apache.jasper.servlet.JspServlet@http-nio-8080-exec-5] QueryString: toolKitId=21 
2022-05-23 14:13:26.888 DEBUG [acme.framework.controllers.AbstractController@http-nio-8080-exec-4] DISPATCHING GET /g1-e2.01-22.1/inventor/quantity/create 
2022-05-23 14:13:26.888 DEBUG [acme.framework.controllers.AbstractController@http-nio-8080-exec-4] Command: create 
2022-05-23 14:13:26.888 DEBUG [acme.framework.controllers.AbstractController@http-nio-8080-exec-4] Model:   {toolKitId=} 
2022-05-23 14:13:26.888 DEBUG [acme.framework.controllers.AbstractController@http-nio-8080-exec-4] Locale:  es 
2022-05-23 14:13:26.897 DEBUG [acme.framework.controllers.AbstractController@http-nio-8080-exec-4] SERVING GET /g1-e2.01-22.1/inventor/quantity/create 
2022-05-23 14:13:26.897 DEBUG [acme.framework.controllers.AbstractController@http-nio-8080-exec-4] Result: ModelAndView [view="master/panic"; model={oops=java.lang.NullPointerException}] 
2022-05-23 14:13:26.897 DEBUG [acme.framework.components.tiles.DynamicTilesView@http-nio-8080-exec-4] View name 'master/panic', model {oops=java.lang.NullPointerException, org.springframework.validation.BindingResult.oops=org.springframework.validation.BeanPropertyBindingResult: 0 errors} 
2022-05-23 14:13:26.898 DEBUG [org.apache.jasper.servlet.JspServlet@http-nio-8080-exec-4] JspEngine --> /WEB-INF/views/master/page.jsp 
2022-05-23 14:13:26.899 DEBUG [org.apache.jasper.servlet.JspServlet@http-nio-8080-exec-4] ServletPath: /WEB-INF/views/master/page.jsp 
2022-05-23 14:13:26.899 DEBUG [org.apache.jasper.servlet.JspServlet@http-nio-8080-exec-4] PathInfo: null 
2022-05-23 14:13:26.900 DEBUG [org.apache.jasper.servlet.JspServlet@http-nio-8080-exec-4] RealPath: C:\Users\victo\OneDrive\Escritorio\UNI\DP2\workspace\Workspace-22.0\Projects\G1-E2.01\target\classes\WEB-INF\views\master\page.jsp 
2022-05-23 14:13:26.901 DEBUG [org.apache.jasper.servlet.JspServlet@http-nio-8080-exec-4] RequestURI: /g1-e2.01-22.1/WEB-INF/views/master/page.jsp 
2022-05-23 14:13:26.901 DEBUG [org.apache.jasper.servlet.JspServlet@http-nio-8080-exec-4] QueryString: toolKitId= 
2022-05-23 14:13:27.033 DEBUG [org.apache.jasper.servlet.JspServlet@http-nio-8080-exec-4] JspEngine --> /WEB-INF/views/master/panic.jsp 
2022-05-23 14:13:27.033 DEBUG [org.apache.jasper.servlet.JspServlet@http-nio-8080-exec-4] ServletPath: /WEB-INF/views/master/page.jsp 
2022-05-23 14:13:27.033 DEBUG [org.apache.jasper.servlet.JspServlet@http-nio-8080-exec-4] PathInfo: null 
2022-05-23 14:13:27.034 DEBUG [org.apache.jasper.servlet.JspServlet@http-nio-8080-exec-4] RealPath: C:\Users\victo\OneDrive\Escritorio\UNI\DP2\workspace\Workspace-22.0\Projects\G1-E2.01\target\classes\WEB-INF\views\master\panic.jsp 
2022-05-23 14:13:27.034 DEBUG [org.apache.jasper.servlet.JspServlet@http-nio-8080-exec-4] RequestURI: /g1-e2.01-22.1/WEB-INF/views/master/page.jsp 
2022-05-23 14:13:27.034 DEBUG [org.apache.jasper.servlet.JspServlet@http-nio-8080-exec-4] QueryString: toolKitId= 
2022-05-23 14:13:27.158 ERROR [org.apache.jsp.WEB_002dINF.views.master.panic_jsp@http-nio-8080-exec-4] HTTP GET /g1-e2.01-22.1/WEB-INF/views/master/page.jsp HTTP/1.1 
2022-05-23 14:13:27.158 ERROR [org.apache.jsp.WEB_002dINF.views.master.panic_jsp@http-nio-8080-exec-4] Status: 500 
2022-05-23 14:13:27.159 ERROR [org.apache.jsp.WEB_002dINF.views.master.panic_jsp@http-nio-8080-exec-4] Exception: acme.features.inventor.toolKitQuantity.InventorToolKitQuantityCreateService.authorise(InventorToolKitQuantityCreateService.java:29): java.lang.NullPointerException 
