2022-05-21 12:53:10.179 INFO  [acme.Launcher@main] Starting Launcher using Java 1.8.0_281 on LAPTOP-UT7A19NU with PID 7016 (C:\Users\victo\OneDrive\Escritorio\UNI\DP2\workspace\Workspace-22.0\Frameworks\Acme-Framework-22.5.1\target\classes started by victo in C:\Users\victo\OneDrive\Escritorio\UNI\DP2\workspace\Workspace-22.0\Projects\G1-E2.01) 
2022-05-21 12:53:10.181 DEBUG [acme.Launcher@main] Running with Spring Boot v2.4.2, Spring v5.3.3 
2022-05-21 12:53:10.182 INFO  [acme.Launcher@main] The following profiles are active: development,default 
2022-05-21 12:53:12.678 DEBUG [org.apache.jasper.servlet.JasperInitializer@main] Initializing Jasper for context [application] 
2022-05-21 12:53:17.587 DEBUG [org.apache.jasper.servlet.JspServlet@main] Scratch dir for the JSP engine is: [C:\Users\victo\AppData\Local\Temp\tomcat.8080.636767631883488976\work\Tomcat\localhost\g1-e2.01-22.1] 
2022-05-21 12:53:17.588 DEBUG [org.apache.jasper.servlet.JspServlet@main] IMPORTANT: Do not modify the generated servlets 
2022-05-21 12:53:17.600 INFO  [acme.Launcher@main] Started Launcher in 7.996 seconds (JVM running for 8.638) 
2022-05-21 12:53:17.605 DEBUG [acme.Launcher@main] Found classpath entry '/C:/Users/victo/OneDrive/Escritorio/UNI/DP2/workspace/Workspace-22.0/Projects/G1-E2.01/target/classes/' 
2022-05-21 12:53:17.606 DEBUG [acme.Launcher@main] Found classpath entry '/C:/Users/victo/OneDrive/Escritorio/UNI/DP2/workspace/Workspace-22.0/Projects/G1-E2.01/target/test-classes/' 
2022-05-21 12:53:17.606 DEBUG [acme.Launcher@main] Found classpath entry '/C:/Users/victo/.m2/repository/org/springframework/boot/spring-boot-starter-tomcat/2.4.2/spring-boot-starter-tomcat-2.4.2.jar' 
2022-05-21 12:53:17.606 DEBUG [acme.Launcher@main] Found classpath entry '/C:/Users/victo/.m2/repository/jakarta/annotation/jakarta.annotation-api/1.3.5/jakarta.annotation-api-1.3.5.jar' 
2022-05-21 12:53:17.606 DEBUG [acme.Launcher@main] Found classpath entry '/C:/Users/victo/.m2/repository/org/apache/tomcat/embed/tomcat-embed-core/9.0.41/tomcat-embed-core-9.0.41.jar' 
2022-05-21 12:53:17.606 DEBUG [acme.Launcher@main] Found classpath entry '/C:/Users/victo/.m2/repository/org/glassfish/jakarta.el/3.0.3/jakarta.el-3.0.3.jar' 
2022-05-21 12:53:17.606 DEBUG [acme.Launcher@main] Found classpath entry '/C:/Users/victo/.m2/repository/org/apache/tomcat/embed/tomcat-embed-websocket/9.0.41/tomcat-embed-websocket-9.0.41.jar' 
2022-05-21 12:53:17.606 DEBUG [acme.Launcher@main] Found classpath entry '/C:/Users/victo/.m2/repository/org/apache/tomcat/embed/tomcat-embed-jasper/9.0.41/tomcat-embed-jasper-9.0.41.jar' 
2022-05-21 12:53:17.606 DEBUG [acme.Launcher@main] Found classpath entry '/C:/Users/victo/.m2/repository/org/apache/tomcat/embed/tomcat-embed-el/9.0.41/tomcat-embed-el-9.0.41.jar' 
2022-05-21 12:53:17.607 DEBUG [acme.Launcher@main] Found classpath entry '/C:/Users/victo/.m2/repository/org/eclipse/jdt/ecj/3.18.0/ecj-3.18.0.jar' 
2022-05-21 12:53:17.607 DEBUG [acme.Launcher@main] Found classpath entry '/C:/Users/victo/.m2/repository/javax/servlet/jstl/1.2/jstl-1.2.jar' 
2022-05-21 12:53:17.607 DEBUG [acme.Launcher@main] Found classpath entry '/C:/Users/victo/.m2/repository/org/springframework/boot/spring-boot-starter-test/2.4.2/spring-boot-starter-test-2.4.2.jar' 
2022-05-21 12:53:17.607 DEBUG [acme.Launcher@main] Found classpath entry '/C:/Users/victo/.m2/repository/org/springframework/boot/spring-boot-starter/2.4.2/spring-boot-starter-2.4.2.jar' 
2022-05-21 12:53:17.607 DEBUG [acme.Launcher@main] Found classpath entry '/C:/Users/victo/.m2/repository/org/springframework/boot/spring-boot/2.4.2/spring-boot-2.4.2.jar' 
2022-05-21 12:53:17.607 DEBUG [acme.Launcher@main] Found classpath entry '/C:/Users/victo/.m2/repository/org/springframework/boot/spring-boot-autoconfigure/2.4.2/spring-boot-autoconfigure-2.4.2.jar' 
2022-05-21 12:53:17.607 DEBUG [acme.Launcher@main] Found classpath entry '/C:/Users/victo/.m2/repository/org/springframework/boot/spring-boot-starter-logging/2.4.2/spring-boot-starter-logging-2.4.2.jar' 
2022-05-21 12:53:17.608 DEBUG [acme.Launcher@main] Found classpath entry '/C:/Users/victo/.m2/repository/ch/qos/logback/logback-classic/1.2.3/logback-classic-1.2.3.jar' 
2022-05-21 12:53:17.608 DEBUG [acme.Launcher@main] Found classpath entry '/C:/Users/victo/.m2/repository/ch/qos/logback/logback-core/1.2.3/logback-core-1.2.3.jar' 
2022-05-21 12:53:17.608 DEBUG [acme.Launcher@main] Found classpath entry '/C:/Users/victo/.m2/repository/org/apache/logging/log4j/log4j-to-slf4j/2.13.3/log4j-to-slf4j-2.13.3.jar' 
2022-05-21 12:53:17.608 DEBUG [acme.Launcher@main] Found classpath entry '/C:/Users/victo/.m2/repository/org/apache/logging/log4j/log4j-api/2.13.3/log4j-api-2.13.3.jar' 
2022-05-21 12:53:17.608 DEBUG [acme.Launcher@main] Found classpath entry '/C:/Users/victo/.m2/repository/org/slf4j/jul-to-slf4j/1.7.30/jul-to-slf4j-1.7.30.jar' 
2022-05-21 12:53:17.608 DEBUG [acme.Launcher@main] Found classpath entry '/C:/Users/victo/.m2/repository/org/yaml/snakeyaml/1.27/snakeyaml-1.27.jar' 
2022-05-21 12:53:17.608 DEBUG [acme.Launcher@main] Found classpath entry '/C:/Users/victo/.m2/repository/org/springframework/boot/spring-boot-test/2.4.2/spring-boot-test-2.4.2.jar' 
2022-05-21 12:53:17.609 DEBUG [acme.Launcher@main] Found classpath entry '/C:/Users/victo/.m2/repository/org/springframework/boot/spring-boot-test-autoconfigure/2.4.2/spring-boot-test-autoconfigure-2.4.2.jar' 
2022-05-21 12:53:17.609 DEBUG [acme.Launcher@main] Found classpath entry '/C:/Users/victo/.m2/repository/com/jayway/jsonpath/json-path/2.4.0/json-path-2.4.0.jar' 
2022-05-21 12:53:17.609 DEBUG [acme.Launcher@main] Found classpath entry '/C:/Users/victo/.m2/repository/net/minidev/json-smart/2.3/json-smart-2.3.jar' 
2022-05-21 12:53:17.609 DEBUG [acme.Launcher@main] Found classpath entry '/C:/Users/victo/.m2/repository/net/minidev/accessors-smart/1.2/accessors-smart-1.2.jar' 
2022-05-21 12:53:17.609 DEBUG [acme.Launcher@main] Found classpath entry '/C:/Users/victo/.m2/repository/org/ow2/asm/asm/5.0.4/asm-5.0.4.jar' 
2022-05-21 12:53:17.609 DEBUG [acme.Launcher@main] Found classpath entry '/C:/Users/victo/.m2/repository/jakarta/xml/bind/jakarta.xml.bind-api/2.3.3/jakarta.xml.bind-api-2.3.3.jar' 
2022-05-21 12:53:17.609 DEBUG [acme.Launcher@main] Found classpath entry '/C:/Users/victo/.m2/repository/jakarta/activation/jakarta.activation-api/1.2.2/jakarta.activation-api-1.2.2.jar' 
2022-05-21 12:53:17.609 DEBUG [acme.Launcher@main] Found classpath entry '/C:/Users/victo/.m2/repository/org/assertj/assertj-core/3.18.1/assertj-core-3.18.1.jar' 
2022-05-21 12:53:17.609 DEBUG [acme.Launcher@main] Found classpath entry '/C:/Users/victo/.m2/repository/org/hamcrest/hamcrest/2.2/hamcrest-2.2.jar' 
2022-05-21 12:53:17.609 DEBUG [acme.Launcher@main] Found classpath entry '/C:/Users/victo/.m2/repository/org/junit/jupiter/junit-jupiter/5.7.0/junit-jupiter-5.7.0.jar' 
2022-05-21 12:53:17.610 DEBUG [acme.Launcher@main] Found classpath entry '/C:/Users/victo/.m2/repository/org/mockito/mockito-core/3.6.28/mockito-core-3.6.28.jar' 
2022-05-21 12:53:17.610 DEBUG [acme.Launcher@main] Found classpath entry '/C:/Users/victo/.m2/repository/net/bytebuddy/byte-buddy-agent/1.10.19/byte-buddy-agent-1.10.19.jar' 
2022-05-21 12:53:17.610 DEBUG [acme.Launcher@main] Found classpath entry '/C:/Users/victo/.m2/repository/org/objenesis/objenesis/3.1/objenesis-3.1.jar' 
2022-05-21 12:53:17.610 DEBUG [acme.Launcher@main] Found classpath entry '/C:/Users/victo/.m2/repository/org/mockito/mockito-junit-jupiter/3.6.28/mockito-junit-jupiter-3.6.28.jar' 
2022-05-21 12:53:17.610 DEBUG [acme.Launcher@main] Found classpath entry '/C:/Users/victo/.m2/repository/org/skyscreamer/jsonassert/1.5.0/jsonassert-1.5.0.jar' 
2022-05-21 12:53:17.610 DEBUG [acme.Launcher@main] Found classpath entry '/C:/Users/victo/.m2/repository/com/vaadin/external/google/android-json/0.0.20131108.vaadin1/android-json-0.0.20131108.vaadin1.jar' 
2022-05-21 12:53:17.610 DEBUG [acme.Launcher@main] Found classpath entry '/C:/Users/victo/.m2/repository/org/springframework/spring-core/5.3.3/spring-core-5.3.3.jar' 
2022-05-21 12:53:17.610 DEBUG [acme.Launcher@main] Found classpath entry '/C:/Users/victo/.m2/repository/org/springframework/spring-jcl/5.3.3/spring-jcl-5.3.3.jar' 
2022-05-21 12:53:17.611 DEBUG [acme.Launcher@main] Found classpath entry '/C:/Users/victo/.m2/repository/org/springframework/spring-test/5.3.3/spring-test-5.3.3.jar' 
2022-05-21 12:53:17.611 DEBUG [acme.Launcher@main] Found classpath entry '/C:/Users/victo/.m2/repository/org/xmlunit/xmlunit-core/2.7.0/xmlunit-core-2.7.0.jar' 
2022-05-21 12:53:17.611 DEBUG [acme.Launcher@main] Found classpath entry '/C:/Users/victo/.m2/repository/org/springframework/boot/spring-boot-starter-security/2.4.2/spring-boot-starter-security-2.4.2.jar' 
2022-05-21 12:53:17.611 DEBUG [acme.Launcher@main] Found classpath entry '/C:/Users/victo/.m2/repository/org/springframework/spring-aop/5.3.3/spring-aop-5.3.3.jar' 
2022-05-21 12:53:17.611 DEBUG [acme.Launcher@main] Found classpath entry '/C:/Users/victo/.m2/repository/org/springframework/security/spring-security-web/5.4.2/spring-security-web-5.4.2.jar' 
2022-05-21 12:53:17.611 DEBUG [acme.Launcher@main] Found classpath entry '/C:/Users/victo/.m2/repository/org/springframework/security/spring-security-core/5.4.2/spring-security-core-5.4.2.jar' 
2022-05-21 12:53:17.611 DEBUG [acme.Launcher@main] Found classpath entry '/C:/Users/victo/.m2/repository/org/springframework/spring-beans/5.3.3/spring-beans-5.3.3.jar' 
2022-05-21 12:53:17.611 DEBUG [acme.Launcher@main] Found classpath entry '/C:/Users/victo/.m2/repository/org/springframework/spring-context/5.3.3/spring-context-5.3.3.jar' 
2022-05-21 12:53:17.612 DEBUG [acme.Launcher@main] Found classpath entry '/C:/Users/victo/.m2/repository/org/springframework/spring-expression/5.3.3/spring-expression-5.3.3.jar' 
2022-05-21 12:53:17.612 DEBUG [acme.Launcher@main] Found classpath entry '/C:/Users/victo/.m2/repository/org/springframework/spring-web/5.3.3/spring-web-5.3.3.jar' 
2022-05-21 12:53:17.612 DEBUG [acme.Launcher@main] Found classpath entry '/C:/Users/victo/.m2/repository/org/springframework/security/spring-security-config/5.4.2/spring-security-config-5.4.2.jar' 
2022-05-21 12:53:17.612 DEBUG [acme.Launcher@main] Found classpath entry '/C:/Users/victo/.m2/repository/org/springframework/security/spring-security-taglibs/5.4.2/spring-security-taglibs-5.4.2.jar' 
2022-05-21 12:53:17.612 DEBUG [acme.Launcher@main] Found classpath entry '/C:/Users/victo/.m2/repository/org/springframework/security/spring-security-acl/5.4.2/spring-security-acl-5.4.2.jar' 
2022-05-21 12:53:17.612 DEBUG [acme.Launcher@main] Found classpath entry '/C:/Users/victo/.m2/repository/org/springframework/spring-jdbc/5.3.3/spring-jdbc-5.3.3.jar' 
2022-05-21 12:53:17.612 DEBUG [acme.Launcher@main] Found classpath entry '/C:/Users/victo/.m2/repository/org/springframework/spring-tx/5.3.3/spring-tx-5.3.3.jar' 
2022-05-21 12:53:17.612 DEBUG [acme.Launcher@main] Found classpath entry '/C:/Users/victo/.m2/repository/org/springframework/boot/spring-boot-starter-web/2.4.2/spring-boot-starter-web-2.4.2.jar' 
2022-05-21 12:53:17.613 DEBUG [acme.Launcher@main] Found classpath entry '/C:/Users/victo/.m2/repository/org/springframework/boot/spring-boot-starter-json/2.4.2/spring-boot-starter-json-2.4.2.jar' 
2022-05-21 12:53:17.613 DEBUG [acme.Launcher@main] Found classpath entry '/C:/Users/victo/.m2/repository/com/fasterxml/jackson/core/jackson-databind/2.11.4/jackson-databind-2.11.4.jar' 
2022-05-21 12:53:17.613 DEBUG [acme.Launcher@main] Found classpath entry '/C:/Users/victo/.m2/repository/com/fasterxml/jackson/core/jackson-annotations/2.11.4/jackson-annotations-2.11.4.jar' 
2022-05-21 12:53:17.613 DEBUG [acme.Launcher@main] Found classpath entry '/C:/Users/victo/.m2/repository/com/fasterxml/jackson/core/jackson-core/2.11.4/jackson-core-2.11.4.jar' 
2022-05-21 12:53:17.613 DEBUG [acme.Launcher@main] Found classpath entry '/C:/Users/victo/.m2/repository/com/fasterxml/jackson/datatype/jackson-datatype-jdk8/2.11.4/jackson-datatype-jdk8-2.11.4.jar' 
2022-05-21 12:53:17.613 DEBUG [acme.Launcher@main] Found classpath entry '/C:/Users/victo/.m2/repository/com/fasterxml/jackson/datatype/jackson-datatype-jsr310/2.11.4/jackson-datatype-jsr310-2.11.4.jar' 
2022-05-21 12:53:17.613 DEBUG [acme.Launcher@main] Found classpath entry '/C:/Users/victo/.m2/repository/com/fasterxml/jackson/module/jackson-module-parameter-names/2.11.4/jackson-module-parameter-names-2.11.4.jar' 
2022-05-21 12:53:17.613 DEBUG [acme.Launcher@main] Found classpath entry '/C:/Users/victo/.m2/repository/org/springframework/spring-webmvc/5.3.3/spring-webmvc-5.3.3.jar' 
2022-05-21 12:53:17.613 DEBUG [acme.Launcher@main] Found classpath entry '/C:/Users/victo/.m2/repository/org/apache/tiles/tiles-jsp/3.0.8/tiles-jsp-3.0.8.jar' 
2022-05-21 12:53:17.613 DEBUG [acme.Launcher@main] Found classpath entry '/C:/Users/victo/.m2/repository/org/apache/tiles/tiles-servlet/3.0.8/tiles-servlet-3.0.8.jar' 
2022-05-21 12:53:17.614 DEBUG [acme.Launcher@main] Found classpath entry '/C:/Users/victo/.m2/repository/org/apache/tiles/tiles-core/3.0.8/tiles-core-3.0.8.jar' 
2022-05-21 12:53:17.614 DEBUG [acme.Launcher@main] Found classpath entry '/C:/Users/victo/.m2/repository/commons-digester/commons-digester/2.0/commons-digester-2.0.jar' 
2022-05-21 12:53:17.614 DEBUG [acme.Launcher@main] Found classpath entry '/C:/Users/victo/.m2/repository/org/slf4j/jcl-over-slf4j/1.7.30/jcl-over-slf4j-1.7.30.jar' 
2022-05-21 12:53:17.614 DEBUG [acme.Launcher@main] Found classpath entry '/C:/Users/victo/.m2/repository/org/apache/tiles/tiles-request-servlet/1.0.7/tiles-request-servlet-1.0.7.jar' 
2022-05-21 12:53:17.614 DEBUG [acme.Launcher@main] Found classpath entry '/C:/Users/victo/.m2/repository/org/apache/tiles/tiles-template/3.0.8/tiles-template-3.0.8.jar' 
2022-05-21 12:53:17.614 DEBUG [acme.Launcher@main] Found classpath entry '/C:/Users/victo/.m2/repository/org/apache/tiles/tiles-api/3.0.8/tiles-api-3.0.8.jar' 
2022-05-21 12:53:17.614 DEBUG [acme.Launcher@main] Found classpath entry '/C:/Users/victo/.m2/repository/org/apache/tiles/tiles-autotag-core-runtime/1.2/tiles-autotag-core-runtime-1.2.jar' 
2022-05-21 12:53:17.614 DEBUG [acme.Launcher@main] Found classpath entry '/C:/Users/victo/.m2/repository/org/slf4j/slf4j-api/1.7.30/slf4j-api-1.7.30.jar' 
2022-05-21 12:53:17.614 DEBUG [acme.Launcher@main] Found classpath entry '/C:/Users/victo/.m2/repository/org/apache/tiles/tiles-request-jsp/1.0.7/tiles-request-jsp-1.0.7.jar' 
2022-05-21 12:53:17.614 DEBUG [acme.Launcher@main] Found classpath entry '/C:/Users/victo/.m2/repository/org/apache/tiles/tiles-request-api/1.0.7/tiles-request-api-1.0.7.jar' 
2022-05-21 12:53:17.614 DEBUG [acme.Launcher@main] Found classpath entry '/C:/Users/victo/.m2/repository/org/springframework/boot/spring-boot-starter-data-jpa/2.4.2/spring-boot-starter-data-jpa-2.4.2.jar' 
2022-05-21 12:53:17.615 DEBUG [acme.Launcher@main] Found classpath entry '/C:/Users/victo/.m2/repository/org/springframework/boot/spring-boot-starter-aop/2.4.2/spring-boot-starter-aop-2.4.2.jar' 
2022-05-21 12:53:17.615 DEBUG [acme.Launcher@main] Found classpath entry '/C:/Users/victo/.m2/repository/org/aspectj/aspectjweaver/1.9.6/aspectjweaver-1.9.6.jar' 
2022-05-21 12:53:17.615 DEBUG [acme.Launcher@main] Found classpath entry '/C:/Users/victo/.m2/repository/org/springframework/boot/spring-boot-starter-jdbc/2.4.2/spring-boot-starter-jdbc-2.4.2.jar' 
2022-05-21 12:53:17.615 DEBUG [acme.Launcher@main] Found classpath entry '/C:/Users/victo/.m2/repository/jakarta/transaction/jakarta.transaction-api/1.3.3/jakarta.transaction-api-1.3.3.jar' 
2022-05-21 12:53:17.615 DEBUG [acme.Launcher@main] Found classpath entry '/C:/Users/victo/.m2/repository/jakarta/persistence/jakarta.persistence-api/2.2.3/jakarta.persistence-api-2.2.3.jar' 
2022-05-21 12:53:17.615 DEBUG [acme.Launcher@main] Found classpath entry '/C:/Users/victo/.m2/repository/org/hibernate/hibernate-core/5.4.27.Final/hibernate-core-5.4.27.Final.jar' 
2022-05-21 12:53:17.615 DEBUG [acme.Launcher@main] Found classpath entry '/C:/Users/victo/.m2/repository/org/jboss/logging/jboss-logging/3.4.1.Final/jboss-logging-3.4.1.Final.jar' 
2022-05-21 12:53:17.615 DEBUG [acme.Launcher@main] Found classpath entry '/C:/Users/victo/.m2/repository/org/javassist/javassist/3.27.0-GA/javassist-3.27.0-GA.jar' 
2022-05-21 12:53:17.615 DEBUG [acme.Launcher@main] Found classpath entry '/C:/Users/victo/.m2/repository/antlr/antlr/2.7.7/antlr-2.7.7.jar' 
2022-05-21 12:53:17.616 DEBUG [acme.Launcher@main] Found classpath entry '/C:/Users/victo/.m2/repository/org/jboss/jandex/2.1.3.Final/jandex-2.1.3.Final.jar' 
2022-05-21 12:53:17.616 DEBUG [acme.Launcher@main] Found classpath entry '/C:/Users/victo/.m2/repository/com/fasterxml/classmate/1.5.1/classmate-1.5.1.jar' 
2022-05-21 12:53:17.616 DEBUG [acme.Launcher@main] Found classpath entry '/C:/Users/victo/.m2/repository/org/dom4j/dom4j/2.1.3/dom4j-2.1.3.jar' 
2022-05-21 12:53:17.616 DEBUG [acme.Launcher@main] Found classpath entry '/C:/Users/victo/.m2/repository/org/hibernate/common/hibernate-commons-annotations/5.1.2.Final/hibernate-commons-annotations-5.1.2.Final.jar' 
2022-05-21 12:53:17.616 DEBUG [acme.Launcher@main] Found classpath entry '/C:/Users/victo/.m2/repository/org/glassfish/jaxb/jaxb-runtime/2.3.3/jaxb-runtime-2.3.3.jar' 
2022-05-21 12:53:17.616 DEBUG [acme.Launcher@main] Found classpath entry '/C:/Users/victo/.m2/repository/org/glassfish/jaxb/txw2/2.3.3/txw2-2.3.3.jar' 
2022-05-21 12:53:17.616 DEBUG [acme.Launcher@main] Found classpath entry '/C:/Users/victo/.m2/repository/com/sun/istack/istack-commons-runtime/3.0.11/istack-commons-runtime-3.0.11.jar' 
2022-05-21 12:53:17.616 DEBUG [acme.Launcher@main] Found classpath entry '/C:/Users/victo/.m2/repository/com/sun/activation/jakarta.activation/1.2.2/jakarta.activation-1.2.2.jar' 
2022-05-21 12:53:17.616 DEBUG [acme.Launcher@main] Found classpath entry '/C:/Users/victo/.m2/repository/org/springframework/data/spring-data-jpa/2.4.3/spring-data-jpa-2.4.3.jar' 
2022-05-21 12:53:17.616 DEBUG [acme.Launcher@main] Found classpath entry '/C:/Users/victo/.m2/repository/org/springframework/data/spring-data-commons/2.4.3/spring-data-commons-2.4.3.jar' 
2022-05-21 12:53:17.616 DEBUG [acme.Launcher@main] Found classpath entry '/C:/Users/victo/.m2/repository/org/springframework/spring-orm/5.3.3/spring-orm-5.3.3.jar' 
2022-05-21 12:53:17.617 DEBUG [acme.Launcher@main] Found classpath entry '/C:/Users/victo/.m2/repository/org/springframework/spring-aspects/5.3.3/spring-aspects-5.3.3.jar' 
2022-05-21 12:53:17.617 DEBUG [acme.Launcher@main] Found classpath entry '/C:/Users/victo/.m2/repository/org/springframework/boot/spring-boot-starter-validation/2.4.2/spring-boot-starter-validation-2.4.2.jar' 
2022-05-21 12:53:17.617 DEBUG [acme.Launcher@main] Found classpath entry '/C:/Users/victo/.m2/repository/org/hibernate/validator/hibernate-validator/6.1.7.Final/hibernate-validator-6.1.7.Final.jar' 
2022-05-21 12:53:17.617 DEBUG [acme.Launcher@main] Found classpath entry '/C:/Users/victo/.m2/repository/jakarta/validation/jakarta.validation-api/2.0.2/jakarta.validation-api-2.0.2.jar' 
2022-05-21 12:53:17.617 DEBUG [acme.Launcher@main] Found classpath entry '/C:/Users/victo/.m2/repository/mysql/mysql-connector-java/8.0.22/mysql-connector-java-8.0.22.jar' 
2022-05-21 12:53:17.617 DEBUG [acme.Launcher@main] Found classpath entry '/C:/Users/victo/.m2/repository/com/zaxxer/HikariCP/3.4.5/HikariCP-3.4.5.jar' 
2022-05-21 12:53:17.617 DEBUG [acme.Launcher@main] Found classpath entry '/C:/Users/victo/.m2/repository/org/junit/jupiter/junit-jupiter-engine/5.7.0/junit-jupiter-engine-5.7.0.jar' 
2022-05-21 12:53:17.617 DEBUG [acme.Launcher@main] Found classpath entry '/C:/Users/victo/.m2/repository/org/apiguardian/apiguardian-api/1.1.0/apiguardian-api-1.1.0.jar' 
2022-05-21 12:53:17.617 DEBUG [acme.Launcher@main] Found classpath entry '/C:/Users/victo/.m2/repository/org/junit/platform/junit-platform-engine/1.7.0/junit-platform-engine-1.7.0.jar' 
2022-05-21 12:53:17.617 DEBUG [acme.Launcher@main] Found classpath entry '/C:/Users/victo/.m2/repository/org/junit/jupiter/junit-jupiter-api/5.7.0/junit-jupiter-api-5.7.0.jar' 
2022-05-21 12:53:17.617 DEBUG [acme.Launcher@main] Found classpath entry '/C:/Users/victo/.m2/repository/org/opentest4j/opentest4j/1.2.0/opentest4j-1.2.0.jar' 
2022-05-21 12:53:17.618 DEBUG [acme.Launcher@main] Found classpath entry '/C:/Users/victo/.m2/repository/org/junit/platform/junit-platform-commons/1.7.0/junit-platform-commons-1.7.0.jar' 
2022-05-21 12:53:17.618 DEBUG [acme.Launcher@main] Found classpath entry '/C:/Users/victo/.m2/repository/org/junit/jupiter/junit-jupiter-params/5.7.0/junit-jupiter-params-5.7.0.jar' 
2022-05-21 12:53:17.618 DEBUG [acme.Launcher@main] Found classpath entry '/C:/Users/victo/.m2/repository/org/junit/platform/junit-platform-launcher/1.7.0/junit-platform-launcher-1.7.0.jar' 
2022-05-21 12:53:17.618 DEBUG [acme.Launcher@main] Found classpath entry '/C:/Users/victo/.m2/repository/org/seleniumhq/selenium/selenium-java/3.141.59/selenium-java-3.141.59.jar' 
2022-05-21 12:53:17.618 DEBUG [acme.Launcher@main] Found classpath entry '/C:/Users/victo/.m2/repository/org/seleniumhq/selenium/selenium-api/3.141.59/selenium-api-3.141.59.jar' 
2022-05-21 12:53:17.618 DEBUG [acme.Launcher@main] Found classpath entry '/C:/Users/victo/.m2/repository/org/seleniumhq/selenium/selenium-chrome-driver/3.141.59/selenium-chrome-driver-3.141.59.jar' 
2022-05-21 12:53:17.618 DEBUG [acme.Launcher@main] Found classpath entry '/C:/Users/victo/.m2/repository/org/seleniumhq/selenium/selenium-edge-driver/3.141.59/selenium-edge-driver-3.141.59.jar' 
2022-05-21 12:53:17.618 DEBUG [acme.Launcher@main] Found classpath entry '/C:/Users/victo/.m2/repository/org/seleniumhq/selenium/selenium-firefox-driver/3.141.59/selenium-firefox-driver-3.141.59.jar' 
2022-05-21 12:53:17.618 DEBUG [acme.Launcher@main] Found classpath entry '/C:/Users/victo/.m2/repository/org/seleniumhq/selenium/selenium-ie-driver/3.141.59/selenium-ie-driver-3.141.59.jar' 
2022-05-21 12:53:17.618 DEBUG [acme.Launcher@main] Found classpath entry '/C:/Users/victo/.m2/repository/org/seleniumhq/selenium/selenium-opera-driver/3.141.59/selenium-opera-driver-3.141.59.jar' 
2022-05-21 12:53:17.618 DEBUG [acme.Launcher@main] Found classpath entry '/C:/Users/victo/.m2/repository/org/seleniumhq/selenium/selenium-remote-driver/3.141.59/selenium-remote-driver-3.141.59.jar' 
2022-05-21 12:53:17.619 DEBUG [acme.Launcher@main] Found classpath entry '/C:/Users/victo/.m2/repository/org/seleniumhq/selenium/selenium-safari-driver/3.141.59/selenium-safari-driver-3.141.59.jar' 
2022-05-21 12:53:17.619 DEBUG [acme.Launcher@main] Found classpath entry '/C:/Users/victo/.m2/repository/org/seleniumhq/selenium/selenium-support/3.141.59/selenium-support-3.141.59.jar' 
2022-05-21 12:53:17.619 DEBUG [acme.Launcher@main] Found classpath entry '/C:/Users/victo/.m2/repository/net/bytebuddy/byte-buddy/1.10.19/byte-buddy-1.10.19.jar' 
2022-05-21 12:53:17.619 DEBUG [acme.Launcher@main] Found classpath entry '/C:/Users/victo/.m2/repository/org/apache/commons/commons-exec/1.3/commons-exec-1.3.jar' 
2022-05-21 12:53:17.619 DEBUG [acme.Launcher@main] Found classpath entry '/C:/Users/victo/.m2/repository/com/google/guava/guava/25.0-jre/guava-25.0-jre.jar' 
2022-05-21 12:53:17.619 DEBUG [acme.Launcher@main] Found classpath entry '/C:/Users/victo/.m2/repository/com/google/code/findbugs/jsr305/1.3.9/jsr305-1.3.9.jar' 
2022-05-21 12:53:17.619 DEBUG [acme.Launcher@main] Found classpath entry '/C:/Users/victo/.m2/repository/org/checkerframework/checker-compat-qual/2.0.0/checker-compat-qual-2.0.0.jar' 
2022-05-21 12:53:17.619 DEBUG [acme.Launcher@main] Found classpath entry '/C:/Users/victo/.m2/repository/com/google/errorprone/error_prone_annotations/2.1.3/error_prone_annotations-2.1.3.jar' 
2022-05-21 12:53:17.619 DEBUG [acme.Launcher@main] Found classpath entry '/C:/Users/victo/.m2/repository/com/google/j2objc/j2objc-annotations/1.1/j2objc-annotations-1.1.jar' 
2022-05-21 12:53:17.619 DEBUG [acme.Launcher@main] Found classpath entry '/C:/Users/victo/.m2/repository/org/codehaus/mojo/animal-sniffer-annotations/1.14/animal-sniffer-annotations-1.14.jar' 
2022-05-21 12:53:17.619 DEBUG [acme.Launcher@main] Found classpath entry '/C:/Users/victo/.m2/repository/com/squareup/okhttp3/okhttp/3.14.9/okhttp-3.14.9.jar' 
2022-05-21 12:53:17.620 DEBUG [acme.Launcher@main] Found classpath entry '/C:/Users/victo/.m2/repository/com/squareup/okio/okio/1.14.0/okio-1.14.0.jar' 
2022-05-21 12:53:17.620 DEBUG [acme.Launcher@main] Found classpath entry '/C:/Users/victo/.m2/repository/org/apache/commons/commons-lang3/3.11/commons-lang3-3.11.jar' 
2022-05-21 12:53:17.620 DEBUG [acme.Launcher@main] Found classpath entry '/C:/Users/victo/.m2/repository/org/apache/commons/commons-text/1.8/commons-text-1.8.jar' 
2022-05-21 12:53:17.620 DEBUG [acme.Launcher@main] Found classpath entry '/C:/Users/victo/.m2/repository/commons-io/commons-io/2.6/commons-io-2.6.jar' 
2022-05-21 12:53:17.620 DEBUG [acme.Launcher@main] Found classpath entry '/C:/Users/victo/.m2/repository/commons-cli/commons-cli/1.4/commons-cli-1.4.jar' 
2022-05-21 12:53:17.620 DEBUG [acme.Launcher@main] Found classpath entry '/C:/Users/victo/.m2/repository/org/projectlombok/lombok/1.18.16/lombok-1.18.16.jar' 
2022-05-21 12:53:17.620 DEBUG [acme.Launcher@main] Found classpath entry '/C:/Users/victo/.m2/repository/com/opencsv/opencsv/5.4/opencsv-5.4.jar' 
2022-05-21 12:53:17.620 DEBUG [acme.Launcher@main] Found classpath entry '/C:/Users/victo/.m2/repository/commons-beanutils/commons-beanutils/1.9.4/commons-beanutils-1.9.4.jar' 
2022-05-21 12:53:17.620 DEBUG [acme.Launcher@main] Found classpath entry '/C:/Users/victo/.m2/repository/commons-logging/commons-logging/1.2/commons-logging-1.2.jar' 
2022-05-21 12:53:17.620 DEBUG [acme.Launcher@main] Found classpath entry '/C:/Users/victo/.m2/repository/commons-collections/commons-collections/3.2.2/commons-collections-3.2.2.jar' 
2022-05-21 12:53:17.620 DEBUG [acme.Launcher@main] Found classpath entry '/C:/Users/victo/.m2/repository/org/apache/commons/commons-collections4/4.4/commons-collections4-4.4.jar' 
2022-05-21 12:53:17.620 DEBUG [acme.Launcher@main] Found classpath entry '/C:/Users/victo/OneDrive/Escritorio/UNI/DP2/workspace/Workspace-22.0/Frameworks/Acme-Framework-22.5.1/target/classes/' 
2022-05-21 12:53:17.620 DEBUG [acme.Launcher@main] Found classpath entry '/C:/Users/victo/OneDrive/Escritorio/UNI/DP2/workspace/Workspace-22.0/Frameworks/Acme-Framework-22.5.1/target/test-classes/' 
2022-05-21 12:53:17.621 DEBUG [acme.Launcher@main] Found classpath entry '/C:/Users/victo/OneDrive/Escritorio/UNI/DP2/workspace/Workspace-22.0/Frameworks/SpamDetector/target/classes/' 
2022-05-21 12:53:17.621 DEBUG [acme.Launcher@main] Found classpath entry '/C:/Users/victo/OneDrive/Escritorio/UNI/DP2/workspace/Workspace-22.0/Frameworks/SpamDetector/target/test-classes/' 
2022-05-21 12:53:17.621 DEBUG [acme.Launcher@main] Found classpath entry '/C:/Users/victo/OneDrive/Escritorio/UNI/DP2/workspace/Workspace-22.0/Tools/IDEs/eclipse-jee-2021-12-R/configuration/org.eclipse.osgi/418/0/.cp/lib/javaagent-shaded.jar' 
2022-05-21 12:53:17.698 DEBUG [acme.Launcher@main] Found entity class 'acme.entities.Announcement 
2022-05-21 12:53:17.698 DEBUG [acme.Launcher@main] Found entity class 'acme.entities.Chirp 
2022-05-21 12:53:17.698 DEBUG [acme.Launcher@main] Found entity class 'acme.entities.Item 
2022-05-21 12:53:17.698 DEBUG [acme.Launcher@main] Found entity class 'acme.entities.Patronage 
2022-05-21 12:53:17.698 DEBUG [acme.Launcher@main] Found entity class 'acme.entities.PatronageReport 
2022-05-21 12:53:17.698 DEBUG [acme.Launcher@main] Found entity class 'acme.entities.Quantity 
2022-05-21 12:53:17.698 DEBUG [acme.Launcher@main] Found entity class 'acme.entities.ToolKit 
2022-05-21 12:53:17.698 DEBUG [acme.Launcher@main] Found entity class 'acme.roles.Consumer 
2022-05-21 12:53:17.698 DEBUG [acme.Launcher@main] Found entity class 'acme.roles.Inventor 
2022-05-21 12:53:17.698 DEBUG [acme.Launcher@main] Found entity class 'acme.roles.Patron 
2022-05-21 12:53:17.698 DEBUG [acme.Launcher@main] Found entity class 'acme.roles.Provider 
2022-05-21 12:53:17.698 DEBUG [acme.Launcher@main] Found entity class 'acme.system.configuration.SystemConfiguration 
2022-05-21 12:53:17.698 DEBUG [acme.Launcher@main] Found entity class 'acme.framework.entities.UserAccount 
2022-05-21 12:53:17.698 DEBUG [acme.Launcher@main] Found entity class 'acme.framework.roles.Administrator 
2022-05-21 12:53:17.698 DEBUG [acme.Launcher@main] Found entity class 'acme.framework.roles.Anonymous 
2022-05-21 12:53:17.699 DEBUG [acme.Launcher@main] Found entity class 'acme.framework.roles.Any 
2022-05-21 12:53:17.699 DEBUG [acme.Launcher@main] Found entity class 'acme.framework.roles.Authenticated 
2022-05-21 12:53:17.702 INFO  [acme.Launcher@main] Running application (Standalone) 
2022-05-21 12:53:28.944 DEBUG [acme.framework.components.tiles.DynamicTilesView@http-nio-8080-exec-1] View name 'fragments/welcome', model {} 
2022-05-21 12:53:28.956 DEBUG [org.apache.tiles.definition.dao.BaseLocaleUrlDefinitionDAO@http-nio-8080-exec-1] File Resource file:/C:/Users/victo/OneDrive/Escritorio/UNI/DP2/workspace/Workspace-22.0/Projects/G1-E2.01/target/classes/WEB-INF/views/master/tiles_es.xml at file:/C:/Users/victo/OneDrive/Escritorio/UNI/DP2/workspace/Workspace-22.0/Projects/G1-E2.01/target/classes/WEB-INF/views/master/tiles_es.xml not found, continue 
2022-05-21 12:53:28.962 DEBUG [org.apache.jasper.servlet.JspServlet@http-nio-8080-exec-1] JspEngine --> /WEB-INF/views/master/page.jsp 
2022-05-21 12:53:28.962 DEBUG [org.apache.jasper.servlet.JspServlet@http-nio-8080-exec-1] ServletPath: /WEB-INF/views/master/page.jsp 
2022-05-21 12:53:28.962 DEBUG [org.apache.jasper.servlet.JspServlet@http-nio-8080-exec-1] PathInfo: null 
2022-05-21 12:53:28.965 DEBUG [org.apache.jasper.servlet.JspServlet@http-nio-8080-exec-1] RealPath: C:\Users\victo\OneDrive\Escritorio\UNI\DP2\workspace\Workspace-22.0\Projects\G1-E2.01\target\classes\WEB-INF\views\master\page.jsp 
2022-05-21 12:53:28.965 DEBUG [org.apache.jasper.servlet.JspServlet@http-nio-8080-exec-1] RequestURI: /g1-e2.01-22.1/WEB-INF/views/master/page.jsp 
2022-05-21 12:53:28.965 DEBUG [org.apache.jasper.servlet.JspServlet@http-nio-8080-exec-1] QueryString: null 
2022-05-21 12:53:32.880 DEBUG [acme.framework.configuration.ExtendedMessageSource@http-nio-8080-exec-1] Loading properties [C:\Users\victo\OneDrive\Escritorio\UNI\DP2\workspace\Workspace-22.0\Projects\G1-E2.01\target\classes\WEB-INF\views\administrator\admin-dashboard\messages-en.i18n] with encoding 'utf-8' 
2022-05-21 12:53:32.882 DEBUG [acme.framework.configuration.ExtendedMessageSource@http-nio-8080-exec-1] Loading properties [C:\Users\victo\OneDrive\Escritorio\UNI\DP2\workspace\Workspace-22.0\Projects\G1-E2.01\target\classes\WEB-INF\views\administrator\announcement\messages-en.i18n] with encoding 'utf-8' 
2022-05-21 12:53:32.883 DEBUG [acme.framework.configuration.ExtendedMessageSource@http-nio-8080-exec-1] Loading properties [C:\Users\victo\OneDrive\Escritorio\UNI\DP2\workspace\Workspace-22.0\Projects\G1-E2.01\target\classes\WEB-INF\views\administrator\system-configuration\messages-en.i18n] with encoding 'utf-8' 
2022-05-21 12:53:32.885 DEBUG [acme.framework.configuration.ExtendedMessageSource@http-nio-8080-exec-1] Loading properties [C:\Users\victo\OneDrive\Escritorio\UNI\DP2\workspace\Workspace-22.0\Projects\G1-E2.01\target\classes\WEB-INF\views\administrator\user-account\messages-en.i18n] with encoding 'utf-8' 
2022-05-21 12:53:32.886 DEBUG [acme.framework.configuration.ExtendedMessageSource@http-nio-8080-exec-1] Loading properties [C:\Users\victo\OneDrive\Escritorio\UNI\DP2\workspace\Workspace-22.0\Projects\G1-E2.01\target\classes\WEB-INF\views\anonymous\user-account\messages-en.i18n] with encoding 'utf-8' 
2022-05-21 12:53:32.886 DEBUG [acme.framework.configuration.ExtendedMessageSource@http-nio-8080-exec-1] Loading properties [C:\Users\victo\OneDrive\Escritorio\UNI\DP2\workspace\Workspace-22.0\Projects\G1-E2.01\target\classes\WEB-INF\views\any\chirp\messsages-en.i18n] with encoding 'utf-8' 
2022-05-21 12:53:32.887 DEBUG [acme.framework.configuration.ExtendedMessageSource@http-nio-8080-exec-1] Loading properties [C:\Users\victo\OneDrive\Escritorio\UNI\DP2\workspace\Workspace-22.0\Projects\G1-E2.01\target\classes\WEB-INF\views\any\item\messsages-en.i18n] with encoding 'utf-8' 
2022-05-21 12:53:32.889 DEBUG [acme.framework.configuration.ExtendedMessageSource@http-nio-8080-exec-1] Loading properties [C:\Users\victo\OneDrive\Escritorio\UNI\DP2\workspace\Workspace-22.0\Projects\G1-E2.01\target\classes\WEB-INF\views\any\quantity\messages-en.i18n] with encoding 'utf-8' 
2022-05-21 12:53:32.890 DEBUG [acme.framework.configuration.ExtendedMessageSource@http-nio-8080-exec-1] Loading properties [C:\Users\victo\OneDrive\Escritorio\UNI\DP2\workspace\Workspace-22.0\Projects\G1-E2.01\target\classes\WEB-INF\views\any\tool-kit\messages-en.i18n] with encoding 'utf-8' 
2022-05-21 12:53:32.891 DEBUG [acme.framework.configuration.ExtendedMessageSource@http-nio-8080-exec-1] Loading properties [C:\Users\victo\OneDrive\Escritorio\UNI\DP2\workspace\Workspace-22.0\Projects\G1-E2.01\target\classes\WEB-INF\views\any\user-account\messages-en.i18n] with encoding 'utf-8' 
2022-05-21 12:53:32.892 DEBUG [acme.framework.configuration.ExtendedMessageSource@http-nio-8080-exec-1] Loading properties [C:\Users\victo\OneDrive\Escritorio\UNI\DP2\workspace\Workspace-22.0\Projects\G1-E2.01\target\classes\WEB-INF\views\authenticated\announcement\messages-en.i18n] with encoding 'utf-8' 
2022-05-21 12:53:32.892 DEBUG [acme.framework.configuration.ExtendedMessageSource@http-nio-8080-exec-1] Loading properties [C:\Users\victo\OneDrive\Escritorio\UNI\DP2\workspace\Workspace-22.0\Projects\G1-E2.01\target\classes\WEB-INF\views\authenticated\consumer\messsages-en.i18n] with encoding 'utf-8' 
2022-05-21 12:53:32.893 DEBUG [acme.framework.configuration.ExtendedMessageSource@http-nio-8080-exec-1] Loading properties [C:\Users\victo\OneDrive\Escritorio\UNI\DP2\workspace\Workspace-22.0\Projects\G1-E2.01\target\classes\WEB-INF\views\authenticated\inventor\messsages-en.i18n] with encoding 'utf-8' 
2022-05-21 12:53:32.893 DEBUG [acme.framework.configuration.ExtendedMessageSource@http-nio-8080-exec-1] Loading properties [C:\Users\victo\OneDrive\Escritorio\UNI\DP2\workspace\Workspace-22.0\Projects\G1-E2.01\target\classes\WEB-INF\views\authenticated\money-exchange\messages-en.i18n] with encoding 'utf-8' 
2022-05-21 12:53:32.894 DEBUG [acme.framework.configuration.ExtendedMessageSource@http-nio-8080-exec-1] Loading properties [C:\Users\victo\OneDrive\Escritorio\UNI\DP2\workspace\Workspace-22.0\Projects\G1-E2.01\target\classes\WEB-INF\views\authenticated\patron\messsages-en.i18n] with encoding 'utf-8' 
2022-05-21 12:53:32.895 DEBUG [acme.framework.configuration.ExtendedMessageSource@http-nio-8080-exec-1] Loading properties [C:\Users\victo\OneDrive\Escritorio\UNI\DP2\workspace\Workspace-22.0\Projects\G1-E2.01\target\classes\WEB-INF\views\authenticated\provider\messsages-en.i18n] with encoding 'utf-8' 
2022-05-21 12:53:32.896 DEBUG [acme.framework.configuration.ExtendedMessageSource@http-nio-8080-exec-1] Loading properties [C:\Users\victo\OneDrive\Escritorio\UNI\DP2\workspace\Workspace-22.0\Projects\G1-E2.01\target\classes\WEB-INF\views\authenticated\system-configuration\messages-en.i18n] with encoding 'utf-8' 
2022-05-21 12:53:32.897 DEBUG [acme.framework.configuration.ExtendedMessageSource@http-nio-8080-exec-1] Loading properties [C:\Users\victo\OneDrive\Escritorio\UNI\DP2\workspace\Workspace-22.0\Projects\G1-E2.01\target\classes\WEB-INF\views\authenticated\user-account\messages-en.i18n] with encoding 'utf-8' 
2022-05-21 12:53:32.898 DEBUG [acme.framework.configuration.ExtendedMessageSource@http-nio-8080-exec-1] Loading properties [C:\Users\victo\OneDrive\Escritorio\UNI\DP2\workspace\Workspace-22.0\Projects\G1-E2.01\target\classes\WEB-INF\views\fragments\banner-en.i18n] with encoding 'utf-8' 
2022-05-21 12:53:32.899 DEBUG [acme.framework.configuration.ExtendedMessageSource@http-nio-8080-exec-1] Loading properties [C:\Users\victo\OneDrive\Escritorio\UNI\DP2\workspace\Workspace-22.0\Projects\G1-E2.01\target\classes\WEB-INF\views\fragments\company-en.i18n] with encoding 'utf-8' 
2022-05-21 12:53:32.900 DEBUG [acme.framework.configuration.ExtendedMessageSource@http-nio-8080-exec-1] Loading properties [C:\Users\victo\OneDrive\Escritorio\UNI\DP2\workspace\Workspace-22.0\Projects\G1-E2.01\target\classes\WEB-INF\views\fragments\footer-en.i18n] with encoding 'utf-8' 
2022-05-21 12:53:32.901 DEBUG [acme.framework.configuration.ExtendedMessageSource@http-nio-8080-exec-1] Loading properties [C:\Users\victo\OneDrive\Escritorio\UNI\DP2\workspace\Workspace-22.0\Projects\G1-E2.01\target\classes\WEB-INF\views\fragments\license-en.i18n] with encoding 'utf-8' 
2022-05-21 12:53:32.902 DEBUG [acme.framework.configuration.ExtendedMessageSource@http-nio-8080-exec-1] Loading properties [C:\Users\victo\OneDrive\Escritorio\UNI\DP2\workspace\Workspace-22.0\Projects\G1-E2.01\target\classes\WEB-INF\views\fragments\menu-en.i18n] with encoding 'utf-8' 
2022-05-21 12:53:32.903 DEBUG [acme.framework.configuration.ExtendedMessageSource@http-nio-8080-exec-1] Loading properties [C:\Users\victo\OneDrive\Escritorio\UNI\DP2\workspace\Workspace-22.0\Projects\G1-E2.01\target\classes\WEB-INF\views\fragments\messsages-en.i18n] with encoding 'utf-8' 
2022-05-21 12:53:32.904 DEBUG [acme.framework.configuration.ExtendedMessageSource@http-nio-8080-exec-1] Loading properties [C:\Users\victo\OneDrive\Escritorio\UNI\DP2\workspace\Workspace-22.0\Projects\G1-E2.01\target\classes\WEB-INF\views\fragments\title-en.i18n] with encoding 'utf-8' 
2022-05-21 12:53:32.905 DEBUG [acme.framework.configuration.ExtendedMessageSource@http-nio-8080-exec-1] Loading properties [C:\Users\victo\OneDrive\Escritorio\UNI\DP2\workspace\Workspace-22.0\Projects\G1-E2.01\target\classes\WEB-INF\views\fragments\welcome-en.i18n] with encoding 'utf-8' 
2022-05-21 12:53:32.906 DEBUG [acme.framework.configuration.ExtendedMessageSource@http-nio-8080-exec-1] Loading properties [C:\Users\victo\OneDrive\Escritorio\UNI\DP2\workspace\Workspace-22.0\Projects\G1-E2.01\target\classes\WEB-INF\views\inventor\item\messsages-en.i18n] with encoding 'utf-8' 
2022-05-21 12:53:32.907 DEBUG [acme.framework.configuration.ExtendedMessageSource@http-nio-8080-exec-1] Loading properties [C:\Users\victo\OneDrive\Escritorio\UNI\DP2\workspace\Workspace-22.0\Projects\G1-E2.01\target\classes\WEB-INF\views\inventor\patronage\messsages-en.i18n] with encoding 'utf-8' 
2022-05-21 12:53:32.908 DEBUG [acme.framework.configuration.ExtendedMessageSource@http-nio-8080-exec-1] Loading properties [C:\Users\victo\OneDrive\Escritorio\UNI\DP2\workspace\Workspace-22.0\Projects\G1-E2.01\target\classes\WEB-INF\views\inventor\patronage-report\messsages-en.i18n] with encoding 'utf-8' 
2022-05-21 12:53:32.909 DEBUG [acme.framework.configuration.ExtendedMessageSource@http-nio-8080-exec-1] Loading properties [C:\Users\victo\OneDrive\Escritorio\UNI\DP2\workspace\Workspace-22.0\Projects\G1-E2.01\target\classes\WEB-INF\views\inventor\tool-kit\messsages-en.i18n] with encoding 'utf-8' 
2022-05-21 12:53:32.909 DEBUG [acme.framework.configuration.ExtendedMessageSource@http-nio-8080-exec-1] Loading properties [C:\Users\victo\OneDrive\Escritorio\UNI\DP2\workspace\Workspace-22.0\Projects\G1-E2.01\target\classes\WEB-INF\views\master\defaults-en.i18n] with encoding 'utf-8' 
2022-05-21 12:53:32.910 DEBUG [acme.framework.configuration.ExtendedMessageSource@http-nio-8080-exec-1] Loading properties [C:\Users\victo\OneDrive\Escritorio\UNI\DP2\workspace\Workspace-22.0\Projects\G1-E2.01\target\classes\WEB-INF\views\master\master-en.i18n] with encoding 'utf-8' 
2022-05-21 12:53:32.911 DEBUG [acme.framework.configuration.ExtendedMessageSource@http-nio-8080-exec-1] Loading properties [C:\Users\victo\OneDrive\Escritorio\UNI\DP2\workspace\Workspace-22.0\Projects\G1-E2.01\target\classes\WEB-INF\views\master\throwables-en.i18n] with encoding 'utf-8' 
2022-05-21 12:53:32.912 DEBUG [acme.framework.configuration.ExtendedMessageSource@http-nio-8080-exec-1] Loading properties [C:\Users\victo\OneDrive\Escritorio\UNI\DP2\workspace\Workspace-22.0\Projects\G1-E2.01\target\classes\WEB-INF\views\master\validation-en.i18n] with encoding 'utf-8' 
2022-05-21 12:53:32.913 DEBUG [acme.framework.configuration.ExtendedMessageSource@http-nio-8080-exec-1] Loading properties [C:\Users\victo\OneDrive\Escritorio\UNI\DP2\workspace\Workspace-22.0\Projects\G1-E2.01\target\classes\WEB-INF\views\patron\patron-dashboard\messages-en.i18n] with encoding 'utf-8' 
2022-05-21 12:53:32.915 DEBUG [acme.framework.configuration.ExtendedMessageSource@http-nio-8080-exec-1] Loading properties [C:\Users\victo\OneDrive\Escritorio\UNI\DP2\workspace\Workspace-22.0\Projects\G1-E2.01\target\classes\WEB-INF\views\patron\patronage\messsages-en.i18n] with encoding 'utf-8' 
2022-05-21 12:53:32.916 DEBUG [acme.framework.configuration.ExtendedMessageSource@http-nio-8080-exec-1] Loading properties [C:\Users\victo\OneDrive\Escritorio\UNI\DP2\workspace\Workspace-22.0\Projects\G1-E2.01\target\classes\WEB-INF\views\patron\patronage-report\messsages-en.i18n] with encoding 'utf-8' 
2022-05-21 12:53:32.916 DEBUG [acme.framework.configuration.ExtendedMessageSource@http-nio-8080-exec-1] Loading properties [C:\Users\victo\OneDrive\Escritorio\UNI\DP2\workspace\Workspace-22.0\Projects\G1-E2.01\target\classes\WEB-INF\views\userRole\userAccount\messages-en.i18n] with encoding 'utf-8' 
2022-05-21 12:53:32.934 DEBUG [acme.framework.configuration.ExtendedMessageSource@http-nio-8080-exec-1] Loading properties [C:\Users\victo\OneDrive\Escritorio\UNI\DP2\workspace\Workspace-22.0\Projects\G1-E2.01\target\classes\WEB-INF\views\administrator\admin-dashboard\messages-es.i18n] with encoding 'utf-8' 
2022-05-21 12:53:32.935 DEBUG [acme.framework.configuration.ExtendedMessageSource@http-nio-8080-exec-1] Loading properties [C:\Users\victo\OneDrive\Escritorio\UNI\DP2\workspace\Workspace-22.0\Projects\G1-E2.01\target\classes\WEB-INF\views\administrator\announcement\messages-es.i18n] with encoding 'utf-8' 
2022-05-21 12:53:32.936 DEBUG [acme.framework.configuration.ExtendedMessageSource@http-nio-8080-exec-1] Loading properties [C:\Users\victo\OneDrive\Escritorio\UNI\DP2\workspace\Workspace-22.0\Projects\G1-E2.01\target\classes\WEB-INF\views\administrator\system-configuration\messages-es.i18n] with encoding 'utf-8' 
2022-05-21 12:53:32.936 DEBUG [acme.framework.configuration.ExtendedMessageSource@http-nio-8080-exec-1] Loading properties [C:\Users\victo\OneDrive\Escritorio\UNI\DP2\workspace\Workspace-22.0\Projects\G1-E2.01\target\classes\WEB-INF\views\administrator\user-account\messages-es.i18n] with encoding 'utf-8' 
2022-05-21 12:53:32.937 DEBUG [acme.framework.configuration.ExtendedMessageSource@http-nio-8080-exec-1] Loading properties [C:\Users\victo\OneDrive\Escritorio\UNI\DP2\workspace\Workspace-22.0\Projects\G1-E2.01\target\classes\WEB-INF\views\anonymous\user-account\messages-es.i18n] with encoding 'utf-8' 
2022-05-21 12:53:32.937 DEBUG [acme.framework.configuration.ExtendedMessageSource@http-nio-8080-exec-1] Loading properties [C:\Users\victo\OneDrive\Escritorio\UNI\DP2\workspace\Workspace-22.0\Projects\G1-E2.01\target\classes\WEB-INF\views\any\chirp\messsages-es.i18n] with encoding 'utf-8' 
2022-05-21 12:53:32.938 DEBUG [acme.framework.configuration.ExtendedMessageSource@http-nio-8080-exec-1] Loading properties [C:\Users\victo\OneDrive\Escritorio\UNI\DP2\workspace\Workspace-22.0\Projects\G1-E2.01\target\classes\WEB-INF\views\any\item\messsages-es.i18n] with encoding 'utf-8' 
2022-05-21 12:53:32.938 DEBUG [acme.framework.configuration.ExtendedMessageSource@http-nio-8080-exec-1] Loading properties [C:\Users\victo\OneDrive\Escritorio\UNI\DP2\workspace\Workspace-22.0\Projects\G1-E2.01\target\classes\WEB-INF\views\any\quantity\messages-es.i18n] with encoding 'utf-8' 
2022-05-21 12:53:32.939 DEBUG [acme.framework.configuration.ExtendedMessageSource@http-nio-8080-exec-1] Loading properties [C:\Users\victo\OneDrive\Escritorio\UNI\DP2\workspace\Workspace-22.0\Projects\G1-E2.01\target\classes\WEB-INF\views\any\tool-kit\messages-es.i18n] with encoding 'utf-8' 
2022-05-21 12:53:32.939 DEBUG [acme.framework.configuration.ExtendedMessageSource@http-nio-8080-exec-1] Loading properties [C:\Users\victo\OneDrive\Escritorio\UNI\DP2\workspace\Workspace-22.0\Projects\G1-E2.01\target\classes\WEB-INF\views\any\user-account\messages-es.i18n] with encoding 'utf-8' 
2022-05-21 12:53:32.940 DEBUG [acme.framework.configuration.ExtendedMessageSource@http-nio-8080-exec-1] Loading properties [C:\Users\victo\OneDrive\Escritorio\UNI\DP2\workspace\Workspace-22.0\Projects\G1-E2.01\target\classes\WEB-INF\views\authenticated\announcement\messages-es.i18n] with encoding 'utf-8' 
2022-05-21 12:53:32.940 DEBUG [acme.framework.configuration.ExtendedMessageSource@http-nio-8080-exec-1] Loading properties [C:\Users\victo\OneDrive\Escritorio\UNI\DP2\workspace\Workspace-22.0\Projects\G1-E2.01\target\classes\WEB-INF\views\authenticated\consumer\messsages-es.i18n] with encoding 'utf-8' 
2022-05-21 12:53:32.941 DEBUG [acme.framework.configuration.ExtendedMessageSource@http-nio-8080-exec-1] Loading properties [C:\Users\victo\OneDrive\Escritorio\UNI\DP2\workspace\Workspace-22.0\Projects\G1-E2.01\target\classes\WEB-INF\views\authenticated\inventor\messsages-es.i18n] with encoding 'utf-8' 
2022-05-21 12:53:32.941 DEBUG [acme.framework.configuration.ExtendedMessageSource@http-nio-8080-exec-1] Loading properties [C:\Users\victo\OneDrive\Escritorio\UNI\DP2\workspace\Workspace-22.0\Projects\G1-E2.01\target\classes\WEB-INF\views\authenticated\money-exchange\messages-es.i18n] with encoding 'utf-8' 
2022-05-21 12:53:32.942 DEBUG [acme.framework.configuration.ExtendedMessageSource@http-nio-8080-exec-1] Loading properties [C:\Users\victo\OneDrive\Escritorio\UNI\DP2\workspace\Workspace-22.0\Projects\G1-E2.01\target\classes\WEB-INF\views\authenticated\patron\messsages-es.i18n] with encoding 'utf-8' 
2022-05-21 12:53:32.942 DEBUG [acme.framework.configuration.ExtendedMessageSource@http-nio-8080-exec-1] Loading properties [C:\Users\victo\OneDrive\Escritorio\UNI\DP2\workspace\Workspace-22.0\Projects\G1-E2.01\target\classes\WEB-INF\views\authenticated\provider\messsages-es.i18n] with encoding 'utf-8' 
2022-05-21 12:53:32.943 DEBUG [acme.framework.configuration.ExtendedMessageSource@http-nio-8080-exec-1] Loading properties [C:\Users\victo\OneDrive\Escritorio\UNI\DP2\workspace\Workspace-22.0\Projects\G1-E2.01\target\classes\WEB-INF\views\authenticated\system-configuration\messages-es.i18n] with encoding 'utf-8' 
2022-05-21 12:53:32.943 DEBUG [acme.framework.configuration.ExtendedMessageSource@http-nio-8080-exec-1] Loading properties [C:\Users\victo\OneDrive\Escritorio\UNI\DP2\workspace\Workspace-22.0\Projects\G1-E2.01\target\classes\WEB-INF\views\authenticated\user-account\messages-es.i18n] with encoding 'utf-8' 
2022-05-21 12:53:32.944 DEBUG [acme.framework.configuration.ExtendedMessageSource@http-nio-8080-exec-1] Loading properties [C:\Users\victo\OneDrive\Escritorio\UNI\DP2\workspace\Workspace-22.0\Projects\G1-E2.01\target\classes\WEB-INF\views\fragments\banner-es.i18n] with encoding 'utf-8' 
2022-05-21 12:53:32.945 DEBUG [acme.framework.configuration.ExtendedMessageSource@http-nio-8080-exec-1] Loading properties [C:\Users\victo\OneDrive\Escritorio\UNI\DP2\workspace\Workspace-22.0\Projects\G1-E2.01\target\classes\WEB-INF\views\fragments\company-es.i18n] with encoding 'utf-8' 
2022-05-21 12:53:32.945 DEBUG [acme.framework.configuration.ExtendedMessageSource@http-nio-8080-exec-1] Loading properties [C:\Users\victo\OneDrive\Escritorio\UNI\DP2\workspace\Workspace-22.0\Projects\G1-E2.01\target\classes\WEB-INF\views\fragments\footer-es.i18n] with encoding 'utf-8' 
2022-05-21 12:53:32.945 DEBUG [acme.framework.configuration.ExtendedMessageSource@http-nio-8080-exec-1] Loading properties [C:\Users\victo\OneDrive\Escritorio\UNI\DP2\workspace\Workspace-22.0\Projects\G1-E2.01\target\classes\WEB-INF\views\fragments\license-es.i18n] with encoding 'utf-8' 
2022-05-21 12:53:32.946 DEBUG [acme.framework.configuration.ExtendedMessageSource@http-nio-8080-exec-1] Loading properties [C:\Users\victo\OneDrive\Escritorio\UNI\DP2\workspace\Workspace-22.0\Projects\G1-E2.01\target\classes\WEB-INF\views\fragments\menu-es.i18n] with encoding 'utf-8' 
2022-05-21 12:53:32.947 DEBUG [acme.framework.configuration.ExtendedMessageSource@http-nio-8080-exec-1] Loading properties [C:\Users\victo\OneDrive\Escritorio\UNI\DP2\workspace\Workspace-22.0\Projects\G1-E2.01\target\classes\WEB-INF\views\fragments\messsages-es.i18n] with encoding 'utf-8' 
2022-05-21 12:53:32.947 DEBUG [acme.framework.configuration.ExtendedMessageSource@http-nio-8080-exec-1] Loading properties [C:\Users\victo\OneDrive\Escritorio\UNI\DP2\workspace\Workspace-22.0\Projects\G1-E2.01\target\classes\WEB-INF\views\fragments\title-es.i18n] with encoding 'utf-8' 
2022-05-21 12:53:32.948 DEBUG [acme.framework.configuration.ExtendedMessageSource@http-nio-8080-exec-1] Loading properties [C:\Users\victo\OneDrive\Escritorio\UNI\DP2\workspace\Workspace-22.0\Projects\G1-E2.01\target\classes\WEB-INF\views\fragments\welcome-es.i18n] with encoding 'utf-8' 
2022-05-21 12:53:32.948 DEBUG [acme.framework.configuration.ExtendedMessageSource@http-nio-8080-exec-1] Loading properties [C:\Users\victo\OneDrive\Escritorio\UNI\DP2\workspace\Workspace-22.0\Projects\G1-E2.01\target\classes\WEB-INF\views\inventor\item\messsages-es.i18n] with encoding 'utf-8' 
2022-05-21 12:53:32.948 DEBUG [acme.framework.configuration.ExtendedMessageSource@http-nio-8080-exec-1] Loading properties [C:\Users\victo\OneDrive\Escritorio\UNI\DP2\workspace\Workspace-22.0\Projects\G1-E2.01\target\classes\WEB-INF\views\inventor\patronage\messsages-es.i18n] with encoding 'utf-8' 
2022-05-21 12:53:32.949 DEBUG [acme.framework.configuration.ExtendedMessageSource@http-nio-8080-exec-1] Loading properties [C:\Users\victo\OneDrive\Escritorio\UNI\DP2\workspace\Workspace-22.0\Projects\G1-E2.01\target\classes\WEB-INF\views\inventor\patronage-report\messsages-es.i18n] with encoding 'utf-8' 
2022-05-21 12:53:32.949 DEBUG [acme.framework.configuration.ExtendedMessageSource@http-nio-8080-exec-1] Loading properties [C:\Users\victo\OneDrive\Escritorio\UNI\DP2\workspace\Workspace-22.0\Projects\G1-E2.01\target\classes\WEB-INF\views\inventor\tool-kit\messsages-es.i18n] with encoding 'utf-8' 
2022-05-21 12:53:32.950 DEBUG [acme.framework.configuration.ExtendedMessageSource@http-nio-8080-exec-1] Loading properties [C:\Users\victo\OneDrive\Escritorio\UNI\DP2\workspace\Workspace-22.0\Projects\G1-E2.01\target\classes\WEB-INF\views\master\defaults-es.i18n] with encoding 'utf-8' 
2022-05-21 12:53:32.951 DEBUG [acme.framework.configuration.ExtendedMessageSource@http-nio-8080-exec-1] Loading properties [C:\Users\victo\OneDrive\Escritorio\UNI\DP2\workspace\Workspace-22.0\Projects\G1-E2.01\target\classes\WEB-INF\views\master\master-es.i18n] with encoding 'utf-8' 
2022-05-21 12:53:32.951 DEBUG [acme.framework.configuration.ExtendedMessageSource@http-nio-8080-exec-1] Loading properties [C:\Users\victo\OneDrive\Escritorio\UNI\DP2\workspace\Workspace-22.0\Projects\G1-E2.01\target\classes\WEB-INF\views\master\throwables-es.i18n] with encoding 'utf-8' 
2022-05-21 12:53:32.951 DEBUG [acme.framework.configuration.ExtendedMessageSource@http-nio-8080-exec-1] Loading properties [C:\Users\victo\OneDrive\Escritorio\UNI\DP2\workspace\Workspace-22.0\Projects\G1-E2.01\target\classes\WEB-INF\views\master\validation-es.i18n] with encoding 'utf-8' 
2022-05-21 12:53:32.952 DEBUG [acme.framework.configuration.ExtendedMessageSource@http-nio-8080-exec-1] Loading properties [C:\Users\victo\OneDrive\Escritorio\UNI\DP2\workspace\Workspace-22.0\Projects\G1-E2.01\target\classes\WEB-INF\views\patron\patron-dashboard\messages-es.i18n] with encoding 'utf-8' 
2022-05-21 12:53:32.952 DEBUG [acme.framework.configuration.ExtendedMessageSource@http-nio-8080-exec-1] Loading properties [C:\Users\victo\OneDrive\Escritorio\UNI\DP2\workspace\Workspace-22.0\Projects\G1-E2.01\target\classes\WEB-INF\views\patron\patronage\messsages-es.i18n] with encoding 'utf-8' 
2022-05-21 12:53:32.952 DEBUG [acme.framework.configuration.ExtendedMessageSource@http-nio-8080-exec-1] Loading properties [C:\Users\victo\OneDrive\Escritorio\UNI\DP2\workspace\Workspace-22.0\Projects\G1-E2.01\target\classes\WEB-INF\views\patron\patronage-report\messsages-es.i18n] with encoding 'utf-8' 
2022-05-21 12:53:32.953 DEBUG [acme.framework.configuration.ExtendedMessageSource@http-nio-8080-exec-1] Loading properties [C:\Users\victo\OneDrive\Escritorio\UNI\DP2\workspace\Workspace-22.0\Projects\G1-E2.01\target\classes\WEB-INF\views\userRole\userAccount\messages-es.i18n] with encoding 'utf-8' 
2022-05-21 12:53:33.295 DEBUG [org.apache.jasper.servlet.JspServlet@http-nio-8080-exec-1] JspEngine --> /WEB-INF/views/fragments/welcome.jsp 
2022-05-21 12:53:33.296 DEBUG [org.apache.jasper.servlet.JspServlet@http-nio-8080-exec-1] ServletPath: /WEB-INF/views/master/page.jsp 
2022-05-21 12:53:33.296 DEBUG [org.apache.jasper.servlet.JspServlet@http-nio-8080-exec-1] PathInfo: null 
2022-05-21 12:53:33.300 DEBUG [org.apache.jasper.servlet.JspServlet@http-nio-8080-exec-1] RealPath: C:\Users\victo\OneDrive\Escritorio\UNI\DP2\workspace\Workspace-22.0\Projects\G1-E2.01\target\classes\WEB-INF\views\fragments\welcome.jsp 
2022-05-21 12:53:33.301 DEBUG [org.apache.jasper.servlet.JspServlet@http-nio-8080-exec-1] RequestURI: /g1-e2.01-22.1/WEB-INF/views/master/page.jsp 
2022-05-21 12:53:33.302 DEBUG [org.apache.jasper.servlet.JspServlet@http-nio-8080-exec-1] QueryString: null 
2022-05-21 12:53:33.791 DEBUG [org.hibernate.SQL@http-nio-8080-exec-1] select useraccoun0_.id as id1_0_, useraccoun0_.version as version2_0_, useraccoun0_.enabled as enabled1_17_, useraccoun0_.identity as identity2_17_, useraccoun0_.password as password3_17_, useraccoun0_.username as username4_17_ from user_account useraccoun0_ where useraccoun0_.username=? 
2022-05-21 12:53:33.825 TRACE [org.hibernate.type.descriptor.sql.BasicBinder@http-nio-8080-exec-1] binding parameter [1] as [VARCHAR] - [anonymous] 
2022-05-21 12:53:33.896 DEBUG [org.hibernate.SQL@http-nio-8080-exec-1] select roles0_.user_account_id as user_acc1_18_0_, roles0_.id as id1_18_0_, roles0_.id as id1_0_1_, roles0_.version as version2_0_1_, roles0_.user_account_id as user_acc1_18_1_, roles0_.company as company1_7_1_, roles0_.sector as sector2_7_1_, roles0_.company as company1_8_1_, roles0_.info as info2_8_1_, roles0_.statement as statemen3_8_1_, roles0_.company as company1_10_1_, roles0_.info as info2_10_1_, roles0_.statement as statemen3_10_1_, roles0_.company as company1_13_1_, roles0_.sector as sector2_13_1_, roles0_.clazz_ as clazz_1_ from ( select id, version, user_account_id, company, sector, null as info, null as statement, 9 as clazz_ from consumer union all select id, version, user_account_id, company, null as sector, info, statement, 10 as clazz_ from inventor union all select id, version, user_account_id, company, null as sector, info, statement, 11 as clazz_ from patron union all select id, version, user_account_id, company, sector, null as info, null as statement, 12 as clazz_ from provider union all select id, version, user_account_id, null as company, null as sector, null as info, null as statement, 15 as clazz_ from administrator union all select id, version, user_account_id, null as company, null as sector, null as info, null as statement, 16 as clazz_ from anonymous union all select id, version, user_account_id, null as company, null as sector, null as info, null as statement, 17 as clazz_ from any union all select id, version, user_account_id, null as company, null as sector, null as info, null as statement, 18 as clazz_ from authenticated ) roles0_ where roles0_.user_account_id=? 
2022-05-21 12:53:33.898 TRACE [org.hibernate.type.descriptor.sql.BasicBinder@http-nio-8080-exec-1] binding parameter [1] as [INTEGER] - [1] 
2022-05-21 12:53:36.663 DEBUG [acme.framework.components.tiles.DynamicTilesView@http-nio-8080-exec-4] View name 'master/sign-in', model {username=, password=, remember=false} 
2022-05-21 12:53:36.664 DEBUG [org.apache.jasper.servlet.JspServlet@http-nio-8080-exec-4] JspEngine --> /WEB-INF/views/master/page.jsp 
2022-05-21 12:53:36.665 DEBUG [org.apache.jasper.servlet.JspServlet@http-nio-8080-exec-4] ServletPath: /WEB-INF/views/master/page.jsp 
2022-05-21 12:53:36.665 DEBUG [org.apache.jasper.servlet.JspServlet@http-nio-8080-exec-4] PathInfo: null 
2022-05-21 12:53:36.666 DEBUG [org.apache.jasper.servlet.JspServlet@http-nio-8080-exec-4] RealPath: C:\Users\victo\OneDrive\Escritorio\UNI\DP2\workspace\Workspace-22.0\Projects\G1-E2.01\target\classes\WEB-INF\views\master\page.jsp 
2022-05-21 12:53:36.666 DEBUG [org.apache.jasper.servlet.JspServlet@http-nio-8080-exec-4] RequestURI: /g1-e2.01-22.1/WEB-INF/views/master/page.jsp 
2022-05-21 12:53:36.667 DEBUG [org.apache.jasper.servlet.JspServlet@http-nio-8080-exec-4] QueryString: null 
2022-05-21 12:53:36.815 DEBUG [org.apache.jasper.servlet.JspServlet@http-nio-8080-exec-4] JspEngine --> /WEB-INF/views/master/sign-in.jsp 
2022-05-21 12:53:36.815 DEBUG [org.apache.jasper.servlet.JspServlet@http-nio-8080-exec-4] ServletPath: /WEB-INF/views/master/page.jsp 
2022-05-21 12:53:36.816 DEBUG [org.apache.jasper.servlet.JspServlet@http-nio-8080-exec-4] PathInfo: null 
2022-05-21 12:53:36.816 DEBUG [org.apache.jasper.servlet.JspServlet@http-nio-8080-exec-4] RealPath: C:\Users\victo\OneDrive\Escritorio\UNI\DP2\workspace\Workspace-22.0\Projects\G1-E2.01\target\classes\WEB-INF\views\master\sign-in.jsp 
2022-05-21 12:53:36.817 DEBUG [org.apache.jasper.servlet.JspServlet@http-nio-8080-exec-4] RequestURI: /g1-e2.01-22.1/WEB-INF/views/master/page.jsp 
2022-05-21 12:53:36.818 DEBUG [org.apache.jasper.servlet.JspServlet@http-nio-8080-exec-4] QueryString: null 
2022-05-21 12:53:38.126 DEBUG [org.hibernate.SQL@http-nio-8080-exec-4] select useraccoun0_.id as id1_0_, useraccoun0_.version as version2_0_, useraccoun0_.enabled as enabled1_17_, useraccoun0_.identity as identity2_17_, useraccoun0_.password as password3_17_, useraccoun0_.username as username4_17_ from user_account useraccoun0_ where useraccoun0_.username=? 
2022-05-21 12:53:38.126 TRACE [org.hibernate.type.descriptor.sql.BasicBinder@http-nio-8080-exec-4] binding parameter [1] as [VARCHAR] - [anonymous] 
2022-05-21 12:53:38.128 DEBUG [org.hibernate.SQL@http-nio-8080-exec-4] select roles0_.user_account_id as user_acc1_18_0_, roles0_.id as id1_18_0_, roles0_.id as id1_0_1_, roles0_.version as version2_0_1_, roles0_.user_account_id as user_acc1_18_1_, roles0_.company as company1_7_1_, roles0_.sector as sector2_7_1_, roles0_.company as company1_8_1_, roles0_.info as info2_8_1_, roles0_.statement as statemen3_8_1_, roles0_.company as company1_10_1_, roles0_.info as info2_10_1_, roles0_.statement as statemen3_10_1_, roles0_.company as company1_13_1_, roles0_.sector as sector2_13_1_, roles0_.clazz_ as clazz_1_ from ( select id, version, user_account_id, company, sector, null as info, null as statement, 9 as clazz_ from consumer union all select id, version, user_account_id, company, null as sector, info, statement, 10 as clazz_ from inventor union all select id, version, user_account_id, company, null as sector, info, statement, 11 as clazz_ from patron union all select id, version, user_account_id, company, sector, null as info, null as statement, 12 as clazz_ from provider union all select id, version, user_account_id, null as company, null as sector, null as info, null as statement, 15 as clazz_ from administrator union all select id, version, user_account_id, null as company, null as sector, null as info, null as statement, 16 as clazz_ from anonymous union all select id, version, user_account_id, null as company, null as sector, null as info, null as statement, 17 as clazz_ from any union all select id, version, user_account_id, null as company, null as sector, null as info, null as statement, 18 as clazz_ from authenticated ) roles0_ where roles0_.user_account_id=? 
2022-05-21 12:53:38.129 TRACE [org.hibernate.type.descriptor.sql.BasicBinder@http-nio-8080-exec-4] binding parameter [1] as [INTEGER] - [1] 
2022-05-21 12:53:40.184 DEBUG [org.hibernate.SQL@http-nio-8080-exec-4] select useraccoun0_.id as id1_0_, useraccoun0_.version as version2_0_, useraccoun0_.enabled as enabled1_17_, useraccoun0_.identity as identity2_17_, useraccoun0_.password as password3_17_, useraccoun0_.username as username4_17_ from user_account useraccoun0_ where useraccoun0_.username=? 
2022-05-21 12:53:40.184 TRACE [org.hibernate.type.descriptor.sql.BasicBinder@http-nio-8080-exec-4] binding parameter [1] as [VARCHAR] - [administrator] 
2022-05-21 12:53:40.186 DEBUG [org.hibernate.SQL@http-nio-8080-exec-4] select roles0_.user_account_id as user_acc1_18_0_, roles0_.id as id1_18_0_, roles0_.id as id1_0_1_, roles0_.version as version2_0_1_, roles0_.user_account_id as user_acc1_18_1_, roles0_.company as company1_7_1_, roles0_.sector as sector2_7_1_, roles0_.company as company1_8_1_, roles0_.info as info2_8_1_, roles0_.statement as statemen3_8_1_, roles0_.company as company1_10_1_, roles0_.info as info2_10_1_, roles0_.statement as statemen3_10_1_, roles0_.company as company1_13_1_, roles0_.sector as sector2_13_1_, roles0_.clazz_ as clazz_1_ from ( select id, version, user_account_id, company, sector, null as info, null as statement, 9 as clazz_ from consumer union all select id, version, user_account_id, company, null as sector, info, statement, 10 as clazz_ from inventor union all select id, version, user_account_id, company, null as sector, info, statement, 11 as clazz_ from patron union all select id, version, user_account_id, company, sector, null as info, null as statement, 12 as clazz_ from provider union all select id, version, user_account_id, null as company, null as sector, null as info, null as statement, 15 as clazz_ from administrator union all select id, version, user_account_id, null as company, null as sector, null as info, null as statement, 16 as clazz_ from anonymous union all select id, version, user_account_id, null as company, null as sector, null as info, null as statement, 17 as clazz_ from any union all select id, version, user_account_id, null as company, null as sector, null as info, null as statement, 18 as clazz_ from authenticated ) roles0_ where roles0_.user_account_id=? 
2022-05-21 12:53:40.186 TRACE [org.hibernate.type.descriptor.sql.BasicBinder@http-nio-8080-exec-4] binding parameter [1] as [INTEGER] - [7] 
2022-05-21 12:53:40.205 DEBUG [acme.framework.components.tiles.DynamicTilesView@http-nio-8080-exec-5] View name 'fragments/welcome', model {} 
2022-05-21 12:53:40.206 DEBUG [org.apache.jasper.servlet.JspServlet@http-nio-8080-exec-5] JspEngine --> /WEB-INF/views/master/page.jsp 
2022-05-21 12:53:40.206 DEBUG [org.apache.jasper.servlet.JspServlet@http-nio-8080-exec-5] ServletPath: /WEB-INF/views/master/page.jsp 
2022-05-21 12:53:40.206 DEBUG [org.apache.jasper.servlet.JspServlet@http-nio-8080-exec-5] PathInfo: null 
2022-05-21 12:53:40.207 DEBUG [org.apache.jasper.servlet.JspServlet@http-nio-8080-exec-5] RealPath: C:\Users\victo\OneDrive\Escritorio\UNI\DP2\workspace\Workspace-22.0\Projects\G1-E2.01\target\classes\WEB-INF\views\master\page.jsp 
2022-05-21 12:53:40.207 DEBUG [org.apache.jasper.servlet.JspServlet@http-nio-8080-exec-5] RequestURI: /g1-e2.01-22.1/WEB-INF/views/master/page.jsp 
2022-05-21 12:53:40.207 DEBUG [org.apache.jasper.servlet.JspServlet@http-nio-8080-exec-5] QueryString: null 
2022-05-21 12:53:40.353 DEBUG [org.apache.jasper.servlet.JspServlet@http-nio-8080-exec-5] JspEngine --> /WEB-INF/views/fragments/welcome.jsp 
2022-05-21 12:53:40.353 DEBUG [org.apache.jasper.servlet.JspServlet@http-nio-8080-exec-5] ServletPath: /WEB-INF/views/master/page.jsp 
2022-05-21 12:53:40.353 DEBUG [org.apache.jasper.servlet.JspServlet@http-nio-8080-exec-5] PathInfo: null 
2022-05-21 12:53:40.354 DEBUG [org.apache.jasper.servlet.JspServlet@http-nio-8080-exec-5] RealPath: C:\Users\victo\OneDrive\Escritorio\UNI\DP2\workspace\Workspace-22.0\Projects\G1-E2.01\target\classes\WEB-INF\views\fragments\welcome.jsp 
2022-05-21 12:53:40.354 DEBUG [org.apache.jasper.servlet.JspServlet@http-nio-8080-exec-5] RequestURI: /g1-e2.01-22.1/WEB-INF/views/master/page.jsp 
2022-05-21 12:53:40.354 DEBUG [org.apache.jasper.servlet.JspServlet@http-nio-8080-exec-5] QueryString: null 
2022-05-21 12:53:45.548 DEBUG [acme.framework.controllers.AbstractController@http-nio-8080-exec-4] DISPATCHING GET /g1-e2.01-22.1/administrator/announcement/create 
2022-05-21 12:53:45.548 DEBUG [acme.framework.controllers.AbstractController@http-nio-8080-exec-4] Command: create 
2022-05-21 12:53:45.548 DEBUG [acme.framework.controllers.AbstractController@http-nio-8080-exec-4] Model:   {} 
2022-05-21 12:53:45.548 DEBUG [acme.framework.controllers.AbstractController@http-nio-8080-exec-4] Locale:  es 
2022-05-21 12:53:45.573 DEBUG [acme.framework.controllers.AbstractController@http-nio-8080-exec-4] SERVING GET /g1-e2.01-22.1/administrator/announcement/create 
2022-05-21 12:53:45.573 DEBUG [acme.framework.controllers.AbstractController@http-nio-8080-exec-4] Result: ModelAndView [view="administrator/announcement/form"; model={optionalLink=null, critical=false, id=0, confirmation=false, title=, body=, version=0, command=create, principal=acme.framework.entities.Principal@1882e0b1}] 
2022-05-21 12:53:45.576 DEBUG [acme.framework.components.tiles.DynamicTilesView@http-nio-8080-exec-4] View name 'administrator/announcement/form', model {optionalLink=null, critical=false, id=0, confirmation=false, title=, body=, version=0, command=create, principal=acme.framework.entities.Principal@1882e0b1, org.springframework.validation.BindingResult.principal=org.springframework.validation.BeanPropertyBindingResult: 0 errors} 
2022-05-21 12:53:45.577 DEBUG [org.apache.jasper.servlet.JspServlet@http-nio-8080-exec-4] JspEngine --> /WEB-INF/views/master/page.jsp 
2022-05-21 12:53:45.577 DEBUG [org.apache.jasper.servlet.JspServlet@http-nio-8080-exec-4] ServletPath: /WEB-INF/views/master/page.jsp 
2022-05-21 12:53:45.578 DEBUG [org.apache.jasper.servlet.JspServlet@http-nio-8080-exec-4] PathInfo: null 
2022-05-21 12:53:45.579 DEBUG [org.apache.jasper.servlet.JspServlet@http-nio-8080-exec-4] RealPath: C:\Users\victo\OneDrive\Escritorio\UNI\DP2\workspace\Workspace-22.0\Projects\G1-E2.01\target\classes\WEB-INF\views\master\page.jsp 
2022-05-21 12:53:45.579 DEBUG [org.apache.jasper.servlet.JspServlet@http-nio-8080-exec-4] RequestURI: /g1-e2.01-22.1/WEB-INF/views/master/page.jsp 
2022-05-21 12:53:45.579 DEBUG [org.apache.jasper.servlet.JspServlet@http-nio-8080-exec-4] QueryString: null 
2022-05-21 12:53:45.726 DEBUG [org.apache.jasper.servlet.JspServlet@http-nio-8080-exec-4] JspEngine --> /WEB-INF/views/administrator/announcement/form.jsp 
2022-05-21 12:53:45.726 DEBUG [org.apache.jasper.servlet.JspServlet@http-nio-8080-exec-4] ServletPath: /WEB-INF/views/master/page.jsp 
2022-05-21 12:53:45.727 DEBUG [org.apache.jasper.servlet.JspServlet@http-nio-8080-exec-4] PathInfo: null 
2022-05-21 12:53:45.729 DEBUG [org.apache.jasper.servlet.JspServlet@http-nio-8080-exec-4] RealPath: C:\Users\victo\OneDrive\Escritorio\UNI\DP2\workspace\Workspace-22.0\Projects\G1-E2.01\target\classes\WEB-INF\views\administrator\announcement\form.jsp 
2022-05-21 12:53:45.729 DEBUG [org.apache.jasper.servlet.JspServlet@http-nio-8080-exec-4] RequestURI: /g1-e2.01-22.1/WEB-INF/views/master/page.jsp 
2022-05-21 12:53:45.729 DEBUG [org.apache.jasper.servlet.JspServlet@http-nio-8080-exec-4] QueryString: null 
2022-05-21 12:54:17.360 DEBUG [acme.framework.controllers.AbstractController@http-nio-8080-exec-1] DISPATCHING POST /g1-e2.01-22.1/administrator/announcement/create 
2022-05-21 12:54:17.360 DEBUG [acme.framework.controllers.AbstractController@http-nio-8080-exec-1] Command: create 
2022-05-21 12:54:17.360 DEBUG [acme.framework.controllers.AbstractController@http-nio-8080-exec-1] Model:   {id=0, version=0, _csrf=74c89157-b2d5-49a1-86ac-4c848103b527, title=sdasdasdsa, critical=false, body=sex, optionalLink=, confirmation$proxy=on, confirmation=true} 
2022-05-21 12:54:17.360 DEBUG [acme.framework.controllers.AbstractController@http-nio-8080-exec-1] Locale:  es 
2022-05-21 12:54:17.443 DEBUG [acme.framework.controllers.AbstractController@http-nio-8080-exec-1] SERVING POST /g1-e2.01-22.1/administrator/announcement/create 
2022-05-21 12:54:17.443 DEBUG [acme.framework.controllers.AbstractController@http-nio-8080-exec-1] Result: ModelAndView [view="master/panic"; model={oops=java.lang.NullPointerException}] 
2022-05-21 12:54:17.444 DEBUG [acme.framework.components.tiles.DynamicTilesView@http-nio-8080-exec-1] View name 'master/panic', model {oops=java.lang.NullPointerException, org.springframework.validation.BindingResult.oops=org.springframework.validation.BeanPropertyBindingResult: 0 errors} 
2022-05-21 12:54:17.446 DEBUG [org.apache.jasper.servlet.JspServlet@http-nio-8080-exec-1] JspEngine --> /WEB-INF/views/master/page.jsp 
2022-05-21 12:54:17.446 DEBUG [org.apache.jasper.servlet.JspServlet@http-nio-8080-exec-1] ServletPath: /WEB-INF/views/master/page.jsp 
2022-05-21 12:54:17.447 DEBUG [org.apache.jasper.servlet.JspServlet@http-nio-8080-exec-1] PathInfo: null 
2022-05-21 12:54:17.450 DEBUG [org.apache.jasper.servlet.JspServlet@http-nio-8080-exec-1] RealPath: C:\Users\victo\OneDrive\Escritorio\UNI\DP2\workspace\Workspace-22.0\Projects\G1-E2.01\target\classes\WEB-INF\views\master\page.jsp 
2022-05-21 12:54:17.450 DEBUG [org.apache.jasper.servlet.JspServlet@http-nio-8080-exec-1] RequestURI: /g1-e2.01-22.1/WEB-INF/views/master/page.jsp 
2022-05-21 12:54:17.450 DEBUG [org.apache.jasper.servlet.JspServlet@http-nio-8080-exec-1] QueryString: null 
2022-05-21 12:54:17.766 DEBUG [org.apache.jasper.servlet.JspServlet@http-nio-8080-exec-1] JspEngine --> /WEB-INF/views/master/panic.jsp 
2022-05-21 12:54:17.767 DEBUG [org.apache.jasper.servlet.JspServlet@http-nio-8080-exec-1] ServletPath: /WEB-INF/views/master/page.jsp 
2022-05-21 12:54:17.767 DEBUG [org.apache.jasper.servlet.JspServlet@http-nio-8080-exec-1] PathInfo: null 
2022-05-21 12:54:17.767 DEBUG [org.apache.jasper.servlet.JspServlet@http-nio-8080-exec-1] RealPath: C:\Users\victo\OneDrive\Escritorio\UNI\DP2\workspace\Workspace-22.0\Projects\G1-E2.01\target\classes\WEB-INF\views\master\panic.jsp 
2022-05-21 12:54:17.768 DEBUG [org.apache.jasper.servlet.JspServlet@http-nio-8080-exec-1] RequestURI: /g1-e2.01-22.1/WEB-INF/views/master/page.jsp 
2022-05-21 12:54:17.768 DEBUG [org.apache.jasper.servlet.JspServlet@http-nio-8080-exec-1] QueryString: null 
2022-05-21 12:54:18.048 ERROR [org.apache.jsp.WEB_002dINF.views.master.panic_jsp@http-nio-8080-exec-1] HTTP POST /g1-e2.01-22.1/WEB-INF/views/master/page.jsp HTTP/1.1 
2022-05-21 12:54:18.048 ERROR [org.apache.jsp.WEB_002dINF.views.master.panic_jsp@http-nio-8080-exec-1] Status: 500 
2022-05-21 12:54:18.049 ERROR [org.apache.jsp.WEB_002dINF.views.master.panic_jsp@http-nio-8080-exec-1] Exception: acme.components.SpamCheck.checkSpam(SpamCheck.java:17): java.lang.NullPointerException 
2022-05-21 16:27:58.433 WARN  [com.zaxxer.hikari.pool.HikariPool@HikariPool-1 housekeeper] HikariPool-1 - Thread starvation or clock leap detected (housekeeper delta=2h56m43s827ms841s400ns). 
