1653319312507	geckodriver	INFO	Listening on 127.0.0.1:46349
console.warn: SearchSettings: "get: No settings file exists, new profile?" (new NotFoundError("Could not open the file at C:\\Users\\victo\\AppData\\Local\\Temp\\rust_mozprofileuawg86\\search.json.mozlz4", (void 0)))
console.error: Region.jsm: "Error fetching region" (new Error("TIMEOUT", "resource://gre/modules/Region.jsm", 772))
console.error: Region.jsm: "Failed to fetch region" (new Error("TIMEOUT", "resource://gre/modules/Region.jsm", 419))
console.warn: LoginRecipes: "getRecipes: falling back to a synchronous message for:" "http://localhost:8081"
console.warn: LoginRecipes: "getRecipes: falling back to a synchronous message for:" "http://localhost:8081"
console.warn: LoginRecipes: "getRecipes: falling back to a synchronous message for:" "http://localhost:8081"
console.warn: LoginRecipes: "getRecipes: falling back to a synchronous message for:" "http://localhost:8081"
JavaScript error: resource://gre/modules/LoginManagerParent.jsm, line 136: TypeError: gRecipeManager is null
console.warn: LoginRecipes: "getRecipes: falling back to a synchronous message for:" "http://localhost:8081"
JavaScript error: resource://gre/modules/LoginManagerParent.jsm, line 136: TypeError: gRecipeManager is null
console.warn: LoginRecipes: "getReJavaScrcipt error:i resource:/p/gre/modules/LoginManagerParesent.js: fam, lliline 1ng bac36: Tyk to a sypeError: gRecipnchronous message for:" "http:eManager is null
//localhost:8081"
console.warn: LoginRecipes: "getRecipes: falling back to a synchronous message for:" "http://localhost:8081"
JavaScript error: resource://gre/modules/LoginManagerParent.jsm, line 136: TypeError: gRecipeManager is null
console.warn: LoginRecipes: "getRecipes: falling back to a synchronous message foJavaScript error: resource://gr:"re/modules/LoginManagerPar "http://localent.jsm, line 136: Tyhost:8081"
peError: gRecipeManager is null
console.warn: LoginRecipes: "getRecipes: falling back to a JavaScript errorsynchronous m: resource://gre/moduleessags/Loge for:"inManagerPa "http:/r/loent.jsmc, line 136al: Tyhost:peEr808ro1"r:
 gRecipeManager is null
console.warn: LoginRecipes: "getRecipes: falling back to a synchronous message for:" "http://localhJaostva:808Script error: resource://gre/modules/LoginManagerParent1"
.jsm, line 136: TypeError: gRecipeManager is null
console.warn: LoginRecipes: "getRecipes: falling back to a synchronous message for:" "http://localhost:80Java8Sc1"
ript error: resource://gre/modules/LoginManagerParent.jsm, line 136: TypeError: gRecipeManager is null
console.warn: LoginRecipes: "getRecipes: fJavaSalling back cripto a t errosyr: renchsouronorce://gure/s messamodules/LoginManagerPge for:" "http:/arent.jsm,/loca llhoinste :8081"
136: TypeError: gRecipeManager is null
console.warn: LoginRecipes: "getRecipes: falling back to a synchronous message for:" "http://localhost:8081"
JavaScript error: resource://gre/modules/LoginManagerParent.jsm, line 136: TypeError: gRecipeManager is null
console.warn: LoginRecipes: "getRecipes: falling back to a synchronous message for:" "http://localhosJavaScriptt:8081 error: r"e
source://gre/modules/LoginManagerParent.jsm, line 136: TypeError: gRecipeManager is null
console.warn: LoginRecipes: "getRecipes: falling back to a synchronous message for:" "http://JavaScript error: resource:/loca/gre/molhost:8081dules/LoginMan"
agerParent.jsm, line 136: TypeError: gRecipeManager is null
console.warn: LoginRecipes: "getRecipes: falling back to a synchronous message for:" "htJavaScript errortp://localhost:: resour80ce://gr81"
e/modules/LoginManagerParent.jsm, line 136: TypeError: gRecipeManager is null
console.warn: LoginRecipes: "getRecipes: falling back to a synchJavaScript eronous message for:" "rror: resource://gre/moduleshttp://localhost:8081"/LoginManage
rParent.jsm, line 136: TypeError: gRecipeManager is null
console.warn: LoginRecipes: "getRecipes: falling back to a synchronous message for:" "JavaScripthttp://localhost:80 error: resource://gre/modules/LoginManagerParent.jsm, lin81"
e 136: TypeError: gRecipeManager is null
console.warn: LoginRecipes: "getRecipes: falling back to a synchronous message for:" "http://localhost:8081"
JavaScript error: resource://gre/modules/LoginManagerParent.jsm, line 136: TypeError: gRecipeManager is null
console.warn: LoginRecipes: "getRecipes: fallJavaScript error: resouingrc back to a syne://gre/mchronous message for:" "http://localhosodt:8081"ules/LoginManagerParent.jsm, line 136:
 TypeError: gRecipeManager is null
console.warn: LoginRecipes: "getRecipes: falling back to a synchronous message for:" "http://localhosJavaScript error: rt:8081"
esource://gre/modules/LoginManagerParent.jsm, line 136: TypeError: gRecipeManager is null
console.warn: LoginRecipes:Jav aScrip"getRecipes: fat error: relling back to a source:/s/gre/moduynchronous message fles/Lor:ogin" "htManagtp:erPar//lent.jsm, localhost:in808e 11"36:
 TypeError: gRecipeManager is null
console.warn: LoginRecipes: "getRecipes: falling back to a synchronous message for:" "http://localhost:8081"
JavaScript error: resource://gre/modules/LoginManagerParent.jsm, line 136: TypeError: gRecipeManager is null
console.warn: LoginRecipes: "getRecipes: falling bacJk to avaScripta syn error: resource://gre/mcodhronoules/LoginManuages message frPor:a" "hrettnpt.jsm, line 136: TypeError: gRecipeManager is null
://localhost:8081"
console.warn: LoginRecipes: "getRecipes: fallinJavaScripg back to a synt error: rechronous messagsource for:"e://gre/modules/LoginManage "http://localhost:8081"
rParent.jsm, line 136: TypeError: gRecipeManager is null
console.warn: LoginRecipes: "getRecipes: falling bacJavaScript error: resource://gre/modulek to a synchronous/LoginManags message for:" "hterParent.jsm, line t136: TypeErrop://localhost:8081"
r: gRecipeManager is null
console.warn: LoginRecipes: "getRecipes: falling back to a synchronous message for:" "http://localhost:8081"
JavaScript error: resource://gre/modules/LoginManagerParent.jsm, line 136: TypeError: gRecipeManager is null
console.warn: LoginRecipes: "getRecipes: falling back to a synchronous message for:" "htJavaScript error: resource://gre/modules/LoginMantp:agerP//arelnot.jsm, line 136:c TypealError:host:8081"
 gRecipeManager is null
console.warn: LoginRecipes: "JagetvaScrRecipes: falling back to a synchroniptous message  errorfo: resr:"our "ce://htgre/mtp://looducales/lhost:LoginMana8081"
gerParent.jsm, line 136: TypeError: gRecipeManager is null
console.warn: LoginRecipes: "getRecipes: falliJavaScript error:n reg back to a synchronous message fsource://gror:" "httpe/m://loodulesc/aLoginManagerParent.jlsm,h line 136: TypeError: gost:8081"
RecipeManager is null
console.warn: LoginRecipes: "getRecipes: falling back to a synchronous message for:" "http://localhost:8081"
JavaScript error: resource://gre/modules/LoginManagerParent.jsm, line 136: TypeError: gRecipeManager is null
console.warn: LoginRecipes: "getRecipes: falling back to a synchronJavaScript ous messagerror: ree fsource://gror:" "http://localhoste/modul:8es/081Logi"
nManagerParent.jsm, line 136: TypeError: gRecipeManager is null
console.warn: LoginRecipes: "getRecipes: falling back to a synchronous message for:" "http://localhost:8081"
JavaScript error: resource://gre/modules/LoginManagerParent.jsm, line 136: TypeError: gRecipeManager is null
console.warn: LoginRecipes: "getRecipes: falling back to a synchronous message for:" "http://localhost:8081"
JavaScript error: resource://gre/modules/LoginManagerParent.jsm, line 136: TypeError: gRecipeManager is null
console.warn: LoginRecipes: "getRecipes: falling back to a synchronous message for:" "http://localhost:80JavaScri81"
pt error: resource://gre/modules/LoginManagerParent.jsm, line 136: TypeError: gRecipeManager is null
console.warn: LoginRecipes: "getRecipes: falling bJaack to a synchronous messavaScge ript errfoor:" r:"http reso://localhost:8081"urce://gre/modules/Lo
ginManagerParent.jsm, line 136: TypeError: gRecipeManager is null
console.warn: LoginRecipes: "getRecipes: falling back to a synchronous message for:" "http://localhost:8081"
JavaScript error: resource://gre/modules/LoginManagerParent.jsm, line 136: TypeError: gRecipeManager is null
console.warn: LoginRecipes: "getRecipes: falling back to a synchronous message for:" "http://localhost:8081"
JavaScript error: resource://gre/modules/LoginManagerParent.jsm, line 136: TypeError: gRecipeManager is null
console.warn: LoginRecipes: "getRecipes: falling back to a synchronous message for:" "http://localhost:8081"
JavaScript error: resource://gre/modules/LoginManagerParent.jsm, line 136: TypeError: gRecipeManager is null
console.warn: LoginRecipes: "getRecipes: fallJavaScript erroing brack to a: resource sync://hrogre/nous message for:" "hmodulttp://localhost:808es/1"
LoginManagerParent.jsm, line 136: TypeError: gRecipeManager is null
console.warn: LoginRecipes: "getRecipes: falling back to a synchronous message for:" "http://localhost:8081"
JavaScript error: resource://gre/modules/LoginManagerParent.jsm, line 136: TypeError: gRecipeManager is null
console.warn: LoginRecipes: "getRJavaScript error: resource://gre/modules/LoginManagereParecipes: falling backnt.jsm, line 136: Ty to a syncpeError: gRecipeManager is nullhronous message for:" "http://localhost:8081"

console.warn: LoginRecipes: "getRecipes: falling back to a synchronous message for:" "http://localhost:8081"
JavaScript error: resource://gre/modules/LoginManagerParent.jsm, line 136: TypeError: gRecipeManager is null
console.warn: LoginRecipes: "getRecipes: falling back to a synchronous message for:" "http://localhost:8Java081"
Script error: resource://gre/modules/LoginManagerParent.jsm, line 136: TypeError: gRecipeManager is null
console.warn: LoginRecipes: "getRecipes: falling back to a synchronous message for:" "http://localhost:8081"
JavaScript error: resource://gre/modules/LoginManagerParent.jsm, line 136: TypeError: gRecipeManager is null
console.warn: LoginRecipes: "getRecipes: falling back to a synchroJavnous maessScrage fipt or:" erro"httpr: ://localhost:resource://gre/modules/Lo8g081"
inManagerParent.jsm, line 136: TypeError: gRecipeManager is null
console.warn: LoginRecipes: "getRecipes: falling back toJavaScript erro a r:synchronous message for:" "ht resource:tp://localhost://gre/modules/Log8081"
inManagerParent.jsm, line 136: TypeError: gRecipeManager is null
console.warn: LoginRecipes: "getRecipes:Java fScalling backri to a synchronous message fpt eor:" "http:/rror: resource://gre/mod/localules/host:8LoginManage0r8P1"
arent.jsm, line 136: TypeError: gRecipeManager is null
console.warn: LoginRecipes: "getRecipes: falling back to a synchronous message for:" "http://loJavaScacript error: resourclhose://t:8081"
gre/modules/LoginManagerParent.jsm, line 136: TypeError: gRecipeManager is null
console.warn: LoginRecipes: "getRecipes: falling back to a synchronous message for:" "httpJavaS://cript error: resolocalhost:8081"
urce://gre/modules/LoginManagerParent.jsm, line 136: TypeError: gRecipeManager is null
console.warn: LoginRecipes: "getRecipes: falling back to a synchronous message for:" "http://localhost:8081"
JavaScript error: resource://gre/modules/LoginManagerParent.jsm, line 136: TypeError: gRecipeManager is null
console.warn: LoginRecipes: "getRecipes: falling back to a synchronous message for:" "http://localhost:8081"Java
Script error: resource://gre/modules/LoginManagerParent.jsm, line 136: TypeError: gRecipeManager is null
console.warn: LoginRecipes: "getRecipes: falling back to a synchronousJavaScrip message for:" "http://lot error: resource://gre/modules/Localhost:808ginManagerPar1"
ent.jsm, line 136: TypeError: gRecipeManager is null
console.warn: LoginRJavaScript error: resourcecipes: "getRecipes: falle:ing back to //gre/moa synchronous message fdor:" "ules/LoginManagerPhttp://arelocalhost:8081"nt.jsm, line 136: Typ
eError: gRecipeManager is null
console.warn: LoginRecipes: "getRecipes: falling back to a synchronous message for:" "http://localhost:8081"
JavaScript error: resource://gre/modules/LoginManagerParent.jsm, line 136: TypeError: gRecipeManager is null
console.warn: LoginRecipes: "getRecipes: falling back to a synchronJavaScript erroour: s message for:" "httpresource://gre/mo://lodulesca/Loglhost:8081"
inManagerParent.jsm, line 136: TypeError: gRecipeManager is null
console.warn: LoginRecipes: "getRecipes: falling back to a synchronous message for:" "http://localhostJ:8081"
avaScript error: resource://gre/modules/LoginManagerParent.jsm, line 136: TypeError: gRecipeManager is null
console.warn: LoginRecipes: "getRecipes: faJalling bvaSack cript error: resource://gto a synchronore/modules/LoginManagerParent.jsm, line us message for:" "http://lo136: TypeErrorca: lhost:808gRec1"ipeMa
nager is null
console.warn: LoginRecipes: "getRecipes: falling back to a synchronous message for:" "hJavaScttp://lriocalhpt erroostr: re:8081"
source://gre/modules/LoginManagerParent.jsm, line 136: TypeError: gRecipeManager is null
console.warn: LoginRecipes: "getRecipes: falling back to a synchronous messagJae for:" "httpvaScrip://t elocalhostrror: resourc:8081"
e://gre/modules/LoginManagerParent.jsm, line 136: TypeError: gRecipeManager is null
console.warn: LoginRecipes: "getRecipes: falling back to a synchronous message fJor:" "http:/avaScript error: reso/localhost:8081"
urce://gre/modules/LoginManagerParent.jsm, line 136: TypeError: gRecipeManager is null
console.warn: LoginRecipes: "getRecipes: falling bacJavaSk tcript error: resourceo a synch:/ronous message for:/gre/modules" "http://localh/LoginManagerost:8Paren081"
t.jsm, line 136: TypeError: gRecipeManager is null
console.warn: LoginRecipes: "getRecipes: falling back to a synchronous message for:"JavaScript error: resource "http://localhost:8081"
://gre/modules/LoginManagerParent.jsm, line 136: TypeError: gRecipeManager is null
console.warn: LoginRecipes: "getRecipes: falling back to a synchronous message for:" "http://localhost:8081"
JavaScript error: resource://gre/modules/LoginManagerParent.jsm, line 136: TypeError: gRecipeManager is null
console.warn: LoginRecipes: "gJaetvaScript error: resoRecipes: falling back turce://gre/modules/LogoinManagerPar a synchronous message for:" "http://lent.jsm, line 136: TypeoError: gRecipeManager is nucalhost:8081ll"

console.warn: LoginRecipes: "getRecipes: falling back to a synchronous message for:" "http://localhost:8081"
JavaScript error: resource://gre/modules/LoginManagerParent.jsm, line 136: TypeError: gRecipeManager is null
console.warn: LoginRecipes: "getRecipes: falling back to a synchronous message for:" "http://loJavaScript error: carlhostesource://gre/modules/LoginManagerParent.jsm:8, line 081"
136: TypeError: gRecipeManager is null
console.warn: LoginRecipes: "getRecipes: falling back to a synchronous message for:" "http://localhost:8081"
JavaScript error: resource://gre/modules/LoginManagerParent.jsm, line 136: TypeError: gRecipeManager is null
console.warn: LoginRecipes: "getRecipes: falling back to a synchronous message for:" "http://localhost:8081"
JavaScript error: resource://gre/modules/LoginManagerParent.jsm, line 136: TypeError: gRecipeManager is null
console.warn: LoginRecipes: "getRecipes: fallinJavaScript error: resource://gre/modules/LoginManagerParent.jsm, line 136: Typg backeEr to ror: gRecia speManager ynis null
chronous message for:" "http://localhost:8081"
console.warn: LoginRecipes: "getRecipes: falling back JavaScript errotr: resource://o a synchronous message for:" "http://localhost:80gre/modules/L81"oginManagerP
arent.jsm, line 136: TypeError: gRecipeManager is null
console.warn: LoginRecipes: "getRecipes: falling back to a synchronous message for:" "http://JavlocalhostaScript error: resource://gre/m:8odu08les/L1"ogi
nManagerParent.jsm, line 136: TypeError: gRecipeManager is null
console.warn: LoginRecipes: "getRecipes: falling back to a synchronous message for:" "http://localhost:8081"
JavaScript error: resource://gre/modules/LoginManagerParent.jsm, line 136: TypeError: gRecipeManager is null
console.warn: LoginRecipes: "getRecipes: falling back to a syncJavaScript error: resourcehronous message for:" "http://gre/modules/LoginManagerParent.jsm, line 136: T://localhoypeError: gRecipeManagest:8081r is nul"
l
console.warn: LoginRecipes: "getRecipes: falling back to a synchroJavaScript errornou: rs meesource://gre/ssage fmor:odule" s/"http://localhoLogst:8081inMa"
nagerParent.jsm, line 136: TypeError: gRecipeManager is null
console.warn: LoginRecipes: "getRecipes: falling back to a synchronous message for:Ja" "http://locvaScriptalh error:ost:80 r81"
esource://gre/modules/LoginManagerParent.jsm, line 136: TypeError: gRecipeManager is null
console.warn: LoginRecipes: "getRecipes: falling back to a synchronous message for:" Jav"httpaScri://localhost:8081"
pt error: resource://gre/modules/LoginManagerParent.jsm, line 136: TypeError: gRecipeManager is null
console.warn: LoginRecipes: "JavaScriptgetRecipes: falling error:  resoback to a syncurce://hronous messaggre/modules/Logine for:ManagerParent.jsm, l" "http://ine 136: TypeElocrror: gRalhost:8081ecip"
eManager is null
console.warn: LoginRecipes: "getRecipes: fallinJavaScript eg back to a synchronous rror: resource://gre/modulesmessage /LforoginManag:" "http://localhoserParent.jsm, line 136: TypeError:t:8081"
 gRecipeManager is null
console.warn: LoginRecipes: "getRecipes: falling back to a syncJavaScripthronous mess error: resoage for:" "httpurc://localhost:8081"
e://gre/modules/LoginManagerParent.jsm, line 136: TypeError: gRecipeManager is null
console.warn: LoginRecipes: "getRecipes: falling back to a synchronJavaScript errous messagor: resource://gre/modules/LoginManagerParent.jsm, linee for:" "http:/ 13/lo6: TypeError: gRcalhost:808ecip1"
eManager is null
console.warn: LoginRecipes: "getRecipes: falling back toJavaScript error: a s resource://gre/modules/LoginManynchronous messagea gerfParent.jorsm, line 136: :" "http:/T/localhost:8081yp"
eError: gRecipeManager is null
console.warn: LoginRecipes: "getRecipes: falling back to a synchronous message for:" "http://localhost:8081"
JavaScript error: resource://gre/modules/LoginManagerParent.jsm, line 136: TypeError: gRecipeManager is null
console.warn: LoginRecipes: "getRecipes: fJaallvaScript error:ing b resource://gack to a synchronoure/modus message for:" "http:/les/LoginMan/lagerParocalhent.jsm, losine 136t:8081"
: TypeError: gRecipeManager is null
console.warn: LoginRecipes: "getRecipes: falling back to JavaSa synchcript error: rersource://gonre/mooudus message for:" les/LoginManagerParent.jsm, l"httine 1p://localho36st:80: 81"
TypeError: gRecipeManager is null
console.warn: LoginRecipes: "getRecipes: falling back to a synchJavaScronoripus met ssage ferror: resource://gror:" "htte/modules/LoginManagerPap://locarent.lhosjsm, t:8081"
line 136: TypeError: gRecipeManager is null
console.warn: LoginRecipes: "getRecipes: falling back to a synchronous message for:" "http://localhost:8081"
JavaScript error: resource://gre/modules/LoginManagerParent.jsm, line 136: TypeError: gRecipeManager is null
console.warn: LoginRecipes: "getRecipes: falling back to a synchronous Javmessage for:aS" "http:cr//localipt error: resouhost:8081"
rce://gre/modules/LoginManagerParent.jsm, line 136: TypeError: gRecipeManager is null
console.warn: LoginRecipes: "getRecipes: falling back to a synchronJavaScript ous message error: resource:for:" "http://localhost:8081"
//gre/modules/LoginManagerParent.jsm, line 136: TypeError: gRecipeManager is null
console.warn: LoginRecipes: "getRecipes: faJavallingScri ptba error: resourckce://gre/ tomod a syncuhlerons/Logousi message for:" "htnMatp://lnaocalgerParenthos.jsm, lt:808ine 136: 1"
TypeError: gRecipeManager is null
console.warn: LoginRecipes: "getRecipes: falling back to a synchronous message for:" "hJavaScript error: rettp://localhost:8081"
source://gre/modules/LoginManagerParent.jsm, line 136: TypeError: gRecipeManager is null
console.warn: LoginRecipes: "getRecipes: fallJavaScript error: resoing urce://gbre/modules/LoginManagerParent.jsm, liack to a synchronous message fnor:" "http:/e 1/loca3lhost:8081"
6: TypeError: gRecipeManager is null
console.warn: LoginRecipes: "getRecipes: falling back to a synchroJavaScript error: resounource:/s me/gre/modulesssage/L for:"og "httpinManager://localPahostrent:8081."
jsm, line 136: TypeError: gRecipeManager is null
console.warn: LoginRecipes: "getRecipes: falling back tJao a synchronous messavaScgeript e frror:or:" "h rttp://localhost:80es8ource://gre1"/m
odules/LoginManagerParent.jsm, line 136: TypeError: gRecipeManager is null
console.warn: LoginRecipes: "getRecipes: falling back to a synchronous message for:" "http://localJavhost:8081"
aScript error: resource://gre/modules/LoginManagerParent.jsm, line 136: TypeError: gRecipeManager is null
console.warn: LoginRecipes: "gJetRecavaipes: Scfalling bacrik to a syncpt errhror: resource://gre/modules/LogoninManagerParent.jsm, line 136: TypeErrous message for:" or: gRecipeManager is null
"http://localhost:8081"
console.warn: LoginRecipes: "getRecipes: falling back to a synchronous message for:" "http://localhost:8081"
JavaScript error: resource://gre/modules/LoginManagerParent.jsm, line 136: TypeError: gRecipeManager is null
console.warn: LoginRecipes: "getRecipes: falling back to a synchronous message for:" "http://localhost:8081"
JavaScript error: resource://gre/modules/LoginManagerParent.jsm, line 136: TypeError: gRecipeManager is null
console.warn: LoginRecipes: "getRecipes: falling back to aJavaScript erro synchronous message for:" r: resource:"http://localhost:8081"//
gre/modules/LoginManagerParent.jsm, line 136: TypeError: gRecipeManager is null
console.warn: LoginRecipes: "getRecipes: falling back to a synchronous messJavaScrage for:" "http://locaipt error: resourlhost:8081"
ce://gre/modules/LoginManagerParent.jsm, line 136: TypeError: gRecipeManager is null
console.warn: LoginRecipes: "getRecipes: falling back to a synchronous message for:" "http://localhost:8081"
JavaScript error: resource://gre/modules/LoginManagerParent.jsm, line 136: TypeError: gRecipeManager is null
console.warn: LoginRecipes: "getRecipes: falling back to a synchronous mesJavaSsage for:" cript e"hrror: resource://grettp/m://locoalhost:80dules/81"
LoginManagerParent.jsm, line 136: TypeError: gRecipeManager is null
console.warn: LoginRecipes: "getRecipes: falling back to a synchronous message for:" "httJavaScrip://localhost:8081"
pt error: resource://gre/modules/LoginManagerParent.jsm, line 136: TypeError: gRecipeManager is null
console.warn: LoginRecipes: "getRecipes: falling back to a synchronous message for:" "http://localhost:8081"
JavaScript error: resource://gre/modules/LoginManagerParent.jsm, line 136: TypeError: gRecipeManager is null
console.warn: LoginRecipeJavas: Sc"geript errotRr: resouecrce:ipes: f//gallinre/mog back todu a synchronous messlesage/L fooginMr:"anagerParent.jsm, line "ht 1tp36://l: ocalhTypeErrorost:8081"
: gRecipeManager is null
console.warn: LoginRecipes: "getRecipes: falliJavngaSc back tripo at error: resource:// synchronous message forgr:" "http://locale/modules/LoginManagerParenhost:8081"
t.jsm, line 136: TypeError: gRecipeManager is null
console.warn: LoginRecipes: "getRecipes: falling back to a synchronous JavaScript messaerrge foror:" "http: resource://gr://e/modules/LoginManagerParelocalhost:8081"
nt.jsm, line 136: TypeError: gRecipeManager is null
console.warn: LoginReciJavapes: "gSetcript eRecrror: resource://gripee/mods: ules/faLogilling back to nMaanager syParennchtro.nous message fjsm, lor:"ine 136 "http://localho: Tst:80ypeError:81"
 gRecipeManager is null
console.warn: LoginRecipes: "getRecipes: falling back to a synchronous message for:" "http://localhost:8081"
JavaScript error: resource://gre/modules/LoginManagerParent.jsm, line 136: TypeError: gRecipeManager is null
console.warn: LoginRecipes: "getReciJavaScript perror: resource://gre/modules/LoginManagerPares: falling back to a synchronous messagent.jsm, line 136: TypeError: gRecipeManager is null
e for:" "http://localhost:8081"
console.warn: LoginRecipes: "getRecipes: falling bJavaackScript er roto a r: ressynchronous mesoursagce://gre/e for:" "httmodules/LoginManagerParenpt.j://locasm,lhost:80 li81"ne
 136: TypeError: gRecipeManager is null
console.warn: LoginRecipes: "getRecipes: fallingJav baScript erack to a synchronroous messar: resourge for:" "httce://gre/modulep:/s//localhost:80LoginManagerPa81"re
nt.jsm, line 136: TypeError: gRecipeManager is null
console.warn: LoginRecipes: "getRecipes: falling back to a synchronous message for:" "httJavp://localhost:8081"
aScript error: resource://gre/modules/LoginManagerParent.jsm, line 136: TypeError: gRecipeManager is null
console.warn: LoginRecipes: "getRecipes: falling back to a syncJavaSchronoripus messat errorge fo: r:" "http://localhost:resourc8081"e://gre/modules/Log
inManagerParent.jsm, line 136: TypeError: gRecipeManager is null
console.warn: LoginRecipes: "getRecipes: falling back to a synchronous message for:" "http:/JavaScript error: resource:///localhost:8081gre/modules/LoginMana"
gerParent.jsm, line 136: TypeError: gRecipeManager is null
console.warn: LoginRecipes: "getRecipes: faJavaScript error: rlliesource://gre/mnodules/Lg bacoginManagerParentk to.jsm, line 136: TypeError: gRecipeManager is null
 a synchronous message for:" "http://localhost:8081"
console.warn: LoginRecipes: "getRecipes: falling back to a synchronous message for:" "http://localhost:8081"
JavaScript error: resource://gre/modules/LoginManagerParent.jsm, line 136: TypeError: gRecipeManager is null
console.warn: LoginRecipes: "getRecipes: falling back to a synchJavaScript errronor:ous message for:" "http://localhost:8081"
 resource://gre/modules/LoginManagerParent.jsm, line 136: TypeError: gRecipeManager is null
console.warn: LoginRecipes: "getRecipes: falling back to a synchronous JavaScript erromessage for:" "http://localhosr: resource://gre/modules/LoginManat:8081"
gerParent.jsm, line 136: TypeError: gRecipeManager is null
console.warn: LoginRecipes: "getRecipes:JavaScript error:  fallreing bsourcacke:/ to a/gre/modules/Log insynchroManagernous message for:" "hParent.jttpsm,://localhost:8081"
 line 136: TypeError: gRecipeManager is null
console.warn: LoginRecipes: "getRecipes: falling back to a synchronous message for:" "http://localhoJavaSstcri:8081"
pt error: resource://gre/modules/LoginManagerParent.jsm, line 136: TypeError: gRecipeManager is null
console.warn: LoginRecipes: "getRecipes: falling back to a synchronoJavus messaScript error: agre for:" "esource://http://localhost:80gr81e/m"
odules/LoginManagerParent.jsm, line 136: TypeError: gRecipeManager is null
console.warn: LoginRecipes: "getRecipes:JavaScript error: reso falling back to a syncurce://gre/modules/Lhronous message foroginManagerParent.jsm, lin:" "http://localhe 136: TypeError: ost:gRecip8081"
eManager is null
console.warn: LoginRecipes: "getRecipes: falling back to aJavaScript error: resou synrce://grchronous message for:" "e/modules/LoginManaghttp://localhost:8081"
erParent.jsm, line 136: TypeError: gRecipeManager is null
console.warn: LoginRecipes: "getRecipes: falliJang vaback to aSc sript eynchrorror: resounousrce me://gre/ssmodules/Lage for:ogin" "ManagerParent.jsmhttp:, //lolicalhost:ne 136: TypeError: gRecipe80Manager is 81"
null
console.warn: LoginRecipes: "getRecipeJavs:aScript error: resource:/ falling back t/go a sre/moduleynchs/LoginrManaonous mgerParessage foentr:" "htt.jsm, p://loline 13calhost6::808 TypeErr1"or:
 gRecipeManager is null
console.warn: LoginRecipes: "getRecipes: falling back to a synchronous message for:" "http://localhost:8081"
JavaScript error: resource://gre/modules/LoginManagerParent.jsm, line 136: TypeError: gRecipeManager is null
console.warn: LoginRecipes: "getRecipes: falling back to a synchronous message for:"JavaS "http://localhoscript etrror: resource:8081"://gr
e/modules/LoginManagerParent.jsm, line 136: TypeError: gRecipeManager is null
console.warn: LoginRecipes: "getRecipes: falling back to a synchronous messaJage for:"va "Schtript error: resource://gre/mtp://odlocalhules/LoginMaonagerParent.stjsm, line :136: 8081TypeE"
rror: gRecipeManager is null
console.warn: LoginRecipes: "getRecipes: falling back Javto aScript error: resource://gre/modules/LoginManagerParenta s.jsm, liyncne 136: TyphronouseEr meror: gRecssage for:" "http://locaipeManaglhoser is null
t:8081"
console.warn: LoginRecipes: "getRecipes: falling back to a synchronous message for:" "http://localhost:8081"
JavaScript error: resource://gre/modules/LoginManagerParent.jsm, line 136: TypeError: gRecipeManager is null
console.warn: LoginRecipes: "getRecipes: falling back to a JavaScript errorsy: renchronous mesossage for:urce://gre" "http://localhost:8081/"
modules/LoginManagerParent.jsm, line 136: TypeError: gRecipeManager is null
console.warn: LoginRecipes: "getRecipes: falling back to a synchronous message for:" "http://localhost:JavaSc8081"
ript error: resource://gre/modules/LoginManagerParent.jsm, line 136: TypeError: gRecipeManager is null
console.warn: LoginRecipes: "getRecipes: falling back to a synchronous message for:" "http://localhost:8081"
JavaScript error: resource://gre/modules/LoginManagerParent.jsm, line 136: TypeError: gRecipeManager is null
console.warn: LoginRecipes: "getRecipes: falling back to a syJavaScript error: resource://gre/modules/LoginManagerParent.jsm, line 136: TypeError: gRecipenchManronager ousis null
 message for:" "http://localhost:8081"
console.warn: LoginRecipes: "getRecipes: falling back to a synchronous message for:" "JavaShttpcript://lo error: resourcecalhost:80://gre81"
/modules/LoginManagerParent.jsm, line 136: TypeError: gRecipeManager is null
console.warn: LoginRecipes: "getRecipeJavaScripts: falling back to a  esyncrror: resourcehron://gre/moduous message lesfo/Lr:ogin" "htManagerParent.jsm, line 136: TypeError: gRecipeManager is null
tp://localhost:8081"
console.warn: LoginRecipes: "getRecipes: falling back to a synchronous message for:" "http://localhost:8081Java"
Script error: resource://gre/modules/LoginManagerParent.jsm, line 136: TypeError: gRecipeManager is null
console.warn: LoginRecipes: "getRecipes: falling back to a synJavaScrchronoipt eus message forrror: resource:/:" "http://lo/gre/calhomodulesst:8081"
/LoginManagerParent.jsm, line 136: TypeError: gRecipeManager is null
console.warn: LoginRecipes: "getRecipes: falling back to a synchronous message for:" "http://localhost:8081"
JavaScript error: resource://gre/modules/LoginManagerParent.jsm, line 136: TypeError: gRecipeManager is null
console.warn: LoginRecipes: "getRecipes: falling back to a synchronous message for:" "JavahttScript error: resource://gre/modules/Logp://locainManagerParent.jsm, linlhose 136: TypeError:t:8081" gRe
cipeManager is null
console.warn: LoginRecipes: "getRecipes: falling back to a syJavanchronous mSessagcript ere for:" "http:ror: resource://gre/modules/LoginMa//locnagerPalhost:8081"
arent.jsm, line 136: TypeError: gRecipeManager is null
console.warn: LoginRecipes: "getRecipes: falling back to JavaScript error: resource://gre/modules/LaoginManagerP synchronouarens mest.jsm, line 136:sage for:" "http://localhost:8081" Typ
eError: gRecipeManager is null
console.warn: LoginRecipes: "getRecipes: falling back to a syJavaScrinchronptous m error: resoessage for:" "http://lurce://grocalhost:8e/modules/Log08inM1"ana
gerParent.jsm, line 136: TypeError: gRecipeManager is null
console.warn: LoginRecipes: "getRecipes: falling back to a synJavaScrchript error: resoonous message for:" "http://localhost:8081"
urce://gre/modules/LoginManagerParent.jsm, line 136: TypeError: gRecipeManager is null
console.warn: LoginRecipes: "getRecipes: falling back to a synchJavaScripronous message for:" "http://ltocal erhost:8r0or81"
: resource://gre/modules/LoginManagerParent.jsm, line 136: TypeError: gRecipeManager is null
console.warn: LoginRecipes: "getRecipes: falling back to a synchJavaSronoucript error:s mess resouage for:" rce://"http:/gre/m/lodules/LoginManagocalhost:8081"
erParent.jsm, line 136: TypeError: gRecipeManager is null
console.warn: LoginRecipes: "getRecipes: falling back to a synchronous message for:"Jav "http://localhost:8081"
aScript error: resource://gre/modules/LoginManagerParent.jsm, line 136: TypeError: gRecipeManager is null
console.warn: LoginRecipes: "getJavRecipes: faaScript errorlling bac: resourck to a syne://gre/modules/Lochronous meginManagerssage for:" "htParetp://localnt.jsm, linehost:8081"
 136: TypeError: gRecipeManager is null
console.warn: LoginRecipes: "getRecipes: falling back to a synchronous meJassage for:"vaScript error: resou "hrce://ttp://locgre/malodhosulest/LoginManagerPa:8081"
rent.jsm, line 136: TypeError: gRecipeManager is null
console.warn: LoginRecipes: "getRecipes: falling back to a synchronous message for:" "http://localhost:8081"
JavaScript error: resource://gre/modules/LoginManagerParent.jsm, line 136: TypeError: gRecipeManager is null
console.warn: LoginRecipes: "getRecipes: falling back to a synchronous message for:" "http://localhost:8081"
JavaScript error: resource://gre/modules/LoginManagerParent.jsm, line 136: TypeError: gRecipeManager is null
console.warn: LoginRecipes: "getRecipes: falling back to a synchronous message foJavaScrr:" "ipt error: resource://gre/modules/LoginManagerParent.jsm, linhttp:/e 1/lo36: TypeError: gcalRecipeManagerhost:80 is null81"

console.warn: LoginRecipes: "getRecipes: falling back to a synchronous message for:" "http://localhost:8081"
JavaScript error: resource://gre/modules/LoginManagerParent.jsm, line 136: TypeError: gRecipeManager is null
console.warn: LoginRecipes: "getRecipes: falling back to a synchronous message for:" "http://localhost:8081"
JavaScript error: resource://gre/modules/LoginManagerParent.jsm, line 136: TypeError: gRecipeManager is null
console.warn: LoginRecipes: "getRecipes: falling back to a synchronoJavaScrius message for:" "httpt p://error: relocalhossourct:8081"
e://gre/modules/LoginManagerParent.jsm, line 136: TypeError: gRecipeManager is null
console.warn: LoginRecipes: "getRecipes: falling back to a synchronous message for:" "http://localhost:8081"
JavaScript error: resource://gre/modules/LoginManagerParent.jsm, line 136: TypeError: gRecipeManager is null
console.warn: LoginRecipes: "getRecipes: falling back to a synchronous message for:" "http://localhost:8081"
JavaScript error: resource://gre/modules/LoginManagerParent.jsm, line 136: TypeError: gRecipeManager is null
console.warn: LoginRecipes: "getRecipes: falling back to a synchronous message for:" "http://localhost:8081"
JavaScript error: resource://gre/modules/LoginManagerParent.jsm, line 136: TypeError: gRecipeManager is null
console.warn: LoginRecipes: "getRecipes: falling back to a synchronous message for:" "http://localhost:8081"
JavaScript error: resource://gre/modules/LoginManagerParent.jsm, line 136: TypeError: gRecipeManager is null
console.warn: LoginRecipes: "getRecipes: falling back to a synchronJavaScript eous messarror: resource://gre/modules/LoginManagerParenge ft.jsm, line 136or:" ": TypeError: gRecipeManager ishttp:/ null
/localhost:8081"
console.warn: LoginRecipes: "getRecipes: falling back to a synchronous meJavaScript essage frror: or:" "htresotpurce://gre/modules/LoginManagerParent.jsm, line 136: TypeError: gRecipeManager is null
://localhost:8081"
console.warn: LoginRecipes: "getRecipes: falling back to a synchronous message for:" "httJavaScriptp:/ error: /loresoucalhost:8081"
rce://gre/modules/LoginManagerParent.jsm, line 136: TypeError: gRecipeManager is null
console.warn: LoginRecipes: "getRecipes: falling bJavaSackcript error: resour to a sce:ynchronous message for:"//gre/modules/LoginMa "http://localhost:nag8081"
erParent.jsm, line 136: TypeError: gRecipeManager is null
console.warn: LoginRecipes: "getRecipes: falling back to a synchronous message for:" "http://localhost:8081"
JavaScript error: resource://gre/modules/LoginManagerParent.jsm, line 136: TypeError: gRecipeManager is null
console.warn: LoginRecipes: "getRecipes: falling back to a syncJavaScrihrpt error: resource://gonous messagere for:" "http://l/modules/Logiocalhost:8081"
nManagerParent.jsm, line 136: TypeError: gRecipeManager is null
console.warn: LoginRecipes: "getRecipes: falling back to Jaa synvaScript error: chronous resource://gre/modulmessage fes/LoginManagerParent.jsm, line 136: TypeError: gRor:ecipeManag" "er is null
http://localhost:8081"
console.warn: LoginRecipes: "getRecipes: falJavaScript erling baror: reck to aso synchurce:/ron/gre/ous message formodules/:" "Lohttp://localhostginManagerParent:8081"
.jsm, line 136: TypeError: gRecipeManager is null
console.warn: LoginRecipes: "getRecipes: falling back to a synchronous message for:" "http://localhost:8081"
JavaScript error: resource://gre/modules/LoginManagerParent.jsm, line 136: TypeError: gRecipeManager is null
console.warn: LoginRecipes: "getRecipes: fallinJavaSgcript error: resource://gre/modules/LoginMana back to gerParent.jsm,a syn line 136ch: TyronouspeErro mer: gRecissagepeMa fonar:" "http://localgerhost:80 is null81"

console.warn: LoginRecipes: "getRecipes: falling back to a synchronous message for:"JavaScript error: resour "http://localhost:8ce://gre/modules/LoginManagerParent.081"
jsm, line 136: TypeError: gRecipeManager is null
console.warn: LoginRecipes: "getRecipes: falling baJavaScript errck tor: resoo a syurce://gre/modules/LoginMannchronouagerParent.jsm, line 136: TypeError: gRecipeManager is null
s message for:" "http://localhost:8081"
console.warn: LoginRecipes: "getRecipes: falling back to a synchronous JavaScrimessage fopt error:r:" resource: //"gre/modules/Logihttp:nMana//gerPlocaarent.jsm, line 136: TypeError: gReciplhost:8081"eManager is null

console.warn: LoginRecipes: "getRecipes: falling backJavaScript error:  to a synchresource://ronousgre/modules/LoginManagerParent.jsm, line 136:  TypeError: gRecipeManager is nullmessage fo
r:" "http://localhost:8081"
console.warn: LoginRecipes: "getRecipes: falling back to a synchronoJavaScript error: resourcus message fore://gre/modules/LoginM:" "http:/anag/localhost:8081erParent.jsm, line "
136: TypeError: gRecipeManager is null
console.warn: LoginRecipes: "getRecipes: falling back to Java saScripynchronot error: resource://gre/modulus esmessage for:" "http://localhost:8/LoginMa081"nage
rParent.jsm, line 136: TypeError: gRecipeManager is null
console.warn: LoginRecipes: "getRecipes: falling back to a synchronous message for:" "http://localhost:808JavaScript error: resource://gre/module1"
s/LoginManagerParent.jsm, line 136: TypeError: gRecipeManager is null
console.warn: LoginRecipes: "getRecipes: falling back Javato Scra ipt errsynchronous message for:" "hortt: resop://lurce://gre/modulesocalhost:8/0L8o1g"i
nManagerParent.jsm, line 136: TypeError: gRecipeManager is null
console.warn: LoginRecipes: "getRecipes: falling back to a synchronous message for:" "http://localhost:8081"
JavaScript error: resource://gre/modules/LoginManagerParent.jsm, line 136: TypeError: gRecipeManager is null
console.warn: LoginRecipes: "getRecipes: falling back to a sJavaScript error: reynchronsource://ous gre/modules/LoginmessaManagge erParent.jfor:" "http://localhost:808sm, line 136: 1"
TypeError: gRecipeManager is null
console.warn: LoginRecipes: "getRecipes: falling back to a synchronous message for:" "http://localhost:8081"
JavaScript error: resource://gre/modules/LoginManagerParent.jsm, line 136: TypeError: gRecipeManager is null
console.warn: LoginRecipes: "getRecipes: falling back to a syJavnchronous meaSssage for:" "cripthttp:/ e/lorrocalhost:8081"
r: resource://gre/modules/LoginManagerParent.jsm, line 136: TypeError: gRecipeManager is null
console.warn: LoginRecipes: "getRecipes: falling back to a synchronous messJavage for:" "http://localhaScripost:8081"
t error: resource://gre/modules/LoginManagerParent.jsm, line 136: TypeError: gRecipeManager is null
console.warn: LoginRecipes: "getRecipes: falling back to a synchronous message for:" "http://JavaScrilocapt error: resource://gre/modules/Loginlhost:8081"
ManagerParent.jsm, line 136: TypeError: gRecipeManager is null
console.warn: LoginRecipes: "getRecipes: falling back to a synJavaScript cerror: resource://grhronous e/modules/LoginMamessage for:" "http://localhostnager:8081"
Parent.jsm, line 136: TypeError: gRecipeManager is null
console.warn: LoginRecipes: "getRecipes: falling JavaScripbact error: resourk to a synchronouces message:// for:"gre/modules/LoginManagerParent. "http:/jsm, line 1/lo36:calhos TypeErrt:8081"
or: gRecipeManager is null
