2022-03-19 16:43:54.446 INFO  [acme.Launcher@main] Starting Launcher using Java 1.8.0_281 on LAPTOP-UT7A19NU with PID 13796 (C:\Users\victo\OneDrive\Escritorio\UNI\DP2\workspace\Workspace-22.0\Frameworks\Acme-Framework-22.1\target\classes started by victo in C:\Users\victo\OneDrive\Escritorio\UNI\DP2\workspace\Workspace-22.0\Projects\G1-E2.01) 
2022-03-19 16:43:54.447 DEBUG [acme.Launcher@main] Running with Spring Boot v2.4.2, Spring v5.3.3 
2022-03-19 16:43:54.450 INFO  [acme.Launcher@main] The following profiles are active: development,populator 
2022-03-19 16:43:57.653 DEBUG [org.apache.jasper.servlet.JasperInitializer@main] Initializing Jasper for context [application] 
2022-03-19 16:44:03.016 DEBUG [org.apache.jasper.servlet.JspServlet@main] Scratch dir for the JSP engine is: [C:\Users\victo\AppData\Local\Temp\tomcat.8083.7908009815257643478\work\Tomcat\localhost\g1-e2.01-22.1] 
2022-03-19 16:44:03.017 DEBUG [org.apache.jasper.servlet.JspServlet@main] IMPORTANT: Do not modify the generated servlets 
2022-03-19 16:44:03.037 INFO  [acme.Launcher@main] Started Launcher in 9.484 seconds (JVM running for 10.819) 
2022-03-19 16:44:03.045 DEBUG [acme.Launcher@main] Found classpath entry '/C:/Users/victo/OneDrive/Escritorio/UNI/DP2/workspace/Workspace-22.0/Projects/G1-E2.01/target/classes/' 
2022-03-19 16:44:03.046 DEBUG [acme.Launcher@main] Found classpath entry '/C:/Users/victo/OneDrive/Escritorio/UNI/DP2/workspace/Workspace-22.0/Projects/G1-E2.01/target/test-classes/' 
2022-03-19 16:44:03.047 DEBUG [acme.Launcher@main] Found classpath entry '/C:/Users/victo/.m2/repository/org/springframework/boot/spring-boot-starter-tomcat/2.4.2/spring-boot-starter-tomcat-2.4.2.jar' 
2022-03-19 16:44:03.047 DEBUG [acme.Launcher@main] Found classpath entry '/C:/Users/victo/.m2/repository/jakarta/annotation/jakarta.annotation-api/1.3.5/jakarta.annotation-api-1.3.5.jar' 
2022-03-19 16:44:03.047 DEBUG [acme.Launcher@main] Found classpath entry '/C:/Users/victo/.m2/repository/org/apache/tomcat/embed/tomcat-embed-core/9.0.41/tomcat-embed-core-9.0.41.jar' 
2022-03-19 16:44:03.047 DEBUG [acme.Launcher@main] Found classpath entry '/C:/Users/victo/.m2/repository/org/glassfish/jakarta.el/3.0.3/jakarta.el-3.0.3.jar' 
2022-03-19 16:44:03.048 DEBUG [acme.Launcher@main] Found classpath entry '/C:/Users/victo/.m2/repository/org/apache/tomcat/embed/tomcat-embed-websocket/9.0.41/tomcat-embed-websocket-9.0.41.jar' 
2022-03-19 16:44:03.048 DEBUG [acme.Launcher@main] Found classpath entry '/C:/Users/victo/.m2/repository/org/apache/tomcat/embed/tomcat-embed-jasper/9.0.41/tomcat-embed-jasper-9.0.41.jar' 
2022-03-19 16:44:03.048 DEBUG [acme.Launcher@main] Found classpath entry '/C:/Users/victo/.m2/repository/org/apache/tomcat/embed/tomcat-embed-el/9.0.41/tomcat-embed-el-9.0.41.jar' 
2022-03-19 16:44:03.048 DEBUG [acme.Launcher@main] Found classpath entry '/C:/Users/victo/.m2/repository/org/eclipse/jdt/ecj/3.18.0/ecj-3.18.0.jar' 
2022-03-19 16:44:03.049 DEBUG [acme.Launcher@main] Found classpath entry '/C:/Users/victo/.m2/repository/javax/servlet/jstl/1.2/jstl-1.2.jar' 
2022-03-19 16:44:03.049 DEBUG [acme.Launcher@main] Found classpath entry '/C:/Users/victo/.m2/repository/org/springframework/boot/spring-boot-starter-test/2.4.2/spring-boot-starter-test-2.4.2.jar' 
2022-03-19 16:44:03.049 DEBUG [acme.Launcher@main] Found classpath entry '/C:/Users/victo/.m2/repository/org/springframework/boot/spring-boot-starter/2.4.2/spring-boot-starter-2.4.2.jar' 
2022-03-19 16:44:03.049 DEBUG [acme.Launcher@main] Found classpath entry '/C:/Users/victo/.m2/repository/org/springframework/boot/spring-boot/2.4.2/spring-boot-2.4.2.jar' 
2022-03-19 16:44:03.050 DEBUG [acme.Launcher@main] Found classpath entry '/C:/Users/victo/.m2/repository/org/springframework/boot/spring-boot-autoconfigure/2.4.2/spring-boot-autoconfigure-2.4.2.jar' 
2022-03-19 16:44:03.050 DEBUG [acme.Launcher@main] Found classpath entry '/C:/Users/victo/.m2/repository/org/springframework/boot/spring-boot-starter-logging/2.4.2/spring-boot-starter-logging-2.4.2.jar' 
2022-03-19 16:44:03.050 DEBUG [acme.Launcher@main] Found classpath entry '/C:/Users/victo/.m2/repository/ch/qos/logback/logback-classic/1.2.3/logback-classic-1.2.3.jar' 
2022-03-19 16:44:03.050 DEBUG [acme.Launcher@main] Found classpath entry '/C:/Users/victo/.m2/repository/ch/qos/logback/logback-core/1.2.3/logback-core-1.2.3.jar' 
2022-03-19 16:44:03.051 DEBUG [acme.Launcher@main] Found classpath entry '/C:/Users/victo/.m2/repository/org/apache/logging/log4j/log4j-to-slf4j/2.13.3/log4j-to-slf4j-2.13.3.jar' 
2022-03-19 16:44:03.051 DEBUG [acme.Launcher@main] Found classpath entry '/C:/Users/victo/.m2/repository/org/apache/logging/log4j/log4j-api/2.13.3/log4j-api-2.13.3.jar' 
2022-03-19 16:44:03.051 DEBUG [acme.Launcher@main] Found classpath entry '/C:/Users/victo/.m2/repository/org/slf4j/jul-to-slf4j/1.7.30/jul-to-slf4j-1.7.30.jar' 
2022-03-19 16:44:03.051 DEBUG [acme.Launcher@main] Found classpath entry '/C:/Users/victo/.m2/repository/org/yaml/snakeyaml/1.27/snakeyaml-1.27.jar' 
2022-03-19 16:44:03.052 DEBUG [acme.Launcher@main] Found classpath entry '/C:/Users/victo/.m2/repository/org/springframework/boot/spring-boot-test/2.4.2/spring-boot-test-2.4.2.jar' 
2022-03-19 16:44:03.052 DEBUG [acme.Launcher@main] Found classpath entry '/C:/Users/victo/.m2/repository/org/springframework/boot/spring-boot-test-autoconfigure/2.4.2/spring-boot-test-autoconfigure-2.4.2.jar' 
2022-03-19 16:44:03.052 DEBUG [acme.Launcher@main] Found classpath entry '/C:/Users/victo/.m2/repository/com/jayway/jsonpath/json-path/2.4.0/json-path-2.4.0.jar' 
2022-03-19 16:44:03.053 DEBUG [acme.Launcher@main] Found classpath entry '/C:/Users/victo/.m2/repository/net/minidev/json-smart/2.3/json-smart-2.3.jar' 
2022-03-19 16:44:03.053 DEBUG [acme.Launcher@main] Found classpath entry '/C:/Users/victo/.m2/repository/net/minidev/accessors-smart/1.2/accessors-smart-1.2.jar' 
2022-03-19 16:44:03.053 DEBUG [acme.Launcher@main] Found classpath entry '/C:/Users/victo/.m2/repository/org/ow2/asm/asm/5.0.4/asm-5.0.4.jar' 
2022-03-19 16:44:03.053 DEBUG [acme.Launcher@main] Found classpath entry '/C:/Users/victo/.m2/repository/jakarta/xml/bind/jakarta.xml.bind-api/2.3.3/jakarta.xml.bind-api-2.3.3.jar' 
2022-03-19 16:44:03.054 DEBUG [acme.Launcher@main] Found classpath entry '/C:/Users/victo/.m2/repository/jakarta/activation/jakarta.activation-api/1.2.2/jakarta.activation-api-1.2.2.jar' 
2022-03-19 16:44:03.054 DEBUG [acme.Launcher@main] Found classpath entry '/C:/Users/victo/.m2/repository/org/assertj/assertj-core/3.18.1/assertj-core-3.18.1.jar' 
2022-03-19 16:44:03.054 DEBUG [acme.Launcher@main] Found classpath entry '/C:/Users/victo/.m2/repository/org/hamcrest/hamcrest/2.2/hamcrest-2.2.jar' 
2022-03-19 16:44:03.054 DEBUG [acme.Launcher@main] Found classpath entry '/C:/Users/victo/.m2/repository/org/junit/jupiter/junit-jupiter/5.7.0/junit-jupiter-5.7.0.jar' 
2022-03-19 16:44:03.055 DEBUG [acme.Launcher@main] Found classpath entry '/C:/Users/victo/.m2/repository/org/mockito/mockito-core/3.6.28/mockito-core-3.6.28.jar' 
2022-03-19 16:44:03.055 DEBUG [acme.Launcher@main] Found classpath entry '/C:/Users/victo/.m2/repository/net/bytebuddy/byte-buddy-agent/1.10.19/byte-buddy-agent-1.10.19.jar' 
2022-03-19 16:44:03.056 DEBUG [acme.Launcher@main] Found classpath entry '/C:/Users/victo/.m2/repository/org/objenesis/objenesis/3.1/objenesis-3.1.jar' 
2022-03-19 16:44:03.056 DEBUG [acme.Launcher@main] Found classpath entry '/C:/Users/victo/.m2/repository/org/mockito/mockito-junit-jupiter/3.6.28/mockito-junit-jupiter-3.6.28.jar' 
2022-03-19 16:44:03.057 DEBUG [acme.Launcher@main] Found classpath entry '/C:/Users/victo/.m2/repository/org/skyscreamer/jsonassert/1.5.0/jsonassert-1.5.0.jar' 
2022-03-19 16:44:03.057 DEBUG [acme.Launcher@main] Found classpath entry '/C:/Users/victo/.m2/repository/com/vaadin/external/google/android-json/0.0.20131108.vaadin1/android-json-0.0.20131108.vaadin1.jar' 
2022-03-19 16:44:03.057 DEBUG [acme.Launcher@main] Found classpath entry '/C:/Users/victo/.m2/repository/org/springframework/spring-core/5.3.3/spring-core-5.3.3.jar' 
2022-03-19 16:44:03.057 DEBUG [acme.Launcher@main] Found classpath entry '/C:/Users/victo/.m2/repository/org/springframework/spring-jcl/5.3.3/spring-jcl-5.3.3.jar' 
2022-03-19 16:44:03.057 DEBUG [acme.Launcher@main] Found classpath entry '/C:/Users/victo/.m2/repository/org/springframework/spring-test/5.3.3/spring-test-5.3.3.jar' 
2022-03-19 16:44:03.057 DEBUG [acme.Launcher@main] Found classpath entry '/C:/Users/victo/.m2/repository/org/xmlunit/xmlunit-core/2.7.0/xmlunit-core-2.7.0.jar' 
2022-03-19 16:44:03.058 DEBUG [acme.Launcher@main] Found classpath entry '/C:/Users/victo/.m2/repository/org/springframework/boot/spring-boot-starter-security/2.4.2/spring-boot-starter-security-2.4.2.jar' 
2022-03-19 16:44:03.058 DEBUG [acme.Launcher@main] Found classpath entry '/C:/Users/victo/.m2/repository/org/springframework/spring-aop/5.3.3/spring-aop-5.3.3.jar' 
2022-03-19 16:44:03.058 DEBUG [acme.Launcher@main] Found classpath entry '/C:/Users/victo/.m2/repository/org/springframework/security/spring-security-web/5.4.2/spring-security-web-5.4.2.jar' 
2022-03-19 16:44:03.058 DEBUG [acme.Launcher@main] Found classpath entry '/C:/Users/victo/.m2/repository/org/springframework/security/spring-security-core/5.4.2/spring-security-core-5.4.2.jar' 
2022-03-19 16:44:03.058 DEBUG [acme.Launcher@main] Found classpath entry '/C:/Users/victo/.m2/repository/org/springframework/spring-beans/5.3.3/spring-beans-5.3.3.jar' 
2022-03-19 16:44:03.059 DEBUG [acme.Launcher@main] Found classpath entry '/C:/Users/victo/.m2/repository/org/springframework/spring-context/5.3.3/spring-context-5.3.3.jar' 
2022-03-19 16:44:03.059 DEBUG [acme.Launcher@main] Found classpath entry '/C:/Users/victo/.m2/repository/org/springframework/spring-expression/5.3.3/spring-expression-5.3.3.jar' 
2022-03-19 16:44:03.059 DEBUG [acme.Launcher@main] Found classpath entry '/C:/Users/victo/.m2/repository/org/springframework/spring-web/5.3.3/spring-web-5.3.3.jar' 
2022-03-19 16:44:03.059 DEBUG [acme.Launcher@main] Found classpath entry '/C:/Users/victo/.m2/repository/org/springframework/security/spring-security-config/5.4.2/spring-security-config-5.4.2.jar' 
2022-03-19 16:44:03.060 DEBUG [acme.Launcher@main] Found classpath entry '/C:/Users/victo/.m2/repository/org/springframework/security/spring-security-taglibs/5.4.2/spring-security-taglibs-5.4.2.jar' 
2022-03-19 16:44:03.060 DEBUG [acme.Launcher@main] Found classpath entry '/C:/Users/victo/.m2/repository/org/springframework/security/spring-security-acl/5.4.2/spring-security-acl-5.4.2.jar' 
2022-03-19 16:44:03.060 DEBUG [acme.Launcher@main] Found classpath entry '/C:/Users/victo/.m2/repository/org/springframework/spring-jdbc/5.3.3/spring-jdbc-5.3.3.jar' 
2022-03-19 16:44:03.061 DEBUG [acme.Launcher@main] Found classpath entry '/C:/Users/victo/.m2/repository/org/springframework/spring-tx/5.3.3/spring-tx-5.3.3.jar' 
2022-03-19 16:44:03.061 DEBUG [acme.Launcher@main] Found classpath entry '/C:/Users/victo/.m2/repository/org/springframework/boot/spring-boot-starter-web/2.4.2/spring-boot-starter-web-2.4.2.jar' 
2022-03-19 16:44:03.061 DEBUG [acme.Launcher@main] Found classpath entry '/C:/Users/victo/.m2/repository/org/springframework/boot/spring-boot-starter-json/2.4.2/spring-boot-starter-json-2.4.2.jar' 
2022-03-19 16:44:03.061 DEBUG [acme.Launcher@main] Found classpath entry '/C:/Users/victo/.m2/repository/com/fasterxml/jackson/core/jackson-databind/2.11.4/jackson-databind-2.11.4.jar' 
2022-03-19 16:44:03.061 DEBUG [acme.Launcher@main] Found classpath entry '/C:/Users/victo/.m2/repository/com/fasterxml/jackson/core/jackson-annotations/2.11.4/jackson-annotations-2.11.4.jar' 
2022-03-19 16:44:03.061 DEBUG [acme.Launcher@main] Found classpath entry '/C:/Users/victo/.m2/repository/com/fasterxml/jackson/core/jackson-core/2.11.4/jackson-core-2.11.4.jar' 
2022-03-19 16:44:03.061 DEBUG [acme.Launcher@main] Found classpath entry '/C:/Users/victo/.m2/repository/com/fasterxml/jackson/datatype/jackson-datatype-jdk8/2.11.4/jackson-datatype-jdk8-2.11.4.jar' 
2022-03-19 16:44:03.062 DEBUG [acme.Launcher@main] Found classpath entry '/C:/Users/victo/.m2/repository/com/fasterxml/jackson/datatype/jackson-datatype-jsr310/2.11.4/jackson-datatype-jsr310-2.11.4.jar' 
2022-03-19 16:44:03.062 DEBUG [acme.Launcher@main] Found classpath entry '/C:/Users/victo/.m2/repository/com/fasterxml/jackson/module/jackson-module-parameter-names/2.11.4/jackson-module-parameter-names-2.11.4.jar' 
2022-03-19 16:44:03.062 DEBUG [acme.Launcher@main] Found classpath entry '/C:/Users/victo/.m2/repository/org/springframework/spring-webmvc/5.3.3/spring-webmvc-5.3.3.jar' 
2022-03-19 16:44:03.062 DEBUG [acme.Launcher@main] Found classpath entry '/C:/Users/victo/.m2/repository/org/apache/tiles/tiles-jsp/3.0.8/tiles-jsp-3.0.8.jar' 
2022-03-19 16:44:03.062 DEBUG [acme.Launcher@main] Found classpath entry '/C:/Users/victo/.m2/repository/org/apache/tiles/tiles-servlet/3.0.8/tiles-servlet-3.0.8.jar' 
2022-03-19 16:44:03.062 DEBUG [acme.Launcher@main] Found classpath entry '/C:/Users/victo/.m2/repository/org/apache/tiles/tiles-core/3.0.8/tiles-core-3.0.8.jar' 
2022-03-19 16:44:03.063 DEBUG [acme.Launcher@main] Found classpath entry '/C:/Users/victo/.m2/repository/commons-digester/commons-digester/2.0/commons-digester-2.0.jar' 
2022-03-19 16:44:03.063 DEBUG [acme.Launcher@main] Found classpath entry '/C:/Users/victo/.m2/repository/org/slf4j/jcl-over-slf4j/1.7.30/jcl-over-slf4j-1.7.30.jar' 
2022-03-19 16:44:03.063 DEBUG [acme.Launcher@main] Found classpath entry '/C:/Users/victo/.m2/repository/org/apache/tiles/tiles-request-servlet/1.0.7/tiles-request-servlet-1.0.7.jar' 
2022-03-19 16:44:03.063 DEBUG [acme.Launcher@main] Found classpath entry '/C:/Users/victo/.m2/repository/org/apache/tiles/tiles-template/3.0.8/tiles-template-3.0.8.jar' 
2022-03-19 16:44:03.063 DEBUG [acme.Launcher@main] Found classpath entry '/C:/Users/victo/.m2/repository/org/apache/tiles/tiles-api/3.0.8/tiles-api-3.0.8.jar' 
2022-03-19 16:44:03.064 DEBUG [acme.Launcher@main] Found classpath entry '/C:/Users/victo/.m2/repository/org/apache/tiles/tiles-autotag-core-runtime/1.2/tiles-autotag-core-runtime-1.2.jar' 
2022-03-19 16:44:03.064 DEBUG [acme.Launcher@main] Found classpath entry '/C:/Users/victo/.m2/repository/org/slf4j/slf4j-api/1.7.30/slf4j-api-1.7.30.jar' 
2022-03-19 16:44:03.064 DEBUG [acme.Launcher@main] Found classpath entry '/C:/Users/victo/.m2/repository/org/apache/tiles/tiles-request-jsp/1.0.7/tiles-request-jsp-1.0.7.jar' 
2022-03-19 16:44:03.064 DEBUG [acme.Launcher@main] Found classpath entry '/C:/Users/victo/.m2/repository/org/apache/tiles/tiles-request-api/1.0.7/tiles-request-api-1.0.7.jar' 
2022-03-19 16:44:03.064 DEBUG [acme.Launcher@main] Found classpath entry '/C:/Users/victo/.m2/repository/org/springframework/boot/spring-boot-starter-data-jpa/2.4.2/spring-boot-starter-data-jpa-2.4.2.jar' 
2022-03-19 16:44:03.064 DEBUG [acme.Launcher@main] Found classpath entry '/C:/Users/victo/.m2/repository/org/springframework/boot/spring-boot-starter-aop/2.4.2/spring-boot-starter-aop-2.4.2.jar' 
2022-03-19 16:44:03.065 DEBUG [acme.Launcher@main] Found classpath entry '/C:/Users/victo/.m2/repository/org/aspectj/aspectjweaver/1.9.6/aspectjweaver-1.9.6.jar' 
2022-03-19 16:44:03.065 DEBUG [acme.Launcher@main] Found classpath entry '/C:/Users/victo/.m2/repository/org/springframework/boot/spring-boot-starter-jdbc/2.4.2/spring-boot-starter-jdbc-2.4.2.jar' 
2022-03-19 16:44:03.065 DEBUG [acme.Launcher@main] Found classpath entry '/C:/Users/victo/.m2/repository/jakarta/transaction/jakarta.transaction-api/1.3.3/jakarta.transaction-api-1.3.3.jar' 
2022-03-19 16:44:03.066 DEBUG [acme.Launcher@main] Found classpath entry '/C:/Users/victo/.m2/repository/jakarta/persistence/jakarta.persistence-api/2.2.3/jakarta.persistence-api-2.2.3.jar' 
2022-03-19 16:44:03.066 DEBUG [acme.Launcher@main] Found classpath entry '/C:/Users/victo/.m2/repository/org/hibernate/hibernate-core/5.4.27.Final/hibernate-core-5.4.27.Final.jar' 
2022-03-19 16:44:03.066 DEBUG [acme.Launcher@main] Found classpath entry '/C:/Users/victo/.m2/repository/org/jboss/logging/jboss-logging/3.4.1.Final/jboss-logging-3.4.1.Final.jar' 
2022-03-19 16:44:03.066 DEBUG [acme.Launcher@main] Found classpath entry '/C:/Users/victo/.m2/repository/org/javassist/javassist/3.27.0-GA/javassist-3.27.0-GA.jar' 
2022-03-19 16:44:03.066 DEBUG [acme.Launcher@main] Found classpath entry '/C:/Users/victo/.m2/repository/antlr/antlr/2.7.7/antlr-2.7.7.jar' 
2022-03-19 16:44:03.067 DEBUG [acme.Launcher@main] Found classpath entry '/C:/Users/victo/.m2/repository/org/jboss/jandex/2.1.3.Final/jandex-2.1.3.Final.jar' 
2022-03-19 16:44:03.067 DEBUG [acme.Launcher@main] Found classpath entry '/C:/Users/victo/.m2/repository/com/fasterxml/classmate/1.5.1/classmate-1.5.1.jar' 
2022-03-19 16:44:03.067 DEBUG [acme.Launcher@main] Found classpath entry '/C:/Users/victo/.m2/repository/org/dom4j/dom4j/2.1.3/dom4j-2.1.3.jar' 
2022-03-19 16:44:03.067 DEBUG [acme.Launcher@main] Found classpath entry '/C:/Users/victo/.m2/repository/org/hibernate/common/hibernate-commons-annotations/5.1.2.Final/hibernate-commons-annotations-5.1.2.Final.jar' 
2022-03-19 16:44:03.067 DEBUG [acme.Launcher@main] Found classpath entry '/C:/Users/victo/.m2/repository/org/glassfish/jaxb/jaxb-runtime/2.3.3/jaxb-runtime-2.3.3.jar' 
2022-03-19 16:44:03.067 DEBUG [acme.Launcher@main] Found classpath entry '/C:/Users/victo/.m2/repository/org/glassfish/jaxb/txw2/2.3.3/txw2-2.3.3.jar' 
2022-03-19 16:44:03.067 DEBUG [acme.Launcher@main] Found classpath entry '/C:/Users/victo/.m2/repository/com/sun/istack/istack-commons-runtime/3.0.11/istack-commons-runtime-3.0.11.jar' 
2022-03-19 16:44:03.067 DEBUG [acme.Launcher@main] Found classpath entry '/C:/Users/victo/.m2/repository/com/sun/activation/jakarta.activation/1.2.2/jakarta.activation-1.2.2.jar' 
2022-03-19 16:44:03.067 DEBUG [acme.Launcher@main] Found classpath entry '/C:/Users/victo/.m2/repository/org/springframework/data/spring-data-jpa/2.4.3/spring-data-jpa-2.4.3.jar' 
2022-03-19 16:44:03.068 DEBUG [acme.Launcher@main] Found classpath entry '/C:/Users/victo/.m2/repository/org/springframework/data/spring-data-commons/2.4.3/spring-data-commons-2.4.3.jar' 
2022-03-19 16:44:03.068 DEBUG [acme.Launcher@main] Found classpath entry '/C:/Users/victo/.m2/repository/org/springframework/spring-orm/5.3.3/spring-orm-5.3.3.jar' 
2022-03-19 16:44:03.068 DEBUG [acme.Launcher@main] Found classpath entry '/C:/Users/victo/.m2/repository/org/springframework/spring-aspects/5.3.3/spring-aspects-5.3.3.jar' 
2022-03-19 16:44:03.068 DEBUG [acme.Launcher@main] Found classpath entry '/C:/Users/victo/.m2/repository/org/springframework/boot/spring-boot-starter-validation/2.4.2/spring-boot-starter-validation-2.4.2.jar' 
2022-03-19 16:44:03.068 DEBUG [acme.Launcher@main] Found classpath entry '/C:/Users/victo/.m2/repository/org/hibernate/validator/hibernate-validator/6.1.7.Final/hibernate-validator-6.1.7.Final.jar' 
2022-03-19 16:44:03.068 DEBUG [acme.Launcher@main] Found classpath entry '/C:/Users/victo/.m2/repository/jakarta/validation/jakarta.validation-api/2.0.2/jakarta.validation-api-2.0.2.jar' 
2022-03-19 16:44:03.069 DEBUG [acme.Launcher@main] Found classpath entry '/C:/Users/victo/.m2/repository/mysql/mysql-connector-java/8.0.22/mysql-connector-java-8.0.22.jar' 
2022-03-19 16:44:03.069 DEBUG [acme.Launcher@main] Found classpath entry '/C:/Users/victo/.m2/repository/com/zaxxer/HikariCP/3.4.5/HikariCP-3.4.5.jar' 
2022-03-19 16:44:03.069 DEBUG [acme.Launcher@main] Found classpath entry '/C:/Users/victo/.m2/repository/org/junit/jupiter/junit-jupiter-engine/5.7.0/junit-jupiter-engine-5.7.0.jar' 
2022-03-19 16:44:03.069 DEBUG [acme.Launcher@main] Found classpath entry '/C:/Users/victo/.m2/repository/org/apiguardian/apiguardian-api/1.1.0/apiguardian-api-1.1.0.jar' 
2022-03-19 16:44:03.069 DEBUG [acme.Launcher@main] Found classpath entry '/C:/Users/victo/.m2/repository/org/junit/platform/junit-platform-engine/1.7.0/junit-platform-engine-1.7.0.jar' 
2022-03-19 16:44:03.069 DEBUG [acme.Launcher@main] Found classpath entry '/C:/Users/victo/.m2/repository/org/junit/jupiter/junit-jupiter-api/5.7.0/junit-jupiter-api-5.7.0.jar' 
2022-03-19 16:44:03.069 DEBUG [acme.Launcher@main] Found classpath entry '/C:/Users/victo/.m2/repository/org/opentest4j/opentest4j/1.2.0/opentest4j-1.2.0.jar' 
2022-03-19 16:44:03.070 DEBUG [acme.Launcher@main] Found classpath entry '/C:/Users/victo/.m2/repository/org/junit/platform/junit-platform-commons/1.7.0/junit-platform-commons-1.7.0.jar' 
2022-03-19 16:44:03.070 DEBUG [acme.Launcher@main] Found classpath entry '/C:/Users/victo/.m2/repository/org/junit/jupiter/junit-jupiter-params/5.7.0/junit-jupiter-params-5.7.0.jar' 
2022-03-19 16:44:03.070 DEBUG [acme.Launcher@main] Found classpath entry '/C:/Users/victo/.m2/repository/org/junit/platform/junit-platform-launcher/1.7.0/junit-platform-launcher-1.7.0.jar' 
2022-03-19 16:44:03.070 DEBUG [acme.Launcher@main] Found classpath entry '/C:/Users/victo/.m2/repository/org/seleniumhq/selenium/selenium-java/3.141.59/selenium-java-3.141.59.jar' 
2022-03-19 16:44:03.070 DEBUG [acme.Launcher@main] Found classpath entry '/C:/Users/victo/.m2/repository/org/seleniumhq/selenium/selenium-api/3.141.59/selenium-api-3.141.59.jar' 
2022-03-19 16:44:03.071 DEBUG [acme.Launcher@main] Found classpath entry '/C:/Users/victo/.m2/repository/org/seleniumhq/selenium/selenium-chrome-driver/3.141.59/selenium-chrome-driver-3.141.59.jar' 
2022-03-19 16:44:03.071 DEBUG [acme.Launcher@main] Found classpath entry '/C:/Users/victo/.m2/repository/org/seleniumhq/selenium/selenium-edge-driver/3.141.59/selenium-edge-driver-3.141.59.jar' 
2022-03-19 16:44:03.071 DEBUG [acme.Launcher@main] Found classpath entry '/C:/Users/victo/.m2/repository/org/seleniumhq/selenium/selenium-firefox-driver/3.141.59/selenium-firefox-driver-3.141.59.jar' 
2022-03-19 16:44:03.071 DEBUG [acme.Launcher@main] Found classpath entry '/C:/Users/victo/.m2/repository/org/seleniumhq/selenium/selenium-ie-driver/3.141.59/selenium-ie-driver-3.141.59.jar' 
2022-03-19 16:44:03.071 DEBUG [acme.Launcher@main] Found classpath entry '/C:/Users/victo/.m2/repository/org/seleniumhq/selenium/selenium-opera-driver/3.141.59/selenium-opera-driver-3.141.59.jar' 
2022-03-19 16:44:03.072 DEBUG [acme.Launcher@main] Found classpath entry '/C:/Users/victo/.m2/repository/org/seleniumhq/selenium/selenium-remote-driver/3.141.59/selenium-remote-driver-3.141.59.jar' 
2022-03-19 16:44:03.072 DEBUG [acme.Launcher@main] Found classpath entry '/C:/Users/victo/.m2/repository/org/seleniumhq/selenium/selenium-safari-driver/3.141.59/selenium-safari-driver-3.141.59.jar' 
2022-03-19 16:44:03.072 DEBUG [acme.Launcher@main] Found classpath entry '/C:/Users/victo/.m2/repository/org/seleniumhq/selenium/selenium-support/3.141.59/selenium-support-3.141.59.jar' 
2022-03-19 16:44:03.072 DEBUG [acme.Launcher@main] Found classpath entry '/C:/Users/victo/.m2/repository/net/bytebuddy/byte-buddy/1.10.19/byte-buddy-1.10.19.jar' 
2022-03-19 16:44:03.072 DEBUG [acme.Launcher@main] Found classpath entry '/C:/Users/victo/.m2/repository/org/apache/commons/commons-exec/1.3/commons-exec-1.3.jar' 
2022-03-19 16:44:03.073 DEBUG [acme.Launcher@main] Found classpath entry '/C:/Users/victo/.m2/repository/com/google/guava/guava/25.0-jre/guava-25.0-jre.jar' 
2022-03-19 16:44:03.073 DEBUG [acme.Launcher@main] Found classpath entry '/C:/Users/victo/.m2/repository/com/google/code/findbugs/jsr305/1.3.9/jsr305-1.3.9.jar' 
2022-03-19 16:44:03.073 DEBUG [acme.Launcher@main] Found classpath entry '/C:/Users/victo/.m2/repository/org/checkerframework/checker-compat-qual/2.0.0/checker-compat-qual-2.0.0.jar' 
2022-03-19 16:44:03.073 DEBUG [acme.Launcher@main] Found classpath entry '/C:/Users/victo/.m2/repository/com/google/errorprone/error_prone_annotations/2.1.3/error_prone_annotations-2.1.3.jar' 
2022-03-19 16:44:03.073 DEBUG [acme.Launcher@main] Found classpath entry '/C:/Users/victo/.m2/repository/com/google/j2objc/j2objc-annotations/1.1/j2objc-annotations-1.1.jar' 
2022-03-19 16:44:03.074 DEBUG [acme.Launcher@main] Found classpath entry '/C:/Users/victo/.m2/repository/org/codehaus/mojo/animal-sniffer-annotations/1.14/animal-sniffer-annotations-1.14.jar' 
2022-03-19 16:44:03.074 DEBUG [acme.Launcher@main] Found classpath entry '/C:/Users/victo/.m2/repository/com/squareup/okhttp3/okhttp/3.14.9/okhttp-3.14.9.jar' 
2022-03-19 16:44:03.074 DEBUG [acme.Launcher@main] Found classpath entry '/C:/Users/victo/.m2/repository/com/squareup/okio/okio/1.14.0/okio-1.14.0.jar' 
2022-03-19 16:44:03.074 DEBUG [acme.Launcher@main] Found classpath entry '/C:/Users/victo/.m2/repository/org/apache/commons/commons-lang3/3.11/commons-lang3-3.11.jar' 
2022-03-19 16:44:03.075 DEBUG [acme.Launcher@main] Found classpath entry '/C:/Users/victo/.m2/repository/org/apache/commons/commons-text/1.8/commons-text-1.8.jar' 
2022-03-19 16:44:03.075 DEBUG [acme.Launcher@main] Found classpath entry '/C:/Users/victo/.m2/repository/commons-io/commons-io/2.6/commons-io-2.6.jar' 
2022-03-19 16:44:03.075 DEBUG [acme.Launcher@main] Found classpath entry '/C:/Users/victo/.m2/repository/commons-cli/commons-cli/1.4/commons-cli-1.4.jar' 
2022-03-19 16:44:03.075 DEBUG [acme.Launcher@main] Found classpath entry '/C:/Users/victo/.m2/repository/org/projectlombok/lombok/1.18.16/lombok-1.18.16.jar' 
2022-03-19 16:44:03.075 DEBUG [acme.Launcher@main] Found classpath entry '/C:/Users/victo/.m2/repository/com/opencsv/opencsv/5.4/opencsv-5.4.jar' 
2022-03-19 16:44:03.075 DEBUG [acme.Launcher@main] Found classpath entry '/C:/Users/victo/.m2/repository/commons-beanutils/commons-beanutils/1.9.4/commons-beanutils-1.9.4.jar' 
2022-03-19 16:44:03.075 DEBUG [acme.Launcher@main] Found classpath entry '/C:/Users/victo/.m2/repository/commons-logging/commons-logging/1.2/commons-logging-1.2.jar' 
2022-03-19 16:44:03.075 DEBUG [acme.Launcher@main] Found classpath entry '/C:/Users/victo/.m2/repository/commons-collections/commons-collections/3.2.2/commons-collections-3.2.2.jar' 
2022-03-19 16:44:03.076 DEBUG [acme.Launcher@main] Found classpath entry '/C:/Users/victo/.m2/repository/org/apache/commons/commons-collections4/4.4/commons-collections4-4.4.jar' 
2022-03-19 16:44:03.076 DEBUG [acme.Launcher@main] Found classpath entry '/C:/Users/victo/OneDrive/Escritorio/UNI/DP2/workspace/Workspace-22.0/Frameworks/Acme-Framework-22.1/target/classes/' 
2022-03-19 16:44:03.076 DEBUG [acme.Launcher@main] Found classpath entry '/C:/Users/victo/OneDrive/Escritorio/UNI/DP2/workspace/Workspace-22.0/Frameworks/Acme-Framework-22.1/target/test-classes/' 
2022-03-19 16:44:03.076 DEBUG [acme.Launcher@main] Found classpath entry '/C:/Users/victo/OneDrive/Escritorio/UNI/DP2/workspace/Workspace-22.0/Tools/IDEs/eclipse-jee-2021-12-R/configuration/org.eclipse.osgi/418/0/.cp/lib/javaagent-shaded.jar' 
2022-03-19 16:44:03.144 DEBUG [acme.Launcher@main] Found entity class 'acme.entities.Announcement 
2022-03-19 16:44:03.145 DEBUG [acme.Launcher@main] Found entity class 'acme.entities.Chirp 
2022-03-19 16:44:03.145 DEBUG [acme.Launcher@main] Found entity class 'acme.entities.Item 
2022-03-19 16:44:03.145 DEBUG [acme.Launcher@main] Found entity class 'acme.entities.Patronage 
2022-03-19 16:44:03.145 DEBUG [acme.Launcher@main] Found entity class 'acme.entities.PatronageReport 
2022-03-19 16:44:03.145 DEBUG [acme.Launcher@main] Found entity class 'acme.entities.Quantity 
2022-03-19 16:44:03.145 DEBUG [acme.Launcher@main] Found entity class 'acme.entities.ToolKit 
2022-03-19 16:44:03.146 DEBUG [acme.Launcher@main] Found entity class 'acme.roles.Consumer 
2022-03-19 16:44:03.146 DEBUG [acme.Launcher@main] Found entity class 'acme.roles.Inventor 
2022-03-19 16:44:03.146 DEBUG [acme.Launcher@main] Found entity class 'acme.roles.Patron 
2022-03-19 16:44:03.146 DEBUG [acme.Launcher@main] Found entity class 'acme.roles.Provider 
2022-03-19 16:44:03.146 DEBUG [acme.Launcher@main] Found entity class 'acme.framework.entities.UserAccount 
2022-03-19 16:44:03.146 DEBUG [acme.Launcher@main] Found entity class 'acme.framework.roles.Administrator 
2022-03-19 16:44:03.146 DEBUG [acme.Launcher@main] Found entity class 'acme.framework.roles.Anonymous 
2022-03-19 16:44:03.146 DEBUG [acme.Launcher@main] Found entity class 'acme.framework.roles.Authenticated 
2022-03-19 16:44:03.153 INFO  [acme.Launcher@main] Populating (initial data) 
2022-03-19 16:44:03.154 INFO  [acme.framework.components.database.DatabasePopulator@main] Building database schema 
2022-03-19 16:44:03.202 DEBUG [acme.framework.components.database.DatabaseUtil@main] Executing script. 
2022-03-19 16:44:03.204 DEBUG [acme.framework.components.database.DatabaseUtil@main] Starting new transaction. 
2022-03-19 16:44:03.217 DEBUG [acme.framework.components.database.DatabaseUtil@main] Executing command 'set transaction isolation level read uncommitted;'. 
2022-03-19 16:44:03.234 DEBUG [acme.framework.components.database.DatabaseUtil@main] Starting transaction '705531384'. 
2022-03-19 16:44:03.234 DEBUG [acme.framework.components.database.DatabaseUtil@main] Executing script command 'set foreign_key_checks=0'. 
2022-03-19 16:44:03.235 DEBUG [acme.framework.components.database.DatabaseUtil@main] Executing script command 'drop table if exists administrator'. 
2022-03-19 16:44:03.246 DEBUG [acme.framework.components.database.DatabaseUtil@main] Executing script command 'drop table if exists announcement'. 
2022-03-19 16:44:03.257 DEBUG [acme.framework.components.database.DatabaseUtil@main] Executing script command 'drop table if exists anonymous'. 
2022-03-19 16:44:03.268 DEBUG [acme.framework.components.database.DatabaseUtil@main] Executing script command 'drop table if exists authenticated'. 
2022-03-19 16:44:03.279 DEBUG [acme.framework.components.database.DatabaseUtil@main] Executing script command 'drop table if exists chirp'. 
2022-03-19 16:44:03.291 DEBUG [acme.framework.components.database.DatabaseUtil@main] Executing script command 'drop table if exists consumer'. 
2022-03-19 16:44:03.302 DEBUG [acme.framework.components.database.DatabaseUtil@main] Executing script command 'drop table if exists hibernate_sequence'. 
2022-03-19 16:44:03.314 DEBUG [acme.framework.components.database.DatabaseUtil@main] Executing script command 'drop table if exists inventor'. 
2022-03-19 16:44:03.326 DEBUG [acme.framework.components.database.DatabaseUtil@main] Executing script command 'drop table if exists item'. 
2022-03-19 16:44:03.337 DEBUG [acme.framework.components.database.DatabaseUtil@main] Executing script command 'drop table if exists patron'. 
2022-03-19 16:44:03.348 DEBUG [acme.framework.components.database.DatabaseUtil@main] Executing script command 'drop table if exists patronage'. 
2022-03-19 16:44:03.362 DEBUG [acme.framework.components.database.DatabaseUtil@main] Executing script command 'drop table if exists patronage_report'. 
2022-03-19 16:44:03.375 DEBUG [acme.framework.components.database.DatabaseUtil@main] Executing script command 'drop table if exists provider'. 
2022-03-19 16:44:03.388 DEBUG [acme.framework.components.database.DatabaseUtil@main] Executing script command 'drop table if exists quantity'. 
2022-03-19 16:44:03.401 DEBUG [acme.framework.components.database.DatabaseUtil@main] Executing script command 'drop table if exists tool_kit'. 
2022-03-19 16:44:03.412 DEBUG [acme.framework.components.database.DatabaseUtil@main] Executing script command 'drop table if exists user_account'. 
2022-03-19 16:44:03.421 DEBUG [acme.framework.components.database.DatabaseUtil@main] Executing script command 'set foreign_key_checks=1'. 
2022-03-19 16:44:03.421 DEBUG [acme.framework.components.database.DatabaseUtil@main] Committing transaction '705531384'. 
2022-03-19 16:44:03.435 DEBUG [acme.framework.components.database.DatabaseUtil@main] Executing script. 
2022-03-19 16:44:03.435 DEBUG [acme.framework.components.database.DatabaseUtil@main] Starting new transaction. 
2022-03-19 16:44:03.435 DEBUG [acme.framework.components.database.DatabaseUtil@main] Executing command 'set transaction isolation level read uncommitted;'. 
2022-03-19 16:44:03.436 DEBUG [acme.framework.components.database.DatabaseUtil@main] Starting transaction '756603373'. 
2022-03-19 16:44:03.436 DEBUG [acme.framework.components.database.DatabaseUtil@main] Executing script command 'set foreign_key_checks=0'. 
2022-03-19 16:44:03.436 DEBUG [acme.framework.components.database.DatabaseUtil@main] Executing script command 'create table administrator (id integer not null, version integer not null, user_account_id integer, primary key (id)) engine=InnoDB'. 
2022-03-19 16:44:03.454 DEBUG [acme.framework.components.database.DatabaseUtil@main] Executing script command 'create table announcement (id integer not null, version integer not null, body varchar(255), creation_moment datetime, critical bit, optional_link varchar(255), title varchar(255), primary key (id)) engine=InnoDB'. 
2022-03-19 16:44:03.473 DEBUG [acme.framework.components.database.DatabaseUtil@main] Executing script command 'create table anonymous (id integer not null, version integer not null, user_account_id integer, primary key (id)) engine=InnoDB'. 
2022-03-19 16:44:03.492 DEBUG [acme.framework.components.database.DatabaseUtil@main] Executing script command 'create table authenticated (id integer not null, version integer not null, user_account_id integer, primary key (id)) engine=InnoDB'. 
2022-03-19 16:44:03.511 DEBUG [acme.framework.components.database.DatabaseUtil@main] Executing script command 'create table chirp (id integer not null, version integer not null, author varchar(255), body varchar(255), creation_moment datetime, email varchar(255), title varchar(255), primary key (id)) engine=InnoDB'. 
2022-03-19 16:44:03.531 DEBUG [acme.framework.components.database.DatabaseUtil@main] Executing script command 'create table consumer (id integer not null, version integer not null, user_account_id integer, company varchar(255), sector varchar(255), primary key (id)) engine=InnoDB'. 
2022-03-19 16:44:03.550 DEBUG [acme.framework.components.database.DatabaseUtil@main] Executing script command 'create table hibernate_sequence (next_val bigint) engine=InnoDB'. 
2022-03-19 16:44:03.570 DEBUG [acme.framework.components.database.DatabaseUtil@main] Executing script command 'insert into hibernate_sequence values ( 1 )'. 
2022-03-19 16:44:03.578 DEBUG [acme.framework.components.database.DatabaseUtil@main] Executing script command 'create table inventor (id integer not null, version integer not null, user_account_id integer, company varchar(255), info varchar(255), statement varchar(255), primary key (id)) engine=InnoDB'. 
2022-03-19 16:44:03.598 DEBUG [acme.framework.components.database.DatabaseUtil@main] Executing script command 'create table item (id integer not null, version integer not null, code varchar(255), description varchar(255), name varchar(255), optional_link varchar(255), retail_price_amount double precision, retail_price_currency varchar(255), technology varchar(255), type integer, primary key (id)) engine=InnoDB'. 
2022-03-19 16:44:03.618 DEBUG [acme.framework.components.database.DatabaseUtil@main] Executing script command 'create table patron (id integer not null, version integer not null, user_account_id integer, company varchar(255), info varchar(255), statement varchar(255), primary key (id)) engine=InnoDB'. 
2022-03-19 16:44:03.640 DEBUG [acme.framework.components.database.DatabaseUtil@main] Executing script command 'create table patronage (id integer not null, version integer not null, budget_amount double precision, budget_currency varchar(255), code varchar(255), creation_date datetime, finish_date datetime, legal_stuff varchar(255), more_info varchar(255), start_date datetime, status integer, inventor_id integer not null, patron_id integer not null, primary key (id)) engine=InnoDB'. 
2022-03-19 16:44:03.659 DEBUG [acme.framework.components.database.DatabaseUtil@main] Executing script command 'create table patronage_report (id integer not null, version integer not null, creation_date datetime, memorandum varchar(255), optional_link varchar(255), patronage_id integer not null, primary key (id)) engine=InnoDB'. 
2022-03-19 16:44:03.678 DEBUG [acme.framework.components.database.DatabaseUtil@main] Executing script command 'create table provider (id integer not null, version integer not null, user_account_id integer, company varchar(255), sector varchar(255), primary key (id)) engine=InnoDB'. 
2022-03-19 16:44:03.700 DEBUG [acme.framework.components.database.DatabaseUtil@main] Executing script command 'create table quantity (id integer not null, version integer not null, quantity integer not null, item_id integer not null, toolkit_id integer not null, primary key (id)) engine=InnoDB'. 
2022-03-19 16:44:03.721 DEBUG [acme.framework.components.database.DatabaseUtil@main] Executing script command 'create table tool_kit (id integer not null, version integer not null, assembly_notes varchar(255), code varchar(255), description varchar(255), optional_link varchar(255), title varchar(255), primary key (id)) engine=InnoDB'. 
2022-03-19 16:44:03.743 DEBUG [acme.framework.components.database.DatabaseUtil@main] Executing script command 'create table user_account (id integer not null, version integer not null, enabled bit not null, identity blob, password varchar(255), username varchar(255), primary key (id)) engine=InnoDB'. 
2022-03-19 16:44:03.763 DEBUG [acme.framework.components.database.DatabaseUtil@main] Executing script command 'alter table item add constraint UK_6cgogdarkq48dlg1lbnv4q1oq unique (code)'. 
2022-03-19 16:44:03.794 DEBUG [acme.framework.components.database.DatabaseUtil@main] Executing script command 'alter table patronage add constraint UK_7s289l63ihnn85qwyna5cqbfh unique (code)'. 
2022-03-19 16:44:03.825 DEBUG [acme.framework.components.database.DatabaseUtil@main] Executing script command 'alter table tool_kit add constraint UK_hh417ujk9uobk95o9or9kcekd unique (code)'. 
2022-03-19 16:44:03.852 DEBUG [acme.framework.components.database.DatabaseUtil@main] Executing script command 'alter table user_account add constraint UK_castjbvpeeus0r8lbpehiu0e4 unique (username)'. 
2022-03-19 16:44:03.882 DEBUG [acme.framework.components.database.DatabaseUtil@main] Executing script command 'alter table administrator add constraint FK_2a5vcjo3stlfcwadosjfq49l1 foreign key (user_account_id) references user_account (id)'. 
2022-03-19 16:44:03.915 DEBUG [acme.framework.components.database.DatabaseUtil@main] Executing script command 'alter table anonymous add constraint FK_6lnbc6fo3om54vugoh8icg78m foreign key (user_account_id) references user_account (id)'. 
2022-03-19 16:44:03.951 DEBUG [acme.framework.components.database.DatabaseUtil@main] Executing script command 'alter table authenticated add constraint FK_h52w0f3wjoi68b63wv9vwon57 foreign key (user_account_id) references user_account (id)'. 
2022-03-19 16:44:03.986 DEBUG [acme.framework.components.database.DatabaseUtil@main] Executing script command 'alter table consumer add constraint FK_6cyha9f1wpj0dpbxrrjddrqed foreign key (user_account_id) references user_account (id)'. 
2022-03-19 16:44:04.023 DEBUG [acme.framework.components.database.DatabaseUtil@main] Executing script command 'alter table inventor add constraint FK_2upmsx50p5pou2l4uy8trxor6 foreign key (user_account_id) references user_account (id)'. 
2022-03-19 16:44:04.057 DEBUG [acme.framework.components.database.DatabaseUtil@main] Executing script command 'alter table patron add constraint FK_8xx5nujhuio3advxc2freyu65 foreign key (user_account_id) references user_account (id)'. 
2022-03-19 16:44:04.090 DEBUG [acme.framework.components.database.DatabaseUtil@main] Executing script command 'alter table patronage add constraint FKgkbt6mel1m6joiypsbc2ko6mi foreign key (inventor_id) references inventor (id)'. 
2022-03-19 16:44:04.125 DEBUG [acme.framework.components.database.DatabaseUtil@main] Executing script command 'alter table patronage add constraint FK7d5o2dlu1d9orplkn5g91lsgc foreign key (patron_id) references patron (id)'. 
2022-03-19 16:44:04.161 DEBUG [acme.framework.components.database.DatabaseUtil@main] Executing script command 'alter table patronage_report add constraint FKli7rh2qb2q6bjix6b8o2dpt41 foreign key (patronage_id) references patronage (id)'. 
2022-03-19 16:44:04.196 DEBUG [acme.framework.components.database.DatabaseUtil@main] Executing script command 'alter table provider add constraint FK_b1gwnjqm6ggy9yuiqm0o4rlmd foreign key (user_account_id) references user_account (id)'. 
2022-03-19 16:44:04.231 DEBUG [acme.framework.components.database.DatabaseUtil@main] Executing script command 'alter table quantity add constraint FK6v7ckbce1j36j4b7mubnk66bx foreign key (item_id) references item (id)'. 
2022-03-19 16:44:04.265 DEBUG [acme.framework.components.database.DatabaseUtil@main] Executing script command 'alter table quantity add constraint FKk5syv11wt3m74xah77oyhhswx foreign key (toolkit_id) references tool_kit (id)'. 
2022-03-19 16:44:04.296 DEBUG [acme.framework.components.database.DatabaseUtil@main] Executing script command 'set foreign_key_checks=1'. 
2022-03-19 16:44:04.298 DEBUG [acme.framework.components.database.DatabaseUtil@main] Committing transaction '756603373'. 
2022-03-19 16:44:04.303 INFO  [acme.framework.components.database.DatabasePopulator@main] Reading entities from 'classpath:/WEB-INF/resources/initial-data' 
2022-03-19 16:44:04.316 DEBUG [acme.framework.components.database.Dataset@main] Reading dataset from 'C:\Users\victo\OneDrive\Escritorio\UNI\DP2\workspace\Workspace-22.0\Projects\G1-E2.01\target\classes\WEB-INF\resources\initial-data\administrator.csv' 
2022-03-19 16:44:04.393 DEBUG [acme.framework.components.database.Dataset@main] Reading mapping '{key:user-account=user-account-administrator-01, key=administrator-01}' from 'C:\Users\victo\OneDrive\Escritorio\UNI\DP2\workspace\Workspace-22.0\Projects\G1-E2.01\target\classes\WEB-INF\resources\initial-data\administrator.csv' 
2022-03-19 16:44:04.396 DEBUG [acme.framework.components.database.Dataset@main] Reading dataset from 'C:\Users\victo\OneDrive\Escritorio\UNI\DP2\workspace\Workspace-22.0\Projects\G1-E2.01\target\classes\WEB-INF\resources\initial-data\anonymous.csv' 
2022-03-19 16:44:04.396 DEBUG [acme.framework.components.database.Dataset@main] Reading mapping '{key:user-account=user-account-anonymous-01, key=anonymous-01}' from 'C:\Users\victo\OneDrive\Escritorio\UNI\DP2\workspace\Workspace-22.0\Projects\G1-E2.01\target\classes\WEB-INF\resources\initial-data\anonymous.csv' 
2022-03-19 16:44:04.397 DEBUG [acme.framework.components.database.Dataset@main] Reading dataset from 'C:\Users\victo\OneDrive\Escritorio\UNI\DP2\workspace\Workspace-22.0\Projects\G1-E2.01\target\classes\WEB-INF\resources\initial-data\authenticated.csv' 
2022-03-19 16:44:04.397 DEBUG [acme.framework.components.database.Dataset@main] Reading mapping '{key:user-account=user-account-administrator-01, key=authenticated-administrator-01}' from 'C:\Users\victo\OneDrive\Escritorio\UNI\DP2\workspace\Workspace-22.0\Projects\G1-E2.01\target\classes\WEB-INF\resources\initial-data\authenticated.csv' 
2022-03-19 16:44:04.398 DEBUG [acme.framework.components.database.Dataset@main] Reading dataset from 'C:\Users\victo\OneDrive\Escritorio\UNI\DP2\workspace\Workspace-22.0\Projects\G1-E2.01\target\classes\WEB-INF\resources\initial-data\item.csv' 
2022-03-19 16:44:04.399 DEBUG [acme.framework.components.database.Dataset@main] Reading mapping '{code=TOL-123-A, name=Electric drill, description=An electric drill, technology=placeholder technology, type=TOOL, retailPrice=EUR 123.45, key=item-01}' from 'C:\Users\victo\OneDrive\Escritorio\UNI\DP2\workspace\Workspace-22.0\Projects\G1-E2.01\target\classes\WEB-INF\resources\initial-data\item.csv' 
2022-03-19 16:44:04.399 DEBUG [acme.framework.components.database.Dataset@main] Reading mapping '{code=TOL-123-B, name=Hammer, description=A mallet, technology=placeholder technology, type=TOOL, retailPrice=EUR 15.00, key=item-02}' from 'C:\Users\victo\OneDrive\Escritorio\UNI\DP2\workspace\Workspace-22.0\Projects\G1-E2.01\target\classes\WEB-INF\resources\initial-data\item.csv' 
2022-03-19 16:44:04.399 DEBUG [acme.framework.components.database.Dataset@main] Reading mapping '{code=TOL-123-C, name=Screwdriver, description=A flat head screwdriver, technology=placeholder technology, type=TOOL, retailPrice=EUR 10.00, key=item-03}' from 'C:\Users\victo\OneDrive\Escritorio\UNI\DP2\workspace\Workspace-22.0\Projects\G1-E2.01\target\classes\WEB-INF\resources\initial-data\item.csv' 
2022-03-19 16:44:04.399 DEBUG [acme.framework.components.database.Dataset@main] Reading mapping '{code=TOL-123-D, name=Nail gun, description=A nail gun, technology=placeholder technology, type=TOOL, retailPrice=EUR 89.99, key=item-04}' from 'C:\Users\victo\OneDrive\Escritorio\UNI\DP2\workspace\Workspace-22.0\Projects\G1-E2.01\target\classes\WEB-INF\resources\initial-data\item.csv' 
2022-03-19 16:44:04.399 DEBUG [acme.framework.components.database.Dataset@main] Reading mapping '{code=TOL-123-E, name=Measuring tape, description=A 10m measuring tape, technology=placeholder technology, type=TOOL, retailPrice=EUR 4.99, key=item-05}' from 'C:\Users\victo\OneDrive\Escritorio\UNI\DP2\workspace\Workspace-22.0\Projects\G1-E2.01\target\classes\WEB-INF\resources\initial-data\item.csv' 
2022-03-19 16:44:04.400 DEBUG [acme.framework.components.database.Dataset@main] Reading mapping '{code=COM-123-A, name=Screw, description=A flat head screw, technology=placeholder technology, type=COMPONENT, retailPrice=EUR 0.20, key=item-06}' from 'C:\Users\victo\OneDrive\Escritorio\UNI\DP2\workspace\Workspace-22.0\Projects\G1-E2.01\target\classes\WEB-INF\resources\initial-data\item.csv' 
2022-03-19 16:44:04.400 DEBUG [acme.framework.components.database.Dataset@main] Reading mapping '{code=COM-123-B, name=Nail, description=A 5 cm nail, technology=placeholder technology, type=COMPONENT, retailPrice=EUR 0.15, key=item-07}' from 'C:\Users\victo\OneDrive\Escritorio\UNI\DP2\workspace\Workspace-22.0\Projects\G1-E2.01\target\classes\WEB-INF\resources\initial-data\item.csv' 
2022-03-19 16:44:04.400 DEBUG [acme.framework.components.database.Dataset@main] Reading mapping '{code=COM-123-C, name=Clip, description=A paper clip, technology=placeholder technology, type=COMPONENT, retailPrice=EUR 0.05, key=item-08}' from 'C:\Users\victo\OneDrive\Escritorio\UNI\DP2\workspace\Workspace-22.0\Projects\G1-E2.01\target\classes\WEB-INF\resources\initial-data\item.csv' 
2022-03-19 16:44:04.400 DEBUG [acme.framework.components.database.Dataset@main] Reading mapping '{code=COM-123-D, name=Staple, description=An office staple, technology=placeholder technology, type=COMPONENT, retailPrice=EUR 0.01, key=item-09}' from 'C:\Users\victo\OneDrive\Escritorio\UNI\DP2\workspace\Workspace-22.0\Projects\G1-E2.01\target\classes\WEB-INF\resources\initial-data\item.csv' 
2022-03-19 16:44:04.400 DEBUG [acme.framework.components.database.Dataset@main] Reading mapping '{code=COM-123-E, name=Board, description=A 5m x 5m wooden board, technology=placeholder technology, type=COMPONENT, retailPrice=EUR 50.00, key=item-10}' from 'C:\Users\victo\OneDrive\Escritorio\UNI\DP2\workspace\Workspace-22.0\Projects\G1-E2.01\target\classes\WEB-INF\resources\initial-data\item.csv' 
2022-03-19 16:44:04.401 DEBUG [acme.framework.components.database.Dataset@main] Reading dataset from 'C:\Users\victo\OneDrive\Escritorio\UNI\DP2\workspace\Workspace-22.0\Projects\G1-E2.01\target\classes\WEB-INF\resources\initial-data\user-account.csv' 
2022-03-19 16:44:04.402 DEBUG [acme.framework.components.database.Dataset@main] Reading mapping '{password=HIDDEN-PASSWORD, identity=UserIdentity{name: 'John', surname: 'Doe', email: 'john.doe@acme.com'}, key=user-account-anonymous-01, enabled=false, username=anonymous}' from 'C:\Users\victo\OneDrive\Escritorio\UNI\DP2\workspace\Workspace-22.0\Projects\G1-E2.01\target\classes\WEB-INF\resources\initial-data\user-account.csv' 
2022-03-19 16:44:04.402 DEBUG [acme.framework.components.database.Dataset@main] Reading mapping '{password=administrator, identity=UserIdentity{name: 'Administrator', surname: 'Acme', email: 'administrator@acme.com'}, key=user-account-administrator-01, enabled=true, username=administrator}' from 'C:\Users\victo\OneDrive\Escritorio\UNI\DP2\workspace\Workspace-22.0\Projects\G1-E2.01\target\classes\WEB-INF\resources\initial-data\user-account.csv' 
2022-03-19 16:44:04.402 DEBUG [acme.framework.components.database.EntityWeb@main] Setting attributes of entities of class acme.framework.roles.Administrator 
2022-03-19 16:44:04.402 DEBUG [acme.framework.components.database.EntityWeb@main] Setting attributes of entities of class acme.framework.roles.Anonymous 
2022-03-19 16:44:04.403 DEBUG [acme.framework.components.database.EntityWeb@main] Setting attributes of entities of class acme.entities.Item 
2022-03-19 16:44:04.429 DEBUG [acme.framework.components.database.EntityWeb@main] Setting attributes of entities of class acme.framework.entities.UserAccount 
2022-03-19 16:44:04.588 DEBUG [acme.framework.components.database.EntityWeb@main] Setting attributes of entities of class acme.framework.roles.Authenticated 
2022-03-19 16:44:04.588 DEBUG [acme.framework.components.database.EntityWeb@main] Linking entities of class acme.framework.roles.Administrator 
2022-03-19 16:44:04.596 DEBUG [acme.framework.components.database.EntityWeb@main] Linking entities of class acme.framework.roles.Anonymous 
2022-03-19 16:44:04.599 DEBUG [acme.framework.components.database.EntityWeb@main] Linking entities of class acme.entities.Item 
2022-03-19 16:44:04.599 DEBUG [acme.framework.components.database.EntityWeb@main] Linking entities of class acme.framework.entities.UserAccount 
2022-03-19 16:44:04.599 DEBUG [acme.framework.components.database.EntityWeb@main] Linking entities of class acme.framework.roles.Authenticated 
2022-03-19 16:44:04.602 INFO  [acme.framework.components.database.DatabasePopulator@main] Validating your entities 
2022-03-19 16:44:04.652 DEBUG [acme.framework.components.database.DatabasePopulator@main] Validating 'acme.entities.Item@item-07' ... PASS 
2022-03-19 16:44:04.654 DEBUG [acme.framework.components.database.DatabasePopulator@main] Validating 'acme.entities.Item@item-06' ... PASS 
2022-03-19 16:44:04.675 DEBUG [acme.framework.components.database.DatabasePopulator@main] Validating 'acme.framework.entities.UserAccount@user-account-anonymous-01' ... PASS 
2022-03-19 16:44:04.676 DEBUG [acme.framework.components.database.DatabasePopulator@main] Validating 'acme.entities.Item@item-09' ... PASS 
2022-03-19 16:44:04.677 DEBUG [acme.framework.components.database.DatabasePopulator@main] Validating 'acme.entities.Item@item-08' ... PASS 
2022-03-19 16:44:04.678 DEBUG [acme.framework.components.database.DatabasePopulator@main] Validating 'acme.framework.entities.UserAccount@user-account-administrator-01' ... PASS 
2022-03-19 16:44:04.683 DEBUG [acme.framework.components.database.DatabasePopulator@main] Validating 'acme.framework.roles.Administrator@administrator-01' ... PASS 
2022-03-19 16:44:04.685 DEBUG [acme.framework.components.database.DatabasePopulator@main] Validating 'acme.framework.roles.Anonymous@anonymous-01' ... PASS 
2022-03-19 16:44:04.686 DEBUG [acme.framework.components.database.DatabasePopulator@main] Validating 'acme.entities.Item@item-10' ... PASS 
2022-03-19 16:44:04.686 DEBUG [acme.framework.components.database.DatabasePopulator@main] Validating 'acme.entities.Item@item-01' ... PASS 
2022-03-19 16:44:04.687 DEBUG [acme.framework.components.database.DatabasePopulator@main] Validating 'acme.entities.Item@item-03' ... PASS 
2022-03-19 16:44:04.690 DEBUG [acme.framework.components.database.DatabasePopulator@main] Validating 'acme.framework.roles.Authenticated@authenticated-administrator-01' ... PASS 
2022-03-19 16:44:04.691 DEBUG [acme.framework.components.database.DatabasePopulator@main] Validating 'acme.entities.Item@item-02' ... PASS 
2022-03-19 16:44:04.692 DEBUG [acme.framework.components.database.DatabasePopulator@main] Validating 'acme.entities.Item@item-05' ... PASS 
2022-03-19 16:44:04.693 DEBUG [acme.framework.components.database.DatabasePopulator@main] Validating 'acme.entities.Item@item-04' ... PASS 
2022-03-19 16:44:04.693 INFO  [acme.framework.components.database.DatabasePopulator@main] Sorting your entity classes 
2022-03-19 16:44:04.693 DEBUG [acme.framework.components.database.DatabasePopulator@main] Best topological order for your entity clazzes: 
2022-03-19 16:44:04.693 DEBUG [acme.framework.components.database.DatabasePopulator@main] - acme.framework.entities.UserAccount 
2022-03-19 16:44:04.693 DEBUG [acme.framework.components.database.DatabasePopulator@main] - acme.framework.roles.Administrator 
2022-03-19 16:44:04.693 DEBUG [acme.framework.components.database.DatabasePopulator@main] - acme.framework.roles.Anonymous 
2022-03-19 16:44:04.693 DEBUG [acme.framework.components.database.DatabasePopulator@main] - acme.entities.Item 
2022-03-19 16:44:04.693 DEBUG [acme.framework.components.database.DatabasePopulator@main] - acme.framework.roles.Authenticated 
2022-03-19 16:44:04.693 INFO  [acme.framework.components.database.DatabasePopulator@main] Persisting your entities 
2022-03-19 16:44:04.693 DEBUG [acme.framework.components.database.DatabaseUtil@main] Starting new transaction. 
2022-03-19 16:44:04.694 DEBUG [acme.framework.components.database.DatabaseUtil@main] Executing command 'set transaction isolation level read uncommitted;'. 
2022-03-19 16:44:04.694 DEBUG [acme.framework.components.database.DatabaseUtil@main] Starting transaction '1229356998'. 
2022-03-19 16:44:04.694 DEBUG [acme.framework.components.database.DatabasePopulator@main] Persising entities of clazz 'acme.framework.entities.UserAccount' 
2022-03-19 16:44:04.708 DEBUG [org.hibernate.SQL@main] select next_val as id_val from hibernate_sequence for update 
2022-03-19 16:44:04.727 DEBUG [org.hibernate.SQL@main] update hibernate_sequence set next_val= ? where next_val=? 
2022-03-19 16:44:04.765 DEBUG [acme.framework.components.database.DatabaseUtil@main] Persisting entity UserAccount(username=anonymous) 
2022-03-19 16:44:04.765 DEBUG [org.hibernate.SQL@main] select next_val as id_val from hibernate_sequence for update 
2022-03-19 16:44:04.767 DEBUG [org.hibernate.SQL@main] update hibernate_sequence set next_val= ? where next_val=? 
2022-03-19 16:44:04.769 DEBUG [acme.framework.components.database.DatabaseUtil@main] Persisting entity UserAccount(username=administrator) 
2022-03-19 16:44:04.769 DEBUG [acme.framework.components.database.DatabasePopulator@main] Persising entities of clazz 'acme.framework.roles.Administrator' 
2022-03-19 16:44:04.769 DEBUG [org.hibernate.SQL@main] select next_val as id_val from hibernate_sequence for update 
2022-03-19 16:44:04.770 DEBUG [org.hibernate.SQL@main] update hibernate_sequence set next_val= ? where next_val=? 
2022-03-19 16:44:04.773 DEBUG [acme.framework.components.database.DatabaseUtil@main] Persisting entity UserRole(userAccount=UserAccount(username=administrator)) 
2022-03-19 16:44:04.773 DEBUG [acme.framework.components.database.DatabasePopulator@main] Persising entities of clazz 'acme.framework.roles.Anonymous' 
2022-03-19 16:44:04.774 DEBUG [org.hibernate.SQL@main] select next_val as id_val from hibernate_sequence for update 
2022-03-19 16:44:04.774 DEBUG [org.hibernate.SQL@main] update hibernate_sequence set next_val= ? where next_val=? 
2022-03-19 16:44:04.776 DEBUG [acme.framework.components.database.DatabaseUtil@main] Persisting entity UserRole(userAccount=UserAccount(username=anonymous)) 
2022-03-19 16:44:04.776 DEBUG [acme.framework.components.database.DatabasePopulator@main] Persising entities of clazz 'acme.entities.Item' 
2022-03-19 16:44:04.776 DEBUG [org.hibernate.SQL@main] select next_val as id_val from hibernate_sequence for update 
2022-03-19 16:44:04.777 DEBUG [org.hibernate.SQL@main] update hibernate_sequence set next_val= ? where next_val=? 
2022-03-19 16:44:04.778 DEBUG [acme.framework.components.database.DatabaseUtil@main] Persisting entity acme.entities.Item{id=5, version=0} 
2022-03-19 16:44:04.779 DEBUG [org.hibernate.SQL@main] select next_val as id_val from hibernate_sequence for update 
2022-03-19 16:44:04.779 DEBUG [org.hibernate.SQL@main] update hibernate_sequence set next_val= ? where next_val=? 
2022-03-19 16:44:04.781 DEBUG [acme.framework.components.database.DatabaseUtil@main] Persisting entity acme.entities.Item{id=6, version=0} 
2022-03-19 16:44:04.781 DEBUG [org.hibernate.SQL@main] select next_val as id_val from hibernate_sequence for update 
2022-03-19 16:44:04.781 DEBUG [org.hibernate.SQL@main] update hibernate_sequence set next_val= ? where next_val=? 
2022-03-19 16:44:04.783 DEBUG [acme.framework.components.database.DatabaseUtil@main] Persisting entity acme.entities.Item{id=7, version=0} 
2022-03-19 16:44:04.783 DEBUG [org.hibernate.SQL@main] select next_val as id_val from hibernate_sequence for update 
2022-03-19 16:44:04.784 DEBUG [org.hibernate.SQL@main] update hibernate_sequence set next_val= ? where next_val=? 
2022-03-19 16:44:04.786 DEBUG [acme.framework.components.database.DatabaseUtil@main] Persisting entity acme.entities.Item{id=8, version=0} 
2022-03-19 16:44:04.786 DEBUG [org.hibernate.SQL@main] select next_val as id_val from hibernate_sequence for update 
2022-03-19 16:44:04.787 DEBUG [org.hibernate.SQL@main] update hibernate_sequence set next_val= ? where next_val=? 
2022-03-19 16:44:04.789 DEBUG [acme.framework.components.database.DatabaseUtil@main] Persisting entity acme.entities.Item{id=9, version=0} 
2022-03-19 16:44:04.789 DEBUG [org.hibernate.SQL@main] select next_val as id_val from hibernate_sequence for update 
2022-03-19 16:44:04.790 DEBUG [org.hibernate.SQL@main] update hibernate_sequence set next_val= ? where next_val=? 
2022-03-19 16:44:04.792 DEBUG [acme.framework.components.database.DatabaseUtil@main] Persisting entity acme.entities.Item{id=10, version=0} 
2022-03-19 16:44:04.793 DEBUG [org.hibernate.SQL@main] select next_val as id_val from hibernate_sequence for update 
2022-03-19 16:44:04.794 DEBUG [org.hibernate.SQL@main] update hibernate_sequence set next_val= ? where next_val=? 
2022-03-19 16:44:04.796 DEBUG [acme.framework.components.database.DatabaseUtil@main] Persisting entity acme.entities.Item{id=11, version=0} 
2022-03-19 16:44:04.796 DEBUG [org.hibernate.SQL@main] select next_val as id_val from hibernate_sequence for update 
2022-03-19 16:44:04.797 DEBUG [org.hibernate.SQL@main] update hibernate_sequence set next_val= ? where next_val=? 
2022-03-19 16:44:04.799 DEBUG [acme.framework.components.database.DatabaseUtil@main] Persisting entity acme.entities.Item{id=12, version=0} 
2022-03-19 16:44:04.799 DEBUG [org.hibernate.SQL@main] select next_val as id_val from hibernate_sequence for update 
2022-03-19 16:44:04.799 DEBUG [org.hibernate.SQL@main] update hibernate_sequence set next_val= ? where next_val=? 
2022-03-19 16:44:04.801 DEBUG [acme.framework.components.database.DatabaseUtil@main] Persisting entity acme.entities.Item{id=13, version=0} 
2022-03-19 16:44:04.802 DEBUG [org.hibernate.SQL@main] select next_val as id_val from hibernate_sequence for update 
2022-03-19 16:44:04.802 DEBUG [org.hibernate.SQL@main] update hibernate_sequence set next_val= ? where next_val=? 
2022-03-19 16:44:04.803 DEBUG [acme.framework.components.database.DatabaseUtil@main] Persisting entity acme.entities.Item{id=14, version=0} 
2022-03-19 16:44:04.803 DEBUG [acme.framework.components.database.DatabasePopulator@main] Persising entities of clazz 'acme.framework.roles.Authenticated' 
2022-03-19 16:44:04.804 DEBUG [org.hibernate.SQL@main] select next_val as id_val from hibernate_sequence for update 
2022-03-19 16:44:04.804 DEBUG [org.hibernate.SQL@main] update hibernate_sequence set next_val= ? where next_val=? 
2022-03-19 16:44:04.806 DEBUG [acme.framework.components.database.DatabaseUtil@main] Persisting entity UserRole(userAccount=UserAccount(username=administrator)) 
2022-03-19 16:44:04.806 DEBUG [acme.framework.components.database.DatabaseUtil@main] Committing transaction '1229356998'. 
2022-03-19 16:44:04.837 DEBUG [org.hibernate.SQL@main] insert into user_account (version, enabled, identity, password, username, id) values (?, ?, ?, ?, ?, ?) 
2022-03-19 16:44:04.840 TRACE [org.hibernate.type.descriptor.sql.BasicBinder@main] binding parameter [1] as [INTEGER] - [0] 
2022-03-19 16:44:04.841 TRACE [org.hibernate.type.descriptor.sql.BasicBinder@main] binding parameter [2] as [BOOLEAN] - [false] 
2022-03-19 16:44:04.842 TRACE [org.hibernate.type.descriptor.sql.BasicBinder@main] binding parameter [3] as [BLOB] - [DefaultUserIdentity(name=John, surname=Doe, email=john.doe@acme.com)] 
2022-03-19 16:44:04.844 TRACE [org.hibernate.type.descriptor.sql.BasicBinder@main] binding parameter [4] as [VARCHAR] - [$2a$05$4MZA.2g6/oWJ507NrT7LFuJ2pfW1o8VjIWMg86/LkGdlB7q.4VO..] 
2022-03-19 16:44:04.844 TRACE [org.hibernate.type.descriptor.sql.BasicBinder@main] binding parameter [5] as [VARCHAR] - [anonymous] 
2022-03-19 16:44:04.844 TRACE [org.hibernate.type.descriptor.sql.BasicBinder@main] binding parameter [6] as [INTEGER] - [1] 
2022-03-19 16:44:04.855 DEBUG [org.hibernate.SQL@main] insert into user_account (version, enabled, identity, password, username, id) values (?, ?, ?, ?, ?, ?) 
2022-03-19 16:44:04.856 TRACE [org.hibernate.type.descriptor.sql.BasicBinder@main] binding parameter [1] as [INTEGER] - [0] 
2022-03-19 16:44:04.856 TRACE [org.hibernate.type.descriptor.sql.BasicBinder@main] binding parameter [2] as [BOOLEAN] - [true] 
2022-03-19 16:44:04.856 TRACE [org.hibernate.type.descriptor.sql.BasicBinder@main] binding parameter [3] as [BLOB] - [DefaultUserIdentity(name=Administrator, surname=Acme, email=administrator@acme.com)] 
2022-03-19 16:44:04.856 TRACE [org.hibernate.type.descriptor.sql.BasicBinder@main] binding parameter [4] as [VARCHAR] - [$2a$05$FBAKnNA/q1lES1uV/yljOOVJhA6jh1cN.BDyRTrLviNq2Goi5IGkO] 
2022-03-19 16:44:04.856 TRACE [org.hibernate.type.descriptor.sql.BasicBinder@main] binding parameter [5] as [VARCHAR] - [administrator] 
2022-03-19 16:44:04.856 TRACE [org.hibernate.type.descriptor.sql.BasicBinder@main] binding parameter [6] as [INTEGER] - [2] 
2022-03-19 16:44:04.857 DEBUG [org.hibernate.SQL@main] insert into administrator (version, user_account_id, id) values (?, ?, ?) 
2022-03-19 16:44:04.858 TRACE [org.hibernate.type.descriptor.sql.BasicBinder@main] binding parameter [1] as [INTEGER] - [0] 
2022-03-19 16:44:04.858 TRACE [org.hibernate.type.descriptor.sql.BasicBinder@main] binding parameter [2] as [INTEGER] - [2] 
2022-03-19 16:44:04.858 TRACE [org.hibernate.type.descriptor.sql.BasicBinder@main] binding parameter [3] as [INTEGER] - [3] 
2022-03-19 16:44:04.863 DEBUG [org.hibernate.SQL@main] insert into anonymous (version, user_account_id, id) values (?, ?, ?) 
2022-03-19 16:44:04.864 TRACE [org.hibernate.type.descriptor.sql.BasicBinder@main] binding parameter [1] as [INTEGER] - [0] 
2022-03-19 16:44:04.864 TRACE [org.hibernate.type.descriptor.sql.BasicBinder@main] binding parameter [2] as [INTEGER] - [1] 
2022-03-19 16:44:04.864 TRACE [org.hibernate.type.descriptor.sql.BasicBinder@main] binding parameter [3] as [INTEGER] - [4] 
2022-03-19 16:44:04.869 DEBUG [org.hibernate.SQL@main] insert into item (version, code, description, name, optional_link, retail_price_amount, retail_price_currency, technology, type, id) values (?, ?, ?, ?, ?, ?, ?, ?, ?, ?) 
2022-03-19 16:44:04.870 TRACE [org.hibernate.type.descriptor.sql.BasicBinder@main] binding parameter [1] as [INTEGER] - [0] 
2022-03-19 16:44:04.870 TRACE [org.hibernate.type.descriptor.sql.BasicBinder@main] binding parameter [2] as [VARCHAR] - [COM-123-B] 
2022-03-19 16:44:04.870 TRACE [org.hibernate.type.descriptor.sql.BasicBinder@main] binding parameter [3] as [VARCHAR] - [A 5 cm nail] 
2022-03-19 16:44:04.870 TRACE [org.hibernate.type.descriptor.sql.BasicBinder@main] binding parameter [4] as [VARCHAR] - [Nail] 
2022-03-19 16:44:04.870 TRACE [org.hibernate.type.descriptor.sql.BasicBinder@main] binding parameter [5] as [VARCHAR] - [null] 
2022-03-19 16:44:04.871 TRACE [org.hibernate.type.descriptor.sql.BasicBinder@main] binding parameter [6] as [DOUBLE] - [0.15] 
2022-03-19 16:44:04.872 TRACE [org.hibernate.type.descriptor.sql.BasicBinder@main] binding parameter [7] as [VARCHAR] - [EUR] 
2022-03-19 16:44:04.872 TRACE [org.hibernate.type.descriptor.sql.BasicBinder@main] binding parameter [8] as [VARCHAR] - [placeholder technology] 
2022-03-19 16:44:04.872 TRACE [org.hibernate.type.descriptor.sql.BasicBinder@main] binding parameter [9] as [INTEGER] - [0] 
2022-03-19 16:44:04.872 TRACE [org.hibernate.type.descriptor.sql.BasicBinder@main] binding parameter [10] as [INTEGER] - [5] 
2022-03-19 16:44:04.877 DEBUG [org.hibernate.SQL@main] insert into item (version, code, description, name, optional_link, retail_price_amount, retail_price_currency, technology, type, id) values (?, ?, ?, ?, ?, ?, ?, ?, ?, ?) 
2022-03-19 16:44:04.877 TRACE [org.hibernate.type.descriptor.sql.BasicBinder@main] binding parameter [1] as [INTEGER] - [0] 
2022-03-19 16:44:04.877 TRACE [org.hibernate.type.descriptor.sql.BasicBinder@main] binding parameter [2] as [VARCHAR] - [COM-123-A] 
2022-03-19 16:44:04.878 TRACE [org.hibernate.type.descriptor.sql.BasicBinder@main] binding parameter [3] as [VARCHAR] - [A flat head screw] 
2022-03-19 16:44:04.878 TRACE [org.hibernate.type.descriptor.sql.BasicBinder@main] binding parameter [4] as [VARCHAR] - [Screw] 
2022-03-19 16:44:04.878 TRACE [org.hibernate.type.descriptor.sql.BasicBinder@main] binding parameter [5] as [VARCHAR] - [null] 
2022-03-19 16:44:04.878 TRACE [org.hibernate.type.descriptor.sql.BasicBinder@main] binding parameter [6] as [DOUBLE] - [0.2] 
2022-03-19 16:44:04.878 TRACE [org.hibernate.type.descriptor.sql.BasicBinder@main] binding parameter [7] as [VARCHAR] - [EUR] 
2022-03-19 16:44:04.878 TRACE [org.hibernate.type.descriptor.sql.BasicBinder@main] binding parameter [8] as [VARCHAR] - [placeholder technology] 
2022-03-19 16:44:04.878 TRACE [org.hibernate.type.descriptor.sql.BasicBinder@main] binding parameter [9] as [INTEGER] - [0] 
2022-03-19 16:44:04.878 TRACE [org.hibernate.type.descriptor.sql.BasicBinder@main] binding parameter [10] as [INTEGER] - [6] 
2022-03-19 16:44:04.879 DEBUG [org.hibernate.SQL@main] insert into item (version, code, description, name, optional_link, retail_price_amount, retail_price_currency, technology, type, id) values (?, ?, ?, ?, ?, ?, ?, ?, ?, ?) 
2022-03-19 16:44:04.880 TRACE [org.hibernate.type.descriptor.sql.BasicBinder@main] binding parameter [1] as [INTEGER] - [0] 
2022-03-19 16:44:04.880 TRACE [org.hibernate.type.descriptor.sql.BasicBinder@main] binding parameter [2] as [VARCHAR] - [COM-123-D] 
2022-03-19 16:44:04.880 TRACE [org.hibernate.type.descriptor.sql.BasicBinder@main] binding parameter [3] as [VARCHAR] - [An office staple] 
2022-03-19 16:44:04.880 TRACE [org.hibernate.type.descriptor.sql.BasicBinder@main] binding parameter [4] as [VARCHAR] - [Staple] 
2022-03-19 16:44:04.880 TRACE [org.hibernate.type.descriptor.sql.BasicBinder@main] binding parameter [5] as [VARCHAR] - [null] 
2022-03-19 16:44:04.880 TRACE [org.hibernate.type.descriptor.sql.BasicBinder@main] binding parameter [6] as [DOUBLE] - [0.01] 
2022-03-19 16:44:04.880 TRACE [org.hibernate.type.descriptor.sql.BasicBinder@main] binding parameter [7] as [VARCHAR] - [EUR] 
2022-03-19 16:44:04.880 TRACE [org.hibernate.type.descriptor.sql.BasicBinder@main] binding parameter [8] as [VARCHAR] - [placeholder technology] 
2022-03-19 16:44:04.880 TRACE [org.hibernate.type.descriptor.sql.BasicBinder@main] binding parameter [9] as [INTEGER] - [0] 
2022-03-19 16:44:04.880 TRACE [org.hibernate.type.descriptor.sql.BasicBinder@main] binding parameter [10] as [INTEGER] - [7] 
2022-03-19 16:44:04.881 DEBUG [org.hibernate.SQL@main] insert into item (version, code, description, name, optional_link, retail_price_amount, retail_price_currency, technology, type, id) values (?, ?, ?, ?, ?, ?, ?, ?, ?, ?) 
2022-03-19 16:44:04.881 TRACE [org.hibernate.type.descriptor.sql.BasicBinder@main] binding parameter [1] as [INTEGER] - [0] 
2022-03-19 16:44:04.882 TRACE [org.hibernate.type.descriptor.sql.BasicBinder@main] binding parameter [2] as [VARCHAR] - [COM-123-C] 
2022-03-19 16:44:04.882 TRACE [org.hibernate.type.descriptor.sql.BasicBinder@main] binding parameter [3] as [VARCHAR] - [A paper clip] 
2022-03-19 16:44:04.882 TRACE [org.hibernate.type.descriptor.sql.BasicBinder@main] binding parameter [4] as [VARCHAR] - [Clip] 
2022-03-19 16:44:04.882 TRACE [org.hibernate.type.descriptor.sql.BasicBinder@main] binding parameter [5] as [VARCHAR] - [null] 
2022-03-19 16:44:04.882 TRACE [org.hibernate.type.descriptor.sql.BasicBinder@main] binding parameter [6] as [DOUBLE] - [0.05] 
2022-03-19 16:44:04.882 TRACE [org.hibernate.type.descriptor.sql.BasicBinder@main] binding parameter [7] as [VARCHAR] - [EUR] 
2022-03-19 16:44:04.882 TRACE [org.hibernate.type.descriptor.sql.BasicBinder@main] binding parameter [8] as [VARCHAR] - [placeholder technology] 
2022-03-19 16:44:04.882 TRACE [org.hibernate.type.descriptor.sql.BasicBinder@main] binding parameter [9] as [INTEGER] - [0] 
2022-03-19 16:44:04.882 TRACE [org.hibernate.type.descriptor.sql.BasicBinder@main] binding parameter [10] as [INTEGER] - [8] 
2022-03-19 16:44:04.883 DEBUG [org.hibernate.SQL@main] insert into item (version, code, description, name, optional_link, retail_price_amount, retail_price_currency, technology, type, id) values (?, ?, ?, ?, ?, ?, ?, ?, ?, ?) 
2022-03-19 16:44:04.884 TRACE [org.hibernate.type.descriptor.sql.BasicBinder@main] binding parameter [1] as [INTEGER] - [0] 
2022-03-19 16:44:04.884 TRACE [org.hibernate.type.descriptor.sql.BasicBinder@main] binding parameter [2] as [VARCHAR] - [COM-123-E] 
2022-03-19 16:44:04.884 TRACE [org.hibernate.type.descriptor.sql.BasicBinder@main] binding parameter [3] as [VARCHAR] - [A 5m x 5m wooden board] 
2022-03-19 16:44:04.884 TRACE [org.hibernate.type.descriptor.sql.BasicBinder@main] binding parameter [4] as [VARCHAR] - [Board] 
2022-03-19 16:44:04.884 TRACE [org.hibernate.type.descriptor.sql.BasicBinder@main] binding parameter [5] as [VARCHAR] - [null] 
2022-03-19 16:44:04.884 TRACE [org.hibernate.type.descriptor.sql.BasicBinder@main] binding parameter [6] as [DOUBLE] - [50.0] 
2022-03-19 16:44:04.884 TRACE [org.hibernate.type.descriptor.sql.BasicBinder@main] binding parameter [7] as [VARCHAR] - [EUR] 
2022-03-19 16:44:04.884 TRACE [org.hibernate.type.descriptor.sql.BasicBinder@main] binding parameter [8] as [VARCHAR] - [placeholder technology] 
2022-03-19 16:44:04.884 TRACE [org.hibernate.type.descriptor.sql.BasicBinder@main] binding parameter [9] as [INTEGER] - [0] 
2022-03-19 16:44:04.885 TRACE [org.hibernate.type.descriptor.sql.BasicBinder@main] binding parameter [10] as [INTEGER] - [9] 
2022-03-19 16:44:04.888 DEBUG [org.hibernate.SQL@main] insert into item (version, code, description, name, optional_link, retail_price_amount, retail_price_currency, technology, type, id) values (?, ?, ?, ?, ?, ?, ?, ?, ?, ?) 
2022-03-19 16:44:04.889 TRACE [org.hibernate.type.descriptor.sql.BasicBinder@main] binding parameter [1] as [INTEGER] - [0] 
2022-03-19 16:44:04.889 TRACE [org.hibernate.type.descriptor.sql.BasicBinder@main] binding parameter [2] as [VARCHAR] - [TOL-123-A] 
2022-03-19 16:44:04.889 TRACE [org.hibernate.type.descriptor.sql.BasicBinder@main] binding parameter [3] as [VARCHAR] - [An electric drill] 
2022-03-19 16:44:04.889 TRACE [org.hibernate.type.descriptor.sql.BasicBinder@main] binding parameter [4] as [VARCHAR] - [Electric drill] 
2022-03-19 16:44:04.889 TRACE [org.hibernate.type.descriptor.sql.BasicBinder@main] binding parameter [5] as [VARCHAR] - [null] 
2022-03-19 16:44:04.889 TRACE [org.hibernate.type.descriptor.sql.BasicBinder@main] binding parameter [6] as [DOUBLE] - [123.45] 
2022-03-19 16:44:04.889 TRACE [org.hibernate.type.descriptor.sql.BasicBinder@main] binding parameter [7] as [VARCHAR] - [EUR] 
2022-03-19 16:44:04.889 TRACE [org.hibernate.type.descriptor.sql.BasicBinder@main] binding parameter [8] as [VARCHAR] - [placeholder technology] 
2022-03-19 16:44:04.890 TRACE [org.hibernate.type.descriptor.sql.BasicBinder@main] binding parameter [9] as [INTEGER] - [1] 
2022-03-19 16:44:04.890 TRACE [org.hibernate.type.descriptor.sql.BasicBinder@main] binding parameter [10] as [INTEGER] - [10] 
2022-03-19 16:44:04.891 DEBUG [org.hibernate.SQL@main] insert into item (version, code, description, name, optional_link, retail_price_amount, retail_price_currency, technology, type, id) values (?, ?, ?, ?, ?, ?, ?, ?, ?, ?) 
2022-03-19 16:44:04.891 TRACE [org.hibernate.type.descriptor.sql.BasicBinder@main] binding parameter [1] as [INTEGER] - [0] 
2022-03-19 16:44:04.891 TRACE [org.hibernate.type.descriptor.sql.BasicBinder@main] binding parameter [2] as [VARCHAR] - [TOL-123-C] 
2022-03-19 16:44:04.891 TRACE [org.hibernate.type.descriptor.sql.BasicBinder@main] binding parameter [3] as [VARCHAR] - [A flat head screwdriver] 
2022-03-19 16:44:04.892 TRACE [org.hibernate.type.descriptor.sql.BasicBinder@main] binding parameter [4] as [VARCHAR] - [Screwdriver] 
2022-03-19 16:44:04.892 TRACE [org.hibernate.type.descriptor.sql.BasicBinder@main] binding parameter [5] as [VARCHAR] - [null] 
2022-03-19 16:44:04.892 TRACE [org.hibernate.type.descriptor.sql.BasicBinder@main] binding parameter [6] as [DOUBLE] - [10.0] 
2022-03-19 16:44:04.892 TRACE [org.hibernate.type.descriptor.sql.BasicBinder@main] binding parameter [7] as [VARCHAR] - [EUR] 
2022-03-19 16:44:04.892 TRACE [org.hibernate.type.descriptor.sql.BasicBinder@main] binding parameter [8] as [VARCHAR] - [placeholder technology] 
2022-03-19 16:44:04.892 TRACE [org.hibernate.type.descriptor.sql.BasicBinder@main] binding parameter [9] as [INTEGER] - [1] 
2022-03-19 16:44:04.892 TRACE [org.hibernate.type.descriptor.sql.BasicBinder@main] binding parameter [10] as [INTEGER] - [11] 
2022-03-19 16:44:04.893 DEBUG [org.hibernate.SQL@main] insert into item (version, code, description, name, optional_link, retail_price_amount, retail_price_currency, technology, type, id) values (?, ?, ?, ?, ?, ?, ?, ?, ?, ?) 
2022-03-19 16:44:04.893 TRACE [org.hibernate.type.descriptor.sql.BasicBinder@main] binding parameter [1] as [INTEGER] - [0] 
2022-03-19 16:44:04.893 TRACE [org.hibernate.type.descriptor.sql.BasicBinder@main] binding parameter [2] as [VARCHAR] - [TOL-123-B] 
2022-03-19 16:44:04.894 TRACE [org.hibernate.type.descriptor.sql.BasicBinder@main] binding parameter [3] as [VARCHAR] - [A mallet] 
2022-03-19 16:44:04.894 TRACE [org.hibernate.type.descriptor.sql.BasicBinder@main] binding parameter [4] as [VARCHAR] - [Hammer] 
2022-03-19 16:44:04.894 TRACE [org.hibernate.type.descriptor.sql.BasicBinder@main] binding parameter [5] as [VARCHAR] - [null] 
2022-03-19 16:44:04.895 TRACE [org.hibernate.type.descriptor.sql.BasicBinder@main] binding parameter [6] as [DOUBLE] - [15.0] 
2022-03-19 16:44:04.895 TRACE [org.hibernate.type.descriptor.sql.BasicBinder@main] binding parameter [7] as [VARCHAR] - [EUR] 
2022-03-19 16:44:04.895 TRACE [org.hibernate.type.descriptor.sql.BasicBinder@main] binding parameter [8] as [VARCHAR] - [placeholder technology] 
2022-03-19 16:44:04.895 TRACE [org.hibernate.type.descriptor.sql.BasicBinder@main] binding parameter [9] as [INTEGER] - [1] 
2022-03-19 16:44:04.895 TRACE [org.hibernate.type.descriptor.sql.BasicBinder@main] binding parameter [10] as [INTEGER] - [12] 
2022-03-19 16:44:04.896 DEBUG [org.hibernate.SQL@main] insert into item (version, code, description, name, optional_link, retail_price_amount, retail_price_currency, technology, type, id) values (?, ?, ?, ?, ?, ?, ?, ?, ?, ?) 
2022-03-19 16:44:04.896 TRACE [org.hibernate.type.descriptor.sql.BasicBinder@main] binding parameter [1] as [INTEGER] - [0] 
2022-03-19 16:44:04.896 TRACE [org.hibernate.type.descriptor.sql.BasicBinder@main] binding parameter [2] as [VARCHAR] - [TOL-123-E] 
2022-03-19 16:44:04.896 TRACE [org.hibernate.type.descriptor.sql.BasicBinder@main] binding parameter [3] as [VARCHAR] - [A 10m measuring tape] 
2022-03-19 16:44:04.896 TRACE [org.hibernate.type.descriptor.sql.BasicBinder@main] binding parameter [4] as [VARCHAR] - [Measuring tape] 
2022-03-19 16:44:04.896 TRACE [org.hibernate.type.descriptor.sql.BasicBinder@main] binding parameter [5] as [VARCHAR] - [null] 
2022-03-19 16:44:04.897 TRACE [org.hibernate.type.descriptor.sql.BasicBinder@main] binding parameter [6] as [DOUBLE] - [4.99] 
2022-03-19 16:44:04.897 TRACE [org.hibernate.type.descriptor.sql.BasicBinder@main] binding parameter [7] as [VARCHAR] - [EUR] 
2022-03-19 16:44:04.897 TRACE [org.hibernate.type.descriptor.sql.BasicBinder@main] binding parameter [8] as [VARCHAR] - [placeholder technology] 
2022-03-19 16:44:04.897 TRACE [org.hibernate.type.descriptor.sql.BasicBinder@main] binding parameter [9] as [INTEGER] - [1] 
2022-03-19 16:44:04.897 TRACE [org.hibernate.type.descriptor.sql.BasicBinder@main] binding parameter [10] as [INTEGER] - [13] 
2022-03-19 16:44:04.898 DEBUG [org.hibernate.SQL@main] insert into item (version, code, description, name, optional_link, retail_price_amount, retail_price_currency, technology, type, id) values (?, ?, ?, ?, ?, ?, ?, ?, ?, ?) 
2022-03-19 16:44:04.898 TRACE [org.hibernate.type.descriptor.sql.BasicBinder@main] binding parameter [1] as [INTEGER] - [0] 
2022-03-19 16:44:04.898 TRACE [org.hibernate.type.descriptor.sql.BasicBinder@main] binding parameter [2] as [VARCHAR] - [TOL-123-D] 
2022-03-19 16:44:04.899 TRACE [org.hibernate.type.descriptor.sql.BasicBinder@main] binding parameter [3] as [VARCHAR] - [A nail gun] 
2022-03-19 16:44:04.899 TRACE [org.hibernate.type.descriptor.sql.BasicBinder@main] binding parameter [4] as [VARCHAR] - [Nail gun] 
2022-03-19 16:44:04.899 TRACE [org.hibernate.type.descriptor.sql.BasicBinder@main] binding parameter [5] as [VARCHAR] - [null] 
2022-03-19 16:44:04.899 TRACE [org.hibernate.type.descriptor.sql.BasicBinder@main] binding parameter [6] as [DOUBLE] - [89.99] 
2022-03-19 16:44:04.899 TRACE [org.hibernate.type.descriptor.sql.BasicBinder@main] binding parameter [7] as [VARCHAR] - [EUR] 
2022-03-19 16:44:04.899 TRACE [org.hibernate.type.descriptor.sql.BasicBinder@main] binding parameter [8] as [VARCHAR] - [placeholder technology] 
2022-03-19 16:44:04.899 TRACE [org.hibernate.type.descriptor.sql.BasicBinder@main] binding parameter [9] as [INTEGER] - [1] 
2022-03-19 16:44:04.899 TRACE [org.hibernate.type.descriptor.sql.BasicBinder@main] binding parameter [10] as [INTEGER] - [14] 
2022-03-19 16:44:04.900 DEBUG [org.hibernate.SQL@main] insert into authenticated (version, user_account_id, id) values (?, ?, ?) 
2022-03-19 16:44:04.900 TRACE [org.hibernate.type.descriptor.sql.BasicBinder@main] binding parameter [1] as [INTEGER] - [0] 
2022-03-19 16:44:04.900 TRACE [org.hibernate.type.descriptor.sql.BasicBinder@main] binding parameter [2] as [INTEGER] - [2] 
2022-03-19 16:44:04.900 TRACE [org.hibernate.type.descriptor.sql.BasicBinder@main] binding parameter [3] as [INTEGER] - [15] 
2022-03-19 16:44:06.365 INFO  [acme.framework.configuration.ShutdownConfiguration@main] The system is shutting down... 
2022-03-19 16:44:06.389 DEBUG [acme.Launcher@main] Exit code = 0 
