2022-03-19 13:01:18.673 INFO  [acme.Launcher@main] Starting Launcher using Java 1.8.0_281 on LAPTOP-UT7A19NU with PID 9148 (C:\Users\victo\OneDrive\Escritorio\UNI\DP2\workspace\Workspace-22.0\Frameworks\Acme-Framework-22.1\target\classes started by victo in C:\Users\victo\OneDrive\Escritorio\UNI\DP2\workspace\Workspace-22.0\Projects\G1-E2.01) 
2022-03-19 13:01:18.674 DEBUG [acme.Launcher@main] Running with Spring Boot v2.4.2, Spring v5.3.3 
2022-03-19 13:01:18.675 INFO  [acme.Launcher@main] The following profiles are active: development,populator 
2022-03-19 13:01:21.038 DEBUG [org.apache.jasper.servlet.JasperInitializer@main] Initializing Jasper for context [application] 
2022-03-19 13:01:24.713 DEBUG [org.apache.jasper.servlet.JspServlet@main] Scratch dir for the JSP engine is: [C:\Users\victo\AppData\Local\Temp\tomcat.8083.4408271951084587983\work\Tomcat\localhost\g1-e2.01-22.1] 
2022-03-19 13:01:24.714 DEBUG [org.apache.jasper.servlet.JspServlet@main] IMPORTANT: Do not modify the generated servlets 
2022-03-19 13:01:24.724 INFO  [acme.Launcher@main] Started Launcher in 6.721 seconds (JVM running for 7.477) 
2022-03-19 13:01:24.728 DEBUG [acme.Launcher@main] Found classpath entry '/C:/Users/victo/OneDrive/Escritorio/UNI/DP2/workspace/Workspace-22.0/Projects/G1-E2.01/target/classes/' 
2022-03-19 13:01:24.728 DEBUG [acme.Launcher@main] Found classpath entry '/C:/Users/victo/OneDrive/Escritorio/UNI/DP2/workspace/Workspace-22.0/Projects/G1-E2.01/target/test-classes/' 
2022-03-19 13:01:24.729 DEBUG [acme.Launcher@main] Found classpath entry '/C:/Users/victo/.m2/repository/org/springframework/boot/spring-boot-starter-tomcat/2.4.2/spring-boot-starter-tomcat-2.4.2.jar' 
2022-03-19 13:01:24.729 DEBUG [acme.Launcher@main] Found classpath entry '/C:/Users/victo/.m2/repository/jakarta/annotation/jakarta.annotation-api/1.3.5/jakarta.annotation-api-1.3.5.jar' 
2022-03-19 13:01:24.729 DEBUG [acme.Launcher@main] Found classpath entry '/C:/Users/victo/.m2/repository/org/apache/tomcat/embed/tomcat-embed-core/9.0.41/tomcat-embed-core-9.0.41.jar' 
2022-03-19 13:01:24.729 DEBUG [acme.Launcher@main] Found classpath entry '/C:/Users/victo/.m2/repository/org/glassfish/jakarta.el/3.0.3/jakarta.el-3.0.3.jar' 
2022-03-19 13:01:24.730 DEBUG [acme.Launcher@main] Found classpath entry '/C:/Users/victo/.m2/repository/org/apache/tomcat/embed/tomcat-embed-websocket/9.0.41/tomcat-embed-websocket-9.0.41.jar' 
2022-03-19 13:01:24.730 DEBUG [acme.Launcher@main] Found classpath entry '/C:/Users/victo/.m2/repository/org/apache/tomcat/embed/tomcat-embed-jasper/9.0.41/tomcat-embed-jasper-9.0.41.jar' 
2022-03-19 13:01:24.730 DEBUG [acme.Launcher@main] Found classpath entry '/C:/Users/victo/.m2/repository/org/apache/tomcat/embed/tomcat-embed-el/9.0.41/tomcat-embed-el-9.0.41.jar' 
2022-03-19 13:01:24.730 DEBUG [acme.Launcher@main] Found classpath entry '/C:/Users/victo/.m2/repository/org/eclipse/jdt/ecj/3.18.0/ecj-3.18.0.jar' 
2022-03-19 13:01:24.730 DEBUG [acme.Launcher@main] Found classpath entry '/C:/Users/victo/.m2/repository/javax/servlet/jstl/1.2/jstl-1.2.jar' 
2022-03-19 13:01:24.730 DEBUG [acme.Launcher@main] Found classpath entry '/C:/Users/victo/.m2/repository/org/springframework/boot/spring-boot-starter-test/2.4.2/spring-boot-starter-test-2.4.2.jar' 
2022-03-19 13:01:24.731 DEBUG [acme.Launcher@main] Found classpath entry '/C:/Users/victo/.m2/repository/org/springframework/boot/spring-boot-starter/2.4.2/spring-boot-starter-2.4.2.jar' 
2022-03-19 13:01:24.731 DEBUG [acme.Launcher@main] Found classpath entry '/C:/Users/victo/.m2/repository/org/springframework/boot/spring-boot/2.4.2/spring-boot-2.4.2.jar' 
2022-03-19 13:01:24.731 DEBUG [acme.Launcher@main] Found classpath entry '/C:/Users/victo/.m2/repository/org/springframework/boot/spring-boot-autoconfigure/2.4.2/spring-boot-autoconfigure-2.4.2.jar' 
2022-03-19 13:01:24.731 DEBUG [acme.Launcher@main] Found classpath entry '/C:/Users/victo/.m2/repository/org/springframework/boot/spring-boot-starter-logging/2.4.2/spring-boot-starter-logging-2.4.2.jar' 
2022-03-19 13:01:24.731 DEBUG [acme.Launcher@main] Found classpath entry '/C:/Users/victo/.m2/repository/ch/qos/logback/logback-classic/1.2.3/logback-classic-1.2.3.jar' 
2022-03-19 13:01:24.732 DEBUG [acme.Launcher@main] Found classpath entry '/C:/Users/victo/.m2/repository/ch/qos/logback/logback-core/1.2.3/logback-core-1.2.3.jar' 
2022-03-19 13:01:24.732 DEBUG [acme.Launcher@main] Found classpath entry '/C:/Users/victo/.m2/repository/org/apache/logging/log4j/log4j-to-slf4j/2.13.3/log4j-to-slf4j-2.13.3.jar' 
2022-03-19 13:01:24.732 DEBUG [acme.Launcher@main] Found classpath entry '/C:/Users/victo/.m2/repository/org/apache/logging/log4j/log4j-api/2.13.3/log4j-api-2.13.3.jar' 
2022-03-19 13:01:24.732 DEBUG [acme.Launcher@main] Found classpath entry '/C:/Users/victo/.m2/repository/org/slf4j/jul-to-slf4j/1.7.30/jul-to-slf4j-1.7.30.jar' 
2022-03-19 13:01:24.732 DEBUG [acme.Launcher@main] Found classpath entry '/C:/Users/victo/.m2/repository/org/yaml/snakeyaml/1.27/snakeyaml-1.27.jar' 
2022-03-19 13:01:24.732 DEBUG [acme.Launcher@main] Found classpath entry '/C:/Users/victo/.m2/repository/org/springframework/boot/spring-boot-test/2.4.2/spring-boot-test-2.4.2.jar' 
2022-03-19 13:01:24.732 DEBUG [acme.Launcher@main] Found classpath entry '/C:/Users/victo/.m2/repository/org/springframework/boot/spring-boot-test-autoconfigure/2.4.2/spring-boot-test-autoconfigure-2.4.2.jar' 
2022-03-19 13:01:24.733 DEBUG [acme.Launcher@main] Found classpath entry '/C:/Users/victo/.m2/repository/com/jayway/jsonpath/json-path/2.4.0/json-path-2.4.0.jar' 
2022-03-19 13:01:24.733 DEBUG [acme.Launcher@main] Found classpath entry '/C:/Users/victo/.m2/repository/net/minidev/json-smart/2.3/json-smart-2.3.jar' 
2022-03-19 13:01:24.733 DEBUG [acme.Launcher@main] Found classpath entry '/C:/Users/victo/.m2/repository/net/minidev/accessors-smart/1.2/accessors-smart-1.2.jar' 
2022-03-19 13:01:24.733 DEBUG [acme.Launcher@main] Found classpath entry '/C:/Users/victo/.m2/repository/org/ow2/asm/asm/5.0.4/asm-5.0.4.jar' 
2022-03-19 13:01:24.733 DEBUG [acme.Launcher@main] Found classpath entry '/C:/Users/victo/.m2/repository/jakarta/xml/bind/jakarta.xml.bind-api/2.3.3/jakarta.xml.bind-api-2.3.3.jar' 
2022-03-19 13:01:24.733 DEBUG [acme.Launcher@main] Found classpath entry '/C:/Users/victo/.m2/repository/jakarta/activation/jakarta.activation-api/1.2.2/jakarta.activation-api-1.2.2.jar' 
2022-03-19 13:01:24.734 DEBUG [acme.Launcher@main] Found classpath entry '/C:/Users/victo/.m2/repository/org/assertj/assertj-core/3.18.1/assertj-core-3.18.1.jar' 
2022-03-19 13:01:24.734 DEBUG [acme.Launcher@main] Found classpath entry '/C:/Users/victo/.m2/repository/org/hamcrest/hamcrest/2.2/hamcrest-2.2.jar' 
2022-03-19 13:01:24.734 DEBUG [acme.Launcher@main] Found classpath entry '/C:/Users/victo/.m2/repository/org/junit/jupiter/junit-jupiter/5.7.0/junit-jupiter-5.7.0.jar' 
2022-03-19 13:01:24.734 DEBUG [acme.Launcher@main] Found classpath entry '/C:/Users/victo/.m2/repository/org/mockito/mockito-core/3.6.28/mockito-core-3.6.28.jar' 
2022-03-19 13:01:24.734 DEBUG [acme.Launcher@main] Found classpath entry '/C:/Users/victo/.m2/repository/net/bytebuddy/byte-buddy-agent/1.10.19/byte-buddy-agent-1.10.19.jar' 
2022-03-19 13:01:24.734 DEBUG [acme.Launcher@main] Found classpath entry '/C:/Users/victo/.m2/repository/org/objenesis/objenesis/3.1/objenesis-3.1.jar' 
2022-03-19 13:01:24.735 DEBUG [acme.Launcher@main] Found classpath entry '/C:/Users/victo/.m2/repository/org/mockito/mockito-junit-jupiter/3.6.28/mockito-junit-jupiter-3.6.28.jar' 
2022-03-19 13:01:24.735 DEBUG [acme.Launcher@main] Found classpath entry '/C:/Users/victo/.m2/repository/org/skyscreamer/jsonassert/1.5.0/jsonassert-1.5.0.jar' 
2022-03-19 13:01:24.735 DEBUG [acme.Launcher@main] Found classpath entry '/C:/Users/victo/.m2/repository/com/vaadin/external/google/android-json/0.0.20131108.vaadin1/android-json-0.0.20131108.vaadin1.jar' 
2022-03-19 13:01:24.735 DEBUG [acme.Launcher@main] Found classpath entry '/C:/Users/victo/.m2/repository/org/springframework/spring-core/5.3.3/spring-core-5.3.3.jar' 
2022-03-19 13:01:24.735 DEBUG [acme.Launcher@main] Found classpath entry '/C:/Users/victo/.m2/repository/org/springframework/spring-jcl/5.3.3/spring-jcl-5.3.3.jar' 
2022-03-19 13:01:24.735 DEBUG [acme.Launcher@main] Found classpath entry '/C:/Users/victo/.m2/repository/org/springframework/spring-test/5.3.3/spring-test-5.3.3.jar' 
2022-03-19 13:01:24.736 DEBUG [acme.Launcher@main] Found classpath entry '/C:/Users/victo/.m2/repository/org/xmlunit/xmlunit-core/2.7.0/xmlunit-core-2.7.0.jar' 
2022-03-19 13:01:24.736 DEBUG [acme.Launcher@main] Found classpath entry '/C:/Users/victo/.m2/repository/org/springframework/boot/spring-boot-starter-security/2.4.2/spring-boot-starter-security-2.4.2.jar' 
2022-03-19 13:01:24.736 DEBUG [acme.Launcher@main] Found classpath entry '/C:/Users/victo/.m2/repository/org/springframework/spring-aop/5.3.3/spring-aop-5.3.3.jar' 
2022-03-19 13:01:24.736 DEBUG [acme.Launcher@main] Found classpath entry '/C:/Users/victo/.m2/repository/org/springframework/security/spring-security-web/5.4.2/spring-security-web-5.4.2.jar' 
2022-03-19 13:01:24.736 DEBUG [acme.Launcher@main] Found classpath entry '/C:/Users/victo/.m2/repository/org/springframework/security/spring-security-core/5.4.2/spring-security-core-5.4.2.jar' 
2022-03-19 13:01:24.736 DEBUG [acme.Launcher@main] Found classpath entry '/C:/Users/victo/.m2/repository/org/springframework/spring-beans/5.3.3/spring-beans-5.3.3.jar' 
2022-03-19 13:01:24.737 DEBUG [acme.Launcher@main] Found classpath entry '/C:/Users/victo/.m2/repository/org/springframework/spring-context/5.3.3/spring-context-5.3.3.jar' 
2022-03-19 13:01:24.737 DEBUG [acme.Launcher@main] Found classpath entry '/C:/Users/victo/.m2/repository/org/springframework/spring-expression/5.3.3/spring-expression-5.3.3.jar' 
2022-03-19 13:01:24.737 DEBUG [acme.Launcher@main] Found classpath entry '/C:/Users/victo/.m2/repository/org/springframework/spring-web/5.3.3/spring-web-5.3.3.jar' 
2022-03-19 13:01:24.737 DEBUG [acme.Launcher@main] Found classpath entry '/C:/Users/victo/.m2/repository/org/springframework/security/spring-security-config/5.4.2/spring-security-config-5.4.2.jar' 
2022-03-19 13:01:24.737 DEBUG [acme.Launcher@main] Found classpath entry '/C:/Users/victo/.m2/repository/org/springframework/security/spring-security-taglibs/5.4.2/spring-security-taglibs-5.4.2.jar' 
2022-03-19 13:01:24.737 DEBUG [acme.Launcher@main] Found classpath entry '/C:/Users/victo/.m2/repository/org/springframework/security/spring-security-acl/5.4.2/spring-security-acl-5.4.2.jar' 
2022-03-19 13:01:24.737 DEBUG [acme.Launcher@main] Found classpath entry '/C:/Users/victo/.m2/repository/org/springframework/spring-jdbc/5.3.3/spring-jdbc-5.3.3.jar' 
2022-03-19 13:01:24.738 DEBUG [acme.Launcher@main] Found classpath entry '/C:/Users/victo/.m2/repository/org/springframework/spring-tx/5.3.3/spring-tx-5.3.3.jar' 
2022-03-19 13:01:24.738 DEBUG [acme.Launcher@main] Found classpath entry '/C:/Users/victo/.m2/repository/org/springframework/boot/spring-boot-starter-web/2.4.2/spring-boot-starter-web-2.4.2.jar' 
2022-03-19 13:01:24.738 DEBUG [acme.Launcher@main] Found classpath entry '/C:/Users/victo/.m2/repository/org/springframework/boot/spring-boot-starter-json/2.4.2/spring-boot-starter-json-2.4.2.jar' 
2022-03-19 13:01:24.738 DEBUG [acme.Launcher@main] Found classpath entry '/C:/Users/victo/.m2/repository/com/fasterxml/jackson/core/jackson-databind/2.11.4/jackson-databind-2.11.4.jar' 
2022-03-19 13:01:24.738 DEBUG [acme.Launcher@main] Found classpath entry '/C:/Users/victo/.m2/repository/com/fasterxml/jackson/core/jackson-annotations/2.11.4/jackson-annotations-2.11.4.jar' 
2022-03-19 13:01:24.738 DEBUG [acme.Launcher@main] Found classpath entry '/C:/Users/victo/.m2/repository/com/fasterxml/jackson/core/jackson-core/2.11.4/jackson-core-2.11.4.jar' 
2022-03-19 13:01:24.738 DEBUG [acme.Launcher@main] Found classpath entry '/C:/Users/victo/.m2/repository/com/fasterxml/jackson/datatype/jackson-datatype-jdk8/2.11.4/jackson-datatype-jdk8-2.11.4.jar' 
2022-03-19 13:01:24.738 DEBUG [acme.Launcher@main] Found classpath entry '/C:/Users/victo/.m2/repository/com/fasterxml/jackson/datatype/jackson-datatype-jsr310/2.11.4/jackson-datatype-jsr310-2.11.4.jar' 
2022-03-19 13:01:24.739 DEBUG [acme.Launcher@main] Found classpath entry '/C:/Users/victo/.m2/repository/com/fasterxml/jackson/module/jackson-module-parameter-names/2.11.4/jackson-module-parameter-names-2.11.4.jar' 
2022-03-19 13:01:24.739 DEBUG [acme.Launcher@main] Found classpath entry '/C:/Users/victo/.m2/repository/org/springframework/spring-webmvc/5.3.3/spring-webmvc-5.3.3.jar' 
2022-03-19 13:01:24.739 DEBUG [acme.Launcher@main] Found classpath entry '/C:/Users/victo/.m2/repository/org/apache/tiles/tiles-jsp/3.0.8/tiles-jsp-3.0.8.jar' 
2022-03-19 13:01:24.739 DEBUG [acme.Launcher@main] Found classpath entry '/C:/Users/victo/.m2/repository/org/apache/tiles/tiles-servlet/3.0.8/tiles-servlet-3.0.8.jar' 
2022-03-19 13:01:24.739 DEBUG [acme.Launcher@main] Found classpath entry '/C:/Users/victo/.m2/repository/org/apache/tiles/tiles-core/3.0.8/tiles-core-3.0.8.jar' 
2022-03-19 13:01:24.739 DEBUG [acme.Launcher@main] Found classpath entry '/C:/Users/victo/.m2/repository/commons-digester/commons-digester/2.0/commons-digester-2.0.jar' 
2022-03-19 13:01:24.739 DEBUG [acme.Launcher@main] Found classpath entry '/C:/Users/victo/.m2/repository/org/slf4j/jcl-over-slf4j/1.7.30/jcl-over-slf4j-1.7.30.jar' 
2022-03-19 13:01:24.739 DEBUG [acme.Launcher@main] Found classpath entry '/C:/Users/victo/.m2/repository/org/apache/tiles/tiles-request-servlet/1.0.7/tiles-request-servlet-1.0.7.jar' 
2022-03-19 13:01:24.739 DEBUG [acme.Launcher@main] Found classpath entry '/C:/Users/victo/.m2/repository/org/apache/tiles/tiles-template/3.0.8/tiles-template-3.0.8.jar' 
2022-03-19 13:01:24.740 DEBUG [acme.Launcher@main] Found classpath entry '/C:/Users/victo/.m2/repository/org/apache/tiles/tiles-api/3.0.8/tiles-api-3.0.8.jar' 
2022-03-19 13:01:24.740 DEBUG [acme.Launcher@main] Found classpath entry '/C:/Users/victo/.m2/repository/org/apache/tiles/tiles-autotag-core-runtime/1.2/tiles-autotag-core-runtime-1.2.jar' 
2022-03-19 13:01:24.740 DEBUG [acme.Launcher@main] Found classpath entry '/C:/Users/victo/.m2/repository/org/slf4j/slf4j-api/1.7.30/slf4j-api-1.7.30.jar' 
2022-03-19 13:01:24.740 DEBUG [acme.Launcher@main] Found classpath entry '/C:/Users/victo/.m2/repository/org/apache/tiles/tiles-request-jsp/1.0.7/tiles-request-jsp-1.0.7.jar' 
2022-03-19 13:01:24.740 DEBUG [acme.Launcher@main] Found classpath entry '/C:/Users/victo/.m2/repository/org/apache/tiles/tiles-request-api/1.0.7/tiles-request-api-1.0.7.jar' 
2022-03-19 13:01:24.740 DEBUG [acme.Launcher@main] Found classpath entry '/C:/Users/victo/.m2/repository/org/springframework/boot/spring-boot-starter-data-jpa/2.4.2/spring-boot-starter-data-jpa-2.4.2.jar' 
2022-03-19 13:01:24.740 DEBUG [acme.Launcher@main] Found classpath entry '/C:/Users/victo/.m2/repository/org/springframework/boot/spring-boot-starter-aop/2.4.2/spring-boot-starter-aop-2.4.2.jar' 
2022-03-19 13:01:24.741 DEBUG [acme.Launcher@main] Found classpath entry '/C:/Users/victo/.m2/repository/org/aspectj/aspectjweaver/1.9.6/aspectjweaver-1.9.6.jar' 
2022-03-19 13:01:24.741 DEBUG [acme.Launcher@main] Found classpath entry '/C:/Users/victo/.m2/repository/org/springframework/boot/spring-boot-starter-jdbc/2.4.2/spring-boot-starter-jdbc-2.4.2.jar' 
2022-03-19 13:01:24.741 DEBUG [acme.Launcher@main] Found classpath entry '/C:/Users/victo/.m2/repository/jakarta/transaction/jakarta.transaction-api/1.3.3/jakarta.transaction-api-1.3.3.jar' 
2022-03-19 13:01:24.741 DEBUG [acme.Launcher@main] Found classpath entry '/C:/Users/victo/.m2/repository/jakarta/persistence/jakarta.persistence-api/2.2.3/jakarta.persistence-api-2.2.3.jar' 
2022-03-19 13:01:24.741 DEBUG [acme.Launcher@main] Found classpath entry '/C:/Users/victo/.m2/repository/org/hibernate/hibernate-core/5.4.27.Final/hibernate-core-5.4.27.Final.jar' 
2022-03-19 13:01:24.741 DEBUG [acme.Launcher@main] Found classpath entry '/C:/Users/victo/.m2/repository/org/jboss/logging/jboss-logging/3.4.1.Final/jboss-logging-3.4.1.Final.jar' 
2022-03-19 13:01:24.741 DEBUG [acme.Launcher@main] Found classpath entry '/C:/Users/victo/.m2/repository/org/javassist/javassist/3.27.0-GA/javassist-3.27.0-GA.jar' 
2022-03-19 13:01:24.742 DEBUG [acme.Launcher@main] Found classpath entry '/C:/Users/victo/.m2/repository/antlr/antlr/2.7.7/antlr-2.7.7.jar' 
2022-03-19 13:01:24.742 DEBUG [acme.Launcher@main] Found classpath entry '/C:/Users/victo/.m2/repository/org/jboss/jandex/2.1.3.Final/jandex-2.1.3.Final.jar' 
2022-03-19 13:01:24.742 DEBUG [acme.Launcher@main] Found classpath entry '/C:/Users/victo/.m2/repository/com/fasterxml/classmate/1.5.1/classmate-1.5.1.jar' 
2022-03-19 13:01:24.742 DEBUG [acme.Launcher@main] Found classpath entry '/C:/Users/victo/.m2/repository/org/dom4j/dom4j/2.1.3/dom4j-2.1.3.jar' 
2022-03-19 13:01:24.742 DEBUG [acme.Launcher@main] Found classpath entry '/C:/Users/victo/.m2/repository/org/hibernate/common/hibernate-commons-annotations/5.1.2.Final/hibernate-commons-annotations-5.1.2.Final.jar' 
2022-03-19 13:01:24.742 DEBUG [acme.Launcher@main] Found classpath entry '/C:/Users/victo/.m2/repository/org/glassfish/jaxb/jaxb-runtime/2.3.3/jaxb-runtime-2.3.3.jar' 
2022-03-19 13:01:24.742 DEBUG [acme.Launcher@main] Found classpath entry '/C:/Users/victo/.m2/repository/org/glassfish/jaxb/txw2/2.3.3/txw2-2.3.3.jar' 
2022-03-19 13:01:24.742 DEBUG [acme.Launcher@main] Found classpath entry '/C:/Users/victo/.m2/repository/com/sun/istack/istack-commons-runtime/3.0.11/istack-commons-runtime-3.0.11.jar' 
2022-03-19 13:01:24.742 DEBUG [acme.Launcher@main] Found classpath entry '/C:/Users/victo/.m2/repository/com/sun/activation/jakarta.activation/1.2.2/jakarta.activation-1.2.2.jar' 
2022-03-19 13:01:24.742 DEBUG [acme.Launcher@main] Found classpath entry '/C:/Users/victo/.m2/repository/org/springframework/data/spring-data-jpa/2.4.3/spring-data-jpa-2.4.3.jar' 
2022-03-19 13:01:24.742 DEBUG [acme.Launcher@main] Found classpath entry '/C:/Users/victo/.m2/repository/org/springframework/data/spring-data-commons/2.4.3/spring-data-commons-2.4.3.jar' 
2022-03-19 13:01:24.743 DEBUG [acme.Launcher@main] Found classpath entry '/C:/Users/victo/.m2/repository/org/springframework/spring-orm/5.3.3/spring-orm-5.3.3.jar' 
2022-03-19 13:01:24.743 DEBUG [acme.Launcher@main] Found classpath entry '/C:/Users/victo/.m2/repository/org/springframework/spring-aspects/5.3.3/spring-aspects-5.3.3.jar' 
2022-03-19 13:01:24.743 DEBUG [acme.Launcher@main] Found classpath entry '/C:/Users/victo/.m2/repository/org/springframework/boot/spring-boot-starter-validation/2.4.2/spring-boot-starter-validation-2.4.2.jar' 
2022-03-19 13:01:24.743 DEBUG [acme.Launcher@main] Found classpath entry '/C:/Users/victo/.m2/repository/org/hibernate/validator/hibernate-validator/6.1.7.Final/hibernate-validator-6.1.7.Final.jar' 
2022-03-19 13:01:24.743 DEBUG [acme.Launcher@main] Found classpath entry '/C:/Users/victo/.m2/repository/jakarta/validation/jakarta.validation-api/2.0.2/jakarta.validation-api-2.0.2.jar' 
2022-03-19 13:01:24.743 DEBUG [acme.Launcher@main] Found classpath entry '/C:/Users/victo/.m2/repository/mysql/mysql-connector-java/8.0.22/mysql-connector-java-8.0.22.jar' 
2022-03-19 13:01:24.743 DEBUG [acme.Launcher@main] Found classpath entry '/C:/Users/victo/.m2/repository/com/zaxxer/HikariCP/3.4.5/HikariCP-3.4.5.jar' 
2022-03-19 13:01:24.743 DEBUG [acme.Launcher@main] Found classpath entry '/C:/Users/victo/.m2/repository/org/junit/jupiter/junit-jupiter-engine/5.7.0/junit-jupiter-engine-5.7.0.jar' 
2022-03-19 13:01:24.743 DEBUG [acme.Launcher@main] Found classpath entry '/C:/Users/victo/.m2/repository/org/apiguardian/apiguardian-api/1.1.0/apiguardian-api-1.1.0.jar' 
2022-03-19 13:01:24.743 DEBUG [acme.Launcher@main] Found classpath entry '/C:/Users/victo/.m2/repository/org/junit/platform/junit-platform-engine/1.7.0/junit-platform-engine-1.7.0.jar' 
2022-03-19 13:01:24.744 DEBUG [acme.Launcher@main] Found classpath entry '/C:/Users/victo/.m2/repository/org/junit/jupiter/junit-jupiter-api/5.7.0/junit-jupiter-api-5.7.0.jar' 
2022-03-19 13:01:24.744 DEBUG [acme.Launcher@main] Found classpath entry '/C:/Users/victo/.m2/repository/org/opentest4j/opentest4j/1.2.0/opentest4j-1.2.0.jar' 
2022-03-19 13:01:24.744 DEBUG [acme.Launcher@main] Found classpath entry '/C:/Users/victo/.m2/repository/org/junit/platform/junit-platform-commons/1.7.0/junit-platform-commons-1.7.0.jar' 
2022-03-19 13:01:24.744 DEBUG [acme.Launcher@main] Found classpath entry '/C:/Users/victo/.m2/repository/org/junit/jupiter/junit-jupiter-params/5.7.0/junit-jupiter-params-5.7.0.jar' 
2022-03-19 13:01:24.744 DEBUG [acme.Launcher@main] Found classpath entry '/C:/Users/victo/.m2/repository/org/junit/platform/junit-platform-launcher/1.7.0/junit-platform-launcher-1.7.0.jar' 
2022-03-19 13:01:24.744 DEBUG [acme.Launcher@main] Found classpath entry '/C:/Users/victo/.m2/repository/org/seleniumhq/selenium/selenium-java/3.141.59/selenium-java-3.141.59.jar' 
2022-03-19 13:01:24.744 DEBUG [acme.Launcher@main] Found classpath entry '/C:/Users/victo/.m2/repository/org/seleniumhq/selenium/selenium-api/3.141.59/selenium-api-3.141.59.jar' 
2022-03-19 13:01:24.744 DEBUG [acme.Launcher@main] Found classpath entry '/C:/Users/victo/.m2/repository/org/seleniumhq/selenium/selenium-chrome-driver/3.141.59/selenium-chrome-driver-3.141.59.jar' 
2022-03-19 13:01:24.744 DEBUG [acme.Launcher@main] Found classpath entry '/C:/Users/victo/.m2/repository/org/seleniumhq/selenium/selenium-edge-driver/3.141.59/selenium-edge-driver-3.141.59.jar' 
2022-03-19 13:01:24.744 DEBUG [acme.Launcher@main] Found classpath entry '/C:/Users/victo/.m2/repository/org/seleniumhq/selenium/selenium-firefox-driver/3.141.59/selenium-firefox-driver-3.141.59.jar' 
2022-03-19 13:01:24.745 DEBUG [acme.Launcher@main] Found classpath entry '/C:/Users/victo/.m2/repository/org/seleniumhq/selenium/selenium-ie-driver/3.141.59/selenium-ie-driver-3.141.59.jar' 
2022-03-19 13:01:24.745 DEBUG [acme.Launcher@main] Found classpath entry '/C:/Users/victo/.m2/repository/org/seleniumhq/selenium/selenium-opera-driver/3.141.59/selenium-opera-driver-3.141.59.jar' 
2022-03-19 13:01:24.745 DEBUG [acme.Launcher@main] Found classpath entry '/C:/Users/victo/.m2/repository/org/seleniumhq/selenium/selenium-remote-driver/3.141.59/selenium-remote-driver-3.141.59.jar' 
2022-03-19 13:01:24.745 DEBUG [acme.Launcher@main] Found classpath entry '/C:/Users/victo/.m2/repository/org/seleniumhq/selenium/selenium-safari-driver/3.141.59/selenium-safari-driver-3.141.59.jar' 
2022-03-19 13:01:24.745 DEBUG [acme.Launcher@main] Found classpath entry '/C:/Users/victo/.m2/repository/org/seleniumhq/selenium/selenium-support/3.141.59/selenium-support-3.141.59.jar' 
2022-03-19 13:01:24.745 DEBUG [acme.Launcher@main] Found classpath entry '/C:/Users/victo/.m2/repository/net/bytebuddy/byte-buddy/1.10.19/byte-buddy-1.10.19.jar' 
2022-03-19 13:01:24.745 DEBUG [acme.Launcher@main] Found classpath entry '/C:/Users/victo/.m2/repository/org/apache/commons/commons-exec/1.3/commons-exec-1.3.jar' 
2022-03-19 13:01:24.745 DEBUG [acme.Launcher@main] Found classpath entry '/C:/Users/victo/.m2/repository/com/google/guava/guava/25.0-jre/guava-25.0-jre.jar' 
2022-03-19 13:01:24.745 DEBUG [acme.Launcher@main] Found classpath entry '/C:/Users/victo/.m2/repository/com/google/code/findbugs/jsr305/1.3.9/jsr305-1.3.9.jar' 
2022-03-19 13:01:24.745 DEBUG [acme.Launcher@main] Found classpath entry '/C:/Users/victo/.m2/repository/org/checkerframework/checker-compat-qual/2.0.0/checker-compat-qual-2.0.0.jar' 
2022-03-19 13:01:24.745 DEBUG [acme.Launcher@main] Found classpath entry '/C:/Users/victo/.m2/repository/com/google/errorprone/error_prone_annotations/2.1.3/error_prone_annotations-2.1.3.jar' 
2022-03-19 13:01:24.745 DEBUG [acme.Launcher@main] Found classpath entry '/C:/Users/victo/.m2/repository/com/google/j2objc/j2objc-annotations/1.1/j2objc-annotations-1.1.jar' 
2022-03-19 13:01:24.746 DEBUG [acme.Launcher@main] Found classpath entry '/C:/Users/victo/.m2/repository/org/codehaus/mojo/animal-sniffer-annotations/1.14/animal-sniffer-annotations-1.14.jar' 
2022-03-19 13:01:24.746 DEBUG [acme.Launcher@main] Found classpath entry '/C:/Users/victo/.m2/repository/com/squareup/okhttp3/okhttp/3.14.9/okhttp-3.14.9.jar' 
2022-03-19 13:01:24.746 DEBUG [acme.Launcher@main] Found classpath entry '/C:/Users/victo/.m2/repository/com/squareup/okio/okio/1.14.0/okio-1.14.0.jar' 
2022-03-19 13:01:24.746 DEBUG [acme.Launcher@main] Found classpath entry '/C:/Users/victo/.m2/repository/org/apache/commons/commons-lang3/3.11/commons-lang3-3.11.jar' 
2022-03-19 13:01:24.746 DEBUG [acme.Launcher@main] Found classpath entry '/C:/Users/victo/.m2/repository/org/apache/commons/commons-text/1.8/commons-text-1.8.jar' 
2022-03-19 13:01:24.746 DEBUG [acme.Launcher@main] Found classpath entry '/C:/Users/victo/.m2/repository/commons-io/commons-io/2.6/commons-io-2.6.jar' 
2022-03-19 13:01:24.746 DEBUG [acme.Launcher@main] Found classpath entry '/C:/Users/victo/.m2/repository/commons-cli/commons-cli/1.4/commons-cli-1.4.jar' 
2022-03-19 13:01:24.746 DEBUG [acme.Launcher@main] Found classpath entry '/C:/Users/victo/.m2/repository/org/projectlombok/lombok/1.18.16/lombok-1.18.16.jar' 
2022-03-19 13:01:24.746 DEBUG [acme.Launcher@main] Found classpath entry '/C:/Users/victo/.m2/repository/com/opencsv/opencsv/5.4/opencsv-5.4.jar' 
2022-03-19 13:01:24.746 DEBUG [acme.Launcher@main] Found classpath entry '/C:/Users/victo/.m2/repository/commons-beanutils/commons-beanutils/1.9.4/commons-beanutils-1.9.4.jar' 
2022-03-19 13:01:24.746 DEBUG [acme.Launcher@main] Found classpath entry '/C:/Users/victo/.m2/repository/commons-logging/commons-logging/1.2/commons-logging-1.2.jar' 
2022-03-19 13:01:24.747 DEBUG [acme.Launcher@main] Found classpath entry '/C:/Users/victo/.m2/repository/commons-collections/commons-collections/3.2.2/commons-collections-3.2.2.jar' 
2022-03-19 13:01:24.747 DEBUG [acme.Launcher@main] Found classpath entry '/C:/Users/victo/.m2/repository/org/apache/commons/commons-collections4/4.4/commons-collections4-4.4.jar' 
2022-03-19 13:01:24.747 DEBUG [acme.Launcher@main] Found classpath entry '/C:/Users/victo/OneDrive/Escritorio/UNI/DP2/workspace/Workspace-22.0/Frameworks/Acme-Framework-22.1/target/classes/' 
2022-03-19 13:01:24.747 DEBUG [acme.Launcher@main] Found classpath entry '/C:/Users/victo/OneDrive/Escritorio/UNI/DP2/workspace/Workspace-22.0/Frameworks/Acme-Framework-22.1/target/test-classes/' 
2022-03-19 13:01:24.747 DEBUG [acme.Launcher@main] Found classpath entry '/C:/Users/victo/OneDrive/Escritorio/UNI/DP2/workspace/Workspace-22.0/Tools/IDEs/eclipse-jee-2021-12-R/configuration/org.eclipse.osgi/418/0/.cp/lib/javaagent-shaded.jar' 
2022-03-19 13:01:24.798 DEBUG [acme.Launcher@main] Found entity class 'acme.entities.Announcement 
2022-03-19 13:01:24.798 DEBUG [acme.Launcher@main] Found entity class 'acme.entities.Chirp 
2022-03-19 13:01:24.798 DEBUG [acme.Launcher@main] Found entity class 'acme.entities.Item 
2022-03-19 13:01:24.798 DEBUG [acme.Launcher@main] Found entity class 'acme.entities.Patronage 
2022-03-19 13:01:24.798 DEBUG [acme.Launcher@main] Found entity class 'acme.entities.PatronageReport 
2022-03-19 13:01:24.798 DEBUG [acme.Launcher@main] Found entity class 'acme.entities.Quantity 
2022-03-19 13:01:24.798 DEBUG [acme.Launcher@main] Found entity class 'acme.entities.ToolKit 
2022-03-19 13:01:24.799 DEBUG [acme.Launcher@main] Found entity class 'acme.roles.Consumer 
2022-03-19 13:01:24.799 DEBUG [acme.Launcher@main] Found entity class 'acme.roles.Inventor 
2022-03-19 13:01:24.799 DEBUG [acme.Launcher@main] Found entity class 'acme.roles.Patron 
2022-03-19 13:01:24.799 DEBUG [acme.Launcher@main] Found entity class 'acme.roles.Provider 
2022-03-19 13:01:24.799 DEBUG [acme.Launcher@main] Found entity class 'acme.system.configuration.Currency 
2022-03-19 13:01:24.799 DEBUG [acme.Launcher@main] Found entity class 'acme.system.configuration.SpamCurrency 
2022-03-19 13:01:24.799 DEBUG [acme.Launcher@main] Found entity class 'acme.system.configuration.SpamTerm 
2022-03-19 13:01:24.799 DEBUG [acme.Launcher@main] Found entity class 'acme.system.configuration.SpamThreshold 
2022-03-19 13:01:24.799 DEBUG [acme.Launcher@main] Found entity class 'acme.framework.entities.UserAccount 
2022-03-19 13:01:24.799 DEBUG [acme.Launcher@main] Found entity class 'acme.framework.roles.Administrator 
2022-03-19 13:01:24.799 DEBUG [acme.Launcher@main] Found entity class 'acme.framework.roles.Anonymous 
2022-03-19 13:01:24.799 DEBUG [acme.Launcher@main] Found entity class 'acme.framework.roles.Authenticated 
2022-03-19 13:01:24.802 INFO  [acme.Launcher@main] Populating (initial data) 
2022-03-19 13:01:24.803 INFO  [acme.framework.components.database.DatabasePopulator@main] Building database schema 
2022-03-19 13:01:24.833 DEBUG [acme.framework.components.database.DatabaseUtil@main] Executing script. 
2022-03-19 13:01:24.834 DEBUG [acme.framework.components.database.DatabaseUtil@main] Starting new transaction. 
2022-03-19 13:01:24.839 DEBUG [acme.framework.components.database.DatabaseUtil@main] Executing command 'set transaction isolation level read uncommitted;'. 
2022-03-19 13:01:24.849 DEBUG [acme.framework.components.database.DatabaseUtil@main] Starting transaction '448491930'. 
2022-03-19 13:01:24.849 DEBUG [acme.framework.components.database.DatabaseUtil@main] Executing script command 'set foreign_key_checks=0'. 
2022-03-19 13:01:24.850 DEBUG [acme.framework.components.database.DatabaseUtil@main] Executing script command 'drop table if exists administrator'. 
2022-03-19 13:01:24.857 DEBUG [acme.framework.components.database.DatabaseUtil@main] Executing script command 'drop table if exists announcement'. 
2022-03-19 13:01:24.864 DEBUG [acme.framework.components.database.DatabaseUtil@main] Executing script command 'drop table if exists anonymous'. 
2022-03-19 13:01:24.871 DEBUG [acme.framework.components.database.DatabaseUtil@main] Executing script command 'drop table if exists authenticated'. 
2022-03-19 13:01:24.878 DEBUG [acme.framework.components.database.DatabaseUtil@main] Executing script command 'drop table if exists chirp'. 
2022-03-19 13:01:24.885 DEBUG [acme.framework.components.database.DatabaseUtil@main] Executing script command 'drop table if exists consumer'. 
2022-03-19 13:01:24.892 DEBUG [acme.framework.components.database.DatabaseUtil@main] Executing script command 'drop table if exists currency'. 
2022-03-19 13:01:24.899 DEBUG [acme.framework.components.database.DatabaseUtil@main] Executing script command 'drop table if exists hibernate_sequence'. 
2022-03-19 13:01:24.905 DEBUG [acme.framework.components.database.DatabaseUtil@main] Executing script command 'drop table if exists inventor'. 
2022-03-19 13:01:24.920 DEBUG [acme.framework.components.database.DatabaseUtil@main] Executing script command 'drop table if exists item'. 
2022-03-19 13:01:24.931 DEBUG [acme.framework.components.database.DatabaseUtil@main] Executing script command 'drop table if exists patron'. 
2022-03-19 13:01:24.939 DEBUG [acme.framework.components.database.DatabaseUtil@main] Executing script command 'drop table if exists patronage'. 
2022-03-19 13:01:24.946 DEBUG [acme.framework.components.database.DatabaseUtil@main] Executing script command 'drop table if exists patronage_report'. 
2022-03-19 13:01:24.953 DEBUG [acme.framework.components.database.DatabaseUtil@main] Executing script command 'drop table if exists provider'. 
2022-03-19 13:01:24.959 DEBUG [acme.framework.components.database.DatabaseUtil@main] Executing script command 'drop table if exists quantity'. 
2022-03-19 13:01:24.965 DEBUG [acme.framework.components.database.DatabaseUtil@main] Executing script command 'drop table if exists spam_currency'. 
2022-03-19 13:01:24.972 DEBUG [acme.framework.components.database.DatabaseUtil@main] Executing script command 'drop table if exists spam_term'. 
2022-03-19 13:01:24.978 DEBUG [acme.framework.components.database.DatabaseUtil@main] Executing script command 'drop table if exists spam_threshold'. 
2022-03-19 13:01:24.984 DEBUG [acme.framework.components.database.DatabaseUtil@main] Executing script command 'drop table if exists tool_kit'. 
2022-03-19 13:01:24.992 DEBUG [acme.framework.components.database.DatabaseUtil@main] Executing script command 'drop table if exists user_account'. 
2022-03-19 13:01:24.998 DEBUG [acme.framework.components.database.DatabaseUtil@main] Executing script command 'set foreign_key_checks=1'. 
2022-03-19 13:01:24.999 DEBUG [acme.framework.components.database.DatabaseUtil@main] Committing transaction '448491930'. 
2022-03-19 13:01:25.006 DEBUG [acme.framework.components.database.DatabaseUtil@main] Executing script. 
2022-03-19 13:01:25.006 DEBUG [acme.framework.components.database.DatabaseUtil@main] Starting new transaction. 
2022-03-19 13:01:25.006 DEBUG [acme.framework.components.database.DatabaseUtil@main] Executing command 'set transaction isolation level read uncommitted;'. 
2022-03-19 13:01:25.007 DEBUG [acme.framework.components.database.DatabaseUtil@main] Starting transaction '1619752179'. 
2022-03-19 13:01:25.007 DEBUG [acme.framework.components.database.DatabaseUtil@main] Executing script command 'set foreign_key_checks=0'. 
2022-03-19 13:01:25.007 DEBUG [acme.framework.components.database.DatabaseUtil@main] Executing script command 'create table administrator (id integer not null, version integer not null, user_account_id integer, primary key (id)) engine=InnoDB'. 
2022-03-19 13:01:25.016 DEBUG [acme.framework.components.database.DatabaseUtil@main] Executing script command 'create table announcement (id integer not null, version integer not null, body varchar(255), creation_moment datetime, critical bit, optional_link varchar(255), title varchar(255), primary key (id)) engine=InnoDB'. 
2022-03-19 13:01:25.024 DEBUG [acme.framework.components.database.DatabaseUtil@main] Executing script command 'create table anonymous (id integer not null, version integer not null, user_account_id integer, primary key (id)) engine=InnoDB'. 
2022-03-19 13:01:25.032 DEBUG [acme.framework.components.database.DatabaseUtil@main] Executing script command 'create table authenticated (id integer not null, version integer not null, user_account_id integer, primary key (id)) engine=InnoDB'. 
2022-03-19 13:01:25.041 DEBUG [acme.framework.components.database.DatabaseUtil@main] Executing script command 'create table chirp (id integer not null, version integer not null, author varchar(255), body varchar(255), creation_moment datetime, email varchar(255), title varchar(255), primary key (id)) engine=InnoDB'. 
2022-03-19 13:01:25.050 DEBUG [acme.framework.components.database.DatabaseUtil@main] Executing script command 'create table consumer (id integer not null, version integer not null, user_account_id integer, company varchar(255), sector varchar(255), primary key (id)) engine=InnoDB'. 
2022-03-19 13:01:25.058 DEBUG [acme.framework.components.database.DatabaseUtil@main] Executing script command 'create table currency (id integer not null, version integer not null, currency_type integer, value varchar(255), primary key (id)) engine=InnoDB'. 
2022-03-19 13:01:25.067 DEBUG [acme.framework.components.database.DatabaseUtil@main] Executing script command 'create table hibernate_sequence (next_val bigint) engine=InnoDB'. 
2022-03-19 13:01:25.076 DEBUG [acme.framework.components.database.DatabaseUtil@main] Executing script command 'insert into hibernate_sequence values ( 1 )'. 
2022-03-19 13:01:25.078 DEBUG [acme.framework.components.database.DatabaseUtil@main] Executing script command 'create table inventor (id integer not null, version integer not null, user_account_id integer, company varchar(255), info varchar(255), statement varchar(255), primary key (id)) engine=InnoDB'. 
2022-03-19 13:01:25.087 DEBUG [acme.framework.components.database.DatabaseUtil@main] Executing script command 'create table item (id integer not null, version integer not null, code varchar(255), description varchar(255), name varchar(255), optional_link varchar(255), retail_price_amount double precision, retail_price_currency varchar(255), technology varchar(255), type integer, primary key (id)) engine=InnoDB'. 
2022-03-19 13:01:25.096 DEBUG [acme.framework.components.database.DatabaseUtil@main] Executing script command 'create table patron (id integer not null, version integer not null, user_account_id integer, company varchar(255), info varchar(255), statement varchar(255), primary key (id)) engine=InnoDB'. 
2022-03-19 13:01:25.105 DEBUG [acme.framework.components.database.DatabaseUtil@main] Executing script command 'create table patronage (id integer not null, version integer not null, budget_amount double precision, budget_currency varchar(255), code varchar(255), creation_date datetime, finish_date datetime, legal_stuff varchar(255), more_info varchar(255), start_date datetime, status integer, inventor_id integer not null, patron_id integer not null, primary key (id)) engine=InnoDB'. 
2022-03-19 13:01:25.114 DEBUG [acme.framework.components.database.DatabaseUtil@main] Executing script command 'create table patronage_report (id integer not null, version integer not null, creation_date datetime, memorandum varchar(255), optional_link varchar(255), patronage_id integer not null, primary key (id)) engine=InnoDB'. 
2022-03-19 13:01:25.122 DEBUG [acme.framework.components.database.DatabaseUtil@main] Executing script command 'create table provider (id integer not null, version integer not null, user_account_id integer, company varchar(255), sector varchar(255), primary key (id)) engine=InnoDB'. 
2022-03-19 13:01:25.132 DEBUG [acme.framework.components.database.DatabaseUtil@main] Executing script command 'create table quantity (id integer not null, version integer not null, quantity integer not null, item_id integer not null, toolkit_id integer not null, primary key (id)) engine=InnoDB'. 
2022-03-19 13:01:25.140 DEBUG [acme.framework.components.database.DatabaseUtil@main] Executing script command 'create table spam_currency (id integer not null, version integer not null, value varchar(255), primary key (id)) engine=InnoDB'. 
2022-03-19 13:01:25.147 DEBUG [acme.framework.components.database.DatabaseUtil@main] Executing script command 'create table spam_term (id integer not null, version integer not null, spam_type integer, value varchar(255), primary key (id)) engine=InnoDB'. 
2022-03-19 13:01:25.155 DEBUG [acme.framework.components.database.DatabaseUtil@main] Executing script command 'create table spam_threshold (id integer not null, version integer not null, spam_threshold_type integer, value double precision not null, primary key (id)) engine=InnoDB'. 
2022-03-19 13:01:25.163 DEBUG [acme.framework.components.database.DatabaseUtil@main] Executing script command 'create table tool_kit (id integer not null, version integer not null, assembly_notes varchar(255), code varchar(255), description varchar(255), optional_link varchar(255), title varchar(255), primary key (id)) engine=InnoDB'. 
2022-03-19 13:01:25.170 DEBUG [acme.framework.components.database.DatabaseUtil@main] Executing script command 'create table user_account (id integer not null, version integer not null, enabled bit not null, identity blob, password varchar(255), username varchar(255), primary key (id)) engine=InnoDB'. 
2022-03-19 13:01:25.178 DEBUG [acme.framework.components.database.DatabaseUtil@main] Executing script command 'alter table item add constraint UK_6cgogdarkq48dlg1lbnv4q1oq unique (code)'. 
2022-03-19 13:01:25.192 DEBUG [acme.framework.components.database.DatabaseUtil@main] Executing script command 'alter table patronage add constraint UK_7s289l63ihnn85qwyna5cqbfh unique (code)'. 
2022-03-19 13:01:25.204 DEBUG [acme.framework.components.database.DatabaseUtil@main] Executing script command 'alter table tool_kit add constraint UK_hh417ujk9uobk95o9or9kcekd unique (code)'. 
2022-03-19 13:01:25.217 DEBUG [acme.framework.components.database.DatabaseUtil@main] Executing script command 'alter table user_account add constraint UK_castjbvpeeus0r8lbpehiu0e4 unique (username)'. 
2022-03-19 13:01:25.229 DEBUG [acme.framework.components.database.DatabaseUtil@main] Executing script command 'alter table administrator add constraint FK_2a5vcjo3stlfcwadosjfq49l1 foreign key (user_account_id) references user_account (id)'. 
2022-03-19 13:01:25.241 DEBUG [acme.framework.components.database.DatabaseUtil@main] Executing script command 'alter table anonymous add constraint FK_6lnbc6fo3om54vugoh8icg78m foreign key (user_account_id) references user_account (id)'. 
2022-03-19 13:01:25.253 DEBUG [acme.framework.components.database.DatabaseUtil@main] Executing script command 'alter table authenticated add constraint FK_h52w0f3wjoi68b63wv9vwon57 foreign key (user_account_id) references user_account (id)'. 
2022-03-19 13:01:25.265 DEBUG [acme.framework.components.database.DatabaseUtil@main] Executing script command 'alter table consumer add constraint FK_6cyha9f1wpj0dpbxrrjddrqed foreign key (user_account_id) references user_account (id)'. 
2022-03-19 13:01:25.277 DEBUG [acme.framework.components.database.DatabaseUtil@main] Executing script command 'alter table inventor add constraint FK_2upmsx50p5pou2l4uy8trxor6 foreign key (user_account_id) references user_account (id)'. 
2022-03-19 13:01:25.291 DEBUG [acme.framework.components.database.DatabaseUtil@main] Executing script command 'alter table patron add constraint FK_8xx5nujhuio3advxc2freyu65 foreign key (user_account_id) references user_account (id)'. 
2022-03-19 13:01:25.304 DEBUG [acme.framework.components.database.DatabaseUtil@main] Executing script command 'alter table patronage add constraint FKgkbt6mel1m6joiypsbc2ko6mi foreign key (inventor_id) references inventor (id)'. 
2022-03-19 13:01:25.317 DEBUG [acme.framework.components.database.DatabaseUtil@main] Executing script command 'alter table patronage add constraint FK7d5o2dlu1d9orplkn5g91lsgc foreign key (patron_id) references patron (id)'. 
2022-03-19 13:01:25.330 DEBUG [acme.framework.components.database.DatabaseUtil@main] Executing script command 'alter table patronage_report add constraint FKli7rh2qb2q6bjix6b8o2dpt41 foreign key (patronage_id) references patronage (id)'. 
2022-03-19 13:01:25.342 DEBUG [acme.framework.components.database.DatabaseUtil@main] Executing script command 'alter table provider add constraint FK_b1gwnjqm6ggy9yuiqm0o4rlmd foreign key (user_account_id) references user_account (id)'. 
2022-03-19 13:01:25.355 DEBUG [acme.framework.components.database.DatabaseUtil@main] Executing script command 'alter table quantity add constraint FK6v7ckbce1j36j4b7mubnk66bx foreign key (item_id) references item (id)'. 
2022-03-19 13:01:25.367 DEBUG [acme.framework.components.database.DatabaseUtil@main] Executing script command 'alter table quantity add constraint FKk5syv11wt3m74xah77oyhhswx foreign key (toolkit_id) references tool_kit (id)'. 
2022-03-19 13:01:25.381 DEBUG [acme.framework.components.database.DatabaseUtil@main] Executing script command 'set foreign_key_checks=1'. 
2022-03-19 13:01:25.381 DEBUG [acme.framework.components.database.DatabaseUtil@main] Committing transaction '1619752179'. 
2022-03-19 13:01:25.383 INFO  [acme.framework.components.database.DatabasePopulator@main] Reading entities from 'classpath:/WEB-INF/resources/initial-data' 
2022-03-19 13:01:25.387 DEBUG [acme.framework.components.database.Dataset@main] Reading dataset from 'C:\Users\victo\OneDrive\Escritorio\UNI\DP2\workspace\Workspace-22.0\Projects\G1-E2.01\target\classes\WEB-INF\resources\initial-data\administrator.csv' 
2022-03-19 13:01:25.444 DEBUG [acme.framework.components.database.Dataset@main] Reading mapping '{key:user-account=user-account-administrator-01, key=administrator-01}' from 'C:\Users\victo\OneDrive\Escritorio\UNI\DP2\workspace\Workspace-22.0\Projects\G1-E2.01\target\classes\WEB-INF\resources\initial-data\administrator.csv' 
2022-03-19 13:01:25.446 DEBUG [acme.framework.components.database.Dataset@main] Reading dataset from 'C:\Users\victo\OneDrive\Escritorio\UNI\DP2\workspace\Workspace-22.0\Projects\G1-E2.01\target\classes\WEB-INF\resources\initial-data\anonymous.csv' 
2022-03-19 13:01:25.447 DEBUG [acme.framework.components.database.Dataset@main] Reading mapping '{key:user-account=user-account-anonymous-01, key=anonymous-01}' from 'C:\Users\victo\OneDrive\Escritorio\UNI\DP2\workspace\Workspace-22.0\Projects\G1-E2.01\target\classes\WEB-INF\resources\initial-data\anonymous.csv' 
2022-03-19 13:01:25.447 DEBUG [acme.framework.components.database.Dataset@main] Reading dataset from 'C:\Users\victo\OneDrive\Escritorio\UNI\DP2\workspace\Workspace-22.0\Projects\G1-E2.01\target\classes\WEB-INF\resources\initial-data\authenticated.csv' 
2022-03-19 13:01:25.448 DEBUG [acme.framework.components.database.Dataset@main] Reading mapping '{key:user-account=user-account-administrator-01, key=authenticated-administrator-01}' from 'C:\Users\victo\OneDrive\Escritorio\UNI\DP2\workspace\Workspace-22.0\Projects\G1-E2.01\target\classes\WEB-INF\resources\initial-data\authenticated.csv' 
2022-03-19 13:01:25.448 DEBUG [acme.framework.components.database.Dataset@main] Reading dataset from 'C:\Users\victo\OneDrive\Escritorio\UNI\DP2\workspace\Workspace-22.0\Projects\G1-E2.01\target\classes\WEB-INF\resources\initial-data\spam-currency.csv' 
2022-03-19 13:01:25.449 DEBUG [acme.framework.components.database.Dataset@main] Reading mapping '{value=EUR, key=spam-currency-01}' from 'C:\Users\victo\OneDrive\Escritorio\UNI\DP2\workspace\Workspace-22.0\Projects\G1-E2.01\target\classes\WEB-INF\resources\initial-data\spam-currency.csv' 
2022-03-19 13:01:25.449 DEBUG [acme.framework.components.database.Dataset@main] Reading mapping '{value=USD, key=spam-currency-02}' from 'C:\Users\victo\OneDrive\Escritorio\UNI\DP2\workspace\Workspace-22.0\Projects\G1-E2.01\target\classes\WEB-INF\resources\initial-data\spam-currency.csv' 
2022-03-19 13:01:25.449 DEBUG [acme.framework.components.database.Dataset@main] Reading mapping '{value=GBP, key=spam-currency-03}' from 'C:\Users\victo\OneDrive\Escritorio\UNI\DP2\workspace\Workspace-22.0\Projects\G1-E2.01\target\classes\WEB-INF\resources\initial-data\spam-currency.csv' 
2022-03-19 13:01:25.449 DEBUG [acme.framework.components.database.Dataset@main] Reading dataset from 'C:\Users\victo\OneDrive\Escritorio\UNI\DP2\workspace\Workspace-22.0\Projects\G1-E2.01\target\classes\WEB-INF\resources\initial-data\user-account.csv' 
2022-03-19 13:01:25.450 DEBUG [acme.framework.components.database.Dataset@main] Reading mapping '{password=HIDDEN-PASSWORD, identity=UserIdentity{name: 'John', surname: 'Doe', email: 'john.doe@acme.com'}, key=user-account-anonymous-01, enabled=false, username=anonymous}' from 'C:\Users\victo\OneDrive\Escritorio\UNI\DP2\workspace\Workspace-22.0\Projects\G1-E2.01\target\classes\WEB-INF\resources\initial-data\user-account.csv' 
2022-03-19 13:01:25.450 DEBUG [acme.framework.components.database.Dataset@main] Reading mapping '{password=administrator, identity=UserIdentity{name: 'Administrator', surname: 'Acme', email: 'administrator@acme.com'}, key=user-account-administrator-01, enabled=true, username=administrator}' from 'C:\Users\victo\OneDrive\Escritorio\UNI\DP2\workspace\Workspace-22.0\Projects\G1-E2.01\target\classes\WEB-INF\resources\initial-data\user-account.csv' 
2022-03-19 13:01:25.450 DEBUG [acme.framework.components.database.EntityWeb@main] Setting attributes of entities of class acme.framework.roles.Administrator 
2022-03-19 13:01:25.451 DEBUG [acme.framework.components.database.EntityWeb@main] Setting attributes of entities of class acme.system.configuration.SpamCurrency 
2022-03-19 13:01:25.461 DEBUG [acme.framework.components.database.EntityWeb@main] Setting attributes of entities of class acme.framework.roles.Anonymous 
2022-03-19 13:01:25.461 DEBUG [acme.framework.components.database.EntityWeb@main] Setting attributes of entities of class acme.framework.roles.Authenticated 
2022-03-19 13:01:25.461 DEBUG [acme.framework.components.database.EntityWeb@main] Setting attributes of entities of class acme.framework.entities.UserAccount 
2022-03-19 13:01:25.577 DEBUG [acme.framework.components.database.EntityWeb@main] Linking entities of class acme.framework.roles.Administrator 
2022-03-19 13:01:25.581 DEBUG [acme.framework.components.database.EntityWeb@main] Linking entities of class acme.system.configuration.SpamCurrency 
2022-03-19 13:01:25.581 DEBUG [acme.framework.components.database.EntityWeb@main] Linking entities of class acme.framework.roles.Anonymous 
2022-03-19 13:01:25.585 DEBUG [acme.framework.components.database.EntityWeb@main] Linking entities of class acme.framework.roles.Authenticated 
2022-03-19 13:01:25.588 DEBUG [acme.framework.components.database.EntityWeb@main] Linking entities of class acme.framework.entities.UserAccount 
2022-03-19 13:01:25.588 INFO  [acme.framework.components.database.DatabasePopulator@main] Validating your entities 
2022-03-19 13:01:25.614 DEBUG [acme.framework.components.database.DatabasePopulator@main] Validating 'acme.system.configuration.SpamCurrency@spam-currency-01' ... PASS 
2022-03-19 13:01:25.633 DEBUG [acme.framework.components.database.DatabasePopulator@main] Validating 'acme.framework.entities.UserAccount@user-account-anonymous-01' ... PASS 
2022-03-19 13:01:25.633 DEBUG [acme.framework.components.database.DatabasePopulator@main] Validating 'acme.system.configuration.SpamCurrency@spam-currency-02' ... PASS 
2022-03-19 13:01:25.633 DEBUG [acme.framework.components.database.DatabasePopulator@main] Validating 'acme.system.configuration.SpamCurrency@spam-currency-03' ... PASS 
2022-03-19 13:01:25.636 DEBUG [acme.framework.components.database.DatabasePopulator@main] Validating 'acme.framework.roles.Anonymous@anonymous-01' ... PASS 
2022-03-19 13:01:25.638 DEBUG [acme.framework.components.database.DatabasePopulator@main] Validating 'acme.framework.entities.UserAccount@user-account-administrator-01' ... PASS 
2022-03-19 13:01:25.641 DEBUG [acme.framework.components.database.DatabasePopulator@main] Validating 'acme.framework.roles.Authenticated@authenticated-administrator-01' ... PASS 
2022-03-19 13:01:25.644 DEBUG [acme.framework.components.database.DatabasePopulator@main] Validating 'acme.framework.roles.Administrator@administrator-01' ... PASS 
2022-03-19 13:01:25.644 INFO  [acme.framework.components.database.DatabasePopulator@main] Sorting your entity classes 
2022-03-19 13:01:25.644 DEBUG [acme.framework.components.database.DatabasePopulator@main] Best topological order for your entity clazzes: 
2022-03-19 13:01:25.644 DEBUG [acme.framework.components.database.DatabasePopulator@main] - acme.framework.entities.UserAccount 
2022-03-19 13:01:25.644 DEBUG [acme.framework.components.database.DatabasePopulator@main] - acme.framework.roles.Administrator 
2022-03-19 13:01:25.644 DEBUG [acme.framework.components.database.DatabasePopulator@main] - acme.system.configuration.SpamCurrency 
2022-03-19 13:01:25.644 DEBUG [acme.framework.components.database.DatabasePopulator@main] - acme.framework.roles.Anonymous 
2022-03-19 13:01:25.644 DEBUG [acme.framework.components.database.DatabasePopulator@main] - acme.framework.roles.Authenticated 
2022-03-19 13:01:25.644 INFO  [acme.framework.components.database.DatabasePopulator@main] Persisting your entities 
2022-03-19 13:01:25.644 DEBUG [acme.framework.components.database.DatabaseUtil@main] Starting new transaction. 
2022-03-19 13:01:25.645 DEBUG [acme.framework.components.database.DatabaseUtil@main] Executing command 'set transaction isolation level read uncommitted;'. 
2022-03-19 13:01:25.645 DEBUG [acme.framework.components.database.DatabaseUtil@main] Starting transaction '2063539635'. 
2022-03-19 13:01:25.645 DEBUG [acme.framework.components.database.DatabasePopulator@main] Persising entities of clazz 'acme.framework.entities.UserAccount' 
2022-03-19 13:01:25.656 DEBUG [org.hibernate.SQL@main] select next_val as id_val from hibernate_sequence for update 
2022-03-19 13:01:25.670 DEBUG [org.hibernate.SQL@main] update hibernate_sequence set next_val= ? where next_val=? 
2022-03-19 13:01:25.701 DEBUG [acme.framework.components.database.DatabaseUtil@main] Persisting entity UserAccount(username=anonymous) 
2022-03-19 13:01:25.701 DEBUG [org.hibernate.SQL@main] select next_val as id_val from hibernate_sequence for update 
2022-03-19 13:01:25.702 DEBUG [org.hibernate.SQL@main] update hibernate_sequence set next_val= ? where next_val=? 
2022-03-19 13:01:25.704 DEBUG [acme.framework.components.database.DatabaseUtil@main] Persisting entity UserAccount(username=administrator) 
2022-03-19 13:01:25.704 DEBUG [acme.framework.components.database.DatabasePopulator@main] Persising entities of clazz 'acme.framework.roles.Administrator' 
2022-03-19 13:01:25.705 DEBUG [org.hibernate.SQL@main] select next_val as id_val from hibernate_sequence for update 
2022-03-19 13:01:25.705 DEBUG [org.hibernate.SQL@main] update hibernate_sequence set next_val= ? where next_val=? 
2022-03-19 13:01:25.707 DEBUG [acme.framework.components.database.DatabaseUtil@main] Persisting entity UserRole(userAccount=UserAccount(username=administrator)) 
2022-03-19 13:01:25.708 DEBUG [acme.framework.components.database.DatabasePopulator@main] Persising entities of clazz 'acme.system.configuration.SpamCurrency' 
2022-03-19 13:01:25.708 DEBUG [org.hibernate.SQL@main] select next_val as id_val from hibernate_sequence for update 
2022-03-19 13:01:25.708 DEBUG [org.hibernate.SQL@main] update hibernate_sequence set next_val= ? where next_val=? 
2022-03-19 13:01:25.710 DEBUG [acme.framework.components.database.DatabaseUtil@main] Persisting entity acme.system.configuration.SpamCurrency{id=4, version=0} 
2022-03-19 13:01:25.711 DEBUG [org.hibernate.SQL@main] select next_val as id_val from hibernate_sequence for update 
2022-03-19 13:01:25.711 DEBUG [org.hibernate.SQL@main] update hibernate_sequence set next_val= ? where next_val=? 
2022-03-19 13:01:25.713 DEBUG [acme.framework.components.database.DatabaseUtil@main] Persisting entity acme.system.configuration.SpamCurrency{id=5, version=0} 
2022-03-19 13:01:25.713 DEBUG [org.hibernate.SQL@main] select next_val as id_val from hibernate_sequence for update 
2022-03-19 13:01:25.714 DEBUG [org.hibernate.SQL@main] update hibernate_sequence set next_val= ? where next_val=? 
2022-03-19 13:01:25.715 DEBUG [acme.framework.components.database.DatabaseUtil@main] Persisting entity acme.system.configuration.SpamCurrency{id=6, version=0} 
2022-03-19 13:01:25.715 DEBUG [acme.framework.components.database.DatabasePopulator@main] Persising entities of clazz 'acme.framework.roles.Anonymous' 
2022-03-19 13:01:25.716 DEBUG [org.hibernate.SQL@main] select next_val as id_val from hibernate_sequence for update 
2022-03-19 13:01:25.716 DEBUG [org.hibernate.SQL@main] update hibernate_sequence set next_val= ? where next_val=? 
2022-03-19 13:01:25.718 DEBUG [acme.framework.components.database.DatabaseUtil@main] Persisting entity UserRole(userAccount=UserAccount(username=anonymous)) 
2022-03-19 13:01:25.718 DEBUG [acme.framework.components.database.DatabasePopulator@main] Persising entities of clazz 'acme.framework.roles.Authenticated' 
2022-03-19 13:01:25.718 DEBUG [org.hibernate.SQL@main] select next_val as id_val from hibernate_sequence for update 
2022-03-19 13:01:25.719 DEBUG [org.hibernate.SQL@main] update hibernate_sequence set next_val= ? where next_val=? 
2022-03-19 13:01:25.721 DEBUG [acme.framework.components.database.DatabaseUtil@main] Persisting entity UserRole(userAccount=UserAccount(username=administrator)) 
2022-03-19 13:01:25.721 DEBUG [acme.framework.components.database.DatabaseUtil@main] Committing transaction '2063539635'. 
2022-03-19 13:01:25.747 DEBUG [org.hibernate.SQL@main] insert into user_account (version, enabled, identity, password, username, id) values (?, ?, ?, ?, ?, ?) 
2022-03-19 13:01:25.750 TRACE [org.hibernate.type.descriptor.sql.BasicBinder@main] binding parameter [1] as [INTEGER] - [0] 
2022-03-19 13:01:25.751 TRACE [org.hibernate.type.descriptor.sql.BasicBinder@main] binding parameter [2] as [BOOLEAN] - [false] 
2022-03-19 13:01:25.751 TRACE [org.hibernate.type.descriptor.sql.BasicBinder@main] binding parameter [3] as [BLOB] - [DefaultUserIdentity(name=John, surname=Doe, email=john.doe@acme.com)] 
2022-03-19 13:01:25.753 TRACE [org.hibernate.type.descriptor.sql.BasicBinder@main] binding parameter [4] as [VARCHAR] - [$2a$05$fbz8r1KisXdXyv/YyIxBTuMfVvP2.UL6KjcbUB50T9g/zsEc4Emf6] 
2022-03-19 13:01:25.753 TRACE [org.hibernate.type.descriptor.sql.BasicBinder@main] binding parameter [5] as [VARCHAR] - [anonymous] 
2022-03-19 13:01:25.754 TRACE [org.hibernate.type.descriptor.sql.BasicBinder@main] binding parameter [6] as [INTEGER] - [1] 
2022-03-19 13:01:25.759 DEBUG [org.hibernate.SQL@main] insert into user_account (version, enabled, identity, password, username, id) values (?, ?, ?, ?, ?, ?) 
2022-03-19 13:01:25.760 TRACE [org.hibernate.type.descriptor.sql.BasicBinder@main] binding parameter [1] as [INTEGER] - [0] 
2022-03-19 13:01:25.760 TRACE [org.hibernate.type.descriptor.sql.BasicBinder@main] binding parameter [2] as [BOOLEAN] - [true] 
2022-03-19 13:01:25.760 TRACE [org.hibernate.type.descriptor.sql.BasicBinder@main] binding parameter [3] as [BLOB] - [DefaultUserIdentity(name=Administrator, surname=Acme, email=administrator@acme.com)] 
2022-03-19 13:01:25.760 TRACE [org.hibernate.type.descriptor.sql.BasicBinder@main] binding parameter [4] as [VARCHAR] - [$2a$05$hM65yrNtFo84t0TIA5Q1Su24m8q3AzcKXq1FfHc7HEGvwU480O/Wm] 
2022-03-19 13:01:25.760 TRACE [org.hibernate.type.descriptor.sql.BasicBinder@main] binding parameter [5] as [VARCHAR] - [administrator] 
2022-03-19 13:01:25.760 TRACE [org.hibernate.type.descriptor.sql.BasicBinder@main] binding parameter [6] as [INTEGER] - [2] 
2022-03-19 13:01:25.761 DEBUG [org.hibernate.SQL@main] insert into administrator (version, user_account_id, id) values (?, ?, ?) 
2022-03-19 13:01:25.761 TRACE [org.hibernate.type.descriptor.sql.BasicBinder@main] binding parameter [1] as [INTEGER] - [0] 
2022-03-19 13:01:25.761 TRACE [org.hibernate.type.descriptor.sql.BasicBinder@main] binding parameter [2] as [INTEGER] - [2] 
2022-03-19 13:01:25.761 TRACE [org.hibernate.type.descriptor.sql.BasicBinder@main] binding parameter [3] as [INTEGER] - [3] 
2022-03-19 13:01:25.765 DEBUG [org.hibernate.SQL@main] insert into spam_currency (version, value, id) values (?, ?, ?) 
2022-03-19 13:01:25.765 TRACE [org.hibernate.type.descriptor.sql.BasicBinder@main] binding parameter [1] as [INTEGER] - [0] 
2022-03-19 13:01:25.765 TRACE [org.hibernate.type.descriptor.sql.BasicBinder@main] binding parameter [2] as [VARCHAR] - [EUR] 
2022-03-19 13:01:25.765 TRACE [org.hibernate.type.descriptor.sql.BasicBinder@main] binding parameter [3] as [INTEGER] - [4] 
2022-03-19 13:01:25.768 DEBUG [org.hibernate.SQL@main] insert into spam_currency (version, value, id) values (?, ?, ?) 
2022-03-19 13:01:25.768 TRACE [org.hibernate.type.descriptor.sql.BasicBinder@main] binding parameter [1] as [INTEGER] - [0] 
2022-03-19 13:01:25.768 TRACE [org.hibernate.type.descriptor.sql.BasicBinder@main] binding parameter [2] as [VARCHAR] - [USD] 
2022-03-19 13:01:25.768 TRACE [org.hibernate.type.descriptor.sql.BasicBinder@main] binding parameter [3] as [INTEGER] - [5] 
2022-03-19 13:01:25.768 DEBUG [org.hibernate.SQL@main] insert into spam_currency (version, value, id) values (?, ?, ?) 
2022-03-19 13:01:25.769 TRACE [org.hibernate.type.descriptor.sql.BasicBinder@main] binding parameter [1] as [INTEGER] - [0] 
2022-03-19 13:01:25.769 TRACE [org.hibernate.type.descriptor.sql.BasicBinder@main] binding parameter [2] as [VARCHAR] - [GBP] 
2022-03-19 13:01:25.769 TRACE [org.hibernate.type.descriptor.sql.BasicBinder@main] binding parameter [3] as [INTEGER] - [6] 
2022-03-19 13:01:25.769 DEBUG [org.hibernate.SQL@main] insert into anonymous (version, user_account_id, id) values (?, ?, ?) 
2022-03-19 13:01:25.769 TRACE [org.hibernate.type.descriptor.sql.BasicBinder@main] binding parameter [1] as [INTEGER] - [0] 
2022-03-19 13:01:25.769 TRACE [org.hibernate.type.descriptor.sql.BasicBinder@main] binding parameter [2] as [INTEGER] - [1] 
2022-03-19 13:01:25.769 TRACE [org.hibernate.type.descriptor.sql.BasicBinder@main] binding parameter [3] as [INTEGER] - [7] 
2022-03-19 13:01:25.772 DEBUG [org.hibernate.SQL@main] insert into authenticated (version, user_account_id, id) values (?, ?, ?) 
2022-03-19 13:01:25.772 TRACE [org.hibernate.type.descriptor.sql.BasicBinder@main] binding parameter [1] as [INTEGER] - [0] 
2022-03-19 13:01:25.773 TRACE [org.hibernate.type.descriptor.sql.BasicBinder@main] binding parameter [2] as [INTEGER] - [2] 
2022-03-19 13:01:25.773 TRACE [org.hibernate.type.descriptor.sql.BasicBinder@main] binding parameter [3] as [INTEGER] - [8] 
2022-03-19 13:01:27.003 INFO  [acme.framework.configuration.ShutdownConfiguration@main] The system is shutting down... 
2022-03-19 13:01:27.016 DEBUG [acme.Launcher@main] Exit code = 0 
